#
# A fatal error has been detected by the Java Runtime Environment:
#
#  EXCEPTION_ACCESS_VIOLATION (0xc0000005) at pc=0x0000000004003c53, pid=5464, tid=0x0000000000001d1c
#
# JRE version: OpenJDK Runtime Environment (8.0_212-b04) (build 1.8.0_212-release-1586-b04)
# Java VM: OpenJDK 64-Bit Server VM (25.212-b04 mixed mode windows-amd64 compressed oops)
# Problematic frame:
# J 19284 C2 com.android.tools.r8.dex.m.a(Ljava/util/Collection;ILjava/util/function/Consumer;)V (63 bytes) @ 0x0000000004003c53 [0x0000000004003b40+0x113]
#
# Failed to write core dump. Minidumps are not enabled by default on client versions of Windows
#
# If you would like to submit a bug report, please visit:
#   
#

---------------  T H R E A D  ---------------

Current thread (0x000000001f54f000):  JavaThread "ForkJoinPool-33-worker-3" daemon [_thread_in_Java, id=7452, stack(0x00000000308d0000,0x00000000309d0000)]

siginfo: ExceptionCode=0xc0000005, reading address 0x0000000000000040

Registers:
RAX=0x00000000f4513ed0, RBX=0x00000000f451ce38, RCX=0x000000000000001f, RDX=0x00000000f4513ed0
RSP=0x00000000309ce880, RBP=0x00000000f5509c38, RSI=0x0000000028f6e7c8, RDI=0x00000000f1f65ff0
R8 =0x0000000000000000, R9 =0x0000000000002001, R10=0x00000000ad76c460, R11=0x0000000000000000
R12=0x0000000000000000, R13=0x00000000070e7d14, R14=0x00000000309ce7f0, R15=0x000000001f54f000
RIP=0x0000000004003c53, EFLAGS=0x0000000000010283

Top of Stack: (sp=0x00000000309ce880)
0x00000000309ce880:   00000000f5509c28 00000000f29e8b78
0x00000000309ce890:   00000000309ce8d0 00000000309ce8c0
0x00000000309ce8a0:   0000000028e85960 00000000f1f65fc0
0x00000000309ce8b0:   0000000000000000 0000000004003b60
0x00000000309ce8c0:   00000000309cf038 0000000000000206
0x00000000309ce8d0:   00000000309cf038 0000000005740cc4
0x00000000309ce8e0:   00000000000001e3 0000000028e88b68
0x00000000309ce8f0:   00000000309ce940 0000000016bd56e0
0x00000000309ce900:   00000000ffffffff 00000000309cead0
0x00000000309ce910:   0000000000000003 000000005ac3bbb2
0x00000000309ce920:   0000000000000011 000000005afa8a98
0x00000000309ce930:   00000000309ceb00 000000005aa4e9b6
0x00000000309ce940:   0000000002e1ee00 000000005abc08c5
0x00000000309ce950:   0000000028e88b68 000000001f54f000
0x00000000309ce960:   0000000000000003 0000000016bd56e0
0x00000000309ce970:   0000000002d205d0 000000005aa517bf 

Instructions: (pc=0x0000000004003c53)
0x0000000004003c33:   45 3b d1 0f 83 7d 00 00 00 47 8b 54 90 10 45 8b
0x0000000004003c43:   42 08 49 bb 00 00 00 00 00 00 00 00 4f 8d 1c c3
0x0000000004003c53:   4d 8b 5b 40 49 b8 30 35 a8 00 01 00 00 00 4d 3b
0x0000000004003c63:   d8 75 6b 4d 8b c2 48 8b 14 24 48 b8 c0 57 5a 22 


Register to memory mapping:

RAX=0x00000000f4513ed0 is an oop
java.nio.HeapByteBuffer 
 - klass: 'java/nio/HeapByteBuffer'
RBX=0x00000000f451ce38 is an oop
[B 
 - klass: {type array byte}
 - length: 4228912
RCX=0x000000000000001f is an unknown value
RDX=0x00000000f4513ed0 is an oop
java.nio.HeapByteBuffer 
 - klass: 'java/nio/HeapByteBuffer'
RSP=0x00000000309ce880 is pointing into the stack for thread: 0x000000001f54f000
RBP=0x00000000f5509c38 is an oop
com.android.tools.r8.v.a.a.a.h.P0$b 
 - klass: 'com/android/tools/r8/v/a/a/a/h/P0$b'
RSI=0x0000000028f6e7c8 is pointing into metadata
RDI=0x00000000f1f65ff0 is an oop
com.android.tools.r8.dex.DexOutputBuffer 
 - klass: 'com/android/tools/r8/dex/DexOutputBuffer'
R8 =0x0000000000000000 is an unknown value
R9 =0x0000000000002001 is an unknown value
R10=
[error occurred during error reporting (printing register info), id 0xc0000005]

Stack: [0x00000000308d0000,0x00000000309d0000],  sp=0x00000000309ce880,  free space=1018k
Native frames: (J=compiled Java code, j=interpreted, Vv=VM code, C=native code)
C  0x0000000004003c53


---------------  P R O C E S S  ---------------

Java Threads: ( => current thread )
  0x000000002d033000 JavaThread "ForkJoinPool-33-worker-0" daemon [_thread_blocked, id=568, stack(0x0000000031290000,0x0000000031390000)]
  0x000000002d02d000 JavaThread "ForkJoinPool-33-worker-7" daemon [_thread_blocked, id=11480, stack(0x0000000031190000,0x0000000031290000)]
  0x000000002d02f000 JavaThread "ForkJoinPool-33-worker-6" daemon [_thread_blocked, id=1224, stack(0x0000000030bd0000,0x0000000030cd0000)]
  0x000000001f552000 JavaThread "ForkJoinPool-33-worker-5" daemon [_thread_blocked, id=8584, stack(0x0000000030ad0000,0x0000000030bd0000)]
  0x000000001f551000 JavaThread "ForkJoinPool-33-worker-4" daemon [_thread_blocked, id=9244, stack(0x00000000309d0000,0x0000000030ad0000)]
=>0x000000001f54f000 JavaThread "ForkJoinPool-33-worker-3" daemon [_thread_in_Java, id=7452, stack(0x00000000308d0000,0x00000000309d0000)]
  0x000000001f54e000 JavaThread "ForkJoinPool-33-worker-2" daemon [_thread_blocked, id=9744, stack(0x00000000307d0000,0x00000000308d0000)]
  0x000000001f544800 JavaThread "ForkJoinPool-33-worker-1" daemon [_thread_blocked, id=7472, stack(0x00000000306d0000,0x00000000307d0000)]
  0x000000001f54a800 JavaThread "WorkerExecutor Queue Thread 3" [_thread_blocked, id=9236, stack(0x0000000030280000,0x0000000030380000)]
  0x000000001f546000 JavaThread "stdout" [_thread_in_native, id=12960, stack(0x0000000030180000,0x0000000030280000)]
  0x000000001f549800 JavaThread "stderr" [_thread_in_native, id=10760, stack(0x0000000029350000,0x0000000029450000)]
  0x000000001f549000 JavaThread "pool-48-thread-1" [_thread_blocked, id=9468, stack(0x0000000029250000,0x0000000029350000)]
  0x00000000208b4800 JavaThread "WorkerExecutor Queue Thread 2" [_thread_blocked, id=6740, stack(0x0000000028870000,0x0000000028970000)]
  0x00000000208b2800 JavaThread "WorkerExecutor Queue" [_thread_blocked, id=11744, stack(0x0000000028770000,0x0000000028870000)]
  0x00000000208b1800 JavaThread "Cache worker for execution history cache (C:\Users\rocio\Desktop\rocio\PROYECTO\FutFemApp\.gradle\5.6.4\executionHistory)" [_thread_blocked, id=12796, stack(0x0000000028670000,0x0000000028770000)]
  0x00000000208b4000 JavaThread "Execution worker for ':' Thread 7" [_thread_blocked, id=9580, stack(0x0000000028370000,0x0000000028470000)]
  0x00000000208b7800 JavaThread "Execution worker for ':' Thread 6" [_thread_blocked, id=10432, stack(0x0000000026e10000,0x0000000026f10000)]
  0x00000000208b6000 JavaThread "Execution worker for ':' Thread 5" [_thread_blocked, id=5220, stack(0x0000000026d10000,0x0000000026e10000)]
  0x00000000208b7000 JavaThread "Execution worker for ':' Thread 4" [_thread_blocked, id=11616, stack(0x0000000026c10000,0x0000000026d10000)]
  0x00000000208b3000 JavaThread "Execution worker for ':' Thread 3" [_thread_blocked, id=5124, stack(0x0000000026310000,0x0000000026410000)]
  0x00000000208ac800 JavaThread "Execution worker for ':' Thread 2" [_thread_blocked, id=8116, stack(0x0000000026110000,0x0000000026210000)]
  0x00000000208b1000 JavaThread "Execution worker for ':'" [_thread_blocked, id=8344, stack(0x0000000026010000,0x0000000026110000)]
  0x0000000020eb4800 JavaThread "Cache worker for file content cache (C:\Users\rocio\Desktop\rocio\PROYECTO\FutFemApp\.gradle\5.6.4\fileContent)" [_thread_blocked, id=5132, stack(0x0000000025f10000,0x0000000026010000)]
  0x0000000020eb4000 JavaThread "Cache worker for Build Output Cleanup Cache (C:\Users\rocio\Desktop\rocio\PROYECTO\FutFemApp\.gradle\buildOutputCleanup)" [_thread_blocked, id=12724, stack(0x0000000025e10000,0x0000000025f10000)]
  0x0000000020eb0000 JavaThread "pool-47-thread-1" [_thread_blocked, id=11156, stack(0x0000000025d10000,0x0000000025e10000)]
  0x0000000020eb3000 JavaThread "Build operations Thread 8" [_thread_blocked, id=9160, stack(0x0000000025c10000,0x0000000025d10000)]
  0x0000000020eb2800 JavaThread "Build operations Thread 7" [_thread_blocked, id=11108, stack(0x0000000025b10000,0x0000000025c10000)]
  0x0000000020ea8800 JavaThread "Build operations Thread 6" [_thread_blocked, id=11960, stack(0x0000000025610000,0x0000000025710000)]
  0x0000000020eaf800 JavaThread "Build operations Thread 5" [_thread_blocked, id=12684, stack(0x0000000024b10000,0x0000000024c10000)]
  0x0000000020ea7800 JavaThread "Build operations Thread 4" [_thread_blocked, id=11432, stack(0x0000000023e00000,0x0000000023f00000)]
  0x0000000020ea9000 JavaThread "Build operations Thread 3" [_thread_blocked, id=640, stack(0x0000000023b00000,0x0000000023c00000)]
  0x0000000020eae800 JavaThread "Build operations Thread 2" [_thread_blocked, id=1968, stack(0x0000000023600000,0x0000000023700000)]
  0x0000000020ea7000 JavaThread "Build operations" [_thread_blocked, id=12428, stack(0x0000000023500000,0x0000000023600000)]
  0x0000000020eae000 JavaThread "Cache worker for cache directory md-rule (C:\Users\rocio\.gradle\caches\5.6.4\md-rule)" [_thread_blocked, id=2708, stack(0x0000000023400000,0x0000000023500000)]
  0x0000000020eaa000 JavaThread "Cache worker for cache directory md-supplier (C:\Users\rocio\.gradle\caches\5.6.4\md-supplier)" [_thread_blocked, id=2968, stack(0x0000000023300000,0x0000000023400000)]
  0x0000000020ea6000 JavaThread "Cache worker for file hash cache (C:\Users\rocio\Desktop\rocio\PROYECTO\FutFemApp\.gradle\5.6.4\fileHashes)" [_thread_blocked, id=7116, stack(0x0000000023200000,0x0000000023300000)]
  0x0000000020ead000 JavaThread "Thread-723" [_thread_blocked, id=12968, stack(0x0000000023100000,0x0000000023200000)]
  0x0000000020ea5800 JavaThread "Stdin handler" [_thread_blocked, id=8828, stack(0x0000000022910000,0x0000000022a10000)]
  0x0000000020eaa800 JavaThread "Asynchronous log dispatcher for DefaultDaemonConnection: socket connection from /127.0.0.1:57314 to /127.0.0.1:58947" [_thread_blocked, id=3552, stack(0x000000001ffc0000,0x00000000200c0000)]
  0x000000001e5aa800 JavaThread "Daemon worker Thread 16" [_thread_blocked, id=7300, stack(0x000000001cb20000,0x000000001cc20000)]
  0x000000001e5a9000 JavaThread "Cancel handler" [_thread_blocked, id=8296, stack(0x000000001ca20000,0x000000001cb20000)]
  0x000000001e5a4800 JavaThread "Handler for socket connection from /127.0.0.1:57314 to /127.0.0.1:58947" [_thread_in_native, id=2240, stack(0x00000000011d0000,0x00000000012d0000)]
  0x000000001e5a6800 JavaThread "Daemon Thread 16" [_thread_blocked, id=10988, stack(0x00000000010d0000,0x00000000011d0000)]
  0x000000001e5a7800 JavaThread "google-crash-pool-0" daemon [_thread_blocked, id=9828, stack(0x0000000030080000,0x0000000030180000)]
  0x000000001e5a6000 JavaThread "MarlinRenderer Disposer" daemon [_thread_blocked, id=11996, stack(0x0000000029150000,0x0000000029250000)]
  0x000000001e5ab000 JavaThread "Java2D Disposer" daemon [_thread_blocked, id=7328, stack(0x0000000028970000,0x0000000028a70000)]
  0x000000001f553800 JavaThread "Cache worker for Java compile cache (C:\Users\rocio\.gradle\caches\5.6.4\javaCompile)" [_thread_blocked, id=12220, stack(0x0000000026210000,0x0000000026310000)]
  0x00000000208ba000 JavaThread "Cache worker for file content cache (C:\Users\rocio\.gradle\caches\5.6.4\fileContent)" [_thread_blocked, id=9228, stack(0x0000000024a10000,0x0000000024b10000)]
  0x00000000208b8800 JavaThread "Memory manager" [_thread_blocked, id=7544, stack(0x0000000024100000,0x0000000024200000)]
  0x00000000208ae000 JavaThread "Cache worker for execution history cache (C:\Users\rocio\.gradle\caches\5.6.4\executionHistory)" [_thread_blocked, id=10804, stack(0x000000001fcc0000,0x000000001fdc0000)]
  0x0000000019ee8000 JavaThread "Cache worker for journal cache (C:\Users\rocio\.gradle\caches\journal-1)" [_thread_blocked, id=6840, stack(0x000000001d820000,0x000000001d920000)]
  0x0000000019eeb800 JavaThread "File lock request listener" [_thread_in_native, id=10436, stack(0x000000001d720000,0x000000001d820000)]
  0x000000001b51b000 JavaThread "Cache worker for file hash cache (C:\Users\rocio\.gradle\caches\5.6.4\fileHashes)" [_thread_blocked, id=11040, stack(0x000000001d420000,0x000000001d520000)]
  0x000000001b3e9800 JavaThread "Daemon periodic checks" [_thread_blocked, id=4192, stack(0x000000001c920000,0x000000001ca20000)]
  0x000000001b393800 JavaThread "Incoming local TCP Connector on port 57314" [_thread_in_native, id=11704, stack(0x000000001c6b0000,0x000000001c7b0000)]
  0x0000000019b89000 JavaThread "Daemon health stats" [_thread_blocked, id=12000, stack(0x000000001c070000,0x000000001c170000)]
  0x0000000018a6e000 JavaThread "Service Thread" daemon [_thread_blocked, id=3084, stack(0x00000000196d0000,0x00000000197d0000)]
  0x00000000189e8000 JavaThread "C1 CompilerThread3" daemon [_thread_blocked, id=13072, stack(0x00000000195d0000,0x00000000196d0000)]
  0x00000000189e4000 JavaThread "C2 CompilerThread2" daemon [_thread_blocked, id=8408, stack(0x00000000194d0000,0x00000000195d0000)]
  0x00000000189df000 JavaThread "C2 CompilerThread1" daemon [_thread_blocked, id=10596, stack(0x00000000193d0000,0x00000000194d0000)]
  0x00000000189dc000 JavaThread "C2 CompilerThread0" daemon [_thread_blocked, id=4116, stack(0x00000000192d0000,0x00000000193d0000)]
  0x00000000189da800 JavaThread "Attach Listener" daemon [_thread_blocked, id=6580, stack(0x00000000191d0000,0x00000000192d0000)]
  0x00000000189e6000 JavaThread "Signal Dispatcher" daemon [_thread_blocked, id=9760, stack(0x00000000190d0000,0x00000000191d0000)]
  0x00000000189d1000 JavaThread "Finalizer" daemon [_thread_blocked, id=248, stack(0x0000000018eb0000,0x0000000018fb0000)]
  0x00000000189d0800 JavaThread "Reference Handler" daemon [_thread_blocked, id=4960, stack(0x0000000018db0000,0x0000000018eb0000)]
  0x0000000002c1e800 JavaThread "main" [_thread_blocked, id=12876, stack(0x0000000002c20000,0x0000000002d20000)]

Other Threads:
  0x0000000016bd6000 VMThread [stack: 0x00000000188b0000,0x00000000189b0000] [id=8572]
  0x0000000018a01800 WatcherThread [stack: 0x00000000197d0000,0x00000000198d0000] [id=3636]

VM state:not at safepoint (normal execution)

VM Mutex/Monitor currently owned by a thread: None

heap address: 0x00000000a0000000, size: 1536 MB, Compressed Oops mode: 32-bit
Narrow klass base: 0x0000000000000000, Narrow klass shift: 3
Compressed class space size: 1073741824 Address: 0x0000000100000000

Heap:
 PSYoungGen      total 420864K, used 401522K [0x00000000e0000000, 0x00000000fe500000, 0x0000000100000000)
  eden space 357376K, 97% used [0x00000000e0000000,0x00000000f5523258,0x00000000f5d00000)
  from space 63488K, 82% used [0x00000000fa080000,0x00000000fd3795c8,0x00000000fde80000)
  to   space 69120K, 0% used [0x00000000f5d00000,0x00000000f5d00000,0x00000000fa080000)
 ParOldGen       total 241664K, used 95487K [0x00000000a0000000, 0x00000000aec00000, 0x00000000e0000000)
  object space 241664K, 39% used [0x00000000a0000000,0x00000000a5d3ff20,0x00000000aec00000)
 Metaspace       used 101880K, capacity 108636K, committed 108840K, reserved 1144832K
  class space    used 12900K, capacity 14043K, committed 14120K, reserved 1048576K

Card table byte_map: [0x00000000121e0000,0x00000000124f0000] byte_map_base: 0x0000000011ce0000

Marking Bits: (ParMarkBitMap*) 0x000000005b199f30
 Begin Bits: [0x0000000012ef0000, 0x00000000146f0000)
 End Bits:   [0x00000000146f0000, 0x0000000015ef0000)

Polling page: 0x00000000012d0000

CodeCache: size=245760Kb used=77314Kb max_used=77327Kb free=168445Kb
 bounds [0x0000000002e20000, 0x0000000007a70000, 0x0000000011e20000]
 total_blobs=22098 nmethods=21061 adapters=947
 compilation: enabled

Compilation events (10 events):
Event: 4592.479 Thread 0x00000000189e8000 nmethod 28024 0x00000000052b8610 code [0x00000000052b8780, 0x00000000052b89f0]
Event: 4592.479 Thread 0x00000000189dc000 28025       4       com.android.tools.r8.dex.o::b (32 bytes)
Event: 4592.480 Thread 0x00000000189e4000 28026       4       com.android.tools.r8.dex.m$$Lambda$1083/737283867::applyAsInt (12 bytes)
Event: 4592.481 Thread 0x00000000189df000 nmethod 28021 0x0000000005e67c10 code [0x0000000005e67dc0, 0x0000000005e682a0]
Event: 4592.481 Thread 0x00000000189df000 28027       4       com.android.tools.r8.graph.G0::hashCode (8 bytes)
Event: 4592.485 Thread 0x00000000189df000 nmethod 28027 0x0000000004f02dd0 code [0x0000000004f02f40, 0x0000000004f032d8]
Event: 4592.487 Thread 0x00000000189dc000 nmethod 28025 0x0000000005621310 code [0x00000000056214c0, 0x0000000005621c90]
Event: 4592.488 Thread 0x00000000189df000 28028       4       com.android.tools.r8.dex.m$$Lambda$1085/1295876422::accept (12 bytes)
Event: 4592.489 Thread 0x00000000189e4000 nmethod 28026 0x0000000007385410 code [0x00000000073855c0, 0x0000000007385f28]
Event: 4592.499 Thread 0x00000000189df000 nmethod 28028 0x00000000068427d0 code [0x00000000068429c0, 0x0000000006843290]

GC Heap History (10 events):
Event: 3706.367 GC heap before
{Heap before GC invocations=42 (full 4):
 PSYoungGen      total 325120K, used 264210K [0x00000000e0000000, 0x00000000f9980000, 0x0000000100000000)
  eden space 251392K, 100% used [0x00000000e0000000,0x00000000ef580000,0x00000000ef580000)
  from space 73728K, 17% used [0x00000000ef580000,0x00000000f0204ab0,0x00000000f3d80000)
  to   space 72192K, 0% used [0x00000000f5300000,0x00000000f5300000,0x00000000f9980000)
 ParOldGen       total 241664K, used 92942K [0x00000000a0000000, 0x00000000aec00000, 0x00000000e0000000)
  object space 241664K, 38% used [0x00000000a0000000,0x00000000a5ac3828,0x00000000aec00000)
 Metaspace       used 97857K, capacity 104292K, committed 104488K, reserved 1140736K
  class space    used 12442K, capacity 13539K, committed 13608K, reserved 1048576K
Event: 3706.434 GC heap after
Heap after GC invocations=42 (full 4):
 PSYoungGen      total 344064K, used 33629K [0x00000000e0000000, 0x00000000f9600000, 0x0000000100000000)
  eden space 275456K, 0% used [0x00000000e0000000,0x00000000e0000000,0x00000000f0d00000)
  from space 68608K, 49% used [0x00000000f5300000,0x00000000f73d7698,0x00000000f9600000)
  to   space 70144K, 0% used [0x00000000f0d00000,0x00000000f0d00000,0x00000000f5180000)
 ParOldGen       total 241664K, used 92950K [0x00000000a0000000, 0x00000000aec00000, 0x00000000e0000000)
  object space 241664K, 38% used [0x00000000a0000000,0x00000000a5ac5828,0x00000000aec00000)
 Metaspace       used 97857K, capacity 104292K, committed 104488K, reserved 1140736K
  class space    used 12442K, capacity 13539K, committed 13608K, reserved 1048576K
}
Event: 3710.812 GC heap before
{Heap before GC invocations=43 (full 4):
 PSYoungGen      total 344064K, used 309085K [0x00000000e0000000, 0x00000000f9600000, 0x0000000100000000)
  eden space 275456K, 100% used [0x00000000e0000000,0x00000000f0d00000,0x00000000f0d00000)
  from space 68608K, 49% used [0x00000000f5300000,0x00000000f73d7698,0x00000000f9600000)
  to   space 70144K, 0% used [0x00000000f0d00000,0x00000000f0d00000,0x00000000f5180000)
 ParOldGen       total 241664K, used 92953K [0x00000000a0000000, 0x00000000aec00000, 0x00000000e0000000)
  object space 241664K, 38% used [0x00000000a0000000,0x00000000a5ac6540,0x00000000aec00000)
 Metaspace       used 98075K, capacity 104602K, committed 104744K, reserved 1140736K
  class space    used 12448K, capacity 13548K, committed 13608K, reserved 1048576K
Event: 3711.636 GC heap after
Heap after GC invocations=43 (full 4):
 PSYoungGen      total 345600K, used 19175K [0x00000000e0000000, 0x00000000fc080000, 0x0000000100000000)
  eden space 275456K, 0% used [0x00000000e0000000,0x00000000e0000000,0x00000000f0d00000)
  from space 70144K, 27% used [0x00000000f0d00000,0x00000000f1fb9ed8,0x00000000f5180000)
  to   space 67072K, 0% used [0x00000000f7f00000,0x00000000f7f00000,0x00000000fc080000)
 ParOldGen       total 241664K, used 92961K [0x00000000a0000000, 0x00000000aec00000, 0x00000000e0000000)
  object space 241664K, 38% used [0x00000000a0000000,0x00000000a5ac8540,0x00000000aec00000)
 Metaspace       used 98075K, capacity 104602K, committed 104744K, reserved 1140736K
  class space    used 12448K, capacity 13548K, committed 13608K, reserved 1048576K
}
Event: 3775.400 GC heap before
{Heap before GC invocations=44 (full 4):
 PSYoungGen      total 345600K, used 294631K [0x00000000e0000000, 0x00000000fc080000, 0x0000000100000000)
  eden space 275456K, 100% used [0x00000000e0000000,0x00000000f0d00000,0x00000000f0d00000)
  from space 70144K, 27% used [0x00000000f0d00000,0x00000000f1fb9ed8,0x00000000f5180000)
  to   space 67072K, 0% used [0x00000000f7f00000,0x00000000f7f00000,0x00000000fc080000)
 ParOldGen       total 241664K, used 92961K [0x00000000a0000000, 0x00000000aec00000, 0x00000000e0000000)
  object space 241664K, 38% used [0x00000000a0000000,0x00000000a5ac8540,0x00000000aec00000)
 Metaspace       used 98225K, capacity 104828K, committed 105000K, reserved 1140736K
  class space    used 12463K, capacity 13575K, committed 13608K, reserved 1048576K
Event: 3775.639 GC heap after
Heap after GC invocations=44 (full 4):
 PSYoungGen      total 382976K, used 35495K [0x00000000e0000000, 0x00000000fbb80000, 0x0000000100000000)
  eden space 321024K, 0% used [0x00000000e0000000,0x00000000e0000000,0x00000000f3980000)
  from space 61952K, 57% used [0x00000000f7f00000,0x00000000fa1a9ef8,0x00000000fbb80000)
  to   space 66560K, 0% used [0x00000000f3980000,0x00000000f3980000,0x00000000f7a80000)
 ParOldGen       total 241664K, used 92969K [0x00000000a0000000, 0x00000000aec00000, 0x00000000e0000000)
  object space 241664K, 38% used [0x00000000a0000000,0x00000000a5aca540,0x00000000aec00000)
 Metaspace       used 98225K, capacity 104828K, committed 105000K, reserved 1140736K
  class space    used 12463K, capacity 13575K, committed 13608K, reserved 1048576K
}
Event: 4288.406 GC heap before
{Heap before GC invocations=45 (full 4):
 PSYoungGen      total 382976K, used 356519K [0x00000000e0000000, 0x00000000fbb80000, 0x0000000100000000)
  eden space 321024K, 100% used [0x00000000e0000000,0x00000000f3980000,0x00000000f3980000)
  from space 61952K, 57% used [0x00000000f7f00000,0x00000000fa1a9ef8,0x00000000fbb80000)
  to   space 66560K, 0% used [0x00000000f3980000,0x00000000f3980000,0x00000000f7a80000)
 ParOldGen       total 241664K, used 92969K [0x00000000a0000000, 0x00000000aec00000, 0x00000000e0000000)
  object space 241664K, 38% used [0x00000000a0000000,0x00000000a5aca540,0x00000000aec00000)
 Metaspace       used 98433K, capacity 105096K, committed 105384K, reserved 1140736K
  class space    used 12481K, capacity 13609K, committed 13736K, reserved 1048576K
Event: 4288.514 GC heap after
Heap after GC invocations=45 (full 4):
 PSYoungGen      total 387584K, used 22616K [0x00000000e0000000, 0x00000000fde80000, 0x0000000100000000)
  eden space 321024K, 0% used [0x00000000e0000000,0x00000000e0000000,0x00000000f3980000)
  from space 66560K, 33% used [0x00000000f3980000,0x00000000f4f96100,0x00000000f7a80000)
  to   space 63488K, 0% used [0x00000000fa080000,0x00000000fa080000,0x00000000fde80000)
 ParOldGen       total 241664K, used 95303K [0x00000000a0000000, 0x00000000aec00000, 0x00000000e0000000)
  object space 241664K, 39% used [0x00000000a0000000,0x00000000a5d11f10,0x00000000aec00000)
 Metaspace       used 98433K, capacity 105096K, committed 105384K, reserved 1140736K
  class space    used 12481K, capacity 13609K, committed 13736K, reserved 1048576K
}
Event: 4500.446 GC heap before
{Heap before GC invocations=46 (full 4):
 PSYoungGen      total 387584K, used 343640K [0x00000000e0000000, 0x00000000fde80000, 0x0000000100000000)
  eden space 321024K, 100% used [0x00000000e0000000,0x00000000f3980000,0x00000000f3980000)
  from space 66560K, 33% used [0x00000000f3980000,0x00000000f4f96100,0x00000000f7a80000)
  to   space 63488K, 0% used [0x00000000fa080000,0x00000000fa080000,0x00000000fde80000)
 ParOldGen       total 241664K, used 95303K [0x00000000a0000000, 0x00000000aec00000, 0x00000000e0000000)
  object space 241664K, 39% used [0x00000000a0000000,0x00000000a5d11f10,0x00000000aec00000)
 Metaspace       used 98568K, capacity 105234K, committed 105384K, reserved 1140736K
  class space    used 12482K, capacity 13610K, committed 13736K, reserved 1048576K
Event: 4500.905 GC heap after
Heap after GC invocations=46 (full 4):
 PSYoungGen      total 420864K, used 52197K [0x00000000e0000000, 0x00000000fe500000, 0x0000000100000000)
  eden space 357376K, 0% used [0x00000000e0000000,0x00000000e0000000,0x00000000f5d00000)
  from space 63488K, 82% used [0x00000000fa080000,0x00000000fd3795c8,0x00000000fde80000)
  to   space 69120K, 0% used [0x00000000f5d00000,0x00000000f5d00000,0x00000000fa080000)
 ParOldGen       total 241664K, used 95487K [0x00000000a0000000, 0x00000000aec00000, 0x00000000e0000000)
  object space 241664K, 39% used [0x00000000a0000000,0x00000000a5d3ff20,0x00000000aec00000)
 Metaspace       used 98568K, capacity 105234K, committed 105384K, reserved 1140736K
  class space    used 12482K, capacity 13610K, committed 13736K, reserved 1048576K
}

Deoptimization events (10 events):
Event: 4513.542 Thread 0x000000001e5a7800 Uncommon trap: reason=bimorphic action=maybe_recompile pc=0x00000000079102c0 method=java.io.DataInputStream.readChar()C @ 4
Event: 4513.542 Thread 0x000000001e5a7800 Uncommon trap: reason=bimorphic action=maybe_recompile pc=0x00000000079102c0 method=java.io.DataInputStream.readChar()C @ 4
Event: 4513.542 Thread 0x000000001e5a7800 Uncommon trap: reason=bimorphic action=maybe_recompile pc=0x00000000079102c0 method=java.io.DataInputStream.readChar()C @ 4
Event: 4513.542 Thread 0x000000001e5a7800 Uncommon trap: reason=bimorphic action=maybe_recompile pc=0x00000000079102c0 method=java.io.DataInputStream.readChar()C @ 4
Event: 4513.888 Thread 0x000000001e5a7800 Uncommon trap: reason=unstable_if action=reinterpret pc=0x0000000003011424 method=java.io.FileDescriptor.attach(Ljava/io/Closeable;)V @ 4
Event: 4514.780 Thread 0x000000001e5a7800 Uncommon trap: reason=unstable_if action=reinterpret pc=0x0000000006d4c33c method=java.util.Properties.load0(Ljava/util/Properties$LineReader;)V @ 33
Event: 4515.154 Thread 0x000000001e5a7800 Uncommon trap: reason=unstable_if action=reinterpret pc=0x00000000052188a8 method=java.util.Arrays.equals([B[B)Z @ 12
Event: 4516.434 Thread 0x000000001e5a7800 Uncommon trap: reason=unstable_if action=reinterpret pc=0x0000000004c6cca0 method=java.util.concurrent.ConcurrentHashMap.replaceNode(Ljava/lang/Object;Ljava/lang/Object;Ljava/lang/Object;)Ljava/lang/Object; @ 246
Event: 4516.466 Thread 0x000000001e5a7800 Uncommon trap: reason=bimorphic action=maybe_recompile pc=0x0000000006f160f4 method=java.util.zip.InflaterInputStream.read([BII)I @ 100
Event: 4592.453 Thread 0x000000001f54f000 Uncommon trap: reason=unstable_if action=reinterpret pc=0x000000000678c984 method=com.android.tools.r8.v.a.a.a.h.P0.a(Ljava/lang/Object;)I @ 88

Classes redefined (0 events):
No events

Internal exceptions (10 events):
Event: 4496.898 Thread 0x00000000208b4800 Exception <a 'sun/nio/fs/WindowsException'> (0x00000000f0eba7d0) thrown at [D:\src\AOSP-openjdk-cygwin\jdk8u\hotspot\src\share\vm\prims\jni.cpp, line 710]
Event: 4499.647 Thread 0x000000001f54e000 Exception <a 'sun/nio/fs/WindowsException'> (0x00000000f13f9200) thrown at [D:\src\AOSP-openjdk-cygwin\jdk8u\hotspot\src\share\vm\prims\jni.cpp, line 710]
Event: 4505.992 Thread 0x000000002d031800 Exception <a 'sun/nio/fs/WindowsException'> (0x00000000e15657a8) thrown at [D:\src\AOSP-openjdk-cygwin\jdk8u\hotspot\src\share\vm\prims\jni.cpp, line 710]
Event: 4510.593 Thread 0x000000001e5a7800 Implicit null exception at 0x000000000362476b to 0x0000000003627f2d
Event: 4515.154 Thread 0x000000001e5a7800 Implicit null exception at 0x0000000005218765 to 0x0000000005218895
Event: 4567.834 Thread 0x000000001e5aa800 Exception <a 'sun/nio/fs/WindowsException'> (0x00000000e3b69830) thrown at [D:\src\AOSP-openjdk-cygwin\jdk8u\hotspot\src\share\vm\prims\jni.cpp, line 710]
Event: 4590.991 Thread 0x00000000208b2800 Exception <a 'sun/nio/fs/WindowsException'> (0x00000000e93837f8) thrown at [D:\src\AOSP-openjdk-cygwin\jdk8u\hotspot\src\share\vm\prims\jni.cpp, line 710]
Event: 4590.991 Thread 0x00000000208b2800 Exception <a 'sun/nio/fs/WindowsException'> (0x00000000e9383ca0) thrown at [D:\src\AOSP-openjdk-cygwin\jdk8u\hotspot\src\share\vm\prims\jni.cpp, line 710]
Event: 4591.776 Thread 0x00000000208b4800 Exception <a 'sun/nio/fs/WindowsException'> (0x00000000ec51b868) thrown at [D:\src\AOSP-openjdk-cygwin\jdk8u\hotspot\src\share\vm\prims\jni.cpp, line 710]
Event: 4592.489 Thread 0x000000001f54f000 Implicit null exception at 0x0000000004003c53 to 0x0000000000000000

Events (10 events):
Event: 4592.143 Thread 0x00000000189e8000 flushing nmethod 0x0000000006d84850
Event: 4592.143 Thread 0x00000000189e8000 flushing nmethod 0x0000000006dad590
Event: 4592.143 Thread 0x00000000189e8000 flushing nmethod 0x0000000006dd0b50
Event: 4592.144 Thread 0x00000000189e8000 flushing nmethod 0x0000000006de59d0
Event: 4592.144 Thread 0x00000000189e8000 flushing nmethod 0x0000000006e1a410
Event: 4592.151 Thread 0x00000000189e8000 flushing nmethod 0x0000000007727210
Event: 4592.152 Thread 0x00000000189e8000 flushing nmethod 0x000000000779ce90
Event: 4592.431 Thread 0x000000001f54f000 Uncommon trap: trap_request=0xffffff65 fr.pc=0x000000000678c984
Event: 4592.453 Thread 0x000000001f54f000 DEOPT PACKING pc=0x000000000678c984 sp=0x00000000309ce700
Event: 4592.462 Thread 0x000000001f54f000 DEOPT UNPACKING pc=0x0000000002e6557b sp=0x00000000309ce5b8 mode 2


Dynamic libraries:
0x00007ff6570b0000 - 0x00007ff6570e1000 	C:\Program Files\Android\Android Studio\jre\bin\java.exe
0x00007ffd722a0000 - 0x00007ffd72490000 	C:\WINDOWS\SYSTEM32\ntdll.dll
0x00007ffd70350000 - 0x00007ffd70402000 	C:\WINDOWS\System32\KERNEL32.DLL
0x00007ffd6fff0000 - 0x00007ffd70294000 	C:\WINDOWS\System32\KERNELBASE.dll
0x00007ffd71160000 - 0x00007ffd71203000 	C:\WINDOWS\System32\ADVAPI32.dll
0x00007ffd706c0000 - 0x00007ffd7075e000 	C:\WINDOWS\System32\msvcrt.dll
0x00007ffd710b0000 - 0x00007ffd71147000 	C:\WINDOWS\System32\sechost.dll
0x00007ffd71210000 - 0x00007ffd71330000 	C:\WINDOWS\System32\RPCRT4.dll
0x00007ffd71f80000 - 0x00007ffd72114000 	C:\WINDOWS\System32\USER32.dll
0x00007ffd6ffc0000 - 0x00007ffd6ffe1000 	C:\WINDOWS\System32\win32u.dll
0x00007ffd72230000 - 0x00007ffd72256000 	C:\WINDOWS\System32\GDI32.dll
0x00007ffd6fb20000 - 0x00007ffd6fcb4000 	C:\WINDOWS\System32\gdi32full.dll
0x00007ffd6f9b0000 - 0x00007ffd6fa4e000 	C:\WINDOWS\System32\msvcp_win.dll
0x00007ffd6fec0000 - 0x00007ffd6ffba000 	C:\WINDOWS\System32\ucrtbase.dll
0x00007ffd6e900000 - 0x00007ffd6eb84000 	C:\WINDOWS\WinSxS\amd64_microsoft.windows.common-controls_6595b64144ccf1df_6.0.18362.836_none_e6c4b943130f18ed\COMCTL32.dll
0x00007ffd71a90000 - 0x00007ffd71dc6000 	C:\WINDOWS\System32\combase.dll
0x00007ffd6faa0000 - 0x00007ffd6fb20000 	C:\WINDOWS\System32\bcryptPrimitives.dll
0x00007ffd708c0000 - 0x00007ffd708ee000 	C:\WINDOWS\System32\IMM32.DLL
0x000000005ce50000 - 0x000000005cf22000 	C:\Program Files\Android\Android Studio\jre\jre\bin\msvcr100.dll
0x000000005a9d0000 - 0x000000005b216000 	C:\Program Files\Android\Android Studio\jre\jre\bin\server\jvm.dll
0x00007ffd70550000 - 0x00007ffd70558000 	C:\WINDOWS\System32\PSAPI.DLL
0x00007ffd6b210000 - 0x00007ffd6b234000 	C:\WINDOWS\SYSTEM32\WINMM.dll
0x00007ffd5b4b0000 - 0x00007ffd5b4b9000 	C:\WINDOWS\SYSTEM32\WSOCK32.dll
0x00007ffd6cf50000 - 0x00007ffd6cf5a000 	C:\WINDOWS\SYSTEM32\VERSION.dll
0x00007ffd71e40000 - 0x00007ffd71eaf000 	C:\WINDOWS\System32\WS2_32.dll
0x00007ffd6b1e0000 - 0x00007ffd6b20d000 	C:\WINDOWS\SYSTEM32\WINMMBASE.dll
0x00007ffd6fa50000 - 0x00007ffd6fa9a000 	C:\WINDOWS\System32\cfgmgr32.dll
0x00007ffd6d4b0000 - 0x00007ffd6d4bf000 	C:\Program Files\Android\Android Studio\jre\jre\bin\verify.dll
0x00007ffd56a20000 - 0x00007ffd56a49000 	C:\Program Files\Android\Android Studio\jre\jre\bin\java.dll
0x00007ffd69850000 - 0x00007ffd69866000 	C:\Program Files\Android\Android Studio\jre\jre\bin\zip.dll
0x00007ffd709c0000 - 0x00007ffd710a4000 	C:\WINDOWS\System32\SHELL32.dll
0x00007ffd705e0000 - 0x00007ffd70689000 	C:\WINDOWS\System32\shcore.dll
0x00007ffd6f230000 - 0x00007ffd6f9ae000 	C:\WINDOWS\System32\windows.storage.dll
0x00007ffd6f170000 - 0x00007ffd6f193000 	C:\WINDOWS\System32\profapi.dll
0x00007ffd6f1a0000 - 0x00007ffd6f1ea000 	C:\WINDOWS\System32\powrprof.dll
0x00007ffd6f160000 - 0x00007ffd6f170000 	C:\WINDOWS\System32\UMPDC.dll
0x00007ffd72120000 - 0x00007ffd72172000 	C:\WINDOWS\System32\shlwapi.dll
0x00007ffd6f1f0000 - 0x00007ffd6f201000 	C:\WINDOWS\System32\kernel.appcore.dll
0x00007ffd702a0000 - 0x00007ffd702b7000 	C:\WINDOWS\System32\cryptsp.dll
0x00007ffd68590000 - 0x00007ffd685aa000 	C:\Program Files\Android\Android Studio\jre\jre\bin\net.dll
0x00007ffd6a150000 - 0x00007ffd6a326000 	C:\WINDOWS\SYSTEM32\urlmon.dll
0x00007ffd5bed0000 - 0x00007ffd5c176000 	C:\WINDOWS\SYSTEM32\iertutil.dll
0x00007ffd6e520000 - 0x00007ffd6e52c000 	C:\WINDOWS\SYSTEM32\CRYPTBASE.DLL
0x00007ffd6e350000 - 0x00007ffd6e3b7000 	C:\WINDOWS\system32\mswsock.dll
0x00007ffd64400000 - 0x00007ffd64413000 	C:\Program Files\Android\Android Studio\jre\jre\bin\nio.dll
0x00007ffd45a70000 - 0x00007ffd45a96000 	C:\Users\rocio\.gradle\native\30\windows-amd64\native-platform.dll
0x00007ffd5a860000 - 0x00007ffd5a86d000 	C:\Program Files\Android\Android Studio\jre\jre\bin\management.dll
0x00007ffd6de60000 - 0x00007ffd6de93000 	C:\WINDOWS\system32\rsaenh.dll
0x00007ffd70320000 - 0x00007ffd70346000 	C:\WINDOWS\System32\bcrypt.dll
0x00007ffd6f080000 - 0x00007ffd6f0a5000 	C:\WINDOWS\SYSTEM32\USERENV.dll
0x00007ffd6e060000 - 0x00007ffd6e09a000 	C:\WINDOWS\SYSTEM32\IPHLPAPI.DLL
0x00007ffd70690000 - 0x00007ffd70698000 	C:\WINDOWS\System32\NSI.dll
0x00007ffd69e90000 - 0x00007ffd69ea6000 	C:\WINDOWS\SYSTEM32\dhcpcsvc6.DLL
0x00007ffd69fa0000 - 0x00007ffd69fbc000 	C:\WINDOWS\SYSTEM32\dhcpcsvc.DLL
0x00007ffd6e0a0000 - 0x00007ffd6e16b000 	C:\WINDOWS\SYSTEM32\DNSAPI.dll
0x00007ffd47f90000 - 0x00007ffd4812c000 	C:\Program Files\Android\Android Studio\jre\jre\bin\awt.dll
0x00007ffd71eb0000 - 0x00007ffd71f74000 	C:\WINDOWS\System32\OLEAUT32.dll
0x00007ffd6c9d0000 - 0x00007ffd6c9fd000 	C:\WINDOWS\SYSTEM32\dwmapi.dll
0x00007ffd6a4b0000 - 0x00007ffd6aa70000 	C:\WINDOWS\SYSTEM32\d2d1.dll
0x00007ffd6c3c0000 - 0x00007ffd6c44f000 	C:\WINDOWS\SYSTEM32\apphelp.dll
0x00007ffd6c4b0000 - 0x00007ffd6c549000 	C:\WINDOWS\system32\uxtheme.dll
0x00007ffd45d20000 - 0x00007ffd45d44000 	C:\Program Files\Android\Android Studio\jre\jre\bin\sunec.dll
0x00007ffd63900000 - 0x00007ffd6390a000 	C:\Windows\System32\rasadhlp.dll
0x00007ffd68180000 - 0x00007ffd681f7000 	C:\WINDOWS\System32\fwpuclnt.dll
0x00007ffd59a30000 - 0x00007ffd59a3b000 	C:\Program Files\Android\Android Studio\jre\jre\bin\sunmscapi.dll
0x00007ffd6fd70000 - 0x00007ffd6feb9000 	C:\WINDOWS\System32\CRYPT32.dll
0x00007ffd6f210000 - 0x00007ffd6f222000 	C:\WINDOWS\System32\MSASN1.dll
0x00007ffd6ec80000 - 0x00007ffd6ee74000 	C:\WINDOWS\SYSTEM32\dbghelp.dll

VM Arguments:
jvm_args: -Xmx1536m -Dfile.encoding=windows-1252 -Duser.country=ES -Duser.language=es -Duser.variant 
java_command: org.gradle.launcher.daemon.bootstrap.GradleDaemon 5.6.4
java_class_path (initial): C:\Users\rocio\.gradle\wrapper\dists\gradle-5.6.4-all\ankdp27end7byghfw1q2sw75f\gradle-5.6.4\lib\gradle-launcher-5.6.4.jar
Launcher Type: SUN_STANDARD

Environment Variables:
JAVA_HOME=C:\Program Files\Java\jdk1.8.0_144
PATH=C:\Program Files (x86)\Intel\iCLS Client\;C:\oraclexe\app\oracle\product\11.2.0\server\bin;C:\ProgramData\Oracle\Java\javapath;C:\Program Files\Intel\iCLS Client\;C:\windows\system32;C:\windows;C:\windows\System32\Wbem;C:\windows\System32\WindowsPowerShell\v1.0\;C:\Program Files (x86)\NVIDIA Corporation\PhysX\Common;C:\WINDOWS\system32;C:\WINDOWS;C:\WINDOWS\System32\Wbem;C:\WINDOWS\System32\WindowsPowerShell\v1.0\;C:\Program Files (x86)\Intel\Intel(R) Management Engine Components\DAL;C:\Program Files\Intel\Intel(R) Management Engine Components\DAL;C:\Program Files (x86)\Intel\Intel(R) Management Engine Components\IPT;C:\Program Files\Intel\Intel(R) Management Engine Components\IPT;C:\WINDOWS\System32\OpenSSH\;C:\Program Files\Intel\WiFi\bin\;C:\Program Files\Common Files\Intel\WirelessCommon\;C:\Program Files\Java\jdk1.8.0_144\bin;C:\Program Files\Git\cmd;C:\Program Files\TortoiseSVN\bin;C:\Users\rocio\AppData\Local\Microsoft\WindowsApps;C:\Users\rocio\AppData\Local\GitHubDesktop\bin;%USERPROFILE%\AppData\Local\Microsoft\WindowsApps;
USERNAME=rocio
OS=Windows_NT
PROCESSOR_IDENTIFIER=Intel64 Family 6 Model 158 Stepping 9, GenuineIntel



---------------  S Y S T E M  ---------------

OS: Windows 10.0 , 64 bit Build 18362 (10.0.18362.778)

CPU:total 8 (initial active 8) (4 cores per cpu, 2 threads per core) family 6 model 158 stepping 9, cmov, cx8, fxsr, mmx, sse, sse2, sse3, ssse3, sse4.1, sse4.2, popcnt, avx, avx2, aes, clmul, erms, 3dnowpref, lzcnt, ht, tsc, tscinvbit, bmi1, bmi2, adx

Memory: 4k page, physical 8271076k(699148k free), swap 15614700k(2227696k free)

vm_info: OpenJDK 64-Bit Server VM (25.212-b04) for windows-amd64 JRE (1.8.0_212-release-1586-b04), built by "builder" with MS VC++ 10.0 (VS2010)

time: Tue Jun 02 16:55:23 2020
timezone: Hora de verano romance
elapsed time: 4592 seconds (0d 1h 16m 32s)

