#
# A fatal error has been detected by the Java Runtime Environment:
#
#  EXCEPTION_ACCESS_VIOLATION (0xc0000005) at pc=0x0000000003132bc1, pid=14628, tid=0x00000000000030d0
#
# JRE version: OpenJDK Runtime Environment (8.0_212-b04) (build 1.8.0_212-release-1586-b04)
# Java VM: OpenJDK 64-Bit Server VM (25.212-b04 mixed mode windows-amd64 compressed oops)
# Problematic frame:
# J 15606 C1 com.google.common.cache.LocalCache$2.iterator()Ljava/util/Iterator; (7 bytes) @ 0x0000000003132bc1 [0x00000000031325c0+0x601]
#
# Failed to write core dump. Minidumps are not enabled by default on client versions of Windows
#
# If you would like to submit a bug report, please visit:
#   
#

---------------  T H R E A D  ---------------

Current thread (0x000000001b33d000):  JavaThread "Execution worker for ':'" [_thread_in_Java, id=12496, stack(0x0000000025990000,0x0000000025a90000)]

siginfo: ExceptionCode=0xc0000005, reading address 0x00000000fc9c0e1c

Registers:
RAX=0x00000001001d1308, RBX=0x0000000016169140, RCX=0x00000000a02a0640, RDX=0x00000000a025f9c0
RSP=0x0000000025a8c6f0, RBP=0x0000000025a8c8b0, RSI=0x00000000214b1358, RDI=0x0000000000003ff1
R8 =0x00000000a025f9c0, R9 =0x00000000fc9c0e14, R10=0x00000001000d1ce8, R11=0x00000000047ce640
R12=0x0000000000000000, R13=0x0000000025a8c860, R14=0x00000001001d1308, R15=0x000000001b33d000
RIP=0x0000000003132bc1, EFLAGS=0x0000000000010202

Top of Stack: (sp=0x0000000025a8c6f0)
0x0000000025a8c6f0:   000000001cbee5a0 0000000025a8c738
0x0000000025a8c700:   000000001cbee6e8 0000000000000000
0x0000000025a8c710:   000000001cbee5b8 0000000000000000
0x0000000025a8c720:   0000000025a8c740 0000000025a8c8b0
0x0000000025a8c730:   0000000004231c44 00000000a030ff60
0x0000000025a8c740:   000000001b33d000 00000001001d15b0
0x0000000025a8c750:   0000000025a8c948 0000000000000000
0x0000000025a8c760:   00000000047ce640 00000001000d1ce8
0x0000000025a8c770:   00000000f165b634 0000000000000000
0x0000000025a8c780:   0000000000003fef 00000000214b14d0
0x0000000025a8c790:   0000000025a8c998 00000000038997dc
0x0000000025a8c7a0:   00000000165e66f8 0000000000000000
0x0000000025a8c7b0:   00000000a025f9c0 0000000003899780
0x0000000025a8c7c0:   0000000000000000 0000000000000206
0x0000000025a8c7d0:   0000000025a8c8b0 00000000047ce660
0x0000000025a8c7e0:   00000000a2dd9b08 00000000a2dd9b28 

Instructions: (pc=0x0000000003132bc1)
0x0000000003132ba1:   00 00 00 00 81 e6 f8 ff 7f 00 83 fe 00 0f 84 a2
0x0000000003132bb1:   02 00 00 4c 8b c2 48 be 58 13 4b 21 00 00 00 00
0x0000000003132bc1:   45 8b 41 08 49 c1 e0 03 4c 3b 86 10 01 00 00 75
0x0000000003132bd1:   0d 48 83 86 18 01 00 00 01 e9 66 00 00 00 4c 3b 


Register to memory mapping:

RAX=0x00000001001d1308 is pointing into metadata
RBX={method} {0x0000000016169148} 'remove' '(Ljava/lang/Object;)Z' in 'java/util/AbstractCollection'
RCX=0x00000000a02a0640 is an oop
com.google.common.cache.LocalCache$2 
 - klass: 'com/google/common/cache/LocalCache$2'
RDX=0x00000000a025f9c0 is an oop
com.google.common.collect.RegularImmutableList 
 - klass: 'com/google/common/collect/RegularImmutableList'
RSP=0x0000000025a8c6f0 is pointing into the stack for thread: 0x000000001b33d000
RBP=0x0000000025a8c8b0 is pointing into the stack for thread: 0x000000001b33d000
RSI=0x00000000214b1358 is pointing into metadata
RDI=0x0000000000003ff1 is an unknown value
R8 =0x00000000a025f9c0 is an oop
com.google.common.collect.RegularImmutableList 
 - klass: 'com/google/common/collect/RegularImmutableList'
R9 =0x00000000fc9c0e14 is an unallocated location in the heap
R10=0x00000001000d1ce8 is pointing into metadata
R11=0x00000000047ce640 is at entry_point+32 in (nmethod*)0x00000000047ce450
R12=0x0000000000000000 is an unknown value
R13=0x0000000025a8c860 is pointing into the stack for thread: 0x000000001b33d000
R14=0x00000001001d1308 is pointing into metadata
R15=0x000000001b33d000 is a thread


Stack: [0x0000000025990000,0x0000000025a90000],  sp=0x0000000025a8c6f0,  free space=1009k
Native frames: (J=compiled Java code, j=interpreted, Vv=VM code, C=native code)
C  0x0000000003132bc1


---------------  P R O C E S S  ---------------

Java Threads: ( => current thread )
  0x000000001dfd2000 JavaThread "ForkJoinPool-7-worker-5" daemon [_thread_blocked, id=13604, stack(0x0000000027f70000,0x0000000028070000)]
  0x000000001dfd6800 JavaThread "ForkJoinPool-7-worker-4" daemon [_thread_in_vm, id=13668, stack(0x0000000027e70000,0x0000000027f70000)]
  0x000000001dfd6000 JavaThread "ForkJoinPool-7-worker-3" daemon [_thread_in_vm, id=11428, stack(0x00000000272d0000,0x00000000273d0000)]
  0x000000001dfd7800 JavaThread "ForkJoinPool-7-worker-2" daemon [_thread_blocked, id=13056, stack(0x0000000026d70000,0x0000000026e70000)]
  0x000000001dfcf000 JavaThread "ForkJoinPool-7-worker-1" daemon [_thread_blocked, id=13024, stack(0x0000000026a90000,0x0000000026b90000)]
  0x000000001dfd5000 JavaThread "WorkerExecutor Queue Thread 6" [_thread_blocked, id=12632, stack(0x0000000026990000,0x0000000026a90000)]
  0x000000001dfd3800 JavaThread "WorkerExecutor Queue Thread 5" [_thread_blocked, id=13012, stack(0x0000000027a20000,0x0000000027b20000)]
  0x000000001dfd4800 JavaThread "WorkerExecutor Queue Thread 4" [_thread_blocked, id=13060, stack(0x00000000271d0000,0x00000000272d0000)]
  0x000000001b343000 JavaThread "WorkerExecutor Queue Thread 3" [_thread_blocked, id=13704, stack(0x00000000270d0000,0x00000000271d0000)]
  0x000000001b345800 JavaThread "WorkerExecutor Queue Thread 2" [_thread_blocked, id=12932, stack(0x0000000026fd0000,0x00000000270d0000)]
  0x000000001b342800 JavaThread "WorkerExecutor Queue" [_thread_blocked, id=13488, stack(0x0000000026ed0000,0x0000000026fd0000)]
  0x000000001b344800 JavaThread "ForkJoinPool.commonPool-worker-0" daemon [_thread_blocked, id=13392, stack(0x0000000026c70000,0x0000000026d70000)]
  0x000000001b341800 JavaThread "Cache worker for Java compile cache (C:\Users\rocio\Desktop\rocio\PROYECTO\FutFemApp\.gradle\5.6.4\javaCompile)" [_thread_blocked, id=12608, stack(0x0000000026890000,0x0000000026990000)]
  0x000000001b341000 JavaThread "Cache worker for execution history cache (C:\Users\rocio\Desktop\rocio\PROYECTO\FutFemApp\.gradle\5.6.4\executionHistory)" [_thread_blocked, id=8712, stack(0x0000000026790000,0x0000000026890000)]
  0x000000001b338800 JavaThread "Execution worker for ':' Thread 7" [_thread_blocked, id=12564, stack(0x0000000026090000,0x0000000026190000)]
  0x000000001b338000 JavaThread "Execution worker for ':' Thread 6" [_thread_blocked, id=12560, stack(0x0000000025e90000,0x0000000025f90000)]
  0x000000001b339800 JavaThread "Execution worker for ':' Thread 5" [_thread_blocked, id=12016, stack(0x0000000025d90000,0x0000000025e90000)]
  0x000000001b33e800 JavaThread "Execution worker for ':' Thread 4" [_thread_blocked, id=12548, stack(0x0000000025c90000,0x0000000025d90000)]
  0x000000001b337000 JavaThread "Execution worker for ':' Thread 3" [_thread_blocked, id=12628, stack(0x0000000025b90000,0x0000000025c90000)]
  0x000000001b33b800 JavaThread "Execution worker for ':' Thread 2" [_thread_blocked, id=13768, stack(0x0000000025a90000,0x0000000025b90000)]
=>0x000000001b33d000 JavaThread "Execution worker for ':'" [_thread_in_Java, id=12496, stack(0x0000000025990000,0x0000000025a90000)]
  0x000000001b33a000 JavaThread "Cache worker for file content cache (C:\Users\rocio\Desktop\rocio\PROYECTO\FutFemApp\.gradle\5.6.4\fileContent)" [_thread_blocked, id=12512, stack(0x0000000025890000,0x0000000025990000)]
  0x000000001b33b000 JavaThread "Cache worker for Build Output Cleanup Cache (C:\Users\rocio\Desktop\rocio\PROYECTO\FutFemApp\.gradle\buildOutputCleanup)" [_thread_blocked, id=13960, stack(0x0000000025790000,0x0000000025890000)]
  0x000000001b33c800 JavaThread "pool-6-thread-1" [_thread_blocked, id=12404, stack(0x0000000025490000,0x0000000025590000)]
  0x000000001b33e000 JavaThread "Build operations Thread 8" [_thread_blocked, id=12340, stack(0x0000000024610000,0x0000000024710000)]
  0x000000001b336800 JavaThread "Build operations Thread 7" [_thread_blocked, id=436, stack(0x0000000023c10000,0x0000000023d10000)]
  0x000000001bcaf000 JavaThread "Build operations Thread 6" [_thread_blocked, id=12356, stack(0x00000000234a0000,0x00000000235a0000)]
  0x000000001bcad800 JavaThread "Build operations Thread 5" [_thread_blocked, id=12304, stack(0x00000000233a0000,0x00000000234a0000)]
  0x000000001bcaa800 JavaThread "Build operations Thread 4" [_thread_blocked, id=8392, stack(0x00000000232a0000,0x00000000233a0000)]
  0x000000001bcaa000 JavaThread "Build operations Thread 3" [_thread_blocked, id=12200, stack(0x00000000231a0000,0x00000000232a0000)]
  0x000000001bcae800 JavaThread "Build operations Thread 2" [_thread_blocked, id=11600, stack(0x00000000230a0000,0x00000000231a0000)]
  0x000000001bcad000 JavaThread "Build operations" [_thread_blocked, id=13628, stack(0x0000000022fa0000,0x00000000230a0000)]
  0x000000001bcac000 JavaThread "Cache worker for cache directory md-rule (C:\Users\rocio\.gradle\caches\5.6.4\md-rule)" [_thread_blocked, id=1616, stack(0x0000000022ea0000,0x0000000022fa0000)]
  0x000000001bca2800 JavaThread "Cache worker for cache directory md-supplier (C:\Users\rocio\.gradle\caches\5.6.4\md-supplier)" [_thread_blocked, id=11940, stack(0x0000000022b10000,0x0000000022c10000)]
  0x000000001bca9000 JavaThread "Cache worker for file hash cache (C:\Users\rocio\Desktop\rocio\PROYECTO\FutFemApp\.gradle\5.6.4\fileHashes)" [_thread_blocked, id=13564, stack(0x00000000226f0000,0x00000000227f0000)]
  0x000000001bca1800 JavaThread "Thread-113" [_thread_blocked, id=9752, stack(0x00000000225f0000,0x00000000226f0000)]
  0x000000001bca1000 JavaThread "Stdin handler" [_thread_blocked, id=12320, stack(0x00000000212b0000,0x00000000213b0000)]
  0x000000001bca7000 JavaThread "Asynchronous log dispatcher for DefaultDaemonConnection: socket connection from /127.0.0.1:56453 to /127.0.0.1:56684" [_thread_blocked, id=12116, stack(0x000000001f980000,0x000000001fa80000)]
  0x000000001bca3000 JavaThread "Daemon worker Thread 4" [_thread_blocked, id=13560, stack(0x000000001cee0000,0x000000001cfe0000)]
  0x000000001bca6000 JavaThread "Cancel handler" [_thread_blocked, id=6764, stack(0x000000001cde0000,0x000000001cee0000)]
  0x000000001bca0000 JavaThread "Handler for socket connection from /127.0.0.1:56453 to /127.0.0.1:56684" [_thread_in_native, id=11596, stack(0x000000001c8e0000,0x000000001c9e0000)]
  0x000000001bca5800 JavaThread "Daemon Thread 4" [_thread_blocked, id=9516, stack(0x0000000000ef0000,0x0000000000ff0000)]
  0x000000001bca4000 JavaThread "Cache worker for Java compile cache (C:\Users\rocio\.gradle\caches\5.6.4\javaCompile)" [_thread_blocked, id=13976, stack(0x0000000025f90000,0x0000000026090000)]
  0x000000001bcab800 JavaThread "Cache worker for file content cache (C:\Users\rocio\.gradle\caches\5.6.4\fileContent)" [_thread_blocked, id=11764, stack(0x0000000024510000,0x0000000024610000)]
  0x000000001bca7800 JavaThread "Memory manager" [_thread_blocked, id=11908, stack(0x0000000024b90000,0x0000000024c90000)]
  0x0000000019a8e800 JavaThread "Cache worker for execution history cache (C:\Users\rocio\.gradle\caches\5.6.4\executionHistory)" [_thread_blocked, id=9656, stack(0x0000000022810000,0x0000000022910000)]
  0x0000000019a8d000 JavaThread "Cache worker for journal cache (C:\Users\rocio\.gradle\caches\journal-1)" [_thread_blocked, id=15092, stack(0x000000001d6e0000,0x000000001d7e0000)]
  0x0000000019a8a000 JavaThread "File lock request listener" [_thread_in_native, id=5124, stack(0x000000001d5e0000,0x000000001d6e0000)]
  0x000000001a538000 JavaThread "Cache worker for file hash cache (C:\Users\rocio\.gradle\caches\5.6.4\fileHashes)" [_thread_blocked, id=9776, stack(0x000000001d2e0000,0x000000001d3e0000)]
  0x0000000019968000 JavaThread "Daemon periodic checks" [_thread_blocked, id=15152, stack(0x000000001c7e0000,0x000000001c8e0000)]
  0x0000000019c03800 JavaThread "Incoming local TCP Connector on port 56453" [_thread_in_native, id=1408, stack(0x000000001c570000,0x000000001c670000)]
  0x00000000189b4800 JavaThread "Daemon health stats" [_thread_blocked, id=14868, stack(0x000000001bf30000,0x000000001c030000)]
  0x0000000018928000 JavaThread "Service Thread" daemon [_thread_blocked, id=14956, stack(0x0000000019590000,0x0000000019690000)]
  0x000000001889a000 JavaThread "C1 CompilerThread3" daemon [_thread_blocked, id=14792, stack(0x0000000019490000,0x0000000019590000)]
  0x0000000018894000 JavaThread "C2 CompilerThread2" daemon [_thread_blocked, id=4180, stack(0x0000000019390000,0x0000000019490000)]
  0x000000001888e800 JavaThread "C2 CompilerThread1" daemon [_thread_blocked, id=15048, stack(0x0000000019290000,0x0000000019390000)]
  0x000000001888c800 JavaThread "C2 CompilerThread0" daemon [_thread_in_native, id=4500, stack(0x0000000019190000,0x0000000019290000)]
  0x000000001888b000 JavaThread "Attach Listener" daemon [_thread_blocked, id=11160, stack(0x0000000019090000,0x0000000019190000)]
  0x0000000018896800 JavaThread "Signal Dispatcher" daemon [_thread_blocked, id=15032, stack(0x0000000018f90000,0x0000000019090000)]
  0x0000000002cae800 JavaThread "Finalizer" daemon [_thread_blocked, id=15084, stack(0x0000000018d60000,0x0000000018e60000)]
  0x0000000016a8c000 JavaThread "Reference Handler" daemon [_thread_blocked, id=11316, stack(0x0000000018c60000,0x0000000018d60000)]
  0x0000000002bae800 JavaThread "main" [_thread_blocked, id=14532, stack(0x0000000002aa0000,0x0000000002ba0000)]

Other Threads:
  0x0000000016a85800 VMThread [stack: 0x0000000018760000,0x0000000018860000] [id=8272]
  0x0000000018929000 WatcherThread [stack: 0x0000000019690000,0x0000000019790000] [id=11528]

VM state:synchronizing (normal execution)

VM Mutex/Monitor currently owned by a thread:  ([mutex/lock_event])
[0x0000000002bacae0] Safepoint_lock - owner thread: 0x0000000016a85800
[0x0000000002bacf60] Threads_lock - owner thread: 0x0000000016a85800

heap address: 0x00000000a0000000, size: 1536 MB, Compressed Oops mode: 32-bit
Narrow klass base: 0x0000000000000000, Narrow klass shift: 3
Compressed class space size: 1073741824 Address: 0x0000000100000000

Heap:
 PSYoungGen      total 258560K, used 41753K [0x00000000e0000000, 0x00000000f4280000, 0x0000000100000000)
  eden space 201216K, 20% used [0x00000000e0000000,0x00000000e28c64f8,0x00000000ec480000)
  from space 57344K, 0% used [0x00000000ec480000,0x00000000ec480000,0x00000000efc80000)
  to   space 54784K, 0% used [0x00000000f0d00000,0x00000000f0d00000,0x00000000f4280000)
 ParOldGen       total 237568K, used 63156K [0x00000000a0000000, 0x00000000ae800000, 0x00000000e0000000)
  object space 237568K, 26% used [0x00000000a0000000,0x00000000a3dad010,0x00000000ae800000)
 Metaspace       used 85506K, capacity 89216K, committed 90456K, reserved 1128448K
  class space    used 11314K, capacity 12085K, committed 12376K, reserved 1048576K

Card table byte_map: [0x0000000012070000,0x0000000012380000] byte_map_base: 0x0000000011b70000

Marking Bits: (ParMarkBitMap*) 0x000000005cd09f30
 Begin Bits: [0x0000000012d80000, 0x0000000014580000)
 End Bits:   [0x0000000014580000, 0x0000000015d80000)

Polling page: 0x0000000002a20000

CodeCache: size=245760Kb used=43121Kb max_used=43135Kb free=202638Kb
 bounds [0x0000000002cb0000, 0x0000000005710000, 0x0000000011cb0000]
 total_blobs=13853 nmethods=12980 adapters=784
 compilation: enabled

Compilation events (10 events):
Event: 519.675 Thread 0x000000001888e800 15618       4       java.util.regex.Pattern$Slice::match (79 bytes)
Event: 519.678 Thread 0x000000001889a000 15630       3       com.android.tools.r8.s.a.a.b.t0::b (55 bytes)
Event: 519.679 Thread 0x000000001889a000 nmethod 15630 0x00000000056d7b10 code [0x00000000056d7ce0, 0x00000000056d81f8]
Event: 519.679 Thread 0x000000001889a000 15631       3       com.android.tools.r8.s.a.a.b.I$b::hasNext (35 bytes)
Event: 519.679 Thread 0x000000001889a000 nmethod 15631 0x00000000056d2610 code [0x00000000056d2780, 0x00000000056d2a48]
Event: 519.679 Thread 0x000000001889a000 15632       3       com.android.tools.r8.s.a.a.b.k::<init> (5 bytes)
Event: 519.679 Thread 0x000000001889a000 nmethod 15632 0x00000000056d7750 code [0x00000000056d78a0, 0x00000000056d7a50]
Event: 519.679 Thread 0x000000001889a000 15633       3       com.android.tools.r8.v.a.a.a.f.c0::<init> (9 bytes)
Event: 519.679 Thread 0x000000001889a000 nmethod 15633 0x00000000056d7390 code [0x00000000056d7520, 0x00000000056d76c8]
Event: 519.679 Thread 0x000000001889a000 15634       3       com.android.tools.r8.v.a.a.a.f.c0::<init> (96 bytes)

GC Heap History (10 events):
Event: 179.241 GC heap before
{Heap before GC invocations=19 (full 3):
 PSYoungGen      total 208896K, used 208869K [0x00000000e0000000, 0x00000000f0d80000, 0x0000000100000000)
  eden space 184832K, 99% used [0x00000000e0000000,0x00000000eb47fa88,0x00000000eb480000)
  from space 24064K, 99% used [0x00000000eb480000,0x00000000ecbf9d68,0x00000000ecc00000)
  to   space 32256K, 0% used [0x00000000eee00000,0x00000000eee00000,0x00000000f0d80000)
 ParOldGen       total 141312K, used 50756K [0x00000000a0000000, 0x00000000a8a00000, 0x00000000e0000000)
  object space 141312K, 35% used [0x00000000a0000000,0x00000000a3191120,0x00000000a8a00000)
 Metaspace       used 82571K, capacity 86254K, committed 86488K, reserved 1124352K
  class space    used 11178K, capacity 11922K, committed 11992K, reserved 1048576K
Event: 179.307 GC heap after
Heap after GC invocations=19 (full 3):
 PSYoungGen      total 227328K, used 32246K [0x00000000e0000000, 0x00000000f3180000, 0x0000000100000000)
  eden space 195072K, 0% used [0x00000000e0000000,0x00000000e0000000,0x00000000ebe80000)
  from space 32256K, 99% used [0x00000000eee00000,0x00000000f0d7d928,0x00000000f0d80000)
  to   space 48640K, 0% used [0x00000000ebe80000,0x00000000ebe80000,0x00000000eee00000)
 ParOldGen       total 141312K, used 81052K [0x00000000a0000000, 0x00000000a8a00000, 0x00000000e0000000)
  object space 141312K, 57% used [0x00000000a0000000,0x00000000a4f272b8,0x00000000a8a00000)
 Metaspace       used 82571K, capacity 86254K, committed 86488K, reserved 1124352K
  class space    used 11178K, capacity 11922K, committed 11992K, reserved 1048576K
}
Event: 325.829 GC heap before
{Heap before GC invocations=20 (full 3):
 PSYoungGen      total 227328K, used 227318K [0x00000000e0000000, 0x00000000f3180000, 0x0000000100000000)
  eden space 195072K, 100% used [0x00000000e0000000,0x00000000ebe80000,0x00000000ebe80000)
  from space 32256K, 99% used [0x00000000eee00000,0x00000000f0d7d928,0x00000000f0d80000)
  to   space 48640K, 0% used [0x00000000ebe80000,0x00000000ebe80000,0x00000000eee00000)
 ParOldGen       total 141312K, used 81052K [0x00000000a0000000, 0x00000000a8a00000, 0x00000000e0000000)
  object space 141312K, 57% used [0x00000000a0000000,0x00000000a4f272b8,0x00000000a8a00000)
 Metaspace       used 84498K, capacity 88378K, committed 88536K, reserved 1126400K
  class space    used 11360K, capacity 12164K, committed 12248K, reserved 1048576K
Event: 325.867 GC heap after
Heap after GC invocations=20 (full 3):
 PSYoungGen      total 243712K, used 17380K [0x00000000e0000000, 0x00000000f2980000, 0x0000000100000000)
  eden space 195072K, 0% used [0x00000000e0000000,0x00000000e0000000,0x00000000ebe80000)
  from space 48640K, 35% used [0x00000000ebe80000,0x00000000ecf790c0,0x00000000eee00000)
  to   space 46080K, 0% used [0x00000000efc80000,0x00000000efc80000,0x00000000f2980000)
 ParOldGen       total 141312K, used 96040K [0x00000000a0000000, 0x00000000a8a00000, 0x00000000e0000000)
  object space 141312K, 67% used [0x00000000a0000000,0x00000000a5dca0f8,0x00000000a8a00000)
 Metaspace       used 84498K, capacity 88378K, committed 88536K, reserved 1126400K
  class space    used 11360K, capacity 12164K, committed 12248K, reserved 1048576K
}
Event: 327.104 GC heap before
{Heap before GC invocations=21 (full 3):
 PSYoungGen      total 243712K, used 212452K [0x00000000e0000000, 0x00000000f2980000, 0x0000000100000000)
  eden space 195072K, 100% used [0x00000000e0000000,0x00000000ebe80000,0x00000000ebe80000)
  from space 48640K, 35% used [0x00000000ebe80000,0x00000000ecf790c0,0x00000000eee00000)
  to   space 46080K, 0% used [0x00000000efc80000,0x00000000efc80000,0x00000000f2980000)
 ParOldGen       total 141312K, used 96040K [0x00000000a0000000, 0x00000000a8a00000, 0x00000000e0000000)
  object space 141312K, 67% used [0x00000000a0000000,0x00000000a5dca0f8,0x00000000a8a00000)
 Metaspace       used 84934K, capacity 88892K, committed 89048K, reserved 1126400K
  class space    used 11368K, capacity 12175K, committed 12248K, reserved 1048576K
Event: 327.148 GC heap after
Heap after GC invocations=21 (full 3):
 PSYoungGen      total 247296K, used 46064K [0x00000000e0000000, 0x00000000f4500000, 0x0000000100000000)
  eden space 201216K, 0% used [0x00000000e0000000,0x00000000e0000000,0x00000000ec480000)
  from space 46080K, 99% used [0x00000000efc80000,0x00000000f297c360,0x00000000f2980000)
  to   space 57344K, 0% used [0x00000000ec480000,0x00000000ec480000,0x00000000efc80000)
 ParOldGen       total 141312K, used 106481K [0x00000000a0000000, 0x00000000a8a00000, 0x00000000e0000000)
  object space 141312K, 75% used [0x00000000a0000000,0x00000000a67fc5f8,0x00000000a8a00000)
 Metaspace       used 84934K, capacity 88892K, committed 89048K, reserved 1126400K
  class space    used 11368K, capacity 12175K, committed 12248K, reserved 1048576K
}
Event: 519.433 GC heap before
{Heap before GC invocations=22 (full 3):
 PSYoungGen      total 247296K, used 247280K [0x00000000e0000000, 0x00000000f4500000, 0x0000000100000000)
  eden space 201216K, 100% used [0x00000000e0000000,0x00000000ec480000,0x00000000ec480000)
  from space 46080K, 99% used [0x00000000efc80000,0x00000000f297c360,0x00000000f2980000)
  to   space 57344K, 0% used [0x00000000ec480000,0x00000000ec480000,0x00000000efc80000)
 ParOldGen       total 141312K, used 106481K [0x00000000a0000000, 0x00000000a8a00000, 0x00000000e0000000)
  object space 141312K, 75% used [0x00000000a0000000,0x00000000a67fc5f8,0x00000000a8a00000)
 Metaspace       used 85823K, capacity 90098K, committed 90456K, reserved 1128448K
  class space    used 11418K, capacity 12270K, committed 12376K, reserved 1048576K
Event: 519.478 GC heap after
Heap after GC invocations=22 (full 3):
 PSYoungGen      total 258560K, used 16482K [0x00000000e0000000, 0x00000000f4280000, 0x0000000100000000)
  eden space 201216K, 0% used [0x00000000e0000000,0x00000000e0000000,0x00000000ec480000)
  from space 57344K, 28% used [0x00000000ec480000,0x00000000ed498908,0x00000000efc80000)
  to   space 54784K, 0% used [0x00000000f0d00000,0x00000000f0d00000,0x00000000f4280000)
 ParOldGen       total 141312K, used 133379K [0x00000000a0000000, 0x00000000a8a00000, 0x00000000e0000000)
  object space 141312K, 94% used [0x00000000a0000000,0x00000000a8240cd8,0x00000000a8a00000)
 Metaspace       used 85823K, capacity 90098K, committed 90456K, reserved 1128448K
  class space    used 11418K, capacity 12270K, committed 12376K, reserved 1048576K
}
Event: 519.478 GC heap before
{Heap before GC invocations=23 (full 4):
 PSYoungGen      total 258560K, used 16482K [0x00000000e0000000, 0x00000000f4280000, 0x0000000100000000)
  eden space 201216K, 0% used [0x00000000e0000000,0x00000000e0000000,0x00000000ec480000)
  from space 57344K, 28% used [0x00000000ec480000,0x00000000ed498908,0x00000000efc80000)
  to   space 54784K, 0% used [0x00000000f0d00000,0x00000000f0d00000,0x00000000f4280000)
 ParOldGen       total 141312K, used 133379K [0x00000000a0000000, 0x00000000a8a00000, 0x00000000e0000000)
  object space 141312K, 94% used [0x00000000a0000000,0x00000000a8240cd8,0x00000000a8a00000)
 Metaspace       used 85823K, capacity 90098K, committed 90456K, reserved 1128448K
  class space    used 11418K, capacity 12270K, committed 12376K, reserved 1048576K
Event: 519.617 GC heap after
Heap after GC invocations=23 (full 4):
 PSYoungGen      total 258560K, used 0K [0x00000000e0000000, 0x00000000f4280000, 0x0000000100000000)
  eden space 201216K, 0% used [0x00000000e0000000,0x00000000e0000000,0x00000000ec480000)
  from space 57344K, 0% used [0x00000000ec480000,0x00000000ec480000,0x00000000efc80000)
  to   space 54784K, 0% used [0x00000000f0d00000,0x00000000f0d00000,0x00000000f4280000)
 ParOldGen       total 237568K, used 63156K [0x00000000a0000000, 0x00000000ae800000, 0x00000000e0000000)
  object space 237568K, 26% used [0x00000000a0000000,0x00000000a3dad010,0x00000000ae800000)
 Metaspace       used 85494K, capacity 89186K, committed 90456K, reserved 1128448K
  class space    used 11312K, capacity 12080K, committed 12376K, reserved 1048576K
}

Deoptimization events (10 events):
Event: 518.881 Thread 0x000000001b339800 Uncommon trap: reason=unstable_if action=reinterpret pc=0x0000000005568034 method=com.sun.tools.javac.jvm.ClassReader.readMethod()Lcom/sun/tools/javac/code/Symbol$MethodSymbol; @ 60
Event: 518.912 Thread 0x000000001b339800 Uncommon trap: reason=bimorphic action=maybe_recompile pc=0x000000000513b290 method=com.sun.tools.javac.comp.Check.checkType(Lcom/sun/tools/javac/util/JCDiagnostic$DiagnosticPosition;Lcom/sun/tools/javac/code/Type;Lcom/sun/tools/javac/code/Type;Lcom/sun/t
Event: 518.912 Thread 0x000000001b339800 Uncommon trap: reason=bimorphic action=maybe_recompile pc=0x000000000513b290 method=com.sun.tools.javac.comp.Check.checkType(Lcom/sun/tools/javac/util/JCDiagnostic$DiagnosticPosition;Lcom/sun/tools/javac/code/Type;Lcom/sun/tools/javac/code/Type;Lcom/sun/t
Event: 518.912 Thread 0x000000001b339800 Uncommon trap: reason=bimorphic action=maybe_recompile pc=0x000000000513b290 method=com.sun.tools.javac.comp.Check.checkType(Lcom/sun/tools/javac/util/JCDiagnostic$DiagnosticPosition;Lcom/sun/tools/javac/code/Type;Lcom/sun/tools/javac/code/Type;Lcom/sun/t
Event: 518.912 Thread 0x000000001b339800 Uncommon trap: reason=bimorphic action=maybe_recompile pc=0x000000000513b290 method=com.sun.tools.javac.comp.Check.checkType(Lcom/sun/tools/javac/util/JCDiagnostic$DiagnosticPosition;Lcom/sun/tools/javac/code/Type;Lcom/sun/tools/javac/code/Type;Lcom/sun/t
Event: 518.919 Thread 0x000000001b339800 Uncommon trap: reason=class_check action=maybe_recompile pc=0x00000000047d73a4 method=com.sun.tools.javac.code.Type.isCompound()Z @ 14
Event: 518.919 Thread 0x000000001b339800 Uncommon trap: reason=class_check action=maybe_recompile pc=0x00000000047d73a4 method=com.sun.tools.javac.code.Type.isCompound()Z @ 14
Event: 518.919 Thread 0x000000001b339800 Uncommon trap: reason=class_check action=maybe_recompile pc=0x00000000047d73a4 method=com.sun.tools.javac.code.Type.isCompound()Z @ 14
Event: 519.619 Thread 0x000000001b33e800 Uncommon trap: reason=unstable_if action=reinterpret pc=0x00000000044f879c method=com.google.common.collect.MapMakerInternalMap$Segment.removeFromChain(Lcom/google/common/collect/MapMakerInternalMap$InternalEntry;Lcom/google/common/collect/MapMakerInterna
Event: 519.626 Thread 0x000000001b33d000 Uncommon trap: reason=unstable_if action=reinterpret pc=0x000000000384de28 method=com.google.common.collect.MapMakerInternalMap$Segment.reclaimKey(Lcom/google/common/collect/MapMakerInternalMap$InternalEntry;I)Z @ 46

Classes redefined (0 events):
No events

Internal exceptions (10 events):
Event: 325.887 Thread 0x000000001dfd1800 Implicit null exception at 0x0000000004641ceb to 0x00000000046422d5
Event: 326.229 Thread 0x000000001dfd9000 Exception <a 'sun/nio/fs/WindowsException'> (0x00000000e2a080a8) thrown at [D:\src\AOSP-openjdk-cygwin\jdk8u\hotspot\src\share\vm\prims\jni.cpp, line 710]
Event: 326.298 Thread 0x000000001dfd9000 Exception <a 'sun/nio/fs/WindowsException'> (0x00000000e2f881b8) thrown at [D:\src\AOSP-openjdk-cygwin\jdk8u\hotspot\src\share\vm\prims\jni.cpp, line 710]
Event: 326.449 Thread 0x000000001dfd7800 Exception <a 'sun/nio/fs/WindowsException'> (0x00000000e42af520) thrown at [D:\src\AOSP-openjdk-cygwin\jdk8u\hotspot\src\share\vm\prims\jni.cpp, line 710]
Event: 327.310 Thread 0x000000001bca1000 Exception <a 'sun/nio/fs/WindowsException'> (0x00000000e1eecbb8) thrown at [D:\src\AOSP-openjdk-cygwin\jdk8u\hotspot\src\share\vm\prims\jni.cpp, line 710]
Event: 327.504 Thread 0x000000001b338000 Exception <a 'sun/nio/fs/WindowsException'> (0x00000000e2d219c8) thrown at [D:\src\AOSP-openjdk-cygwin\jdk8u\hotspot\src\share\vm\prims\jni.cpp, line 710]
Event: 518.099 Thread 0x000000001bca3000 Exception <a 'sun/nio/fs/WindowsException'> (0x00000000e3d8d8a8) thrown at [D:\src\AOSP-openjdk-cygwin\jdk8u\hotspot\src\share\vm\prims\jni.cpp, line 710]
Event: 519.347 Thread 0x000000001b342800 Exception <a 'sun/nio/fs/WindowsException'> (0x00000000eb6da2d8) thrown at [D:\src\AOSP-openjdk-cygwin\jdk8u\hotspot\src\share\vm\prims\jni.cpp, line 710]
Event: 519.404 Thread 0x000000001b342800 Exception <a 'sun/nio/fs/WindowsException'> (0x00000000eba72098) thrown at [D:\src\AOSP-openjdk-cygwin\jdk8u\hotspot\src\share\vm\prims\jni.cpp, line 710]
Event: 519.678 Thread 0x000000001dfd4800 Exception <a 'sun/nio/fs/WindowsException'> (0x00000000e0bbcbe8) thrown at [D:\src\AOSP-openjdk-cygwin\jdk8u\hotspot\src\share\vm\prims\jni.cpp, line 710]

Events (10 events):
Event: 519.648 Executing VM operation: RevokeBias
Event: 519.648 Executing VM operation: RevokeBias done
Event: 519.648 Executing VM operation: BulkRevokeBias
Event: 519.648 Executing VM operation: BulkRevokeBias done
Event: 519.650 Thread 0x000000001dfd5000 Thread added: 0x000000001dfd5000
Event: 519.651 Thread 0x000000001889a000 flushing nmethod 0x000000000421f790
Event: 519.651 Thread 0x000000001889a000 flushing nmethod 0x00000000042334d0
Event: 519.652 Executing VM operation: RevokeBias
Event: 519.652 Executing VM operation: RevokeBias done
Event: 519.667 Thread 0x000000001889a000 flushing nmethod 0x0000000005268750


Dynamic libraries:
0x00007ff748cf0000 - 0x00007ff748d21000 	C:\Program Files\Android\Android Studio\jre\bin\java.exe
0x00007ffaae3c0000 - 0x00007ffaae5b0000 	C:\WINDOWS\SYSTEM32\ntdll.dll
0x00007ffaad7e0000 - 0x00007ffaad892000 	C:\WINDOWS\System32\KERNEL32.DLL
0x00007ffaac1c0000 - 0x00007ffaac464000 	C:\WINDOWS\System32\KERNELBASE.dll
0x00007ffaac9b0000 - 0x00007ffaaca53000 	C:\WINDOWS\System32\ADVAPI32.dll
0x00007ffaac7e0000 - 0x00007ffaac87e000 	C:\WINDOWS\System32\msvcrt.dll
0x00007ffaac470000 - 0x00007ffaac507000 	C:\WINDOWS\System32\sechost.dll
0x00007ffaac6c0000 - 0x00007ffaac7e0000 	C:\WINDOWS\System32\RPCRT4.dll
0x00007ffaac520000 - 0x00007ffaac6b4000 	C:\WINDOWS\System32\USER32.dll
0x00007ffaabcd0000 - 0x00007ffaabcf1000 	C:\WINDOWS\System32\win32u.dll
0x00007ffaaddd0000 - 0x00007ffaaddf6000 	C:\WINDOWS\System32\GDI32.dll
0x00007ffaabf70000 - 0x00007ffaac104000 	C:\WINDOWS\System32\gdi32full.dll
0x00007ffaabbb0000 - 0x00007ffaabc4e000 	C:\WINDOWS\System32\msvcp_win.dll
0x00007ffaabe70000 - 0x00007ffaabf6a000 	C:\WINDOWS\System32\ucrtbase.dll
0x00007ffaaa660000 - 0x00007ffaaa8e4000 	C:\WINDOWS\WinSxS\amd64_microsoft.windows.common-controls_6595b64144ccf1df_6.0.18362.836_none_e6c4b943130f18ed\COMCTL32.dll
0x00007ffaad8a0000 - 0x00007ffaadbd6000 	C:\WINDOWS\System32\combase.dll
0x00007ffaabc50000 - 0x00007ffaabcd0000 	C:\WINDOWS\System32\bcryptPrimitives.dll
0x00007ffaae140000 - 0x00007ffaae16e000 	C:\WINDOWS\System32\IMM32.DLL
0x000000005bf80000 - 0x000000005c052000 	C:\Program Files\Android\Android Studio\jre\jre\bin\msvcr100.dll
0x000000005c540000 - 0x000000005cd86000 	C:\Program Files\Android\Android Studio\jre\jre\bin\server\jvm.dll
0x00007ffaae010000 - 0x00007ffaae018000 	C:\WINDOWS\System32\PSAPI.DLL
0x00007ffa97850000 - 0x00007ffa97859000 	C:\WINDOWS\SYSTEM32\WSOCK32.dll
0x00007ffaa9070000 - 0x00007ffaa907a000 	C:\WINDOWS\SYSTEM32\VERSION.dll
0x00007ffaa5d00000 - 0x00007ffaa5d24000 	C:\WINDOWS\SYSTEM32\WINMM.dll
0x00007ffaae0d0000 - 0x00007ffaae13f000 	C:\WINDOWS\System32\WS2_32.dll
0x00007ffaa5cd0000 - 0x00007ffaa5cfd000 	C:\WINDOWS\SYSTEM32\WINMMBASE.dll
0x00007ffaabb00000 - 0x00007ffaabb4a000 	C:\WINDOWS\System32\cfgmgr32.dll
0x00007ffaaad50000 - 0x00007ffaaad5f000 	C:\Program Files\Android\Android Studio\jre\jre\bin\verify.dll
0x00007ffa9f2b0000 - 0x00007ffa9f2d9000 	C:\Program Files\Android\Android Studio\jre\jre\bin\java.dll
0x00007ffaaad30000 - 0x00007ffaaad46000 	C:\Program Files\Android\Android Studio\jre\jre\bin\zip.dll
0x00007ffaacae0000 - 0x00007ffaad1c4000 	C:\WINDOWS\System32\SHELL32.dll
0x00007ffaae170000 - 0x00007ffaae219000 	C:\WINDOWS\System32\shcore.dll
0x00007ffaab380000 - 0x00007ffaabafe000 	C:\WINDOWS\System32\windows.storage.dll
0x00007ffaab2b0000 - 0x00007ffaab2d3000 	C:\WINDOWS\System32\profapi.dll
0x00007ffaab300000 - 0x00007ffaab34a000 	C:\WINDOWS\System32\powrprof.dll
0x00007ffaab280000 - 0x00007ffaab290000 	C:\WINDOWS\System32\UMPDC.dll
0x00007ffaac880000 - 0x00007ffaac8d2000 	C:\WINDOWS\System32\shlwapi.dll
0x00007ffaab290000 - 0x00007ffaab2a1000 	C:\WINDOWS\System32\kernel.appcore.dll
0x00007ffaabe50000 - 0x00007ffaabe67000 	C:\WINDOWS\System32\cryptsp.dll
0x00007ffaaace0000 - 0x00007ffaaacfa000 	C:\Program Files\Android\Android Studio\jre\jre\bin\net.dll
0x00007ffa9b240000 - 0x00007ffa9b416000 	C:\WINDOWS\SYSTEM32\urlmon.dll
0x00007ffa97f00000 - 0x00007ffa981a6000 	C:\WINDOWS\SYSTEM32\iertutil.dll
0x00007ffaaa8f0000 - 0x00007ffaaa8fc000 	C:\WINDOWS\SYSTEM32\CRYPTBASE.DLL
0x00007ffaaa470000 - 0x00007ffaaa4d7000 	C:\WINDOWS\system32\mswsock.dll
0x00007ffaa9b20000 - 0x00007ffaa9b33000 	C:\Program Files\Android\Android Studio\jre\jre\bin\nio.dll
0x00007ffaa5f20000 - 0x00007ffaa5f46000 	C:\Users\rocio\.gradle\native\30\windows-amd64\native-platform.dll
0x00007ffaa9930000 - 0x00007ffaa993d000 	C:\Program Files\Android\Android Studio\jre\jre\bin\management.dll
0x00007ffaa9fe0000 - 0x00007ffaaa013000 	C:\WINDOWS\system32\rsaenh.dll
0x00007ffaab350000 - 0x00007ffaab376000 	C:\WINDOWS\System32\bcrypt.dll
0x00007ffaab1a0000 - 0x00007ffaab1c5000 	C:\WINDOWS\SYSTEM32\USERENV.dll
0x00007ffaaa180000 - 0x00007ffaaa1ba000 	C:\WINDOWS\SYSTEM32\IPHLPAPI.DLL
0x00007ffaac510000 - 0x00007ffaac518000 	C:\WINDOWS\System32\NSI.dll
0x00007ffaa3ce0000 - 0x00007ffaa3cf6000 	C:\WINDOWS\SYSTEM32\dhcpcsvc6.DLL
0x00007ffaa3d70000 - 0x00007ffaa3d8c000 	C:\WINDOWS\SYSTEM32\dhcpcsvc.DLL
0x00007ffaaa1c0000 - 0x00007ffaaa28b000 	C:\WINDOWS\SYSTEM32\DNSAPI.dll
0x00007ffaaae80000 - 0x00007ffaab074000 	C:\WINDOWS\SYSTEM32\dbghelp.dll

VM Arguments:
jvm_args: -Xmx1536m -Dfile.encoding=windows-1252 -Duser.country=ES -Duser.language=es -Duser.variant 
java_command: org.gradle.launcher.daemon.bootstrap.GradleDaemon 5.6.4
java_class_path (initial): C:\Users\rocio\.gradle\wrapper\dists\gradle-5.6.4-all\ankdp27end7byghfw1q2sw75f\gradle-5.6.4\lib\gradle-launcher-5.6.4.jar
Launcher Type: SUN_STANDARD

Environment Variables:
JAVA_HOME=C:\Program Files\Java\jdk1.8.0_144
PATH=C:\Program Files (x86)\Intel\iCLS Client\;C:\oraclexe\app\oracle\product\11.2.0\server\bin;C:\ProgramData\Oracle\Java\javapath;C:\Program Files\Intel\iCLS Client\;C:\windows\system32;C:\windows;C:\windows\System32\Wbem;C:\windows\System32\WindowsPowerShell\v1.0\;C:\Program Files (x86)\NVIDIA Corporation\PhysX\Common;C:\WINDOWS\system32;C:\WINDOWS;C:\WINDOWS\System32\Wbem;C:\WINDOWS\System32\WindowsPowerShell\v1.0\;C:\Program Files (x86)\Intel\Intel(R) Management Engine Components\DAL;C:\Program Files\Intel\Intel(R) Management Engine Components\DAL;C:\Program Files (x86)\Intel\Intel(R) Management Engine Components\IPT;C:\Program Files\Intel\Intel(R) Management Engine Components\IPT;C:\WINDOWS\System32\OpenSSH\;C:\Program Files\Intel\WiFi\bin\;C:\Program Files\Common Files\Intel\WirelessCommon\;C:\Program Files\Java\jdk1.8.0_144\bin;C:\Program Files\Git\cmd;C:\Program Files\TortoiseSVN\bin;C:\Users\rocio\AppData\Local\Microsoft\WindowsApps;C:\Users\rocio\AppData\Local\GitHubDesktop\bin;%USERPROFILE%\AppData\Local\Microsoft\WindowsApps;
USERNAME=rocio
OS=Windows_NT
PROCESSOR_IDENTIFIER=Intel64 Family 6 Model 158 Stepping 9, GenuineIntel



---------------  S Y S T E M  ---------------

OS: Windows 10.0 , 64 bit Build 18362 (10.0.18362.778)

CPU:total 8 (initial active 8) (4 cores per cpu, 2 threads per core) family 6 model 158 stepping 9, cmov, cx8, fxsr, mmx, sse, sse2, sse3, ssse3, sse4.1, sse4.2, popcnt, avx, avx2, aes, clmul, erms, 3dnowpref, lzcnt, ht, tsc, tscinvbit, bmi1, bmi2, adx

Memory: 4k page, physical 8271076k(1010680k free), swap 14300388k(3938076k free)

vm_info: OpenJDK 64-Bit Server VM (25.212-b04) for windows-amd64 JRE (1.8.0_212-release-1586-b04), built by "builder" with MS VC++ 10.0 (VS2010)

time: Sun May 31 16:51:49 2020
timezone: Hora de verano romance
elapsed time: 519 seconds (0d 0h 8m 39s)

