#
# A fatal error has been detected by the Java Runtime Environment:
#
#  EXCEPTION_ACCESS_VIOLATION (0xc0000005) at pc=0x000000007372a755, pid=2368, tid=0x00000000000031b8
#
# JRE version: OpenJDK Runtime Environment (8.0_212-b04) (build 1.8.0_212-release-1586-b04)
# Java VM: OpenJDK 64-Bit Server VM (25.212-b04 mixed mode windows-amd64 compressed oops)
# Problematic frame:
# V  [jvm.dll+0x46a755]
#
# Failed to write core dump. Minidumps are not enabled by default on client versions of Windows
#
# If you would like to submit a bug report, please visit:
#   
#

---------------  T H R E A D  ---------------

Current thread (0x00000000182ec000):  JavaThread "C2 CompilerThread0" daemon [_thread_in_native, id=12728, stack(0x0000000018be0000,0x0000000018ce0000)]

siginfo: ExceptionCode=0xc0000005, reading address 0x00000000298df918

Registers:
RAX=0x000000000000248e, RBX=0x00000000298df910, RCX=0x0000000000000005, RDX=0x0000000000000010
RSP=0x0000000018cdc410, RBP=0x0000000000000a8f, RSI=0x0000000018cdc510, RDI=0x0000000000000a8f
R8 =0x0000000000000001, R9 =0x000000000000248a, R10=0x00000000732c0000, R11=0x0000000018cdc200
R12=0x0000000073a8a650, R13=0x00000000732c0000, R14=0x000000001b348858, R15=0x00000000000003d8
RIP=0x000000007372a755, EFLAGS=0x0000000000010202

Top of Stack: (sp=0x0000000018cdc410)
0x0000000018cdc410:   00000000297db910 00000000297db910
0x0000000018cdc420:   0000000000000a8f 0000000018cdc510
0x0000000018cdc430:   0000248f00000001 0000000000000005
0x0000000018cdc440:   000000001f1bfa20 0000000000000025
0x0000000018cdc450:   000000001d39d360 000000004000001a
0x0000000018cdc460:   00000000297db9b0 0000000018cdc800
0x0000000018cdc470:   000000001b348480 0000000018cdc800
0x0000000018cdc480:   000000001b348470 00000000736f6de1
0x0000000018cdc490:   0000000000000000 0000000018cdc590
0x0000000018cdc4a0:   0000000000000000 0000000000000010
0x0000000018cdc4b0:   0000000000000006 000000001b348470
0x0000000018cdc4c0:   0000000028959650 0000000028960c50
0x0000000018cdc4d0:   0000000028961638 00000000004b9690
0x0000000018cdc4e0:   0000000000000006 000000001faaa130
0x0000000018cdc4f0:   000000001faaa130 000000001faaa140
0x0000000018cdc500:   000000001faaa518 00000000000003d8 

Instructions: (pc=0x000000007372a755)
0x000000007372a735:   48 8d 4c 24 20 e8 a1 4e 00 00 85 c0 74 68 8b c0
0x000000007372a745:   48 8d 1c 80 48 c1 e3 05 48 03 5e 10 85 ff 74 93
0x000000007372a755:   48 8b 43 08 48 8b cd 48 c1 e9 08 4c 8b 0c c8 4d
0x000000007372a765:   3b cc 75 0d 8b d7 48 8b cb e8 ad 4a 00 00 4c 8b 


Register to memory mapping:

RAX=0x000000000000248e is an unknown value
RBX=0x00000000298df910 is an unknown value
RCX=0x0000000000000005 is an unknown value
RDX=0x0000000000000010 is an unknown value
RSP=0x0000000018cdc410 is pointing into the stack for thread: 0x00000000182ec000
RBP=0x0000000000000a8f is an unknown value
RSI=0x0000000018cdc510 is pointing into the stack for thread: 0x00000000182ec000
RDI=0x0000000000000a8f is an unknown value
R8 =0x0000000000000001 is an unknown value
R9 =0x000000000000248a is an unknown value
R10=0x00000000732c0000 is an unknown value
R11=0x0000000018cdc200 is pointing into the stack for thread: 0x00000000182ec000
R12=0x0000000073a8a650 is an unknown value
R13=0x00000000732c0000 is an unknown value
R14=0x000000001b348858 is an unknown value
R15=0x00000000000003d8 is an unknown value


Stack: [0x0000000018be0000,0x0000000018ce0000],  sp=0x0000000018cdc410,  free space=1009k
Native frames: (J=compiled Java code, j=interpreted, Vv=VM code, C=native code)
V  [jvm.dll+0x46a755]
V  [jvm.dll+0x436de1]
V  [jvm.dll+0x44189b]
V  [jvm.dll+0x444198]
V  [jvm.dll+0x4272e2]
V  [jvm.dll+0x81fbf]
V  [jvm.dll+0x8291f]
V  [jvm.dll+0x21db3f]
V  [jvm.dll+0x26f53a]
C  [msvcr100.dll+0x21d9f]
C  [msvcr100.dll+0x21e3b]
C  [KERNEL32.DLL+0x17bd4]
C  [ntdll.dll+0x6ce51]


Current CompileTask:
C2: 111017 11937   !   4       com.google.common.cache.LocalCache$Segment::lockedGetOrLoad (447 bytes)


---------------  P R O C E S S  ---------------

Java Threads: ( => current thread )
  0x000000001b74c000 JavaThread "Cache worker for Java compile cache (C:\Users\rocio\Desktop\rocio\PROYECTO\FutFemApp\.gradle\5.6.4\javaCompile)" [_thread_blocked, id=7684, stack(0x0000000029070000,0x0000000029170000)]
  0x0000000019412000 JavaThread "Cache worker for Java compile cache (C:\Users\rocio\.gradle\caches\5.6.4\javaCompile)" [_thread_blocked, id=9980, stack(0x0000000025c00000,0x0000000025d00000)]
  0x0000000019416800 JavaThread "stdout" [_thread_in_native, id=12236, stack(0x0000000025b00000,0x0000000025c00000)]
  0x0000000019416000 JavaThread "stderr" [_thread_in_native, id=12100, stack(0x0000000025a00000,0x0000000025b00000)]
  0x0000000019415000 JavaThread "pool-4-thread-1" [_thread_blocked, id=10176, stack(0x0000000025900000,0x0000000025a00000)]
  0x0000000019409800 JavaThread "WorkerExecutor Queue Thread 2" [_thread_blocked, id=13288, stack(0x0000000025800000,0x0000000025900000)]
  0x0000000019410800 JavaThread "WorkerExecutor Queue" [_thread_blocked, id=11476, stack(0x0000000025700000,0x0000000025800000)]
  0x0000000019409000 JavaThread "Cache worker for execution history cache (C:\Users\rocio\Desktop\rocio\PROYECTO\FutFemApp\.gradle\5.6.4\executionHistory)" [_thread_blocked, id=11960, stack(0x0000000025600000,0x0000000025700000)]
  0x000000001940c000 JavaThread "Execution worker for ':' Thread 7" [_thread_in_native, id=12780, stack(0x0000000025100000,0x0000000025200000)]
  0x000000001940a800 JavaThread "Execution worker for ':' Thread 6" [_thread_blocked, id=12356, stack(0x0000000024e00000,0x0000000024f00000)]
  0x000000001940b000 JavaThread "Execution worker for ':' Thread 5" [_thread_blocked, id=2340, stack(0x0000000024d00000,0x0000000024e00000)]
  0x000000001940d800 JavaThread "Execution worker for ':' Thread 4" [_thread_blocked, id=11164, stack(0x0000000024c00000,0x0000000024d00000)]
  0x000000001940f000 JavaThread "Execution worker for ':' Thread 3" [_thread_blocked, id=11892, stack(0x0000000024b00000,0x0000000024c00000)]
  0x000000001940c800 JavaThread "Execution worker for ':' Thread 2" [_thread_blocked, id=11968, stack(0x0000000024a00000,0x0000000024b00000)]
  0x000000001f2f3800 JavaThread "Execution worker for ':'" [_thread_blocked, id=9316, stack(0x0000000024440000,0x0000000024540000)]
  0x000000001f2f3000 JavaThread "Cache worker for file content cache (C:\Users\rocio\Desktop\rocio\PROYECTO\FutFemApp\.gradle\5.6.4\fileContent)" [_thread_blocked, id=10124, stack(0x0000000024340000,0x0000000024440000)]
  0x000000001f2f0000 JavaThread "Cache worker for Build Output Cleanup Cache (C:\Users\rocio\Desktop\rocio\PROYECTO\FutFemApp\.gradle\buildOutputCleanup)" [_thread_blocked, id=10188, stack(0x0000000024040000,0x0000000024140000)]
  0x000000001f2f2000 JavaThread "pool-3-thread-1" [_thread_blocked, id=11368, stack(0x0000000023540000,0x0000000023640000)]
  0x000000001f2ef000 JavaThread "Build operations Thread 8" [_thread_blocked, id=11040, stack(0x0000000023240000,0x0000000023340000)]
  0x000000001f2ee800 JavaThread "Build operations Thread 7" [_thread_blocked, id=6500, stack(0x0000000022d40000,0x0000000022e40000)]
  0x000000001f2f1800 JavaThread "Build operations Thread 6" [_thread_blocked, id=10936, stack(0x0000000022c40000,0x0000000022d40000)]
  0x000000001f2f0800 JavaThread "Build operations Thread 5" [_thread_blocked, id=13256, stack(0x0000000022b40000,0x0000000022c40000)]
  0x000000001f2e7000 JavaThread "Build operations Thread 4" [_thread_blocked, id=5284, stack(0x0000000022a40000,0x0000000022b40000)]
  0x000000001f2ed800 JavaThread "Build operations Thread 3" [_thread_blocked, id=1220, stack(0x0000000022940000,0x0000000022a40000)]
  0x000000001f2e6000 JavaThread "Build operations Thread 2" [_thread_blocked, id=12612, stack(0x0000000022840000,0x0000000022940000)]
  0x000000001f2ed000 JavaThread "Build operations" [_thread_blocked, id=7688, stack(0x0000000022740000,0x0000000022840000)]
  0x000000001f2e5800 JavaThread "Cache worker for cache directory md-rule (C:\Users\rocio\.gradle\caches\5.6.4\md-rule)" [_thread_blocked, id=12596, stack(0x0000000022640000,0x0000000022740000)]
  0x000000001f2ec000 JavaThread "Cache worker for cache directory md-supplier (C:\Users\rocio\.gradle\caches\5.6.4\md-supplier)" [_thread_blocked, id=12840, stack(0x0000000022240000,0x0000000022340000)]
  0x000000001f2eb800 JavaThread "Cache worker for file hash cache (C:\Users\rocio\Desktop\rocio\PROYECTO\FutFemApp\.gradle\5.6.4\fileHashes)" [_thread_blocked, id=12372, stack(0x0000000020d00000,0x0000000020e00000)]
  0x000000001f2e4800 JavaThread "Thread-44" [_thread_blocked, id=13168, stack(0x000000001f3d0000,0x000000001f4d0000)]
  0x000000001f2e9000 JavaThread "Stdin handler" [_thread_blocked, id=12900, stack(0x000000001c930000,0x000000001ca30000)]
  0x000000001f2ea800 JavaThread "Asynchronous log dispatcher for DefaultDaemonConnection: socket connection from /127.0.0.1:50130 to /127.0.0.1:50202" [_thread_blocked, id=12752, stack(0x000000001c730000,0x000000001c830000)]
  0x000000001f2e8800 JavaThread "Cancel handler" [_thread_blocked, id=11520, stack(0x000000001c430000,0x000000001c530000)]
  0x000000001f2ea000 JavaThread "Handler for socket connection from /127.0.0.1:50130 to /127.0.0.1:50202" [_thread_in_native, id=13144, stack(0x0000000000b80000,0x0000000000c80000)]
  0x0000000019417800 JavaThread "Cache worker for file content cache (C:\Users\rocio\.gradle\caches\5.6.4\fileContent)" [_thread_blocked, id=12932, stack(0x0000000023f40000,0x0000000024040000)]
  0x0000000019414800 JavaThread "Memory manager" [_thread_blocked, id=9832, stack(0x0000000023e40000,0x0000000023f40000)]
  0x000000001940f800 JavaThread "Cache worker for execution history cache (C:\Users\rocio\.gradle\caches\5.6.4\executionHistory)" [_thread_blocked, id=10924, stack(0x0000000022340000,0x0000000022440000)]
  0x0000000019db1800 JavaThread "Cache worker for journal cache (C:\Users\rocio\.gradle\caches\journal-1)" [_thread_blocked, id=12308, stack(0x000000001d130000,0x000000001d230000)]
  0x0000000019db7000 JavaThread "File lock request listener" [_thread_in_native, id=12188, stack(0x000000001d030000,0x000000001d130000)]
  0x000000001a78c000 JavaThread "Cache worker for file hash cache (C:\Users\rocio\.gradle\caches\5.6.4\fileHashes)" [_thread_blocked, id=12808, stack(0x000000001cd30000,0x000000001ce30000)]
  0x000000001ad64000 JavaThread "Daemon worker" [_thread_blocked, id=12536, stack(0x000000001c830000,0x000000001c930000)]
  0x000000001ac98000 JavaThread "Daemon" [_thread_blocked, id=10720, stack(0x000000001c330000,0x000000001c430000)]
  0x000000001ac72000 JavaThread "Daemon periodic checks" [_thread_blocked, id=1368, stack(0x000000001c230000,0x000000001c330000)]
  0x000000001ac2b000 JavaThread "Incoming local TCP Connector on port 50130" [_thread_in_native, id=6184, stack(0x000000001bfc0000,0x000000001c0c0000)]
  0x00000000183ff000 JavaThread "Daemon health stats" [_thread_blocked, id=12880, stack(0x000000001b980000,0x000000001ba80000)]
  0x0000000018384000 JavaThread "Service Thread" daemon [_thread_blocked, id=10436, stack(0x0000000018fe0000,0x00000000190e0000)]
  0x00000000182f8000 JavaThread "C1 CompilerThread3" daemon [_thread_blocked, id=7492, stack(0x0000000018ee0000,0x0000000018fe0000)]
  0x00000000182f4000 JavaThread "C2 CompilerThread2" daemon [_thread_blocked, id=12904, stack(0x0000000018de0000,0x0000000018ee0000)]
  0x00000000182ef800 JavaThread "C2 CompilerThread1" daemon [_thread_blocked, id=7440, stack(0x0000000018ce0000,0x0000000018de0000)]
=>0x00000000182ec000 JavaThread "C2 CompilerThread0" daemon [_thread_in_native, id=12728, stack(0x0000000018be0000,0x0000000018ce0000)]
  0x00000000182ea800 JavaThread "Attach Listener" daemon [_thread_blocked, id=12708, stack(0x0000000018ae0000,0x0000000018be0000)]
  0x00000000182f6000 JavaThread "Signal Dispatcher" daemon [_thread_blocked, id=10048, stack(0x00000000189e0000,0x0000000018ae0000)]
  0x00000000182e1000 JavaThread "Finalizer" daemon [_thread_blocked, id=10604, stack(0x00000000187c0000,0x00000000188c0000)]
  0x00000000182e0800 JavaThread "Reference Handler" daemon [_thread_blocked, id=10672, stack(0x00000000186c0000,0x00000000187c0000)]
  0x0000000000cee800 JavaThread "main" [_thread_blocked, id=10880, stack(0x0000000002510000,0x0000000002610000)]

Other Threads:
  0x00000000164c6000 VMThread [stack: 0x00000000181c0000,0x00000000182c0000] [id=12304]
  0x0000000018385000 WatcherThread [stack: 0x00000000190e0000,0x00000000191e0000] [id=1376]

VM state:not at safepoint (normal execution)

VM Mutex/Monitor currently owned by a thread: None

heap address: 0x00000000a0000000, size: 1536 MB, Compressed Oops mode: 32-bit
Narrow klass base: 0x0000000000000000, Narrow klass shift: 3
Compressed class space size: 1073741824 Address: 0x0000000100000000

Heap:
 PSYoungGen      total 217600K, used 58301K [0x00000000e0000000, 0x00000000f2000000, 0x0000000100000000)
  eden space 192000K, 17% used [0x00000000e0000000,0x00000000e1ff16d0,0x00000000ebb80000)
  from space 25600K, 99% used [0x00000000ebb80000,0x00000000ed47ded8,0x00000000ed480000)
  to   space 32256K, 0% used [0x00000000f0080000,0x00000000f0080000,0x00000000f2000000)
 ParOldGen       total 125952K, used 40960K [0x00000000a0000000, 0x00000000a7b00000, 0x00000000e0000000)
  object space 125952K, 32% used [0x00000000a0000000,0x00000000a2800200,0x00000000a7b00000)
 Metaspace       used 75605K, capacity 78138K, committed 78296K, reserved 1118208K
  class space    used 9857K, capacity 10382K, committed 10456K, reserved 1048576K

Card table byte_map: [0x0000000011ad0000,0x0000000011de0000] byte_map_base: 0x00000000115d0000

Marking Bits: (ParMarkBitMap*) 0x0000000073a89f30
 Begin Bits: [0x00000000127e0000, 0x0000000013fe0000)
 End Bits:   [0x0000000013fe0000, 0x00000000157e0000)

Polling page: 0x0000000000750000

CodeCache: size=245760Kb used=32700Kb max_used=32712Kb free=213059Kb
 bounds [0x0000000002710000, 0x0000000004730000, 0x0000000011710000]
 total_blobs=10927 nmethods=10073 adapters=766
 compilation: enabled

Compilation events (10 events):
Event: 110.221 Thread 0x00000000182ef800 nmethod 11945 0x00000000046f1610 code [0x00000000046f19c0, 0x00000000046f42d8]
Event: 110.221 Thread 0x00000000182ef800 11943       4       com.google.common.collect.ImmutableMultimap::entries (8 bytes)
Event: 110.222 Thread 0x00000000182ef800 nmethod 11943 0x00000000046c9590 code [0x00000000046c96e0, 0x00000000046c97f8]
Event: 110.341 Thread 0x00000000182f4000 nmethod 11938 0x0000000004700310 code [0x0000000004700a40, 0x0000000004707700]
Event: 110.445 Thread 0x00000000182f8000 11952       3       org.gradle.api.internal.tasks.properties.AbstractPropertySpec::compareTo (9 bytes)
Event: 110.446 Thread 0x00000000182f8000 nmethod 11952 0x00000000046ccb10 code [0x00000000046ccca0, 0x00000000046cd208]
Event: 110.446 Thread 0x00000000182f8000 11953       3       org.gradle.api.internal.tasks.properties.AbstractPropertySpec::compareTo (14 bytes)
Event: 110.447 Thread 0x00000000182f8000 nmethod 11953 0x00000000046c7a90 code [0x00000000046c7c20, 0x00000000046c7fa8]
Event: 110.519 Thread 0x00000000182ef800 11954       4       java.util.ArrayDeque::pollLast (42 bytes)
Event: 110.521 Thread 0x00000000182ef800 nmethod 11954 0x00000000046f1350 code [0x00000000046f1480, 0x00000000046f1558]

GC Heap History (10 events):
Event: 27.711 GC heap before
{Heap before GC invocations=14 (full 2):
 PSYoungGen      total 139264K, used 53366K [0x00000000e0000000, 0x00000000ec080000, 0x0000000100000000)
  eden space 124928K, 31% used [0x00000000e0000000,0x00000000e2624dd0,0x00000000e7a00000)
  from space 14336K, 99% used [0x00000000e7a00000,0x00000000e87f8d48,0x00000000e8800000)
  to   space 18432K, 0% used [0x00000000eae80000,0x00000000eae80000,0x00000000ec080000)
 ParOldGen       total 87552K, used 24195K [0x00000000a0000000, 0x00000000a5580000, 0x00000000e0000000)
  object space 87552K, 27% used [0x00000000a0000000,0x00000000a17a0c38,0x00000000a5580000)
 Metaspace       used 57039K, capacity 59050K, committed 59096K, reserved 1099776K
  class space    used 7884K, capacity 8362K, committed 8408K, reserved 1048576K
Event: 27.731 GC heap after
Heap after GC invocations=14 (full 2):
 PSYoungGen      total 176640K, used 17654K [0x00000000e0000000, 0x00000000eca00000, 0x0000000100000000)
  eden space 158208K, 0% used [0x00000000e0000000,0x00000000e0000000,0x00000000e9a80000)
  from space 18432K, 95% used [0x00000000eae80000,0x00000000ebfbd830,0x00000000ec080000)
  to   space 20480K, 0% used [0x00000000e9a80000,0x00000000e9a80000,0x00000000eae80000)
 ParOldGen       total 87552K, used 24203K [0x00000000a0000000, 0x00000000a5580000, 0x00000000e0000000)
  object space 87552K, 27% used [0x00000000a0000000,0x00000000a17a2c38,0x00000000a5580000)
 Metaspace       used 57039K, capacity 59050K, committed 59096K, reserved 1099776K
  class space    used 7884K, capacity 8362K, committed 8408K, reserved 1048576K
}
Event: 27.731 GC heap before
{Heap before GC invocations=15 (full 3):
 PSYoungGen      total 176640K, used 17654K [0x00000000e0000000, 0x00000000eca00000, 0x0000000100000000)
  eden space 158208K, 0% used [0x00000000e0000000,0x00000000e0000000,0x00000000e9a80000)
  from space 18432K, 95% used [0x00000000eae80000,0x00000000ebfbd830,0x00000000ec080000)
  to   space 20480K, 0% used [0x00000000e9a80000,0x00000000e9a80000,0x00000000eae80000)
 ParOldGen       total 87552K, used 24203K [0x00000000a0000000, 0x00000000a5580000, 0x00000000e0000000)
  object space 87552K, 27% used [0x00000000a0000000,0x00000000a17a2c38,0x00000000a5580000)
 Metaspace       used 57039K, capacity 59050K, committed 59096K, reserved 1099776K
  class space    used 7884K, capacity 8362K, committed 8408K, reserved 1048576K
Event: 27.946 GC heap after
Heap after GC invocations=15 (full 3):
 PSYoungGen      total 176640K, used 0K [0x00000000e0000000, 0x00000000eca00000, 0x0000000100000000)
  eden space 158208K, 0% used [0x00000000e0000000,0x00000000e0000000,0x00000000e9a80000)
  from space 18432K, 0% used [0x00000000eae80000,0x00000000eae80000,0x00000000ec080000)
  to   space 20480K, 0% used [0x00000000e9a80000,0x00000000e9a80000,0x00000000eae80000)
 ParOldGen       total 125952K, used 31853K [0x00000000a0000000, 0x00000000a7b00000, 0x00000000e0000000)
  object space 125952K, 25% used [0x00000000a0000000,0x00000000a1f1b6f0,0x00000000a7b00000)
 Metaspace       used 56997K, capacity 58928K, committed 59096K, reserved 1099776K
  class space    used 7871K, capacity 8339K, committed 8408K, reserved 1048576K
}
Event: 32.955 GC heap before
{Heap before GC invocations=16 (full 3):
 PSYoungGen      total 176640K, used 158208K [0x00000000e0000000, 0x00000000eca00000, 0x0000000100000000)
  eden space 158208K, 100% used [0x00000000e0000000,0x00000000e9a80000,0x00000000e9a80000)
  from space 18432K, 0% used [0x00000000eae80000,0x00000000eae80000,0x00000000ec080000)
  to   space 20480K, 0% used [0x00000000e9a80000,0x00000000e9a80000,0x00000000eae80000)
 ParOldGen       total 125952K, used 31853K [0x00000000a0000000, 0x00000000a7b00000, 0x00000000e0000000)
  object space 125952K, 25% used [0x00000000a0000000,0x00000000a1f1b6f0,0x00000000a7b00000)
 Metaspace       used 60524K, capacity 62810K, committed 62936K, reserved 1103872K
  class space    used 8324K, capacity 8848K, committed 8920K, reserved 1048576K
Event: 32.975 GC heap after
Heap after GC invocations=16 (full 3):
 PSYoungGen      total 178688K, used 17781K [0x00000000e0000000, 0x00000000eed80000, 0x0000000100000000)
  eden space 158208K, 0% used [0x00000000e0000000,0x00000000e0000000,0x00000000e9a80000)
  from space 20480K, 86% used [0x00000000e9a80000,0x00000000eabdd520,0x00000000eae80000)
  to   space 22528K, 0% used [0x00000000ed780000,0x00000000ed780000,0x00000000eed80000)
 ParOldGen       total 125952K, used 31861K [0x00000000a0000000, 0x00000000a7b00000, 0x00000000e0000000)
  object space 125952K, 25% used [0x00000000a0000000,0x00000000a1f1d6f0,0x00000000a7b00000)
 Metaspace       used 60524K, capacity 62810K, committed 62936K, reserved 1103872K
  class space    used 8324K, capacity 8848K, committed 8920K, reserved 1048576K
}
Event: 99.329 GC heap before
{Heap before GC invocations=17 (full 3):
 PSYoungGen      total 178688K, used 175989K [0x00000000e0000000, 0x00000000eed80000, 0x0000000100000000)
  eden space 158208K, 100% used [0x00000000e0000000,0x00000000e9a80000,0x00000000e9a80000)
  from space 20480K, 86% used [0x00000000e9a80000,0x00000000eabdd520,0x00000000eae80000)
  to   space 22528K, 0% used [0x00000000ed780000,0x00000000ed780000,0x00000000eed80000)
 ParOldGen       total 125952K, used 31861K [0x00000000a0000000, 0x00000000a7b00000, 0x00000000e0000000)
  object space 125952K, 25% used [0x00000000a0000000,0x00000000a1f1d6f0,0x00000000a7b00000)
 Metaspace       used 67830K, capacity 70384K, committed 70488K, reserved 1110016K
  class space    used 9013K, capacity 9533K, committed 9560K, reserved 1048576K
Event: 99.348 GC heap after
Heap after GC invocations=17 (full 3):
 PSYoungGen      total 214528K, used 22178K [0x00000000e0000000, 0x00000000eed80000, 0x0000000100000000)
  eden space 192000K, 0% used [0x00000000e0000000,0x00000000e0000000,0x00000000ebb80000)
  from space 22528K, 98% used [0x00000000ed780000,0x00000000eed28848,0x00000000eed80000)
  to   space 25600K, 0% used [0x00000000ebb80000,0x00000000ebb80000,0x00000000ed480000)
 ParOldGen       total 125952K, used 31869K [0x00000000a0000000, 0x00000000a7b00000, 0x00000000e0000000)
  object space 125952K, 25% used [0x00000000a0000000,0x00000000a1f1f6f0,0x00000000a7b00000)
 Metaspace       used 67830K, capacity 70384K, committed 70488K, reserved 1110016K
  class space    used 9013K, capacity 9533K, committed 9560K, reserved 1048576K
}
Event: 108.521 GC heap before
{Heap before GC invocations=18 (full 3):
 PSYoungGen      total 214528K, used 214178K [0x00000000e0000000, 0x00000000eed80000, 0x0000000100000000)
  eden space 192000K, 100% used [0x00000000e0000000,0x00000000ebb80000,0x00000000ebb80000)
  from space 22528K, 98% used [0x00000000ed780000,0x00000000eed28848,0x00000000eed80000)
  to   space 25600K, 0% used [0x00000000ebb80000,0x00000000ebb80000,0x00000000ed480000)
 ParOldGen       total 125952K, used 31869K [0x00000000a0000000, 0x00000000a7b00000, 0x00000000e0000000)
  object space 125952K, 25% used [0x00000000a0000000,0x00000000a1f1f6f0,0x00000000a7b00000)
 Metaspace       used 74776K, capacity 77292K, committed 77400K, reserved 1116160K
  class space    used 9796K, capacity 10315K, committed 10328K, reserved 1048576K
Event: 108.554 GC heap after
Heap after GC invocations=18 (full 3):
 PSYoungGen      total 217600K, used 25591K [0x00000000e0000000, 0x00000000f2000000, 0x0000000100000000)
  eden space 192000K, 0% used [0x00000000e0000000,0x00000000e0000000,0x00000000ebb80000)
  from space 25600K, 99% used [0x00000000ebb80000,0x00000000ed47ded8,0x00000000ed480000)
  to   space 32256K, 0% used [0x00000000f0080000,0x00000000f0080000,0x00000000f2000000)
 ParOldGen       total 125952K, used 40960K [0x00000000a0000000, 0x00000000a7b00000, 0x00000000e0000000)
  object space 125952K, 32% used [0x00000000a0000000,0x00000000a2800200,0x00000000a7b00000)
 Metaspace       used 74776K, capacity 77292K, committed 77400K, reserved 1116160K
  class space    used 9796K, capacity 10315K, committed 10328K, reserved 1048576K
}

Deoptimization events (10 events):
Event: 109.080 Thread 0x000000001940f000 Uncommon trap: reason=unstable_if action=reinterpret pc=0x0000000004662410 method=com.sun.tools.javac.code.Types.capture(Lcom/sun/tools/javac/code/Type;)Lcom/sun/tools/javac/code/Type; @ 19
Event: 109.080 Thread 0x000000001940f000 Uncommon trap: reason=class_check action=maybe_recompile pc=0x000000000463240c method=com.sun.tools.javac.code.Type$ClassType.allparams()Lcom/sun/tools/javac/util/List; @ 16
Event: 109.084 Thread 0x000000001940f000 Uncommon trap: reason=class_check action=maybe_recompile pc=0x000000000463240c method=com.sun.tools.javac.code.Type$ClassType.allparams()Lcom/sun/tools/javac/util/List; @ 16
Event: 109.091 Thread 0x000000001940f000 Uncommon trap: reason=class_check action=maybe_recompile pc=0x000000000463240c method=com.sun.tools.javac.code.Type$ClassType.allparams()Lcom/sun/tools/javac/util/List; @ 16
Event: 109.093 Thread 0x000000001940f000 Uncommon trap: reason=class_check action=maybe_recompile pc=0x000000000463240c method=com.sun.tools.javac.code.Type$ClassType.allparams()Lcom/sun/tools/javac/util/List; @ 16
Event: 109.353 Thread 0x000000001940f000 Uncommon trap: reason=unstable_if action=reinterpret pc=0x00000000044e4ab0 method=com.sun.tools.javac.util.BaseFileManager.getKind(Ljava/lang/String;)Ljavax/tools/JavaFileObject$Kind; @ 10
Event: 109.358 Thread 0x000000001940f000 Uncommon trap: reason=class_check action=maybe_recompile pc=0x0000000003fc70b0 method=org.gradle.internal.logging.sink.OutputEventTransformer.onOutput(Lorg/gradle/internal/logging/events/OutputEvent;)V @ 371
Event: 109.359 Thread 0x000000001940f000 Uncommon trap: reason=class_check action=maybe_recompile pc=0x0000000003fc70b0 method=org.gradle.internal.logging.sink.OutputEventTransformer.onOutput(Lorg/gradle/internal/logging/events/OutputEvent;)V @ 371
Event: 109.936 Thread 0x000000001ad64000 Uncommon trap: reason=unstable_if action=reinterpret pc=0x00000000042b25c8 method=com.google.common.collect.ImmutableSortedSet.construct(Ljava/util/Comparator;I[Ljava/lang/Object;)Lcom/google/common/collect/ImmutableSortedSet; @ 1
Event: 110.130 Thread 0x000000001940b000 Uncommon trap: reason=unstable_if action=reinterpret pc=0x00000000039e9ebc method=com.google.common.cache.LocalCache.isExpired(Lcom/google/common/cache/ReferenceEntry;J)Z @ 25

Classes redefined (0 events):
No events

Internal exceptions (10 events):
Event: 98.818 Thread 0x000000001ad64000 Implicit null exception at 0x00000000038284b5 to 0x0000000003828a41
Event: 98.818 Thread 0x000000001ad64000 Implicit null exception at 0x000000000380ef14 to 0x000000000380f109
Event: 98.820 Thread 0x000000001ad64000 Implicit null exception at 0x000000000285d16f to 0x000000000285d1f6
Event: 99.036 Thread 0x000000001ad64000 Exception <a 'sun/nio/fs/WindowsException'> (0x00000000e7d8a508) thrown at [D:\src\AOSP-openjdk-cygwin\jdk8u\hotspot\src\share\vm\prims\jni.cpp, line 710]
Event: 99.348 Thread 0x000000001940a800 Implicit null exception at 0x0000000003e4dd45 to 0x0000000003e4ffd9
Event: 99.348 Thread 0x000000001940f000 Implicit null exception at 0x0000000003e4dd45 to 0x0000000003e4ffd9
Event: 102.217 Thread 0x0000000019410800 Exception <a 'sun/nio/fs/WindowsException'> (0x00000000e5c416a8) thrown at [D:\src\AOSP-openjdk-cygwin\jdk8u\hotspot\src\share\vm\prims\jni.cpp, line 710]
Event: 102.217 Thread 0x0000000019410800 Exception <a 'sun/nio/fs/WindowsException'> (0x00000000e5c41b50) thrown at [D:\src\AOSP-openjdk-cygwin\jdk8u\hotspot\src\share\vm\prims\jni.cpp, line 710]
Event: 108.230 Thread 0x000000001940f000 Implicit null exception at 0x00000000044966d8 to 0x000000000449670e
Event: 108.657 Thread 0x000000001940f000 Implicit null exception at 0x0000000003a47db8 to 0x0000000003a48469

Events (10 events):
Event: 109.936 Thread 0x000000001ad64000 Uncommon trap: trap_request=0xffffff65 fr.pc=0x00000000042b25c8
Event: 109.936 Thread 0x000000001ad64000 DEOPT PACKING pc=0x00000000042b25c8 sp=0x000000001c92b2c0
Event: 109.936 Thread 0x000000001ad64000 DEOPT UNPACKING pc=0x000000000275557b sp=0x000000001c92b248 mode 2
Event: 110.119 Executing VM operation: RevokeBias
Event: 110.119 Executing VM operation: RevokeBias done
Event: 110.130 Thread 0x000000001940b000 Uncommon trap: trap_request=0xffffff65 fr.pc=0x00000000039e9ebc
Event: 110.130 Thread 0x000000001940b000 DEOPT PACKING pc=0x00000000039e9ebc sp=0x0000000024dfde50
Event: 110.130 Thread 0x000000001940b000 DEOPT UNPACKING pc=0x000000000275557b sp=0x0000000024dfdde8 mode 2
Event: 110.188 loading class org/gradle/execution/plan/DefaultExecutionPlan$8$2
Event: 110.188 loading class org/gradle/execution/plan/DefaultExecutionPlan$8$2 done


Dynamic libraries:
0x00007ff68c220000 - 0x00007ff68c251000 	C:\Program Files\Android\Android Studio\jre\bin\java.exe
0x00007ff951640000 - 0x00007ff951830000 	C:\WINDOWS\SYSTEM32\ntdll.dll
0x00007ff950b60000 - 0x00007ff950c12000 	C:\WINDOWS\System32\KERNEL32.DLL
0x00007ff94eef0000 - 0x00007ff94f194000 	C:\WINDOWS\System32\KERNELBASE.dll
0x00007ff950120000 - 0x00007ff9501c3000 	C:\WINDOWS\System32\ADVAPI32.dll
0x00007ff950ac0000 - 0x00007ff950b5e000 	C:\WINDOWS\System32\msvcrt.dll
0x00007ff950ce0000 - 0x00007ff950d77000 	C:\WINDOWS\System32\sechost.dll
0x00007ff951470000 - 0x00007ff951590000 	C:\WINDOWS\System32\RPCRT4.dll
0x00007ff9501d0000 - 0x00007ff950364000 	C:\WINDOWS\System32\USER32.dll
0x00007ff94e620000 - 0x00007ff94e641000 	C:\WINDOWS\System32\win32u.dll
0x00007ff950d80000 - 0x00007ff950da6000 	C:\WINDOWS\System32\GDI32.dll
0x00007ff94f2d0000 - 0x00007ff94f464000 	C:\WINDOWS\System32\gdi32full.dll
0x00007ff94e650000 - 0x00007ff94e6ee000 	C:\WINDOWS\System32\msvcp_win.dll
0x00007ff94f470000 - 0x00007ff94f56a000 	C:\WINDOWS\System32\ucrtbase.dll
0x00007ff94d9a0000 - 0x00007ff94dc24000 	C:\WINDOWS\WinSxS\amd64_microsoft.windows.common-controls_6595b64144ccf1df_6.0.18362.836_none_e6c4b943130f18ed\COMCTL32.dll
0x00007ff94fde0000 - 0x00007ff950116000 	C:\WINDOWS\System32\combase.dll
0x00007ff94f250000 - 0x00007ff94f2d0000 	C:\WINDOWS\System32\bcryptPrimitives.dll
0x00007ff951280000 - 0x00007ff9512ae000 	C:\WINDOWS\System32\IMM32.DLL
0x0000000072db0000 - 0x0000000072e82000 	C:\Program Files\Android\Android Studio\jre\jre\bin\msvcr100.dll
0x00000000732c0000 - 0x0000000073b06000 	C:\Program Files\Android\Android Studio\jre\jre\bin\server\jvm.dll
0x00007ff950a30000 - 0x00007ff950a38000 	C:\WINDOWS\System32\PSAPI.DLL
0x00007ff948b30000 - 0x00007ff948b54000 	C:\WINDOWS\SYSTEM32\WINMM.dll
0x00007ff93ac00000 - 0x00007ff93ac09000 	C:\WINDOWS\SYSTEM32\WSOCK32.dll
0x00007ff94bd90000 - 0x00007ff94bd9a000 	C:\WINDOWS\SYSTEM32\VERSION.dll
0x00007ff950f00000 - 0x00007ff950f6f000 	C:\WINDOWS\System32\WS2_32.dll
0x00007ff948b00000 - 0x00007ff948b2d000 	C:\WINDOWS\SYSTEM32\WINMMBASE.dll
0x00007ff94e5d0000 - 0x00007ff94e61a000 	C:\WINDOWS\System32\cfgmgr32.dll
0x00007ff939c70000 - 0x00007ff939c7f000 	C:\Program Files\Android\Android Studio\jre\jre\bin\verify.dll
0x00007ff920360000 - 0x00007ff920389000 	C:\Program Files\Android\Android Studio\jre\jre\bin\java.dll
0x00007ff9271c0000 - 0x00007ff9271d6000 	C:\Program Files\Android\Android Studio\jre\jre\bin\zip.dll
0x00007ff94f6f0000 - 0x00007ff94fdd4000 	C:\WINDOWS\System32\SHELL32.dll
0x00007ff950840000 - 0x00007ff9508e9000 	C:\WINDOWS\System32\shcore.dll
0x00007ff94e750000 - 0x00007ff94eece000 	C:\WINDOWS\System32\windows.storage.dll
0x00007ff94e530000 - 0x00007ff94e553000 	C:\WINDOWS\System32\profapi.dll
0x00007ff94e560000 - 0x00007ff94e5aa000 	C:\WINDOWS\System32\powrprof.dll
0x00007ff94e500000 - 0x00007ff94e510000 	C:\WINDOWS\System32\UMPDC.dll
0x00007ff950a60000 - 0x00007ff950ab2000 	C:\WINDOWS\System32\shlwapi.dll
0x00007ff94e5b0000 - 0x00007ff94e5c1000 	C:\WINDOWS\System32\kernel.appcore.dll
0x00007ff94eed0000 - 0x00007ff94eee7000 	C:\WINDOWS\System32\cryptsp.dll
0x00007ff920340000 - 0x00007ff92035a000 	C:\Program Files\Android\Android Studio\jre\jre\bin\net.dll
0x00007ff939020000 - 0x00007ff9391f6000 	C:\WINDOWS\SYSTEM32\urlmon.dll
0x00007ff93b2a0000 - 0x00007ff93b546000 	C:\WINDOWS\SYSTEM32\iertutil.dll
0x00007ff94d8c0000 - 0x00007ff94d8cc000 	C:\WINDOWS\SYSTEM32\CRYPTBASE.DLL
0x00007ff94d6f0000 - 0x00007ff94d757000 	C:\WINDOWS\system32\mswsock.dll
0x00007ff920090000 - 0x00007ff9200a3000 	C:\Program Files\Android\Android Studio\jre\jre\bin\nio.dll
0x00007ff92d8f0000 - 0x00007ff92d916000 	C:\Users\rocio\.gradle\native\30\windows-amd64\native-platform.dll
0x00007ff939bc0000 - 0x00007ff939bcd000 	C:\Program Files\Android\Android Studio\jre\jre\bin\management.dll
0x00007ff94d260000 - 0x00007ff94d293000 	C:\WINDOWS\system32\rsaenh.dll
0x00007ff94f570000 - 0x00007ff94f596000 	C:\WINDOWS\System32\bcrypt.dll
0x00007ff94e420000 - 0x00007ff94e445000 	C:\WINDOWS\SYSTEM32\USERENV.dll
0x00007ff94d400000 - 0x00007ff94d43a000 	C:\WINDOWS\SYSTEM32\IPHLPAPI.DLL
0x00007ff951460000 - 0x00007ff951468000 	C:\WINDOWS\System32\NSI.dll
0x00007ff946be0000 - 0x00007ff946bf6000 	C:\WINDOWS\SYSTEM32\dhcpcsvc6.DLL
0x00007ff946fb0000 - 0x00007ff946fcc000 	C:\WINDOWS\SYSTEM32\dhcpcsvc.DLL
0x00007ff94d440000 - 0x00007ff94d50b000 	C:\WINDOWS\SYSTEM32\DNSAPI.dll
0x00007ff94b100000 - 0x00007ff94b18f000 	C:\WINDOWS\system32\apphelp.dll
0x00007ff94e100000 - 0x00007ff94e2f4000 	C:\WINDOWS\SYSTEM32\dbghelp.dll

VM Arguments:
jvm_args: -Xmx1536m -Dfile.encoding=windows-1252 -Duser.country=ES -Duser.language=es -Duser.variant 
java_command: org.gradle.launcher.daemon.bootstrap.GradleDaemon 5.6.4
java_class_path (initial): C:\Users\rocio\.gradle\wrapper\dists\gradle-5.6.4-all\ankdp27end7byghfw1q2sw75f\gradle-5.6.4\lib\gradle-launcher-5.6.4.jar
Launcher Type: SUN_STANDARD

Environment Variables:
JAVA_HOME=C:\Program Files\Java\jdk1.8.0_144
PATH=C:\Program Files (x86)\Intel\iCLS Client\;C:\oraclexe\app\oracle\product\11.2.0\server\bin;C:\ProgramData\Oracle\Java\javapath;C:\Program Files\Intel\iCLS Client\;C:\windows\system32;C:\windows;C:\windows\System32\Wbem;C:\windows\System32\WindowsPowerShell\v1.0\;C:\Program Files (x86)\NVIDIA Corporation\PhysX\Common;C:\WINDOWS\system32;C:\WINDOWS;C:\WINDOWS\System32\Wbem;C:\WINDOWS\System32\WindowsPowerShell\v1.0\;C:\Program Files (x86)\Intel\Intel(R) Management Engine Components\DAL;C:\Program Files\Intel\Intel(R) Management Engine Components\DAL;C:\Program Files (x86)\Intel\Intel(R) Management Engine Components\IPT;C:\Program Files\Intel\Intel(R) Management Engine Components\IPT;C:\WINDOWS\System32\OpenSSH\;C:\Program Files\Intel\WiFi\bin\;C:\Program Files\Common Files\Intel\WirelessCommon\;C:\Program Files\Java\jdk1.8.0_144\bin;C:\Program Files\Git\cmd;C:\Program Files\TortoiseSVN\bin;C:\Users\rocio\AppData\Local\Microsoft\WindowsApps;C:\Users\rocio\AppData\Local\GitHubDesktop\bin;%USERPROFILE%\AppData\Local\Microsoft\WindowsApps;
USERNAME=rocio
OS=Windows_NT
PROCESSOR_IDENTIFIER=Intel64 Family 6 Model 158 Stepping 9, GenuineIntel



---------------  S Y S T E M  ---------------

OS: Windows 10.0 , 64 bit Build 18362 (10.0.18362.778)

CPU:total 8 (initial active 8) (4 cores per cpu, 2 threads per core) family 6 model 158 stepping 9, cmov, cx8, fxsr, mmx, sse, sse2, sse3, ssse3, sse4.1, sse4.2, popcnt, avx, avx2, aes, clmul, erms, 3dnowpref, lzcnt, ht, tsc, tscinvbit, bmi1, bmi2, adx

Memory: 4k page, physical 8271076k(693344k free), swap 14300388k(5035804k free)

vm_info: OpenJDK 64-Bit Server VM (25.212-b04) for windows-amd64 JRE (1.8.0_212-release-1586-b04), built by "builder" with MS VC++ 10.0 (VS2010)

time: Sun May 31 15:17:24 2020
timezone: Hora de verano romance
elapsed time: 111 seconds (0d 0h 1m 51s)

