#
# A fatal error has been detected by the Java Runtime Environment:
#
#  EXCEPTION_ACCESS_VIOLATION (0xc0000005) at pc=0x00000000666bae26, pid=1580, tid=0x0000000000000b60
#
# JRE version: OpenJDK Runtime Environment (8.0_212-b04) (build 1.8.0_212-release-1586-b04)
# Java VM: OpenJDK 64-Bit Server VM (25.212-b04 mixed mode windows-amd64 compressed oops)
# Problematic frame:
# V  [jvm.dll+0x46ae26]
#
# Failed to write core dump. Minidumps are not enabled by default on client versions of Windows
#
# If you would like to submit a bug report, please visit:
#   
#

---------------  T H R E A D  ---------------

Current thread (0x0000000018853000):  JavaThread "C2 CompilerThread1" daemon [_thread_in_native, id=2912, stack(0x0000000019240000,0x0000000019340000)]

siginfo: ExceptionCode=0xc0000005, reading address 0x0000000062a1a650

Registers:
RAX=0x00000000275a99c0, RBX=0x0000000000000002, RCX=0x0000000000000000, RDX=0x0000000000000000
RSP=0x000000001933c420, RBP=0x0000000000018e90, RSI=0x000000000000038f, RDI=0x00000000275a99b0
R8 =0x0000000000000004, R9 =0x0000000062a1a650, R10=0x000000001933c5c0, R11=0x000000001933c480
R12=0x0000000028602890, R13=0x000000001933c8b0, R14=0x0000000066250000, R15=0x0000000066a1a650
RIP=0x00000000666bae26, EFLAGS=0x0000000000010202

Top of Stack: (sp=0x000000001933c420)
0x000000001933c420:   0000000000000378 000000000000000d
0x000000001933c430:   0000000000018e90 000000000000038f
0x000000001933c440:   00000003000000a7 0000000000000001
0x000000001933c450:   000000001e44f360 0000000000000001
0x000000001933c460:   000000001e2a2cd0 0000000000000005
0x000000001933c470:   000000001e2a2cc0 00000000667a3149
0x000000001933c480:   000000001933c8b0 000000000000038f
0x000000001933c490:   0000000066a1a650 0000000000000018
0x000000001933c4a0:   000000001f985b98 00000000666bb313
0x000000001933c4b0:   0000000000000001 000000000000000d
0x000000001933c4c0:   000000001e2a2cc0 0000000000000005
0x000000001933c4d0:   0000000000000014 0000000000000c18
0x000000001933c4e0:   000000001e2a2cc0 0000000025468010
0x000000001933c4f0:   000000001933c5c0 0000000028e733d8
0x000000001933c500:   0000000028e73000 0000000000000000
0x000000001933c510:   000000001933c8b0 0000000028e72ff0 

Instructions: (pc=0x00000000666bae26)
0x00000000666bae06:   16 44 00 00 4c 8b c8 8b d3 83 e3 1f 41 b8 01 00
0x00000000666bae16:   00 00 c1 ea 05 0f b6 cb 83 e2 07 41 d3 e0 8b ca
0x00000000666bae26:   41 8b 14 91 8b c2 41 0b c0 41 89 04 89 41 85 d0
0x00000000666bae36:   0f 85 a4 fe ff ff ff 07 e9 9d fe ff ff 48 8b bc 


Register to memory mapping:

RAX=0x00000000275a99c0 is an unknown value
RBX=0x0000000000000002 is an unknown value
RCX=0x0000000000000000 is an unknown value
RDX=0x0000000000000000 is an unknown value
RSP=0x000000001933c420 is pointing into the stack for thread: 0x0000000018853000
RBP=0x0000000000018e90 is an unknown value
RSI=0x000000000000038f is an unknown value
RDI=0x00000000275a99b0 is an unknown value
R8 =0x0000000000000004 is an unknown value
R9 =0x0000000062a1a650 is an unknown value
R10=0x000000001933c5c0 is pointing into the stack for thread: 0x0000000018853000
R11=0x000000001933c480 is pointing into the stack for thread: 0x0000000018853000
R12=0x0000000028602890 is an unknown value
R13=0x000000001933c8b0 is pointing into the stack for thread: 0x0000000018853000
R14=0x0000000066250000 is an unknown value
R15=0x0000000066a1a650 is an unknown value


Stack: [0x0000000019240000,0x0000000019340000],  sp=0x000000001933c420,  free space=1009k
Native frames: (J=compiled Java code, j=interpreted, Vv=VM code, C=native code)
V  [jvm.dll+0x46ae26]
V  [jvm.dll+0x46b313]
V  [jvm.dll+0x4369ca]
V  [jvm.dll+0x44189b]
V  [jvm.dll+0x444198]
V  [jvm.dll+0x4272e2]
V  [jvm.dll+0x81fbf]
V  [jvm.dll+0x8291f]
V  [jvm.dll+0x21db3f]
V  [jvm.dll+0x26f53a]
C  [msvcr100.dll+0x21d9f]
C  [msvcr100.dll+0x21e3b]
C  [KERNEL32.DLL+0x17bd4]
C  [ntdll.dll+0x6ce51]


Current CompileTask:
C2:3418778 24669       4       org.gradle.internal.snapshot.impl.DefaultValueSnapshotter::processValue (657 bytes)


---------------  P R O C E S S  ---------------

Java Threads: ( => current thread )
  0x0000000019c5f800 JavaThread "Cache worker for execution history cache (C:\Users\rocio\Desktop\rocio\PROYECTO\FutFemApp\.gradle\5.6.4\executionHistory)" [_thread_blocked, id=9112, stack(0x000000002cca0000,0x000000002cda0000)]
  0x0000000019c5c800 JavaThread "Execution worker for ':' Thread 7" [_thread_in_native, id=2980, stack(0x000000002c9a0000,0x000000002caa0000)]
  0x00000000285c1800 JavaThread "Execution worker for ':' Thread 6" [_thread_in_native, id=10944, stack(0x0000000028360000,0x0000000028460000)]
  0x00000000285c1000 JavaThread "Execution worker for ':' Thread 5" [_thread_in_native, id=9740, stack(0x0000000027190000,0x0000000027290000)]
  0x00000000285c3000 JavaThread "Execution worker for ':' Thread 4" [_thread_blocked, id=4768, stack(0x0000000027090000,0x0000000027190000)]
  0x00000000285c7800 JavaThread "Execution worker for ':' Thread 3" [_thread_blocked, id=6912, stack(0x0000000026d90000,0x0000000026e90000)]
  0x00000000285c7000 JavaThread "Execution worker for ':' Thread 2" [_thread_in_native, id=6412, stack(0x0000000026640000,0x0000000026740000)]
  0x00000000285c6000 JavaThread "Execution worker for ':'" [_thread_blocked, id=2836, stack(0x0000000026540000,0x0000000026640000)]
  0x00000000285c0000 JavaThread "Cache worker for file content cache (C:\Users\rocio\Desktop\rocio\PROYECTO\FutFemApp\.gradle\5.6.4\fileContent)" [_thread_blocked, id=14036, stack(0x00000000249c0000,0x0000000024ac0000)]
  0x00000000285c5800 JavaThread "Cache worker for Build Output Cleanup Cache (C:\Users\rocio\Desktop\rocio\PROYECTO\FutFemApp\.gradle\buildOutputCleanup)" [_thread_blocked, id=252, stack(0x00000000248c0000,0x00000000249c0000)]
  0x00000000285c2800 JavaThread "pool-29-thread-1" [_thread_blocked, id=7660, stack(0x0000000023bc0000,0x0000000023cc0000)]
  0x00000000285c4000 JavaThread "Build operations Thread 8" [_thread_blocked, id=3000, stack(0x0000000023650000,0x0000000023750000)]
  0x00000000285b8800 JavaThread "Build operations Thread 7" [_thread_blocked, id=1624, stack(0x0000000023550000,0x0000000023650000)]
  0x00000000285be000 JavaThread "Build operations Thread 6" [_thread_blocked, id=1920, stack(0x0000000023450000,0x0000000023550000)]
  0x00000000285be800 JavaThread "Build operations Thread 5" [_thread_blocked, id=6380, stack(0x0000000023350000,0x0000000023450000)]
  0x00000000285bd000 JavaThread "Build operations Thread 4" [_thread_blocked, id=3192, stack(0x0000000023250000,0x0000000023350000)]
  0x00000000285bc800 JavaThread "Build operations Thread 3" [_thread_blocked, id=568, stack(0x0000000022f20000,0x0000000023020000)]
  0x00000000285bb000 JavaThread "Build operations Thread 2" [_thread_blocked, id=9824, stack(0x0000000022e20000,0x0000000022f20000)]
  0x00000000285ba000 JavaThread "Build operations" [_thread_blocked, id=7944, stack(0x00000000215a0000,0x00000000216a0000)]
  0x00000000285bf800 JavaThread "Cache worker for cache directory md-rule (C:\Users\rocio\.gradle\caches\5.6.4\md-rule)" [_thread_blocked, id=13432, stack(0x00000000214a0000,0x00000000215a0000)]
  0x000000002a6d4800 JavaThread "Cache worker for cache directory md-supplier (C:\Users\rocio\.gradle\caches\5.6.4\md-supplier)" [_thread_blocked, id=2760, stack(0x000000001e960000,0x000000001ea60000)]
  0x000000002a6d4000 JavaThread "Cache worker for file hash cache (C:\Users\rocio\Desktop\rocio\PROYECTO\FutFemApp\.gradle\5.6.4\fileHashes)" [_thread_blocked, id=12264, stack(0x000000001ce90000,0x000000001cf90000)]
  0x000000002a6d1800 JavaThread "Thread-493" [_thread_blocked, id=11308, stack(0x000000001cd90000,0x000000001ce90000)]
  0x000000002a6d2800 JavaThread "Stdin handler" [_thread_blocked, id=12608, stack(0x000000001cc90000,0x000000001cd90000)]
  0x000000002a6c9800 JavaThread "Asynchronous log dispatcher for DefaultDaemonConnection: socket connection from /127.0.0.1:56193 to /127.0.0.1:57051" [_thread_blocked, id=4196, stack(0x000000001c990000,0x000000001ca90000)]
  0x000000002a6d0000 JavaThread "Daemon worker Thread 11" [_thread_in_native, id=13660, stack(0x000000001c890000,0x000000001c990000)]
  0x000000002a6c8800 JavaThread "Cancel handler" [_thread_blocked, id=7472, stack(0x00000000010a0000,0x00000000011a0000)]
  0x000000002a6cd000 JavaThread "Handler for socket connection from /127.0.0.1:56193 to /127.0.0.1:57051" [_thread_in_native, id=6896, stack(0x0000000000fa0000,0x00000000010a0000)]
  0x000000002a6c7000 JavaThread "Daemon Thread 11" [_thread_blocked, id=11212, stack(0x0000000000ea0000,0x0000000000fa0000)]
  0x0000000019c65000 JavaThread "Cache worker for Java compile cache (C:\Users\rocio\.gradle\caches\5.6.4\javaCompile)" [_thread_blocked, id=12512, stack(0x0000000028260000,0x0000000028360000)]
  0x000000001f26a000 JavaThread "Cache worker for file content cache (C:\Users\rocio\.gradle\caches\5.6.4\fileContent)" [_thread_blocked, id=3256, stack(0x00000000245c0000,0x00000000246c0000)]
  0x000000001f268000 JavaThread "Memory manager" [_thread_blocked, id=6836, stack(0x00000000244c0000,0x00000000245c0000)]
  0x000000001f25c800 JavaThread "Cache worker for execution history cache (C:\Users\rocio\.gradle\caches\5.6.4\executionHistory)" [_thread_blocked, id=5048, stack(0x00000000218a0000,0x00000000219a0000)]
  0x000000001a17d800 JavaThread "Cache worker for journal cache (C:\Users\rocio\.gradle\caches\journal-1)" [_thread_in_Java, id=9300, stack(0x000000001d490000,0x000000001d590000)]
  0x000000001a17f000 JavaThread "File lock request listener" [_thread_in_native, id=2272, stack(0x000000001d390000,0x000000001d490000)]
  0x000000001a17c800 JavaThread "Cache worker for file hash cache (C:\Users\rocio\.gradle\caches\5.6.4\fileHashes)" [_thread_blocked, id=13144, stack(0x000000001d290000,0x000000001d390000)]
  0x000000001b102000 JavaThread "Daemon periodic checks" [_thread_blocked, id=8124, stack(0x000000001c790000,0x000000001c890000)]
  0x000000001b101000 JavaThread "Incoming local TCP Connector on port 56193" [_thread_in_native, id=5484, stack(0x000000001c520000,0x000000001c620000)]
  0x000000001986b800 JavaThread "Daemon health stats" [_thread_blocked, id=2000, stack(0x000000001bee0000,0x000000001bfe0000)]
  0x00000000188d7000 JavaThread "Service Thread" daemon [_thread_blocked, id=11028, stack(0x0000000019540000,0x0000000019640000)]
  0x0000000018859800 JavaThread "C1 CompilerThread3" daemon [_thread_in_vm, id=7916, stack(0x0000000019440000,0x0000000019540000)]
  0x0000000018855000 JavaThread "C2 CompilerThread2" daemon [_thread_in_native, id=4684, stack(0x0000000019340000,0x0000000019440000)]
=>0x0000000018853000 JavaThread "C2 CompilerThread1" daemon [_thread_in_native, id=2912, stack(0x0000000019240000,0x0000000019340000)]
  0x000000001884f800 JavaThread "C2 CompilerThread0" daemon [_thread_in_native, id=3784, stack(0x0000000019140000,0x0000000019240000)]
  0x000000001884e000 JavaThread "Attach Listener" daemon [_thread_blocked, id=12484, stack(0x0000000019040000,0x0000000019140000)]
  0x000000001884d000 JavaThread "Signal Dispatcher" daemon [_thread_blocked, id=11464, stack(0x0000000018f40000,0x0000000019040000)]
  0x0000000018841000 JavaThread "Finalizer" daemon [_thread_blocked, id=10428, stack(0x0000000018d20000,0x0000000018e20000)]
  0x0000000018840800 JavaThread "Reference Handler" daemon [_thread_blocked, id=12044, stack(0x0000000018c20000,0x0000000018d20000)]
  0x0000000002b82800 JavaThread "main" [_thread_blocked, id=12456, stack(0x0000000002a80000,0x0000000002b80000)]

Other Threads:
  0x0000000016a36000 VMThread [stack: 0x0000000018720000,0x0000000018820000] [id=2564]
  0x00000000188d7800 WatcherThread [stack: 0x0000000019640000,0x0000000019740000] [id=10624]

VM state:not at safepoint (normal execution)

VM Mutex/Monitor currently owned by a thread: None

heap address: 0x00000000a0000000, size: 1536 MB, Compressed Oops mode: 32-bit
Narrow klass base: 0x0000000000000000, Narrow klass shift: 3
Compressed class space size: 1073741824 Address: 0x0000000100000000

Heap:
 PSYoungGen      total 358912K, used 261031K [0x00000000e0000000, 0x00000000f9d00000, 0x0000000100000000)
  eden space 302080K, 80% used [0x00000000e0000000,0x00000000eecd5ff8,0x00000000f2700000)
  from space 56832K, 32% used [0x00000000f2700000,0x00000000f3913d68,0x00000000f5e80000)
  to   space 55296K, 0% used [0x00000000f6700000,0x00000000f6700000,0x00000000f9d00000)
 ParOldGen       total 211968K, used 60768K [0x00000000a0000000, 0x00000000acf00000, 0x00000000e0000000)
  object space 211968K, 28% used [0x00000000a0000000,0x00000000a3b58220,0x00000000acf00000)
 Metaspace       used 93384K, capacity 99554K, committed 99584K, reserved 1136640K
  class space    used 11967K, capacity 13056K, committed 13056K, reserved 1048576K

Card table byte_map: [0x0000000012040000,0x0000000012350000] byte_map_base: 0x0000000011b40000

Marking Bits: (ParMarkBitMap*) 0x0000000066a19f30
 Begin Bits: [0x0000000012d50000, 0x0000000014550000)
 End Bits:   [0x0000000014550000, 0x0000000015d50000)

Polling page: 0x0000000000d70000

CodeCache: size=245760Kb used=70648Kb max_used=70683Kb free=175111Kb
 bounds [0x0000000002c80000, 0x0000000007220000, 0x0000000011c80000]
 total_blobs=19876 nmethods=18982 adapters=802
 compilation: enabled

Compilation events (10 events):
Event: 3418.405 Thread 0x0000000018853000 24669       4       org.gradle.internal.snapshot.impl.DefaultValueSnapshotter::processValue (657 bytes)
Event: 3418.408 Thread 0x0000000018855000 24670       4       com.google.common.collect.ImmutableMapEntrySet::<init> (5 bytes)
Event: 3418.409 Thread 0x0000000018855000 nmethod 24670 0x00000000043efc90 code [0x00000000043efdc0, 0x00000000043efe18]
Event: 3418.422 Thread 0x000000001884f800 nmethod 24651 0x0000000004dc8250 code [0x0000000004dc8560, 0x0000000004dca310]
Event: 3418.494 Thread 0x0000000018855000 24671       4       java.util.concurrent.ConcurrentHashMap::sumCount (48 bytes)
Event: 3418.497 Thread 0x0000000018859800 24672       3       sun.misc.FloatingDecimal$BinaryToASCIIBuffer::appendTo (72 bytes)
Event: 3418.497 Thread 0x0000000018855000 nmethod 24671 0x000000000505a310 code [0x000000000505a440, 0x000000000505a4f8]
Event: 3418.498 Thread 0x0000000018859800 nmethod 24672 0x00000000056ca5d0 code [0x00000000056ca7a0, 0x00000000056cb1c8]
Event: 3418.508 Thread 0x000000001884f800 24673       4       com.sun.org.apache.xerces.internal.impl.XMLNSDocumentScannerImpl::next (39 bytes)
Event: 3418.511 Thread 0x000000001884f800 nmethod 24673 0x00000000056d0910 code [0x00000000056d0a60, 0x00000000056d0b98]

GC Heap History (10 events):
Event: 2028.756 GC heap before
{Heap before GC invocations=31 (full 4):
 PSYoungGen      total 325632K, used 301627K [0x00000000e0000000, 0x00000000f7c80000, 0x0000000100000000)
  eden space 275968K, 100% used [0x00000000e0000000,0x00000000f0d80000,0x00000000f0d80000)
  from space 49664K, 51% used [0x00000000f4c00000,0x00000000f650eea8,0x00000000f7c80000)
  to   space 56832K, 0% used [0x00000000f0d80000,0x00000000f0d80000,0x00000000f4500000)
 ParOldGen       total 211968K, used 60736K [0x00000000a0000000, 0x00000000acf00000, 0x00000000e0000000)
  object space 211968K, 28% used [0x00000000a0000000,0x00000000a3b50220,0x00000000acf00000)
 Metaspace       used 91677K, capacity 96224K, committed 97536K, reserved 1134592K
  class space    used 11729K, capacity 12621K, committed 13056K, reserved 1048576K
Event: 2028.773 GC heap after
Heap after GC invocations=31 (full 4):
 PSYoungGen      total 332800K, used 14777K [0x00000000e0000000, 0x00000000f8d00000, 0x0000000100000000)
  eden space 275968K, 0% used [0x00000000e0000000,0x00000000e0000000,0x00000000f0d80000)
  from space 56832K, 26% used [0x00000000f0d80000,0x00000000f1bee5d0,0x00000000f4500000)
  to   space 54784K, 0% used [0x00000000f5780000,0x00000000f5780000,0x00000000f8d00000)
 ParOldGen       total 211968K, used 60744K [0x00000000a0000000, 0x00000000acf00000, 0x00000000e0000000)
  object space 211968K, 28% used [0x00000000a0000000,0x00000000a3b52220,0x00000000acf00000)
 Metaspace       used 91677K, capacity 96224K, committed 97536K, reserved 1134592K
  class space    used 11729K, capacity 12621K, committed 13056K, reserved 1048576K
}
Event: 2288.841 GC heap before
{Heap before GC invocations=32 (full 4):
 PSYoungGen      total 332800K, used 288852K [0x00000000e0000000, 0x00000000f8d00000, 0x0000000100000000)
  eden space 275968K, 99% used [0x00000000e0000000,0x00000000f0ba6c78,0x00000000f0d80000)
  from space 56832K, 26% used [0x00000000f0d80000,0x00000000f1bee5d0,0x00000000f4500000)
  to   space 54784K, 0% used [0x00000000f5780000,0x00000000f5780000,0x00000000f8d00000)
 ParOldGen       total 211968K, used 60744K [0x00000000a0000000, 0x00000000acf00000, 0x00000000e0000000)
  object space 211968K, 28% used [0x00000000a0000000,0x00000000a3b52220,0x00000000acf00000)
 Metaspace       used 91962K, capacity 96798K, committed 97792K, reserved 1134592K
  class space    used 11758K, capacity 12674K, committed 13056K, reserved 1048576K
Event: 2288.882 GC heap after
Heap after GC invocations=32 (full 4):
 PSYoungGen      total 340480K, used 25892K [0x00000000e0000000, 0x00000000f8580000, 0x0000000100000000)
  eden space 293376K, 0% used [0x00000000e0000000,0x00000000e0000000,0x00000000f1e80000)
  from space 47104K, 54% used [0x00000000f5780000,0x00000000f70c92a8,0x00000000f8580000)
  to   space 52736K, 0% used [0x00000000f1e80000,0x00000000f1e80000,0x00000000f5200000)
 ParOldGen       total 211968K, used 60752K [0x00000000a0000000, 0x00000000acf00000, 0x00000000e0000000)
  object space 211968K, 28% used [0x00000000a0000000,0x00000000a3b54220,0x00000000acf00000)
 Metaspace       used 91962K, capacity 96798K, committed 97792K, reserved 1134592K
  class space    used 11758K, capacity 12674K, committed 13056K, reserved 1048576K
}
Event: 2299.523 GC heap before
{Heap before GC invocations=33 (full 4):
 PSYoungGen      total 340480K, used 319268K [0x00000000e0000000, 0x00000000f8580000, 0x0000000100000000)
  eden space 293376K, 100% used [0x00000000e0000000,0x00000000f1e80000,0x00000000f1e80000)
  from space 47104K, 54% used [0x00000000f5780000,0x00000000f70c92a8,0x00000000f8580000)
  to   space 52736K, 0% used [0x00000000f1e80000,0x00000000f1e80000,0x00000000f5200000)
 ParOldGen       total 211968K, used 60752K [0x00000000a0000000, 0x00000000acf00000, 0x00000000e0000000)
  object space 211968K, 28% used [0x00000000a0000000,0x00000000a3b54220,0x00000000acf00000)
 Metaspace       used 92120K, capacity 96994K, committed 98048K, reserved 1134592K
  class space    used 11764K, capacity 12684K, committed 13056K, reserved 1048576K
Event: 2299.537 GC heap after
Heap after GC invocations=33 (full 4):
 PSYoungGen      total 346112K, used 20110K [0x00000000e0000000, 0x00000000f8f80000, 0x0000000100000000)
  eden space 293376K, 0% used [0x00000000e0000000,0x00000000e0000000,0x00000000f1e80000)
  from space 52736K, 38% used [0x00000000f1e80000,0x00000000f3223828,0x00000000f5200000)
  to   space 50176K, 0% used [0x00000000f5e80000,0x00000000f5e80000,0x00000000f8f80000)
 ParOldGen       total 211968K, used 60760K [0x00000000a0000000, 0x00000000acf00000, 0x00000000e0000000)
  object space 211968K, 28% used [0x00000000a0000000,0x00000000a3b56220,0x00000000acf00000)
 Metaspace       used 92120K, capacity 96994K, committed 98048K, reserved 1134592K
  class space    used 11764K, capacity 12684K, committed 13056K, reserved 1048576K
}
Event: 2468.376 GC heap before
{Heap before GC invocations=34 (full 4):
 PSYoungGen      total 346112K, used 313486K [0x00000000e0000000, 0x00000000f8f80000, 0x0000000100000000)
  eden space 293376K, 100% used [0x00000000e0000000,0x00000000f1e80000,0x00000000f1e80000)
  from space 52736K, 38% used [0x00000000f1e80000,0x00000000f3223828,0x00000000f5200000)
  to   space 50176K, 0% used [0x00000000f5e80000,0x00000000f5e80000,0x00000000f8f80000)
 ParOldGen       total 211968K, used 60760K [0x00000000a0000000, 0x00000000acf00000, 0x00000000e0000000)
  object space 211968K, 28% used [0x00000000a0000000,0x00000000a3b56220,0x00000000acf00000)
 Metaspace       used 92312K, capacity 97214K, committed 98048K, reserved 1134592K
  class space    used 11773K, capacity 12698K, committed 13056K, reserved 1048576K
Event: 2468.451 GC heap after
Heap after GC invocations=34 (full 4):
 PSYoungGen      total 352256K, used 48056K [0x00000000e0000000, 0x00000000f9a00000, 0x0000000100000000)
  eden space 302080K, 0% used [0x00000000e0000000,0x00000000e0000000,0x00000000f2700000)
  from space 50176K, 95% used [0x00000000f5e80000,0x00000000f8d6e020,0x00000000f8f80000)
  to   space 56832K, 0% used [0x00000000f2700000,0x00000000f2700000,0x00000000f5e80000)
 ParOldGen       total 211968K, used 60768K [0x00000000a0000000, 0x00000000acf00000, 0x00000000e0000000)
  object space 211968K, 28% used [0x00000000a0000000,0x00000000a3b58220,0x00000000acf00000)
 Metaspace       used 92312K, capacity 97214K, committed 98048K, reserved 1134592K
  class space    used 11773K, capacity 12698K, committed 13056K, reserved 1048576K
}
Event: 2618.556 GC heap before
{Heap before GC invocations=35 (full 4):
 PSYoungGen      total 352256K, used 350136K [0x00000000e0000000, 0x00000000f9a00000, 0x0000000100000000)
  eden space 302080K, 100% used [0x00000000e0000000,0x00000000f2700000,0x00000000f2700000)
  from space 50176K, 95% used [0x00000000f5e80000,0x00000000f8d6e020,0x00000000f8f80000)
  to   space 56832K, 0% used [0x00000000f2700000,0x00000000f2700000,0x00000000f5e80000)
 ParOldGen       total 211968K, used 60768K [0x00000000a0000000, 0x00000000acf00000, 0x00000000e0000000)
  object space 211968K, 28% used [0x00000000a0000000,0x00000000a3b58220,0x00000000acf00000)
 Metaspace       used 92462K, capacity 97388K, committed 98304K, reserved 1134592K
  class space    used 11778K, capacity 12705K, committed 13056K, reserved 1048576K
Event: 2618.596 GC heap after
Heap after GC invocations=35 (full 4):
 PSYoungGen      total 358912K, used 18511K [0x00000000e0000000, 0x00000000f9d00000, 0x0000000100000000)
  eden space 302080K, 0% used [0x00000000e0000000,0x00000000e0000000,0x00000000f2700000)
  from space 56832K, 32% used [0x00000000f2700000,0x00000000f3913d68,0x00000000f5e80000)
  to   space 55296K, 0% used [0x00000000f6700000,0x00000000f6700000,0x00000000f9d00000)
 ParOldGen       total 211968K, used 60768K [0x00000000a0000000, 0x00000000acf00000, 0x00000000e0000000)
  object space 211968K, 28% used [0x00000000a0000000,0x00000000a3b58220,0x00000000acf00000)
 Metaspace       used 92462K, capacity 97388K, committed 98304K, reserved 1134592K
  class space    used 11778K, capacity 12705K, committed 13056K, reserved 1048576K
}

Deoptimization events (10 events):
Event: 2289.840 Thread 0x0000000028070000 Uncommon trap: reason=class_check action=maybe_recompile pc=0x000000000383a71c method=java.lang.StringCoding.encode(Ljava/nio/charset/Charset;[CII)[B @ 1
Event: 2289.841 Thread 0x0000000028070000 Uncommon trap: reason=class_check action=maybe_recompile pc=0x000000000383a71c method=java.lang.StringCoding.encode(Ljava/nio/charset/Charset;[CII)[B @ 1
Event: 2289.853 Thread 0x0000000028070000 Uncommon trap: reason=speculate_class_check action=maybe_recompile pc=0x0000000006e54a5c method=java.lang.StringCoding.encode(Ljava/nio/charset/Charset;[CII)[B @ 91
Event: 2289.853 Thread 0x0000000028070000 Uncommon trap: reason=speculate_class_check action=maybe_recompile pc=0x0000000006e54a5c method=java.lang.StringCoding.encode(Ljava/nio/charset/Charset;[CII)[B @ 91
Event: 2289.853 Thread 0x0000000028070000 Uncommon trap: reason=speculate_class_check action=maybe_recompile pc=0x0000000006e54a5c method=java.lang.StringCoding.encode(Ljava/nio/charset/Charset;[CII)[B @ 91
Event: 2289.853 Thread 0x0000000028070000 Uncommon trap: reason=speculate_class_check action=maybe_recompile pc=0x0000000006e54a5c method=java.lang.StringCoding.encode(Ljava/nio/charset/Charset;[CII)[B @ 91
Event: 2299.431 Thread 0x0000000028069000 Uncommon trap: reason=array_check action=maybe_recompile pc=0x00000000069ea924 method=com.google.common.collect.RegularImmutableMap.fromEntryArray(I[Ljava/util/Map$Entry;)Lcom/google/common/collect/ImmutableMap; @ 157
Event: 2299.691 Thread 0x000000002a6d0000 Uncommon trap: reason=null_check action=make_not_entrant pc=0x00000000060e1080 method=java.lang.ThreadLocal$ThreadLocalMap.set(Ljava/lang/ThreadLocal;Ljava/lang/Object;)V @ 36
Event: 2618.404 Thread 0x0000000019c58800 Uncommon trap: reason=unstable_if action=reinterpret pc=0x0000000005651328 method=com.android.tools.r8.v.a.a.a.c.c(J)J @ 3
Event: 3417.883 Thread 0x000000002a6d2800 Uncommon trap: reason=unstable_if action=reinterpret pc=0x00000000047cd324 method=org.gradle.internal.logging.sink.OutputEventRenderer.onOutput(Lorg/gradle/internal/logging/events/OutputEvent;)V @ 24

Classes redefined (0 events):
No events

Internal exceptions (10 events):
Event: 2468.178 Thread 0x0000000019c5b000 Exception <a 'sun/nio/fs/WindowsException'> (0x00000000eeb3c7c0) thrown at [D:\src\AOSP-openjdk-cygwin\jdk8u\hotspot\src\share\vm\prims\jni.cpp, line 710]
Event: 2469.174 Thread 0x0000000019c68000 Exception <a 'sun/nio/fs/WindowsException'> (0x00000000e63a64b0) thrown at [D:\src\AOSP-openjdk-cygwin\jdk8u\hotspot\src\share\vm\prims\jni.cpp, line 710]
Event: 2469.431 Thread 0x0000000028073800 Exception <a 'sun/nio/fs/WindowsException'> (0x00000000e7203b40) thrown at [D:\src\AOSP-openjdk-cygwin\jdk8u\hotspot\src\share\vm\prims\jni.cpp, line 710]
Event: 2617.347 Thread 0x000000001f260800 Exception <a 'sun/nio/fs/WindowsException'> (0x00000000e802e008) thrown at [D:\src\AOSP-openjdk-cygwin\jdk8u\hotspot\src\share\vm\prims\jni.cpp, line 710]
Event: 2618.242 Thread 0x0000000019c58800 Exception <a 'sun/nio/fs/WindowsException'> (0x00000000efad0f88) thrown at [D:\src\AOSP-openjdk-cygwin\jdk8u\hotspot\src\share\vm\prims\jni.cpp, line 710]
Event: 2618.465 Thread 0x0000000019c58800 Exception <a 'sun/nio/fs/WindowsException'> (0x00000000f1b4a2e0) thrown at [D:\src\AOSP-openjdk-cygwin\jdk8u\hotspot\src\share\vm\prims\jni.cpp, line 710]
Event: 2618.642 Thread 0x0000000019c5c800 Exception <a 'sun/nio/fs/WindowsException'> (0x00000000e084fae0) thrown at [D:\src\AOSP-openjdk-cygwin\jdk8u\hotspot\src\share\vm\prims\jni.cpp, line 710]
Event: 2619.417 Thread 0x0000000019c66800 Exception <a 'sun/nio/fs/WindowsException'> (0x00000000e9b8aa58) thrown at [D:\src\AOSP-openjdk-cygwin\jdk8u\hotspot\src\share\vm\prims\jni.cpp, line 710]
Event: 2619.674 Thread 0x000000001f260800 Exception <a 'sun/nio/fs/WindowsException'> (0x00000000ea7d2ca8) thrown at [D:\src\AOSP-openjdk-cygwin\jdk8u\hotspot\src\share\vm\prims\jni.cpp, line 710]
Event: 3418.193 Thread 0x000000002a6d0000 Exception <a 'sun/nio/fs/WindowsException'> (0x00000000ebd00c00) thrown at [D:\src\AOSP-openjdk-cygwin\jdk8u\hotspot\src\share\vm\prims\jni.cpp, line 710]

Events (10 events):
Event: 3418.495 Executing VM operation: RevokeBias
Event: 3418.495 Executing VM operation: RevokeBias done
Event: 3418.495 Executing VM operation: RevokeBias
Event: 3418.496 Executing VM operation: RevokeBias done
Event: 3418.496 Executing VM operation: RevokeBias
Event: 3418.496 Executing VM operation: RevokeBias done
Event: 3418.496 Executing VM operation: RevokeBias
Event: 3418.496 Executing VM operation: RevokeBias done
Event: 3418.497 Executing VM operation: RevokeBias
Event: 3418.497 Executing VM operation: RevokeBias done


Dynamic libraries:
0x00007ff7cfb00000 - 0x00007ff7cfb31000 	C:\Program Files\Android\Android Studio\jre\bin\java.exe
0x00007ff8bddc0000 - 0x00007ff8bdfb0000 	C:\WINDOWS\SYSTEM32\ntdll.dll
0x00007ff8bc1f0000 - 0x00007ff8bc2a2000 	C:\WINDOWS\System32\KERNEL32.DLL
0x00007ff8bb2d0000 - 0x00007ff8bb574000 	C:\WINDOWS\System32\KERNELBASE.dll
0x00007ff8bc070000 - 0x00007ff8bc113000 	C:\WINDOWS\System32\ADVAPI32.dll
0x00007ff8bcc40000 - 0x00007ff8bccde000 	C:\WINDOWS\System32\msvcrt.dll
0x00007ff8bc9a0000 - 0x00007ff8bca37000 	C:\WINDOWS\System32\sechost.dll
0x00007ff8bc740000 - 0x00007ff8bc860000 	C:\WINDOWS\System32\RPCRT4.dll
0x00007ff8bbed0000 - 0x00007ff8bc064000 	C:\WINDOWS\System32\USER32.dll
0x00007ff8bad50000 - 0x00007ff8bad71000 	C:\WINDOWS\System32\win32u.dll
0x00007ff8bca40000 - 0x00007ff8bca66000 	C:\WINDOWS\System32\GDI32.dll
0x00007ff8bafe0000 - 0x00007ff8bb174000 	C:\WINDOWS\System32\gdi32full.dll
0x00007ff8bb5a0000 - 0x00007ff8bb63e000 	C:\WINDOWS\System32\msvcp_win.dll
0x00007ff8baee0000 - 0x00007ff8bafda000 	C:\WINDOWS\System32\ucrtbase.dll
0x00007ff8b9f50000 - 0x00007ff8ba1d4000 	C:\WINDOWS\WinSxS\amd64_microsoft.windows.common-controls_6595b64144ccf1df_6.0.18362.836_none_e6c4b943130f18ed\COMCTL32.dll
0x00007ff8bc2b0000 - 0x00007ff8bc5e6000 	C:\WINDOWS\System32\combase.dll
0x00007ff8badb0000 - 0x00007ff8bae30000 	C:\WINDOWS\System32\bcryptPrimitives.dll
0x00007ff8bcc10000 - 0x00007ff8bcc3e000 	C:\WINDOWS\System32\IMM32.DLL
0x0000000066090000 - 0x0000000066162000 	C:\Program Files\Android\Android Studio\jre\jre\bin\msvcr100.dll
0x0000000066250000 - 0x0000000066a96000 	C:\Program Files\Android\Android Studio\jre\jre\bin\server\jvm.dll
0x00007ff8bc910000 - 0x00007ff8bc918000 	C:\WINDOWS\System32\PSAPI.DLL
0x00007ff8a6990000 - 0x00007ff8a6999000 	C:\WINDOWS\SYSTEM32\WSOCK32.dll
0x00007ff8b7020000 - 0x00007ff8b7044000 	C:\WINDOWS\SYSTEM32\WINMM.dll
0x00007ff8b8da0000 - 0x00007ff8b8daa000 	C:\WINDOWS\SYSTEM32\VERSION.dll
0x00007ff8bcad0000 - 0x00007ff8bcb3f000 	C:\WINDOWS\System32\WS2_32.dll
0x00007ff8b6ff0000 - 0x00007ff8b701d000 	C:\WINDOWS\SYSTEM32\WINMMBASE.dll
0x00007ff8bae90000 - 0x00007ff8baeda000 	C:\WINDOWS\System32\cfgmgr32.dll
0x00007ff8b75b0000 - 0x00007ff8b75bf000 	C:\Program Files\Android\Android Studio\jre\jre\bin\verify.dll
0x00007ff8abd30000 - 0x00007ff8abd59000 	C:\Program Files\Android\Android Studio\jre\jre\bin\java.dll
0x00007ff8b4530000 - 0x00007ff8b4546000 	C:\Program Files\Android\Android Studio\jre\jre\bin\zip.dll
0x00007ff8bd1c0000 - 0x00007ff8bd8a4000 	C:\WINDOWS\System32\SHELL32.dll
0x00007ff8bc690000 - 0x00007ff8bc739000 	C:\WINDOWS\System32\shcore.dll
0x00007ff8bb640000 - 0x00007ff8bbdbe000 	C:\WINDOWS\System32\windows.storage.dll
0x00007ff8bad20000 - 0x00007ff8bad43000 	C:\WINDOWS\System32\profapi.dll
0x00007ff8bacd0000 - 0x00007ff8bad1a000 	C:\WINDOWS\System32\powrprof.dll
0x00007ff8bac80000 - 0x00007ff8bac90000 	C:\WINDOWS\System32\UMPDC.dll
0x00007ff8bca70000 - 0x00007ff8bcac2000 	C:\WINDOWS\System32\shlwapi.dll
0x00007ff8bacb0000 - 0x00007ff8bacc1000 	C:\WINDOWS\System32\kernel.appcore.dll
0x00007ff8bb580000 - 0x00007ff8bb597000 	C:\WINDOWS\System32\cryptsp.dll
0x00007ff8abbb0000 - 0x00007ff8abbca000 	C:\Program Files\Android\Android Studio\jre\jre\bin\net.dll
0x00007ff8a7a00000 - 0x00007ff8a7bd6000 	C:\WINDOWS\SYSTEM32\urlmon.dll
0x00007ff8a8020000 - 0x00007ff8a82c6000 	C:\WINDOWS\SYSTEM32\iertutil.dll
0x00007ff8ba2f0000 - 0x00007ff8ba2fc000 	C:\WINDOWS\SYSTEM32\CRYPTBASE.DLL
0x00007ff8b9e90000 - 0x00007ff8b9ef7000 	C:\WINDOWS\system32\mswsock.dll
0x00007ff8abb90000 - 0x00007ff8abba3000 	C:\Program Files\Android\Android Studio\jre\jre\bin\nio.dll
0x00007ff8b9510000 - 0x00007ff8b9536000 	C:\Users\rocio\.gradle\native\30\windows-amd64\native-platform.dll
0x00007ff8b44c0000 - 0x00007ff8b44cd000 	C:\Program Files\Android\Android Studio\jre\jre\bin\management.dll
0x00007ff8b99e0000 - 0x00007ff8b9a13000 	C:\WINDOWS\system32\rsaenh.dll
0x00007ff8bad80000 - 0x00007ff8bada6000 	C:\WINDOWS\System32\bcrypt.dll
0x00007ff8bab70000 - 0x00007ff8bab95000 	C:\WINDOWS\SYSTEM32\USERENV.dll
0x00007ff8b9b80000 - 0x00007ff8b9bba000 	C:\WINDOWS\SYSTEM32\IPHLPAPI.DLL
0x00007ff8bc980000 - 0x00007ff8bc988000 	C:\WINDOWS\System32\NSI.dll
0x00007ff8aee20000 - 0x00007ff8aee36000 	C:\WINDOWS\SYSTEM32\dhcpcsvc6.DLL
0x00007ff8af980000 - 0x00007ff8af99c000 	C:\WINDOWS\SYSTEM32\dhcpcsvc.DLL
0x00007ff8b9bc0000 - 0x00007ff8b9c8b000 	C:\WINDOWS\SYSTEM32\DNSAPI.dll
0x00007ff8ba7a0000 - 0x00007ff8ba994000 	C:\WINDOWS\SYSTEM32\dbghelp.dll

VM Arguments:
jvm_args: -Xmx1536m -Dfile.encoding=windows-1252 -Duser.country=ES -Duser.language=es -Duser.variant 
java_command: org.gradle.launcher.daemon.bootstrap.GradleDaemon 5.6.4
java_class_path (initial): C:\Users\rocio\.gradle\wrapper\dists\gradle-5.6.4-all\ankdp27end7byghfw1q2sw75f\gradle-5.6.4\lib\gradle-launcher-5.6.4.jar
Launcher Type: SUN_STANDARD

Environment Variables:
JAVA_HOME=C:\Program Files\Java\jdk1.8.0_144
PATH=C:\Program Files (x86)\Intel\iCLS Client\;C:\oraclexe\app\oracle\product\11.2.0\server\bin;C:\ProgramData\Oracle\Java\javapath;C:\Program Files\Intel\iCLS Client\;C:\windows\system32;C:\windows;C:\windows\System32\Wbem;C:\windows\System32\WindowsPowerShell\v1.0\;C:\Program Files (x86)\NVIDIA Corporation\PhysX\Common;C:\WINDOWS\system32;C:\WINDOWS;C:\WINDOWS\System32\Wbem;C:\WINDOWS\System32\WindowsPowerShell\v1.0\;C:\Program Files (x86)\Intel\Intel(R) Management Engine Components\DAL;C:\Program Files\Intel\Intel(R) Management Engine Components\DAL;C:\Program Files (x86)\Intel\Intel(R) Management Engine Components\IPT;C:\Program Files\Intel\Intel(R) Management Engine Components\IPT;C:\WINDOWS\System32\OpenSSH\;C:\Program Files\Intel\WiFi\bin\;C:\Program Files\Common Files\Intel\WirelessCommon\;C:\Program Files\Java\jdk1.8.0_144\bin;C:\Program Files\Git\cmd;C:\Program Files\TortoiseSVN\bin;C:\Users\rocio\AppData\Local\Microsoft\WindowsApps;C:\Users\rocio\AppData\Local\GitHubDesktop\bin;C:\Users\rocio\AppData\Local\Microsoft\WindowsApps;C:\Program Files\Git\bin;
USERNAME=rocio
OS=Windows_NT
PROCESSOR_IDENTIFIER=Intel64 Family 6 Model 158 Stepping 9, GenuineIntel



---------------  S Y S T E M  ---------------

OS: Windows 10.0 , 64 bit Build 18362 (10.0.18362.778)

CPU:total 8 (initial active 8) (4 cores per cpu, 2 threads per core) family 6 model 158 stepping 9, cmov, cx8, fxsr, mmx, sse, sse2, sse3, ssse3, sse4.1, sse4.2, popcnt, avx, avx2, aes, clmul, erms, 3dnowpref, lzcnt, ht, tsc, tscinvbit, bmi1, bmi2, adx

Memory: 4k page, physical 8271076k(1348896k free), swap 15620488k(5418820k free)

vm_info: OpenJDK 64-Bit Server VM (25.212-b04) for windows-amd64 JRE (1.8.0_212-release-1586-b04), built by "builder" with MS VC++ 10.0 (VS2010)

time: Fri Jun 05 12:47:31 2020
timezone: Hora de verano romance
elapsed time: 3418 seconds (0d 0h 56m 58s)

