#
# A fatal error has been detected by the Java Runtime Environment:
#
#  EXCEPTION_ACCESS_VIOLATION (0xc0000005) at pc=0x000000005c97c244, pid=13220, tid=0x00000000000004dc
#
# JRE version: OpenJDK Runtime Environment (8.0_212-b04) (build 1.8.0_212-release-1586-b04)
# Java VM: OpenJDK 64-Bit Server VM (25.212-b04 mixed mode windows-amd64 compressed oops)
# Problematic frame:
# V  [jvm.dll+0x43c244]
#
# Failed to write core dump. Minidumps are not enabled by default on client versions of Windows
#
# If you would like to submit a bug report, please visit:
#   
#

---------------  T H R E A D  ---------------

Current thread (0x000000001842e800):  JavaThread "C2 CompilerThread1" daemon [_thread_in_native, id=1244, stack(0x0000000018e20000,0x0000000018f20000)]

siginfo: ExceptionCode=0xc0000005, reading address 0x0000000018396e58

Registers:
RAX=0x0000000000000000, RBX=0x0000000019396db0, RCX=0x0000000019396ca8, RDX=0x000000000000000c
RSP=0x0000000018f1e130, RBP=0x0000000018396e58, RSI=0x0000000018f1edf0, RDI=0x0000000018f1e340
R8 =0x0000000000000010, R9 =0x0000000000000000, R10=0x0000000000000000, R11=0x0000000000000004
R12=0x0000000018f1e330, R13=0x000000000000035d, R14=0x0000000000000000, R15=0x0000000000001ae8
RIP=0x000000005c97c244, EFLAGS=0x0000000000010202

Top of Stack: (sp=0x0000000018f1e130)
0x0000000018f1e130:   0000000019396ca8 0000000018f1edf0
0x0000000018f1e140:   0000000018f1edf0 000000005ca1adc6
0x0000000018f1e150:   0000000018f1edf0 0000000000018360
0x0000000018f1e160:   0000000018f1e330 0000000019ec9f10
0x0000000018f1e170:   0000000018f1e390 000000005ca1bb0e
0x0000000018f1e180:   0000000018f1e280 000000005caeb328
0x0000000018f1e190:   0000000016624590 0000000018f1e280
0x0000000018f1e1a0:   0000000019ed1ef8 000000005c984053
0x0000000018f1e1b0:   0000000016624590 0000000018f1e2b0
0x0000000018f1e1c0:   0000000019ecb9b0 0000000019ec9f10
0x0000000018f1e1d0:   0000000000000000 0000000018f1f600
0x0000000018f1e1e0:   0000000000000006 000000001af105b0
0x0000000018f1e1f0:   0000000018f1f790 0000000018f1f7a8
0x0000000018f1e200:   00000000184257c0 0000000000000004
0x0000000018f1e210:   0000000000000000 0000000000000000
0x0000000018f1e220:   0000000000000002 0000000000000000 

Instructions: (pc=0x000000005c97c244)
0x000000005c97c224:   8b 5b 20 45 8b d6 45 85 db 7e 65 4d 8b ce 66 66
0x000000005c97c234:   66 66 66 66 0f 1f 84 00 00 00 00 00 48 8b 6b 10
0x000000005c97c244:   49 8b 04 29 8b 48 28 8b c1 c1 e8 05 3b 47 30 73
0x000000005c97c254:   19 44 8b c0 48 8b 47 38 83 e1 1f 42 8b 04 80 ba 


Register to memory mapping:

RAX=0x0000000000000000 is an unknown value
RBX=0x0000000019396db0 is an unknown value
RCX=0x0000000019396ca8 is an unknown value
RDX=0x000000000000000c is an unknown value
RSP=0x0000000018f1e130 is pointing into the stack for thread: 0x000000001842e800
RBP=0x0000000018396e58 is an unknown value
RSI=0x0000000018f1edf0 is pointing into the stack for thread: 0x000000001842e800
RDI=0x0000000018f1e340 is pointing into the stack for thread: 0x000000001842e800
R8 =0x0000000000000010 is an unknown value
R9 =0x0000000000000000 is an unknown value
R10=0x0000000000000000 is an unknown value
R11=0x0000000000000004 is an unknown value
R12=0x0000000018f1e330 is pointing into the stack for thread: 0x000000001842e800
R13=0x000000000000035d is an unknown value
R14=0x0000000000000000 is an unknown value
R15=0x0000000000001ae8 is an unknown value


Stack: [0x0000000018e20000,0x0000000018f20000],  sp=0x0000000018f1e130,  free space=1016k
Native frames: (J=compiled Java code, j=interpreted, Vv=VM code, C=native code)
V  [jvm.dll+0x43c244]
V  [jvm.dll+0x4dbb0e]
V  [jvm.dll+0x444053]
V  [jvm.dll+0x4272e2]
V  [jvm.dll+0x81fbf]
V  [jvm.dll+0x8291f]
V  [jvm.dll+0x21db3f]
V  [jvm.dll+0x26f53a]
C  [msvcr100.dll+0x21d9f]
C  [msvcr100.dll+0x21e3b]
C  [KERNEL32.DLL+0x17bd4]
C  [ntdll.dll+0x6ce51]


Current CompileTask:
C2:  73823 14558   !   4       sun.nio.fs.WindowsFileAttributes::get (214 bytes)


---------------  P R O C E S S  ---------------

Java Threads: ( => current thread )
  0x0000000020525000 JavaThread "Cache worker for file content cache (C:\Users\rocio\Desktop\rocio\PROYECTO\FutFemApp\.gradle\5.6.4\fileContent)" [_thread_blocked, id=6272, stack(0x0000000025530000,0x0000000025630000)]
  0x00000000185d8800 JavaThread "Cache worker for Build Output Cleanup Cache (C:\Users\rocio\Desktop\rocio\PROYECTO\FutFemApp\.gradle\buildOutputCleanup)" [_thread_blocked, id=6744, stack(0x0000000024f30000,0x0000000025030000)]
  0x00000000185d6000 JavaThread "pool-7-thread-1" [_thread_blocked, id=8784, stack(0x0000000024950000,0x0000000024a50000)]
  0x00000000185d5800 JavaThread "Build operations Thread 8" [_thread_blocked, id=14564, stack(0x0000000024850000,0x0000000024950000)]
  0x00000000185d9000 JavaThread "Build operations Thread 7" [_thread_blocked, id=7400, stack(0x00000000237a0000,0x00000000238a0000)]
  0x00000000185d7800 JavaThread "Build operations Thread 6" [_thread_blocked, id=15240, stack(0x00000000234a0000,0x00000000235a0000)]
  0x00000000185d4800 JavaThread "Build operations Thread 5" [_thread_blocked, id=14556, stack(0x0000000022fa0000,0x00000000230a0000)]
  0x00000000185cd000 JavaThread "Build operations Thread 4" [_thread_blocked, id=1088, stack(0x0000000022ea0000,0x0000000022fa0000)]
  0x00000000185d4000 JavaThread "Build operations Thread 3" [_thread_blocked, id=11808, stack(0x00000000228d0000,0x00000000229d0000)]
  0x00000000185cc800 JavaThread "Build operations Thread 2" [_thread_blocked, id=11616, stack(0x0000000022580000,0x0000000022680000)]
  0x00000000185d3000 JavaThread "Build operations" [_thread_blocked, id=15144, stack(0x0000000022480000,0x0000000022580000)]
  0x00000000185d2800 JavaThread "Cache worker for cache directory md-rule (C:\Users\rocio\.gradle\caches\5.6.4\md-rule)" [_thread_blocked, id=12184, stack(0x0000000022380000,0x0000000022480000)]
  0x00000000185d1000 JavaThread "Cache worker for cache directory md-supplier (C:\Users\rocio\.gradle\caches\5.6.4\md-supplier)" [_thread_blocked, id=14280, stack(0x0000000020e50000,0x0000000020f50000)]
  0x00000000185cb800 JavaThread "Cache worker for file hash cache (C:\Users\rocio\Desktop\rocio\PROYECTO\FutFemApp\.gradle\5.6.4\fileHashes)" [_thread_blocked, id=10480, stack(0x0000000020c50000,0x0000000020d50000)]
  0x00000000185ca000 JavaThread "Thread-127" [_thread_blocked, id=10360, stack(0x000000001f510000,0x000000001f610000)]
  0x00000000185d0000 JavaThread "Stdin handler" [_thread_blocked, id=15252, stack(0x000000001ca70000,0x000000001cb70000)]
  0x00000000185ce000 JavaThread "Asynchronous log dispatcher for DefaultDaemonConnection: socket connection from /127.0.0.1:56691 to /127.0.0.1:56755" [_thread_blocked, id=15244, stack(0x0000000000b90000,0x0000000000c90000)]
  0x00000000185cb000 JavaThread "Cancel handler" [_thread_blocked, id=11988, stack(0x0000000000a90000,0x0000000000b90000)]
  0x00000000185cf800 JavaThread "Handler for socket connection from /127.0.0.1:56691 to /127.0.0.1:56755" [_thread_in_native, id=12000, stack(0x0000000000990000,0x0000000000a90000)]
  0x0000000020523000 JavaThread "ForkJoinPool.commonPool-worker-2" daemon [_thread_blocked, id=1824, stack(0x0000000026d80000,0x0000000026e80000)]
  0x0000000020527800 JavaThread "ForkJoinPool.commonPool-worker-1" daemon [_thread_blocked, id=1264, stack(0x0000000026c80000,0x0000000026d80000)]
  0x000000002094f000 JavaThread "Cache worker for Java compile cache (C:\Users\rocio\.gradle\caches\5.6.4\javaCompile)" [_thread_blocked, id=4308, stack(0x0000000026fa0000,0x00000000270a0000)]
  0x00000000185d7000 JavaThread "ForkJoinPool.commonPool-worker-7" daemon [_thread_blocked, id=10796, stack(0x00000000272a0000,0x00000000273a0000)]
  0x000000002094e800 JavaThread "Cache worker for file content cache (C:\Users\rocio\.gradle\caches\5.6.4\fileContent)" [_thread_blocked, id=12408, stack(0x0000000024480000,0x0000000024580000)]
  0x0000000020951800 JavaThread "Memory manager" [_thread_blocked, id=12396, stack(0x0000000023aa0000,0x0000000023ba0000)]
  0x0000000020943000 JavaThread "Cache worker for execution history cache (C:\Users\rocio\.gradle\caches\5.6.4\executionHistory)" [_thread_blocked, id=12292, stack(0x0000000020d50000,0x0000000020e50000)]
  0x0000000018444000 JavaThread "Cache worker for journal cache (C:\Users\rocio\.gradle\caches\journal-1)" [_thread_blocked, id=12556, stack(0x000000001d270000,0x000000001d370000)]
  0x0000000018448000 JavaThread "File lock request listener" [_thread_in_native, id=10268, stack(0x000000001d170000,0x000000001d270000)]
  0x000000001a7cc800 JavaThread "Cache worker for file hash cache (C:\Users\rocio\.gradle\caches\5.6.4\fileHashes)" [_thread_blocked, id=5564, stack(0x000000001ce70000,0x000000001cf70000)]
  0x000000001ad86000 JavaThread "Daemon worker" [_thread_in_native, id=9552, stack(0x000000001c970000,0x000000001ca70000)]
  0x000000001ace6000 JavaThread "Daemon" [_thread_blocked, id=10656, stack(0x000000001c470000,0x000000001c570000)]
  0x000000001aca3800 JavaThread "Daemon periodic checks" [_thread_blocked, id=12096, stack(0x000000001c370000,0x000000001c470000)]
  0x000000001acb4000 JavaThread "Incoming local TCP Connector on port 56691" [_thread_in_native, id=13388, stack(0x000000001c100000,0x000000001c200000)]
  0x00000000186b0000 JavaThread "Daemon health stats" [_thread_blocked, id=11688, stack(0x000000001bac0000,0x000000001bbc0000)]
  0x00000000184cf800 JavaThread "Service Thread" daemon [_thread_blocked, id=13368, stack(0x0000000019120000,0x0000000019220000)]
  0x0000000018446800 JavaThread "C1 CompilerThread3" daemon [_thread_blocked, id=10752, stack(0x0000000019020000,0x0000000019120000)]
  0x0000000018434000 JavaThread "C2 CompilerThread2" daemon [_thread_in_native, id=13304, stack(0x0000000018f20000,0x0000000019020000)]
=>0x000000001842e800 JavaThread "C2 CompilerThread1" daemon [_thread_in_native, id=1244, stack(0x0000000018e20000,0x0000000018f20000)]
  0x000000001842c800 JavaThread "C2 CompilerThread0" daemon [_thread_in_native, id=12100, stack(0x0000000018d20000,0x0000000018e20000)]
  0x000000001842b000 JavaThread "Attach Listener" daemon [_thread_blocked, id=13320, stack(0x0000000018c20000,0x0000000018d20000)]
  0x0000000018436800 JavaThread "Signal Dispatcher" daemon [_thread_blocked, id=11432, stack(0x0000000018b20000,0x0000000018c20000)]
  0x000000000278e800 JavaThread "Finalizer" daemon [_thread_blocked, id=10852, stack(0x0000000018900000,0x0000000018a00000)]
  0x000000001662c000 JavaThread "Reference Handler" daemon [_thread_blocked, id=13292, stack(0x0000000018800000,0x0000000018900000)]
  0x000000000286e800 JavaThread "main" [_thread_blocked, id=11748, stack(0x0000000002520000,0x0000000002620000)]

Other Threads:
  0x0000000016625800 VMThread [stack: 0x0000000018300000,0x0000000018400000] [id=11744]
  0x00000000184d0800 WatcherThread [stack: 0x0000000019220000,0x0000000019320000] [id=13956]

VM state:not at safepoint (normal execution)

VM Mutex/Monitor currently owned by a thread: None

heap address: 0x00000000a0000000, size: 1536 MB, Compressed Oops mode: 32-bit
Narrow klass base: 0x0000000000000000, Narrow klass shift: 3
Compressed class space size: 1073741824 Address: 0x0000000100000000

Heap:
 PSYoungGen      total 285696K, used 75471K [0x00000000e0000000, 0x00000000f4900000, 0x0000000100000000)
  eden space 249856K, 24% used [0x00000000e0000000,0x00000000e3b437e0,0x00000000ef400000)
  from space 35840K, 41% used [0x00000000f2600000,0x00000000f3470490,0x00000000f4900000)
  to   space 43520K, 0% used [0x00000000ef400000,0x00000000ef400000,0x00000000f1e80000)
 ParOldGen       total 134144K, used 109872K [0x00000000a0000000, 0x00000000a8300000, 0x00000000e0000000)
  object space 134144K, 81% used [0x00000000a0000000,0x00000000a6b4c2c0,0x00000000a8300000)
 Metaspace       used 85209K, capacity 89532K, committed 89688K, reserved 1126400K
  class space    used 11429K, capacity 12287K, committed 12376K, reserved 1048576K

Card table byte_map: [0x0000000011c30000,0x0000000011f40000] byte_map_base: 0x0000000011730000

Marking Bits: (ParMarkBitMap*) 0x000000005cd09f30
 Begin Bits: [0x0000000012940000, 0x0000000014140000)
 End Bits:   [0x0000000014140000, 0x0000000015940000)

Polling page: 0x00000000003f0000

CodeCache: size=245760Kb used=39526Kb max_used=39526Kb free=206233Kb
 bounds [0x0000000002870000, 0x0000000004f40000, 0x0000000011870000]
 total_blobs=13070 nmethods=12198 adapters=784
 compilation: enabled

Compilation events (10 events):
Event: 73.781 Thread 0x0000000018446800 nmethod 14605 0x0000000004f02290 code [0x0000000004f02400, 0x0000000004f026f0]
Event: 73.781 Thread 0x0000000018446800 14606       3       org.gradle.api.internal.DelegatingDomainObjectSet::configureEach (11 bytes)
Event: 73.781 Thread 0x0000000018446800 nmethod 14606 0x0000000004f02850 code [0x0000000004f029c0, 0x0000000004f02be8]
Event: 73.781 Thread 0x0000000018446800 14608   !   3       org.gradle.api.internal.model.NamedObjectInstantiator::named (56 bytes)
Event: 73.782 Thread 0x0000000018446800 nmethod 14608 0x0000000004f041d0 code [0x0000000004f044a0, 0x0000000004f05718]
Event: 73.782 Thread 0x0000000018446800 14609       3       com.android.build.gradle.internal.scope.VariantScopeImpl::getProject (8 bytes)
Event: 73.782 Thread 0x0000000018446800 nmethod 14609 0x0000000004f094d0 code [0x0000000004f09620, 0x0000000004f09790]
Event: 73.782 Thread 0x0000000018446800 14610       3       org.gradle.api.internal.artifacts.configurations.DefaultConfiguration::<init> (605 bytes)
Event: 73.783 Thread 0x0000000018434000 nmethod 14559 0x0000000004f09850 code [0x0000000004f09b80, 0x0000000004f0ae40]
Event: 73.783 Thread 0x0000000018434000 14607       4       org.gradle.api.internal.DefaultMutationGuard::isMutationAllowed (14 bytes)

GC Heap History (10 events):
Event: 9.597 GC heap before
{Heap before GC invocations=17 (full 3):
 PSYoungGen      total 187904K, used 183339K [0x00000000e0000000, 0x00000000eeb80000, 0x0000000100000000)
  eden space 171008K, 100% used [0x00000000e0000000,0x00000000ea700000,0x00000000ea700000)
  from space 16896K, 72% used [0x00000000ea700000,0x00000000eb30ae38,0x00000000eb780000)
  to   space 17408K, 0% used [0x00000000eda80000,0x00000000eda80000,0x00000000eeb80000)
 ParOldGen       total 134144K, used 31433K [0x00000000a0000000, 0x00000000a8300000, 0x00000000e0000000)
  object space 134144K, 23% used [0x00000000a0000000,0x00000000a1eb2448,0x00000000a8300000)
 Metaspace       used 65380K, capacity 68496K, committed 68696K, reserved 1107968K
  class space    used 9110K, capacity 9735K, committed 9816K, reserved 1048576K
Event: 9.646 GC heap after
Heap after GC invocations=17 (full 3):
 PSYoungGen      total 206336K, used 17384K [0x00000000e0000000, 0x00000000f1200000, 0x0000000100000000)
  eden space 188928K, 0% used [0x00000000e0000000,0x00000000e0000000,0x00000000eb880000)
  from space 17408K, 99% used [0x00000000eda80000,0x00000000eeb7a0e0,0x00000000eeb80000)
  to   space 34816K, 0% used [0x00000000eb880000,0x00000000eb880000,0x00000000eda80000)
 ParOldGen       total 134144K, used 72568K [0x00000000a0000000, 0x00000000a8300000, 0x00000000e0000000)
  object space 134144K, 54% used [0x00000000a0000000,0x00000000a46de028,0x00000000a8300000)
 Metaspace       used 65380K, capacity 68496K, committed 68696K, reserved 1107968K
  class space    used 9110K, capacity 9735K, committed 9816K, reserved 1048576K
}
Event: 13.689 GC heap before
{Heap before GC invocations=18 (full 3):
 PSYoungGen      total 206336K, used 206312K [0x00000000e0000000, 0x00000000f1200000, 0x0000000100000000)
  eden space 188928K, 100% used [0x00000000e0000000,0x00000000eb880000,0x00000000eb880000)
  from space 17408K, 99% used [0x00000000eda80000,0x00000000eeb7a0e0,0x00000000eeb80000)
  to   space 34816K, 0% used [0x00000000eb880000,0x00000000eb880000,0x00000000eda80000)
 ParOldGen       total 134144K, used 72568K [0x00000000a0000000, 0x00000000a8300000, 0x00000000e0000000)
  object space 134144K, 54% used [0x00000000a0000000,0x00000000a46de028,0x00000000a8300000)
 Metaspace       used 74665K, capacity 78328K, committed 78552K, reserved 1116160K
  class space    used 10209K, capacity 10929K, committed 10968K, reserved 1048576K
Event: 13.732 GC heap after
Heap after GC invocations=18 (full 3):
 PSYoungGen      total 223744K, used 20820K [0x00000000e0000000, 0x00000000f2500000, 0x0000000100000000)
  eden space 188928K, 0% used [0x00000000e0000000,0x00000000e0000000,0x00000000eb880000)
  from space 34816K, 59% used [0x00000000eb880000,0x00000000eccd5028,0x00000000eda80000)
  to   space 35328K, 0% used [0x00000000f0280000,0x00000000f0280000,0x00000000f2500000)
 ParOldGen       total 134144K, used 84973K [0x00000000a0000000, 0x00000000a8300000, 0x00000000e0000000)
  object space 134144K, 63% used [0x00000000a0000000,0x00000000a52fb5b8,0x00000000a8300000)
 Metaspace       used 74665K, capacity 78328K, committed 78552K, reserved 1116160K
  class space    used 10209K, capacity 10929K, committed 10968K, reserved 1048576K
}
Event: 41.728 GC heap before
{Heap before GC invocations=19 (full 3):
 PSYoungGen      total 223744K, used 209696K [0x00000000e0000000, 0x00000000f2500000, 0x0000000100000000)
  eden space 188928K, 99% used [0x00000000e0000000,0x00000000eb873148,0x00000000eb880000)
  from space 34816K, 59% used [0x00000000eb880000,0x00000000eccd5028,0x00000000eda80000)
  to   space 35328K, 0% used [0x00000000f0280000,0x00000000f0280000,0x00000000f2500000)
 ParOldGen       total 134144K, used 84973K [0x00000000a0000000, 0x00000000a8300000, 0x00000000e0000000)
  object space 134144K, 63% used [0x00000000a0000000,0x00000000a52fb5b8,0x00000000a8300000)
 Metaspace       used 79583K, capacity 83304K, committed 83544K, reserved 1122304K
  class space    used 10790K, capacity 11535K, committed 11608K, reserved 1048576K
Event: 41.752 GC heap after
Heap after GC invocations=19 (full 3):
 PSYoungGen      total 248320K, used 17456K [0x00000000e0000000, 0x00000000f1b80000, 0x0000000100000000)
  eden space 222720K, 0% used [0x00000000e0000000,0x00000000e0000000,0x00000000ed980000)
  from space 25600K, 68% used [0x00000000f0280000,0x00000000f138c238,0x00000000f1b80000)
  to   space 33792K, 0% used [0x00000000ed980000,0x00000000ed980000,0x00000000efa80000)
 ParOldGen       total 134144K, used 84981K [0x00000000a0000000, 0x00000000a8300000, 0x00000000e0000000)
  object space 134144K, 63% used [0x00000000a0000000,0x00000000a52fd5b8,0x00000000a8300000)
 Metaspace       used 79583K, capacity 83304K, committed 83544K, reserved 1122304K
  class space    used 10790K, capacity 11535K, committed 11608K, reserved 1048576K
}
Event: 43.083 GC heap before
{Heap before GC invocations=20 (full 3):
 PSYoungGen      total 248320K, used 240176K [0x00000000e0000000, 0x00000000f1b80000, 0x0000000100000000)
  eden space 222720K, 100% used [0x00000000e0000000,0x00000000ed980000,0x00000000ed980000)
  from space 25600K, 68% used [0x00000000f0280000,0x00000000f138c238,0x00000000f1b80000)
  to   space 33792K, 0% used [0x00000000ed980000,0x00000000ed980000,0x00000000efa80000)
 ParOldGen       total 134144K, used 84981K [0x00000000a0000000, 0x00000000a8300000, 0x00000000e0000000)
  object space 134144K, 63% used [0x00000000a0000000,0x00000000a52fd5b8,0x00000000a8300000)
 Metaspace       used 84593K, capacity 88692K, committed 88792K, reserved 1126400K
  class space    used 11388K, capacity 12213K, committed 12248K, reserved 1048576K
Event: 43.135 GC heap after
Heap after GC invocations=20 (full 3):
 PSYoungGen      total 256512K, used 33760K [0x00000000e0000000, 0x00000000f5280000, 0x0000000100000000)
  eden space 222720K, 0% used [0x00000000e0000000,0x00000000e0000000,0x00000000ed980000)
  from space 33792K, 99% used [0x00000000ed980000,0x00000000efa78280,0x00000000efa80000)
  to   space 45568K, 0% used [0x00000000f2600000,0x00000000f2600000,0x00000000f5280000)
 ParOldGen       total 134144K, used 102310K [0x00000000a0000000, 0x00000000a8300000, 0x00000000e0000000)
  object space 134144K, 76% used [0x00000000a0000000,0x00000000a63e9b28,0x00000000a8300000)
 Metaspace       used 84593K, capacity 88692K, committed 88792K, reserved 1126400K
  class space    used 11388K, capacity 12213K, committed 12248K, reserved 1048576K
}
Event: 62.537 GC heap before
{Heap before GC invocations=21 (full 3):
 PSYoungGen      total 256512K, used 256480K [0x00000000e0000000, 0x00000000f5280000, 0x0000000100000000)
  eden space 222720K, 100% used [0x00000000e0000000,0x00000000ed980000,0x00000000ed980000)
  from space 33792K, 99% used [0x00000000ed980000,0x00000000efa78280,0x00000000efa80000)
  to   space 45568K, 0% used [0x00000000f2600000,0x00000000f2600000,0x00000000f5280000)
 ParOldGen       total 134144K, used 102310K [0x00000000a0000000, 0x00000000a8300000, 0x00000000e0000000)
  object space 134144K, 76% used [0x00000000a0000000,0x00000000a63e9b28,0x00000000a8300000)
 Metaspace       used 85015K, capacity 89358K, committed 89688K, reserved 1126400K
  class space    used 11419K, capacity 12270K, committed 12376K, reserved 1048576K
Event: 62.555 GC heap after
Heap after GC invocations=21 (full 3):
 PSYoungGen      total 285696K, used 14785K [0x00000000e0000000, 0x00000000f4900000, 0x0000000100000000)
  eden space 249856K, 0% used [0x00000000e0000000,0x00000000e0000000,0x00000000ef400000)
  from space 35840K, 41% used [0x00000000f2600000,0x00000000f3470490,0x00000000f4900000)
  to   space 43520K, 0% used [0x00000000ef400000,0x00000000ef400000,0x00000000f1e80000)
 ParOldGen       total 134144K, used 109872K [0x00000000a0000000, 0x00000000a8300000, 0x00000000e0000000)
  object space 134144K, 81% used [0x00000000a0000000,0x00000000a6b4c2c0,0x00000000a8300000)
 Metaspace       used 85015K, capacity 89358K, committed 89688K, reserved 1126400K
  class space    used 11419K, capacity 12270K, committed 12376K, reserved 1048576K
}

Deoptimization events (10 events):
Event: 42.822 Thread 0x0000000020526000 Uncommon trap: reason=class_check action=maybe_recompile pc=0x00000000040ac3f8 method=java.util.stream.StreamOpFlag.fromCharacteristics(Ljava/util/Spliterator;)I @ 14
Event: 42.842 Thread 0x0000000020526000 Uncommon trap: reason=unstable_if action=reinterpret pc=0x00000000040971ac method=com.android.tools.r8.v.a.a.a.h.M.a(Ljava/lang/Object;I)I @ 130
Event: 42.918 Thread 0x0000000020947800 Uncommon trap: reason=unstable_if action=reinterpret pc=0x0000000004581018 method=java.util.concurrent.locks.AbstractQueuedSynchronizer.hasQueuedPredecessors()Z @ 21
Event: 44.013 Thread 0x000000002094d000 Uncommon trap: reason=unstable_if action=reinterpret pc=0x00000000032d099c method=java.io.ObjectOutputStream$BlockDataOutputStream.writeBytes(Ljava/lang/String;)V @ 22
Event: 44.019 Thread 0x0000000020526800 Uncommon trap: reason=class_check action=maybe_recompile pc=0x0000000002e545a8 method=java.io.DataInputStream.readUnsignedShort()I @ 4
Event: 44.019 Thread 0x0000000020526800 Uncommon trap: reason=class_check action=maybe_recompile pc=0x0000000002e545a8 method=java.io.DataInputStream.readUnsignedShort()I @ 4
Event: 62.638 Thread 0x00000000185d1000 Uncommon trap: reason=unstable_if action=reinterpret pc=0x0000000004bfc328 method=java.util.concurrent.ConcurrentHashMap.computeIfAbsent(Ljava/lang/Object;Ljava/util/function/Function;)Ljava/lang/Object; @ 104
Event: 62.811 Thread 0x000000001ace6000 Uncommon trap: reason=null_check action=make_not_entrant pc=0x00000000034e1a8c method=java.lang.ThreadLocal$ThreadLocalMap.getEntryAfterMiss(Ljava/lang/ThreadLocal;ILjava/lang/ThreadLocal$ThreadLocalMap$Entry;)Ljava/lang/ThreadLocal$ThreadLocalMap$Entry; 
Event: 62.816 Thread 0x000000001ace6000 Uncommon trap: reason=null_check action=make_not_entrant pc=0x00000000034bbf10 method=java.lang.ThreadLocal$ThreadLocalMap.getEntryAfterMiss(Ljava/lang/ThreadLocal;ILjava/lang/ThreadLocal$ThreadLocalMap$Entry;)Ljava/lang/ThreadLocal$ThreadLocalMap$Entry; 
Event: 73.774 Thread 0x000000001ad86000 Uncommon trap: reason=null_check action=make_not_entrant pc=0x0000000004e2ac8c method=java.lang.ThreadLocal$ThreadLocalMap.getEntryAfterMiss(Ljava/lang/ThreadLocal;ILjava/lang/ThreadLocal$ThreadLocalMap$Entry;)Ljava/lang/ThreadLocal$ThreadLocalMap$Entry; 

Classes redefined (0 events):
No events

Internal exceptions (10 events):
Event: 43.976 Thread 0x0000000020529800 Exception <a 'sun/nio/fs/WindowsException'> (0x00000000e7ed0ec8) thrown at [D:\src\AOSP-openjdk-cygwin\jdk8u\hotspot\src\share\vm\prims\jni.cpp, line 710]
Event: 43.988 Thread 0x0000000020530800 Exception <a 'java/lang/InterruptedException'> (0x00000000e241f6c0) thrown at [D:\src\AOSP-openjdk-cygwin\jdk8u\hotspot\src\share\vm\runtime\objectMonitor.cpp, line 1491]
Event: 44.184 Thread 0x000000001ad86000 Exception <a 'sun/nio/fs/WindowsException'> (0x00000000e8d3d408) thrown at [D:\src\AOSP-openjdk-cygwin\jdk8u\hotspot\src\share\vm\prims\jni.cpp, line 710]
Event: 62.114 Thread 0x000000001ad86000 Exception <a 'sun/nio/fs/WindowsException'> (0x00000000e9d87418) thrown at [D:\src\AOSP-openjdk-cygwin\jdk8u\hotspot\src\share\vm\prims\jni.cpp, line 710]
Event: 62.769 Thread 0x000000001ad86000 Exception <a 'sun/nio/fs/WindowsException'> (0x00000000e2251080) thrown at [D:\src\AOSP-openjdk-cygwin\jdk8u\hotspot\src\share\vm\prims\jni.cpp, line 710]
Event: 62.811 Thread 0x000000001ace6000 Implicit null exception at 0x00000000034e1774 to 0x00000000034e1a6d
Event: 62.816 Thread 0x000000001ace6000 Implicit null exception at 0x00000000034bbe43 to 0x00000000034bbeed
Event: 73.663 Thread 0x00000000185cf800 Exception <a 'java/lang/NoSuchMethodError': <clinit>> (0x00000000e2674bc8) thrown at [D:\src\AOSP-openjdk-cygwin\jdk8u\hotspot\src\share\vm\prims\jni.cpp, line 1614]
Event: 73.765 Thread 0x000000001ad86000 Exception <a 'sun/nio/fs/WindowsException'> (0x00000000e31ac7d8) thrown at [D:\src\AOSP-openjdk-cygwin\jdk8u\hotspot\src\share\vm\prims\jni.cpp, line 710]
Event: 73.774 Thread 0x000000001ad86000 Implicit null exception at 0x0000000004e2a883 to 0x0000000004e2ac69

Events (10 events):
Event: 73.739 Thread 0x00000000185d7800 Thread added: 0x00000000185d7800
Event: 73.739 Thread 0x00000000185d9000 Thread added: 0x00000000185d9000
Event: 73.739 Thread 0x00000000185d5800 Thread added: 0x00000000185d5800
Event: 73.739 Executing VM operation: RevokeBias
Event: 73.739 Executing VM operation: RevokeBias done
Event: 73.766 Thread 0x00000000185d6000 Thread added: 0x00000000185d6000
Event: 73.768 Thread 0x00000000185d8800 Thread added: 0x00000000185d8800
Event: 73.774 Thread 0x000000001ad86000 Uncommon trap: trap_request=0xfffffff4 fr.pc=0x0000000004e2ac8c
Event: 73.774 Thread 0x000000001ad86000 DEOPT PACKING pc=0x0000000004e2ac8c sp=0x000000001ca69520
Event: 73.774 Thread 0x000000001ad86000 DEOPT UNPACKING pc=0x00000000028b557b sp=0x000000001ca69310 mode 2


Dynamic libraries:
0x00007ff748cf0000 - 0x00007ff748d21000 	C:\Program Files\Android\Android Studio\jre\bin\java.exe
0x00007ffaae3c0000 - 0x00007ffaae5b0000 	C:\WINDOWS\SYSTEM32\ntdll.dll
0x00007ffaad7e0000 - 0x00007ffaad892000 	C:\WINDOWS\System32\KERNEL32.DLL
0x00007ffaac1c0000 - 0x00007ffaac464000 	C:\WINDOWS\System32\KERNELBASE.dll
0x00007ffaac9b0000 - 0x00007ffaaca53000 	C:\WINDOWS\System32\ADVAPI32.dll
0x00007ffaac7e0000 - 0x00007ffaac87e000 	C:\WINDOWS\System32\msvcrt.dll
0x00007ffaac470000 - 0x00007ffaac507000 	C:\WINDOWS\System32\sechost.dll
0x00007ffaac6c0000 - 0x00007ffaac7e0000 	C:\WINDOWS\System32\RPCRT4.dll
0x00007ffaac520000 - 0x00007ffaac6b4000 	C:\WINDOWS\System32\USER32.dll
0x00007ffaabcd0000 - 0x00007ffaabcf1000 	C:\WINDOWS\System32\win32u.dll
0x00007ffaaddd0000 - 0x00007ffaaddf6000 	C:\WINDOWS\System32\GDI32.dll
0x00007ffaabf70000 - 0x00007ffaac104000 	C:\WINDOWS\System32\gdi32full.dll
0x00007ffaabbb0000 - 0x00007ffaabc4e000 	C:\WINDOWS\System32\msvcp_win.dll
0x00007ffaabe70000 - 0x00007ffaabf6a000 	C:\WINDOWS\System32\ucrtbase.dll
0x00007ffaaa660000 - 0x00007ffaaa8e4000 	C:\WINDOWS\WinSxS\amd64_microsoft.windows.common-controls_6595b64144ccf1df_6.0.18362.836_none_e6c4b943130f18ed\COMCTL32.dll
0x00007ffaad8a0000 - 0x00007ffaadbd6000 	C:\WINDOWS\System32\combase.dll
0x00007ffaabc50000 - 0x00007ffaabcd0000 	C:\WINDOWS\System32\bcryptPrimitives.dll
0x00007ffaae140000 - 0x00007ffaae16e000 	C:\WINDOWS\System32\IMM32.DLL
0x000000005bf80000 - 0x000000005c052000 	C:\Program Files\Android\Android Studio\jre\jre\bin\msvcr100.dll
0x000000005c540000 - 0x000000005cd86000 	C:\Program Files\Android\Android Studio\jre\jre\bin\server\jvm.dll
0x00007ffaae010000 - 0x00007ffaae018000 	C:\WINDOWS\System32\PSAPI.DLL
0x00007ffaa9070000 - 0x00007ffaa907a000 	C:\WINDOWS\SYSTEM32\VERSION.dll
0x00007ffa97850000 - 0x00007ffa97859000 	C:\WINDOWS\SYSTEM32\WSOCK32.dll
0x00007ffaa5d00000 - 0x00007ffaa5d24000 	C:\WINDOWS\SYSTEM32\WINMM.dll
0x00007ffaae0d0000 - 0x00007ffaae13f000 	C:\WINDOWS\System32\WS2_32.dll
0x00007ffaa5cd0000 - 0x00007ffaa5cfd000 	C:\WINDOWS\SYSTEM32\WINMMBASE.dll
0x00007ffaabb00000 - 0x00007ffaabb4a000 	C:\WINDOWS\System32\cfgmgr32.dll
0x00007ffaaad50000 - 0x00007ffaaad5f000 	C:\Program Files\Android\Android Studio\jre\jre\bin\verify.dll
0x00007ffa9f2b0000 - 0x00007ffa9f2d9000 	C:\Program Files\Android\Android Studio\jre\jre\bin\java.dll
0x00007ffaaad30000 - 0x00007ffaaad46000 	C:\Program Files\Android\Android Studio\jre\jre\bin\zip.dll
0x00007ffaacae0000 - 0x00007ffaad1c4000 	C:\WINDOWS\System32\SHELL32.dll
0x00007ffaae170000 - 0x00007ffaae219000 	C:\WINDOWS\System32\shcore.dll
0x00007ffaab380000 - 0x00007ffaabafe000 	C:\WINDOWS\System32\windows.storage.dll
0x00007ffaab2b0000 - 0x00007ffaab2d3000 	C:\WINDOWS\System32\profapi.dll
0x00007ffaab300000 - 0x00007ffaab34a000 	C:\WINDOWS\System32\powrprof.dll
0x00007ffaab280000 - 0x00007ffaab290000 	C:\WINDOWS\System32\UMPDC.dll
0x00007ffaac880000 - 0x00007ffaac8d2000 	C:\WINDOWS\System32\shlwapi.dll
0x00007ffaab290000 - 0x00007ffaab2a1000 	C:\WINDOWS\System32\kernel.appcore.dll
0x00007ffaabe50000 - 0x00007ffaabe67000 	C:\WINDOWS\System32\cryptsp.dll
0x00007ffaaace0000 - 0x00007ffaaacfa000 	C:\Program Files\Android\Android Studio\jre\jre\bin\net.dll
0x00007ffa9b240000 - 0x00007ffa9b416000 	C:\WINDOWS\SYSTEM32\urlmon.dll
0x00007ffa97f00000 - 0x00007ffa981a6000 	C:\WINDOWS\SYSTEM32\iertutil.dll
0x00007ffaaa8f0000 - 0x00007ffaaa8fc000 	C:\WINDOWS\SYSTEM32\CRYPTBASE.DLL
0x00007ffaaa470000 - 0x00007ffaaa4d7000 	C:\WINDOWS\system32\mswsock.dll
0x00007ffaa9b20000 - 0x00007ffaa9b33000 	C:\Program Files\Android\Android Studio\jre\jre\bin\nio.dll
0x00007ffaa5f20000 - 0x00007ffaa5f46000 	C:\Users\rocio\.gradle\native\30\windows-amd64\native-platform.dll
0x00007ffaa9930000 - 0x00007ffaa993d000 	C:\Program Files\Android\Android Studio\jre\jre\bin\management.dll
0x00007ffaa9fe0000 - 0x00007ffaaa013000 	C:\WINDOWS\system32\rsaenh.dll
0x00007ffaab350000 - 0x00007ffaab376000 	C:\WINDOWS\System32\bcrypt.dll
0x00007ffaab1a0000 - 0x00007ffaab1c5000 	C:\WINDOWS\SYSTEM32\USERENV.dll
0x00007ffaaa180000 - 0x00007ffaaa1ba000 	C:\WINDOWS\SYSTEM32\IPHLPAPI.DLL
0x00007ffaac510000 - 0x00007ffaac518000 	C:\WINDOWS\System32\NSI.dll
0x00007ffaa3ce0000 - 0x00007ffaa3cf6000 	C:\WINDOWS\SYSTEM32\dhcpcsvc6.DLL
0x00007ffaa3d70000 - 0x00007ffaa3d8c000 	C:\WINDOWS\SYSTEM32\dhcpcsvc.DLL
0x00007ffaaa1c0000 - 0x00007ffaaa28b000 	C:\WINDOWS\SYSTEM32\DNSAPI.dll
0x00007ffaaae80000 - 0x00007ffaab074000 	C:\WINDOWS\SYSTEM32\dbghelp.dll

VM Arguments:
jvm_args: -Xmx1536m -Dfile.encoding=windows-1252 -Duser.country=ES -Duser.language=es -Duser.variant 
java_command: org.gradle.launcher.daemon.bootstrap.GradleDaemon 5.6.4
java_class_path (initial): C:\Users\rocio\.gradle\wrapper\dists\gradle-5.6.4-all\ankdp27end7byghfw1q2sw75f\gradle-5.6.4\lib\gradle-launcher-5.6.4.jar
Launcher Type: SUN_STANDARD

Environment Variables:
JAVA_HOME=C:\Program Files\Java\jdk1.8.0_144
PATH=C:\Program Files (x86)\Intel\iCLS Client\;C:\oraclexe\app\oracle\product\11.2.0\server\bin;C:\ProgramData\Oracle\Java\javapath;C:\Program Files\Intel\iCLS Client\;C:\windows\system32;C:\windows;C:\windows\System32\Wbem;C:\windows\System32\WindowsPowerShell\v1.0\;C:\Program Files (x86)\NVIDIA Corporation\PhysX\Common;C:\WINDOWS\system32;C:\WINDOWS;C:\WINDOWS\System32\Wbem;C:\WINDOWS\System32\WindowsPowerShell\v1.0\;C:\Program Files (x86)\Intel\Intel(R) Management Engine Components\DAL;C:\Program Files\Intel\Intel(R) Management Engine Components\DAL;C:\Program Files (x86)\Intel\Intel(R) Management Engine Components\IPT;C:\Program Files\Intel\Intel(R) Management Engine Components\IPT;C:\WINDOWS\System32\OpenSSH\;C:\Program Files\Intel\WiFi\bin\;C:\Program Files\Common Files\Intel\WirelessCommon\;C:\Program Files\Java\jdk1.8.0_144\bin;C:\Program Files\Git\cmd;C:\Program Files\TortoiseSVN\bin;C:\Users\rocio\AppData\Local\Microsoft\WindowsApps;C:\Users\rocio\AppData\Local\GitHubDesktop\bin;%USERPROFILE%\AppData\Local\Microsoft\WindowsApps;
USERNAME=rocio
OS=Windows_NT
PROCESSOR_IDENTIFIER=Intel64 Family 6 Model 158 Stepping 9, GenuineIntel



---------------  S Y S T E M  ---------------

OS: Windows 10.0 , 64 bit Build 18362 (10.0.18362.778)

CPU:total 8 (initial active 8) (4 cores per cpu, 2 threads per core) family 6 model 158 stepping 9, cmov, cx8, fxsr, mmx, sse, sse2, sse3, ssse3, sse4.1, sse4.2, popcnt, avx, avx2, aes, clmul, erms, 3dnowpref, lzcnt, ht, tsc, tscinvbit, bmi1, bmi2, adx

Memory: 4k page, physical 8271076k(1016400k free), swap 14300388k(4055436k free)

vm_info: OpenJDK 64-Bit Server VM (25.212-b04) for windows-amd64 JRE (1.8.0_212-release-1586-b04), built by "builder" with MS VC++ 10.0 (VS2010)

time: Sun May 31 16:53:09 2020
timezone: Hora de verano romance
elapsed time: 73 seconds (0d 0h 1m 13s)

