#
# A fatal error has been detected by the Java Runtime Environment:
#
#  EXCEPTION_ACCESS_VIOLATION (0xc0000005) at pc=0x000000006eeab4a0, pid=6764, tid=0x000000000000302c
#
# JRE version: OpenJDK Runtime Environment (8.0_212-b04) (build 1.8.0_212-release-1586-b04)
# Java VM: OpenJDK 64-Bit Server VM (25.212-b04 mixed mode windows-amd64 compressed oops)
# Problematic frame:
# V  [jvm.dll+0x8b4a0]
#
# Failed to write core dump. Minidumps are not enabled by default on client versions of Windows
#
# If you would like to submit a bug report, please visit:
#   
#

---------------  T H R E A D  ---------------

Current thread (0x0000000002557800):  GCTaskThread [stack: 0x0000000011f10000,0x0000000012010000] [id=12332]

siginfo: ExceptionCode=0xc0000005, reading address 0x0000000000000008

Registers:
RAX=0x0000000000000000, RBX=0x00000000e87bf3b0, RCX=0x00000000e87bf3b0, RDX=0x0000000000000000
RSP=0x000000001200f828, RBP=0x0000000011a0a101, RSI=0x00000000163f4140, RDI=0x00000000a1419800
R8 =0x00000000163f4140, R9 =0x0000000000000006, R10=0x0000000000000008, R11=0x00000000ec97f080
R12=0x0000000011a0a0cb, R13=0x0000000000000000, R14=0x0000000000000000, R15=0x000000000254e650
RIP=0x000000006eeab4a0, EFLAGS=0x0000000000010246

Top of Stack: (sp=0x000000001200f828)
0x000000001200f828:   000000006f1eeb82 00000000e9be4f30
0x000000001200f838:   0000000000000004 00000000163f4140
0x000000001200f848:   0000000000000003 00000000ec977090
0x000000001200f858:   000000006f1ef2cb 00000000a3553548
0x000000001200f868:   0000000000000400 0000000000000000
0x000000001200f878:   00000000163f4100 0000000011a0a0cb
0x000000001200f888:   000000006f1eeef0 00000000ec979aa0
0x000000001200f898:   0000000011a0a101 00000000163f4140
0x000000001200f8a8:   00000000a1419800 00000000ec979aa0
0x000000001200f8b8:   000000006f1efa95 00000000e9be2518
0x000000001200f8c8:   0000000011a0a101 00000000163f4140
0x000000001200f8d8:   0000000000000003 00000000163f4140
0x000000001200f8e8:   00000000163f4140 00000000a111141c
0x000000001200f8f8:   000000006ef0f8a7 00000000163f4140
0x000000001200f908:   000000006ef0df83 00000000a1419725
0x000000001200f918:   00000000a1419725 00000000163f4140 

Instructions: (pc=0x000000006eeab4a0)
0x000000006eeab480:   1c 60 1d 00 48 8b 9c 24 c0 00 00 00 48 81 c4 b0
0x000000006eeab490:   00 00 00 5d c3 cc cc cc cc cc cc cc cc cc cc cc
0x000000006eeab4a0:   44 8b 42 08 4c 8b ca 45 85 c0 7e 0e 41 f6 c0 01
0x000000006eeab4b0:   75 57 41 c1 f8 03 41 8b c0 c3 79 4d 80 3d ae 49 


Register to memory mapping:

RAX=0x0000000000000000 is an unknown value
RBX=0x00000000e87bf3b0 is an unknown value
RCX=0x00000000e87bf3b0 is an unknown value
RDX=0x0000000000000000 is an unknown value
RSP=0x000000001200f828 is an unknown value
RBP=0x0000000011a0a101 is an unknown value
RSI=0x00000000163f4140 is an unknown value
RDI=0x00000000a1419800 is an oop
java.lang.String 
 - klass: 'java/lang/String'
R8 =0x00000000163f4140 is an unknown value
R9 =0x0000000000000006 is an unknown value
R10=0x0000000000000008 is an unknown value
R11=0x00000000ec97f080 is an unknown value
R12=0x0000000011a0a0cb is an unknown value
R13=0x0000000000000000 is an unknown value
R14=0x0000000000000000 is an unknown value
R15=0x000000000254e650 is an unknown value


Stack: [0x0000000011f10000,0x0000000012010000],  sp=0x000000001200f828,  free space=1022k
Native frames: (J=compiled Java code, j=interpreted, Vv=VM code, C=native code)
V  [jvm.dll+0x8b4a0]


---------------  P R O C E S S  ---------------

Java Threads: ( => current thread )
  0x000000001d96b800 JavaThread "WorkerExecutor Queue Thread 8" [_thread_blocked, id=12568, stack(0x000000002c520000,0x000000002c620000)]
  0x000000001d96d800 JavaThread "WorkerExecutor Queue Thread 7" [_thread_blocked, id=13268, stack(0x000000002c420000,0x000000002c520000)]
  0x000000001d96d000 JavaThread "WorkerExecutor Queue Thread 6" [_thread_blocked, id=4712, stack(0x000000002c320000,0x000000002c420000)]
  0x000000001d96a800 JavaThread "WorkerExecutor Queue Thread 5" [_thread_blocked, id=10184, stack(0x000000002c220000,0x000000002c320000)]
  0x00000000185ad000 JavaThread "WorkerExecutor Queue Thread 4" [_thread_blocked, id=12508, stack(0x000000002c120000,0x000000002c220000)]
  0x0000000019430800 JavaThread "ForkJoinPool.commonPool-worker-3" daemon [_thread_blocked, id=2212, stack(0x000000002c020000,0x000000002c120000)]
  0x000000001942e000 JavaThread "ForkJoinPool.commonPool-worker-2" daemon [_thread_blocked, id=8552, stack(0x000000002bf20000,0x000000002c020000)]
  0x000000001b04e000 JavaThread "ForkJoinPool.commonPool-worker-1" daemon [_thread_blocked, id=4480, stack(0x000000002ae50000,0x000000002af50000)]
  0x000000001b04d800 JavaThread "ForkJoinPool.commonPool-worker-0" daemon [_thread_blocked, id=8220, stack(0x000000002ad50000,0x000000002ae50000)]
  0x000000001b04a800 JavaThread "ForkJoinPool.commonPool-worker-7" daemon [_thread_blocked, id=7744, stack(0x000000002ac50000,0x000000002ad50000)]
  0x000000001b04c800 JavaThread "ForkJoinPool.commonPool-worker-6" daemon [_thread_blocked, id=10204, stack(0x000000002ab50000,0x000000002ac50000)]
  0x000000001b046800 JavaThread "Cache worker for Java compile cache (C:\Users\rocio\Desktop\rocio\PROYECTO\FutFemApp\.gradle\5.6.4\javaCompile)" [_thread_blocked, id=632, stack(0x00000000283b0000,0x00000000284b0000)]
  0x000000001b045000 JavaThread "Cache worker for Java compile cache (C:\Users\rocio\.gradle\caches\5.6.4\javaCompile)" [_thread_blocked, id=12932, stack(0x0000000025bb0000,0x0000000025cb0000)]
  0x000000001b045800 JavaThread "WorkerExecutor Queue Thread 3" [_thread_blocked, id=12768, stack(0x00000000270e0000,0x00000000271e0000)]
  0x000000001ec11000 JavaThread "WorkerExecutor Queue Thread 2" [_thread_blocked, id=12736, stack(0x0000000026fe0000,0x00000000270e0000)]
  0x000000001ec16800 JavaThread "stdout" [_thread_in_native, id=11148, stack(0x0000000026ce0000,0x0000000026de0000)]
  0x000000001ec15800 JavaThread "stderr" [_thread_in_native, id=12020, stack(0x00000000269e0000,0x0000000026ae0000)]
  0x000000001ec10800 JavaThread "pool-12-thread-1" [_thread_blocked, id=2644, stack(0x00000000268e0000,0x00000000269e0000)]
  0x000000001ec12800 JavaThread "WorkerExecutor Queue" [_thread_blocked, id=7140, stack(0x00000000267e0000,0x00000000268e0000)]
  0x000000001ec15000 JavaThread "Cache worker for execution history cache (C:\Users\rocio\Desktop\rocio\PROYECTO\FutFemApp\.gradle\5.6.4\executionHistory)" [_thread_blocked, id=13036, stack(0x00000000266e0000,0x00000000267e0000)]
  0x000000001ec13800 JavaThread "Execution worker for ':' Thread 7" [_thread_blocked, id=8316, stack(0x00000000265e0000,0x00000000266e0000)]
  0x000000001ec0f800 JavaThread "Execution worker for ':' Thread 6" [_thread_blocked, id=7300, stack(0x00000000264e0000,0x00000000265e0000)]
  0x000000001ec12000 JavaThread "Execution worker for ':' Thread 5" [_thread_blocked, id=10516, stack(0x00000000261b0000,0x00000000262b0000)]
  0x000000001ec09000 JavaThread "Execution worker for ':' Thread 4" [_thread_blocked, id=7680, stack(0x00000000260b0000,0x00000000261b0000)]
  0x000000001ec0f000 JavaThread "Execution worker for ':' Thread 3" [_thread_blocked, id=13220, stack(0x0000000025db0000,0x0000000025eb0000)]
  0x000000001ec07800 JavaThread "Execution worker for ':' Thread 2" [_thread_blocked, id=540, stack(0x0000000025cb0000,0x0000000025db0000)]
  0x000000001ec0e000 JavaThread "Execution worker for ':'" [_thread_blocked, id=12884, stack(0x00000000252b0000,0x00000000253b0000)]
  0x000000001ec0c800 JavaThread "Cache worker for file content cache (C:\Users\rocio\Desktop\rocio\PROYECTO\FutFemApp\.gradle\5.6.4\fileContent)" [_thread_blocked, id=8092, stack(0x00000000245a0000,0x00000000246a0000)]
  0x000000001ec0d800 JavaThread "Cache worker for Build Output Cleanup Cache (C:\Users\rocio\Desktop\rocio\PROYECTO\FutFemApp\.gradle\buildOutputCleanup)" [_thread_blocked, id=12468, stack(0x00000000242a0000,0x00000000243a0000)]
  0x000000001ec09800 JavaThread "pool-11-thread-1" [_thread_blocked, id=100, stack(0x0000000022dd0000,0x0000000022ed0000)]
  0x000000001ec0c000 JavaThread "Build operations Thread 8" [_thread_blocked, id=9568, stack(0x0000000022cd0000,0x0000000022dd0000)]
  0x000000001ec0a800 JavaThread "Build operations Thread 7" [_thread_blocked, id=428, stack(0x0000000022bd0000,0x0000000022cd0000)]
  0x000000001ec0b000 JavaThread "Build operations Thread 6" [_thread_blocked, id=7768, stack(0x0000000022ad0000,0x0000000022bd0000)]
  0x00000000185b8000 JavaThread "Build operations Thread 5" [_thread_blocked, id=1964, stack(0x0000000021940000,0x0000000021a40000)]
  0x00000000185b7800 JavaThread "Build operations Thread 4" [_thread_blocked, id=11552, stack(0x0000000021840000,0x0000000021940000)]
  0x00000000185b6800 JavaThread "Build operations Thread 3" [_thread_blocked, id=6844, stack(0x0000000021740000,0x0000000021840000)]
  0x00000000185b9000 JavaThread "Build operations Thread 2" [_thread_blocked, id=1860, stack(0x00000000205d0000,0x00000000206d0000)]
  0x00000000185b5000 JavaThread "Build operations" [_thread_blocked, id=13084, stack(0x00000000201d0000,0x00000000202d0000)]
  0x00000000185ad800 JavaThread "Cache worker for cache directory md-rule (C:\Users\rocio\.gradle\caches\5.6.4\md-rule)" [_thread_blocked, id=4440, stack(0x00000000200d0000,0x00000000201d0000)]
  0x00000000185b4800 JavaThread "Cache worker for cache directory md-supplier (C:\Users\rocio\.gradle\caches\5.6.4\md-supplier)" [_thread_blocked, id=12116, stack(0x000000001f750000,0x000000001f850000)]
  0x00000000185b3800 JavaThread "Cache worker for file hash cache (C:\Users\rocio\Desktop\rocio\PROYECTO\FutFemApp\.gradle\5.6.4\fileHashes)" [_thread_blocked, id=2160, stack(0x000000001c840000,0x000000001c940000)]
  0x00000000185b3000 JavaThread "Thread-158" [_thread_blocked, id=4556, stack(0x000000001c740000,0x000000001c840000)]
  0x00000000185ab800 JavaThread "Stdin handler" [_thread_blocked, id=5296, stack(0x000000001c640000,0x000000001c740000)]
  0x00000000185b0800 JavaThread "Asynchronous log dispatcher for DefaultDaemonConnection: socket connection from /127.0.0.1:50271 to /127.0.0.1:50332" [_thread_blocked, id=6560, stack(0x000000001c340000,0x000000001c440000)]
  0x00000000185b2000 JavaThread "Cancel handler" [_thread_blocked, id=10512, stack(0x0000000000a60000,0x0000000000b60000)]
  0x00000000185b0000 JavaThread "Handler for socket connection from /127.0.0.1:50271 to /127.0.0.1:50332" [_thread_in_native, id=5424, stack(0x0000000000960000,0x0000000000a60000)]
  0x00000000185ae800 JavaThread "Daemon worker Thread 2" [_thread_blocked, id=824, stack(0x000000001c240000,0x000000001c340000)]
  0x00000000185aa000 JavaThread "Daemon Thread 2" [_thread_blocked, id=356, stack(0x0000000000860000,0x0000000000960000)]
  0x000000001b04f000 JavaThread "Cache worker for file content cache (C:\Users\rocio\.gradle\caches\5.6.4\fileContent)" [_thread_blocked, id=12328, stack(0x00000000251b0000,0x00000000252b0000)]
  0x000000001b049000 JavaThread "Memory manager" [_thread_blocked, id=4200, stack(0x00000000248a0000,0x00000000249a0000)]
  0x0000000019431000 JavaThread "Cache worker for execution history cache (C:\Users\rocio\.gradle\caches\5.6.4\executionHistory)" [_thread_blocked, id=13260, stack(0x00000000202d0000,0x00000000203d0000)]
  0x0000000019432800 JavaThread "Cache worker for journal cache (C:\Users\rocio\.gradle\caches\journal-1)" [_thread_blocked, id=12524, stack(0x000000001d040000,0x000000001d140000)]
  0x0000000019432000 JavaThread "File lock request listener" [_thread_in_native, id=12356, stack(0x000000001cf40000,0x000000001d040000)]
  0x000000001a77f000 JavaThread "Cache worker for file hash cache (C:\Users\rocio\.gradle\caches\5.6.4\fileHashes)" [_thread_blocked, id=12348, stack(0x000000001cc40000,0x000000001cd40000)]
  0x000000001ab3b800 JavaThread "Daemon periodic checks" [_thread_blocked, id=1588, stack(0x000000001c140000,0x000000001c240000)]
  0x000000001ab3b000 JavaThread "Incoming local TCP Connector on port 50271" [_thread_in_native, id=8700, stack(0x000000001bed0000,0x000000001bfd0000)]
  0x00000000184fa800 JavaThread "Daemon health stats" [_thread_blocked, id=12120, stack(0x000000001b890000,0x000000001b990000)]
  0x000000001829d800 JavaThread "Service Thread" daemon [_thread_blocked, id=6992, stack(0x0000000018ef0000,0x0000000018ff0000)]
  0x0000000018216000 JavaThread "C1 CompilerThread3" daemon [_thread_blocked, id=12352, stack(0x0000000018df0000,0x0000000018ef0000)]
  0x000000001820d000 JavaThread "C2 CompilerThread2" daemon [_thread_blocked, id=8544, stack(0x0000000018cf0000,0x0000000018df0000)]
  0x00000000181fd000 JavaThread "C2 CompilerThread1" daemon [_thread_blocked, id=12876, stack(0x0000000018bf0000,0x0000000018cf0000)]
  0x00000000181fa000 JavaThread "C2 CompilerThread0" daemon [_thread_blocked, id=12340, stack(0x0000000018af0000,0x0000000018bf0000)]
  0x00000000181f9000 JavaThread "Attach Listener" daemon [_thread_blocked, id=13020, stack(0x00000000189f0000,0x0000000018af0000)]
  0x00000000181f8000 JavaThread "Signal Dispatcher" daemon [_thread_blocked, id=13096, stack(0x00000000188f0000,0x00000000189f0000)]
  0x00000000181f1800 JavaThread "Finalizer" daemon [_thread_blocked, id=11668, stack(0x00000000186d0000,0x00000000187d0000)]
  0x00000000181f0800 JavaThread "Reference Handler" daemon [_thread_blocked, id=6584, stack(0x00000000185d0000,0x00000000186d0000)]
  0x000000000243e800 JavaThread "main" [_thread_blocked, id=12296, stack(0x0000000002440000,0x0000000002540000)]

Other Threads:
  0x00000000163f6800 VMThread [stack: 0x00000000180d0000,0x00000000181d0000] [id=12216]
  0x000000001829e000 WatcherThread [stack: 0x0000000018ff0000,0x00000000190f0000] [id=13024]

=>0x0000000002557800 (exited) GCTaskThread [stack: 0x0000000011f10000,0x0000000012010000] [id=12332]

VM state:at safepoint (normal execution)

VM Mutex/Monitor currently owned by a thread:  ([mutex/lock_event])
[0x000000000243d060] Threads_lock - owner thread: 0x00000000163f6800
[0x000000000243d7e0] Heap_lock - owner thread: 0x000000001ec11000

heap address: 0x00000000a0000000, size: 1536 MB, Compressed Oops mode: 32-bit
Narrow klass base: 0x0000000000000000, Narrow klass shift: 3
Compressed class space size: 1073741824 Address: 0x0000000100000000

Heap:
 PSYoungGen      total 177152K, used 177125K [0x00000000e0000000, 0x00000000eda00000, 0x0000000100000000)
  eden space 154624K, 100% used [0x00000000e0000000,0x00000000e9700000,0x00000000e9700000)
  from space 22528K, 99% used [0x00000000e9700000,0x00000000eacf95f8,0x00000000ead00000)
  to   space 29696K, 85% used [0x00000000ebd00000,0x00000000ed5c02e0,0x00000000eda00000)
 ParOldGen       total 145920K, used 55045K [0x00000000a0000000, 0x00000000a8e80000, 0x00000000e0000000)
  object space 145920K, 37% used [0x00000000a0000000,0x00000000a35c1578,0x00000000a8e80000)
 Metaspace       used 85618K, capacity 90482K, committed 90584K, reserved 1128448K
  class space    used 11365K, capacity 12432K, committed 12504K, reserved 1048576K

Card table byte_map: [0x0000000011a00000,0x0000000011d10000] byte_map_base: 0x0000000011500000

Marking Bits: (ParMarkBitMap*) 0x000000006f5e9f30
 Begin Bits: [0x0000000012710000, 0x0000000013f10000)
 End Bits:   [0x0000000013f10000, 0x0000000015710000)

Polling page: 0x0000000000cf0000

CodeCache: size=245760Kb used=43875Kb max_used=43880Kb free=201884Kb
 bounds [0x0000000002640000, 0x0000000005150000, 0x0000000011640000]
 total_blobs=14061 nmethods=13182 adapters=791
 compilation: enabled

Compilation events (10 events):
Event: 205.954 Thread 0x0000000018216000 nmethod 15731 0x000000000514a6d0 code [0x000000000514a820, 0x000000000514a950]
Event: 205.954 Thread 0x0000000018216000 15720       3       com.android.tools.r8.u.b.v::<init> (6 bytes)
Event: 205.954 Thread 0x0000000018216000 nmethod 15720 0x0000000005144b10 code [0x0000000005144c80, 0x0000000005144e08]
Event: 205.954 Thread 0x0000000018216000 15722       3       com.android.tools.r8.u.b.y::<init> (45 bytes)
Event: 205.954 Thread 0x0000000018216000 nmethod 15722 0x0000000005146190 code [0x0000000005146300, 0x0000000005146528]
Event: 205.954 Thread 0x0000000018216000 15715       3       com.android.tools.r8.u.c.t::a (13 bytes)
Event: 205.956 Thread 0x00000000181fa000 nmethod 15698 0x000000000514f190 code [0x000000000514f300, 0x000000000514f658]
Event: 205.956 Thread 0x00000000181fa000 15725       4       com.android.tools.r8.u.c.o::e (25 bytes)
Event: 205.956 Thread 0x00000000181fd000 nmethod 15724 0x0000000005145c50 code [0x0000000005145da0, 0x0000000005145f58]
Event: 205.956 Thread 0x00000000181fd000 15702       4       java.util.IdentityHashMap::isEmpty (13 bytes)

GC Heap History (10 events):
Event: 153.152 GC heap after
Heap after GC invocations=22 (full 3):
 PSYoungGen      total 156672K, used 12188K [0x00000000e0000000, 0x00000000eb900000, 0x0000000100000000)
  eden space 136704K, 0% used [0x00000000e0000000,0x00000000e0000000,0x00000000e8580000)
  from space 19968K, 61% used [0x00000000e8580000,0x00000000e9167090,0x00000000e9900000)
  to   space 19968K, 0% used [0x00000000ea580000,0x00000000ea580000,0x00000000eb900000)
 ParOldGen       total 145920K, used 43366K [0x00000000a0000000, 0x00000000a8e80000, 0x00000000e0000000)
  object space 145920K, 29% used [0x00000000a0000000,0x00000000a2a59ae0,0x00000000a8e80000)
 Metaspace       used 68555K, capacity 71452K, committed 71640K, reserved 1112064K
  class space    used 9065K, capacity 9621K, committed 9688K, reserved 1048576K
}
Event: 170.314 GC heap before
{Heap before GC invocations=23 (full 3):
 PSYoungGen      total 156672K, used 148892K [0x00000000e0000000, 0x00000000eb900000, 0x0000000100000000)
  eden space 136704K, 100% used [0x00000000e0000000,0x00000000e8580000,0x00000000e8580000)
  from space 19968K, 61% used [0x00000000e8580000,0x00000000e9167090,0x00000000e9900000)
  to   space 19968K, 0% used [0x00000000ea580000,0x00000000ea580000,0x00000000eb900000)
 ParOldGen       total 145920K, used 43366K [0x00000000a0000000, 0x00000000a8e80000, 0x00000000e0000000)
  object space 145920K, 29% used [0x00000000a0000000,0x00000000a2a59ae0,0x00000000a8e80000)
 Metaspace       used 69648K, capacity 72678K, committed 72792K, reserved 1112064K
  class space    used 9169K, capacity 9784K, committed 9816K, reserved 1048576K
Event: 170.334 GC heap after
Heap after GC invocations=23 (full 3):
 PSYoungGen      total 165376K, used 12522K [0x00000000e0000000, 0x00000000eb700000, 0x0000000100000000)
  eden space 147456K, 0% used [0x00000000e0000000,0x00000000e0000000,0x00000000e9000000)
  from space 17920K, 69% used [0x00000000ea580000,0x00000000eb1ba840,0x00000000eb700000)
  to   space 19968K, 0% used [0x00000000e9000000,0x00000000e9000000,0x00000000ea380000)
 ParOldGen       total 145920K, used 43374K [0x00000000a0000000, 0x00000000a8e80000, 0x00000000e0000000)
  object space 145920K, 29% used [0x00000000a0000000,0x00000000a2a5bae0,0x00000000a8e80000)
 Metaspace       used 69648K, capacity 72678K, committed 72792K, reserved 1112064K
  class space    used 9169K, capacity 9784K, committed 9816K, reserved 1048576K
}
Event: 183.477 GC heap before
{Heap before GC invocations=24 (full 3):
 PSYoungGen      total 165376K, used 159978K [0x00000000e0000000, 0x00000000eb700000, 0x0000000100000000)
  eden space 147456K, 100% used [0x00000000e0000000,0x00000000e9000000,0x00000000e9000000)
  from space 17920K, 69% used [0x00000000ea580000,0x00000000eb1ba840,0x00000000eb700000)
  to   space 19968K, 0% used [0x00000000e9000000,0x00000000e9000000,0x00000000ea380000)
 ParOldGen       total 145920K, used 43374K [0x00000000a0000000, 0x00000000a8e80000, 0x00000000e0000000)
  object space 145920K, 29% used [0x00000000a0000000,0x00000000a2a5bae0,0x00000000a8e80000)
 Metaspace       used 69961K, capacity 73106K, committed 73432K, reserved 1112064K
  class space    used 9190K, capacity 9822K, committed 9944K, reserved 1048576K
Event: 183.490 GC heap after
Heap after GC invocations=24 (full 3):
 PSYoungGen      total 167424K, used 12412K [0x00000000e0000000, 0x00000000ec080000, 0x0000000100000000)
  eden space 147456K, 0% used [0x00000000e0000000,0x00000000e0000000,0x00000000e9000000)
  from space 19968K, 62% used [0x00000000e9000000,0x00000000e9c1f0a0,0x00000000ea380000)
  to   space 19968K, 0% used [0x00000000ead00000,0x00000000ead00000,0x00000000ec080000)
 ParOldGen       total 145920K, used 43382K [0x00000000a0000000, 0x00000000a8e80000, 0x00000000e0000000)
  object space 145920K, 29% used [0x00000000a0000000,0x00000000a2a5dae0,0x00000000a8e80000)
 Metaspace       used 69961K, capacity 73106K, committed 73432K, reserved 1112064K
  class space    used 9190K, capacity 9822K, committed 9944K, reserved 1048576K
}
Event: 189.758 GC heap before
{Heap before GC invocations=25 (full 3):
 PSYoungGen      total 167424K, used 159868K [0x00000000e0000000, 0x00000000ec080000, 0x0000000100000000)
  eden space 147456K, 100% used [0x00000000e0000000,0x00000000e9000000,0x00000000e9000000)
  from space 19968K, 62% used [0x00000000e9000000,0x00000000e9c1f0a0,0x00000000ea380000)
  to   space 19968K, 0% used [0x00000000ead00000,0x00000000ead00000,0x00000000ec080000)
 ParOldGen       total 145920K, used 43382K [0x00000000a0000000, 0x00000000a8e80000, 0x00000000e0000000)
  object space 145920K, 29% used [0x00000000a0000000,0x00000000a2a5dae0,0x00000000a8e80000)
 Metaspace       used 70827K, capacity 74062K, committed 74200K, reserved 1114112K
  class space    used 9267K, capacity 9932K, committed 9944K, reserved 1048576K
Event: 189.783 GC heap after
Heap after GC invocations=25 (full 3):
 PSYoungGen      total 174592K, used 19956K [0x00000000e0000000, 0x00000000ec500000, 0x0000000100000000)
  eden space 154624K, 0% used [0x00000000e0000000,0x00000000e0000000,0x00000000e9700000)
  from space 19968K, 99% used [0x00000000ead00000,0x00000000ec07d3c8,0x00000000ec080000)
  to   space 22528K, 0% used [0x00000000e9700000,0x00000000e9700000,0x00000000ead00000)
 ParOldGen       total 145920K, used 43835K [0x00000000a0000000, 0x00000000a8e80000, 0x00000000e0000000)
  object space 145920K, 30% used [0x00000000a0000000,0x00000000a2acef98,0x00000000a8e80000)
 Metaspace       used 70827K, capacity 74062K, committed 74200K, reserved 1114112K
  class space    used 9267K, capacity 9932K, committed 9944K, reserved 1048576K
}
Event: 201.381 GC heap before
{Heap before GC invocations=26 (full 3):
 PSYoungGen      total 174592K, used 174580K [0x00000000e0000000, 0x00000000ec500000, 0x0000000100000000)
  eden space 154624K, 100% used [0x00000000e0000000,0x00000000e9700000,0x00000000e9700000)
  from space 19968K, 99% used [0x00000000ead00000,0x00000000ec07d3c8,0x00000000ec080000)
  to   space 22528K, 0% used [0x00000000e9700000,0x00000000e9700000,0x00000000ead00000)
 ParOldGen       total 145920K, used 43839K [0x00000000a0000000, 0x00000000a8e80000, 0x00000000e0000000)
  object space 145920K, 30% used [0x00000000a0000000,0x00000000a2acffa8,0x00000000a8e80000)
 Metaspace       used 78321K, capacity 81574K, committed 81752K, reserved 1120256K
  class space    used 10081K, capacity 10720K, committed 10840K, reserved 1048576K
Event: 201.420 GC heap after
Heap after GC invocations=26 (full 3):
 PSYoungGen      total 177152K, used 22501K [0x00000000e0000000, 0x00000000eda00000, 0x0000000100000000)
  eden space 154624K, 0% used [0x00000000e0000000,0x00000000e0000000,0x00000000e9700000)
  from space 22528K, 99% used [0x00000000e9700000,0x00000000eacf95f8,0x00000000ead00000)
  to   space 29696K, 0% used [0x00000000ebd00000,0x00000000ebd00000,0x00000000eda00000)
 ParOldGen       total 145920K, used 54563K [0x00000000a0000000, 0x00000000a8e80000, 0x00000000e0000000)
  object space 145920K, 37% used [0x00000000a0000000,0x00000000a3548c88,0x00000000a8e80000)
 Metaspace       used 78321K, capacity 81574K, committed 81752K, reserved 1120256K
  class space    used 10081K, capacity 10720K, committed 10840K, reserved 1048576K
}
Event: 205.957 GC heap before
{Heap before GC invocations=27 (full 3):
 PSYoungGen      total 177152K, used 177125K [0x00000000e0000000, 0x00000000eda00000, 0x0000000100000000)
  eden space 154624K, 100% used [0x00000000e0000000,0x00000000e9700000,0x00000000e9700000)
  from space 22528K, 99% used [0x00000000e9700000,0x00000000eacf95f8,0x00000000ead00000)
  to   space 29696K, 0% used [0x00000000ebd00000,0x00000000ebd00000,0x00000000eda00000)
 ParOldGen       total 145920K, used 54565K [0x00000000a0000000, 0x00000000a8e80000, 0x00000000e0000000)
  object space 145920K, 37% used [0x00000000a0000000,0x00000000a3549548,0x00000000a8e80000)
 Metaspace       used 85618K, capacity 90482K, committed 90584K, reserved 1128448K
  class space    used 11365K, capacity 12432K, committed 12504K, reserved 1048576K

Deoptimization events (10 events):
Event: 205.925 Thread 0x000000001d96d000 Uncommon trap: reason=bimorphic action=maybe_recompile pc=0x00000000050639e0 method=com.android.tools.r8.s.a.a.a.B.hash(Ljava/lang/Object;)I @ 8
Event: 205.926 Thread 0x000000001d96d000 Uncommon trap: reason=bimorphic action=maybe_recompile pc=0x00000000050639e0 method=com.android.tools.r8.s.a.a.a.B.hash(Ljava/lang/Object;)I @ 8
Event: 205.939 Thread 0x000000001d96d000 Uncommon trap: reason=unstable_if action=reinterpret pc=0x0000000003d9ebb0 method=java.util.HashMap.computeIfAbsent(Ljava/lang/Object;Ljava/util/function/Function;)Ljava/lang/Object; @ 145
Event: 205.940 Thread 0x000000001d96d800 Uncommon trap: reason=bimorphic action=maybe_recompile pc=0x0000000003adb880 method=java.util.Collections$UnmodifiableCollection.contains(Ljava/lang/Object;)Z @ 5
Event: 205.940 Thread 0x000000001d96d000 Uncommon trap: reason=bimorphic action=maybe_recompile pc=0x0000000003adb880 method=java.util.Collections$UnmodifiableCollection.contains(Ljava/lang/Object;)Z @ 5
Event: 205.940 Thread 0x000000001d96d000 Uncommon trap: reason=bimorphic action=maybe_recompile pc=0x0000000003adb880 method=java.util.Collections$UnmodifiableCollection.contains(Ljava/lang/Object;)Z @ 5
Event: 205.942 Thread 0x00000000185ad000 Uncommon trap: reason=class_check action=maybe_recompile pc=0x000000000513cb38 method=java.util.stream.AbstractPipeline.wrapAndCopyInto(Ljava/util/stream/Sink;Ljava/util/Spliterator;)Ljava/util/stream/Sink; @ 6
Event: 205.942 Thread 0x00000000185ad000 Uncommon trap: reason=class_check action=maybe_recompile pc=0x000000000513cb38 method=java.util.stream.AbstractPipeline.wrapAndCopyInto(Ljava/util/stream/Sink;Ljava/util/Spliterator;)Ljava/util/stream/Sink; @ 6
Event: 205.943 Thread 0x00000000185ad000 Uncommon trap: reason=class_check action=maybe_recompile pc=0x000000000513cb38 method=java.util.stream.AbstractPipeline.wrapAndCopyInto(Ljava/util/stream/Sink;Ljava/util/Spliterator;)Ljava/util/stream/Sink; @ 6
Event: 205.945 Thread 0x00000000185ad000 Uncommon trap: reason=class_check action=maybe_recompile pc=0x000000000513cb38 method=java.util.stream.AbstractPipeline.wrapAndCopyInto(Ljava/util/stream/Sink;Ljava/util/Spliterator;)Ljava/util/stream/Sink; @ 6

Classes redefined (0 events):
No events

Internal exceptions (10 events):
Event: 203.492 Thread 0x00000000185ad000 Exception <a 'java/lang/NoSuchMethodError': java.lang.Object.lambda$identity$2(Ljava/lang/Object;)Ljava/lang/Object;> (0x00000000e61a6758) thrown at [D:\src\AOSP-openjdk-cygwin\jdk8u\hotspot\src\share\vm\interpreter\linkResolver.cpp, line 620]
Event: 203.491 Thread 0x000000001ec12800 Exception <a 'java/lang/NoSuchMethodError': java.lang.Object.lambda$identity$2(Ljava/lang/Object;)Ljava/lang/Object;> (0x00000000e60fa7b0) thrown at [D:\src\AOSP-openjdk-cygwin\jdk8u\hotspot\src\share\vm\interpreter\linkResolver.cpp, line 620]
Event: 203.492 Thread 0x000000001d96d800 Exception <a 'java/lang/NoSuchMethodError': java.lang.Object.lambda$identity$2(Ljava/lang/Object;)Ljava/lang/Object;> (0x00000000e624a9c0) thrown at [D:\src\AOSP-openjdk-cygwin\jdk8u\hotspot\src\share\vm\interpreter\linkResolver.cpp, line 620]
Event: 205.353 Thread 0x000000001ec12800 Exception <a 'java/lang/NoSuchMethodError': java.lang.Object.lambda$maxBy$1(Ljava/util/Comparator;Ljava/lang/Object;Ljava/lang/Object;)Ljava/lang/Object;> (0x00000000e841d710) thrown at [D:\src\AOSP-openjdk-cygwin\jdk8u\hotspot\src\share\vm\interpreter\li
Event: 205.353 Thread 0x000000001d96b800 Exception <a 'java/lang/NoSuchMethodError': java.lang.Object.lambda$maxBy$1(Ljava/util/Comparator;Ljava/lang/Object;Ljava/lang/Object;)Ljava/lang/Object;> (0x00000000e847f9a8) thrown at [D:\src\AOSP-openjdk-cygwin\jdk8u\hotspot\src\share\vm\interpreter\li
Event: 205.353 Thread 0x00000000185ad000 Exception <a 'java/lang/NoSuchMethodError': java.lang.Object.lambda$maxBy$1(Ljava/util/Comparator;Ljava/lang/Object;Ljava/lang/Object;)Ljava/lang/Object;> (0x00000000e8499ed0) thrown at [D:\src\AOSP-openjdk-cygwin\jdk8u\hotspot\src\share\vm\interpreter\li
Event: 205.353 Thread 0x000000001d96d800 Exception <a 'java/lang/NoSuchMethodError': java.lang.Object.lambda$maxBy$1(Ljava/util/Comparator;Ljava/lang/Object;Ljava/lang/Object;)Ljava/lang/Object;> (0x00000000e84536f8) thrown at [D:\src\AOSP-openjdk-cygwin\jdk8u\hotspot\src\share\vm\interpreter\li
Event: 205.353 Thread 0x000000001d96a800 Exception <a 'java/lang/NoSuchMethodError': java.lang.Object.lambda$maxBy$1(Ljava/util/Comparator;Ljava/lang/Object;Ljava/lang/Object;)Ljava/lang/Object;> (0x00000000e84dd0c0) thrown at [D:\src\AOSP-openjdk-cygwin\jdk8u\hotspot\src\share\vm\interpreter\li
Event: 205.353 Thread 0x000000001b045800 Exception <a 'java/lang/NoSuchMethodError': java.lang.Object.lambda$maxBy$1(Ljava/util/Comparator;Ljava/lang/Object;Ljava/lang/Object;)Ljava/lang/Object;> (0x00000000e84d0510) thrown at [D:\src\AOSP-openjdk-cygwin\jdk8u\hotspot\src\share\vm\interpreter\li
Event: 205.353 Thread 0x000000001d96d000 Exception <a 'java/lang/NoSuchMethodError': java.lang.Object.lambda$maxBy$1(Ljava/util/Comparator;Ljava/lang/Object;Ljava/lang/Object;)Ljava/lang/Object;> (0x00000000e84c0fa8) thrown at [D:\src\AOSP-openjdk-cygwin\jdk8u\hotspot\src\share\vm\interpreter\li

Events (10 events):
Event: 205.950 loading class com/android/tools/r8/code/a1 done
Event: 205.950 loading class com/android/tools/r8/code/Y0
Event: 205.950 loading class com/android/tools/r8/code/Y0 done
Event: 205.955 loading class com/android/tools/r8/code/W0
Event: 205.956 loading class com/android/tools/r8/code/W0 done
Event: 205.956 loading class com/android/tools/r8/code/U0
Event: 205.956 loading class com/android/tools/r8/code/U0 done
Event: 205.956 loading class com/android/tools/r8/code/d1
Event: 205.956 loading class com/android/tools/r8/code/d1 done
Event: 205.956 Executing VM operation: ParallelGCFailedAllocation


Dynamic libraries:
0x00007ff6ef210000 - 0x00007ff6ef241000 	C:\Program Files\Android\Android Studio\jre\bin\java.exe
0x00007fff3cb80000 - 0x00007fff3cd70000 	C:\WINDOWS\SYSTEM32\ntdll.dll
0x00007fff3aea0000 - 0x00007fff3af52000 	C:\WINDOWS\System32\KERNEL32.DLL
0x00007fff3a8d0000 - 0x00007fff3ab74000 	C:\WINDOWS\System32\KERNELBASE.dll
0x00007fff3ad40000 - 0x00007fff3ade3000 	C:\WINDOWS\System32\ADVAPI32.dll
0x00007fff3c700000 - 0x00007fff3c79e000 	C:\WINDOWS\System32\msvcrt.dll
0x00007fff3ba60000 - 0x00007fff3baf7000 	C:\WINDOWS\System32\sechost.dll
0x00007fff3b300000 - 0x00007fff3b420000 	C:\WINDOWS\System32\RPCRT4.dll
0x00007fff3bbd0000 - 0x00007fff3bd64000 	C:\WINDOWS\System32\USER32.dll
0x00007fff3ab80000 - 0x00007fff3aba1000 	C:\WINDOWS\System32\win32u.dll
0x00007fff3ac30000 - 0x00007fff3ac56000 	C:\WINDOWS\System32\GDI32.dll
0x00007fff3a600000 - 0x00007fff3a794000 	C:\WINDOWS\System32\gdi32full.dll
0x00007fff3a560000 - 0x00007fff3a5fe000 	C:\WINDOWS\System32\msvcp_win.dll
0x00007fff3a7d0000 - 0x00007fff3a8ca000 	C:\WINDOWS\System32\ucrtbase.dll
0x00007fff391e0000 - 0x00007fff39464000 	C:\WINDOWS\WinSxS\amd64_microsoft.windows.common-controls_6595b64144ccf1df_6.0.18362.836_none_e6c4b943130f18ed\COMCTL32.dll
0x00007fff3c7a0000 - 0x00007fff3cad6000 	C:\WINDOWS\System32\combase.dll
0x00007fff39d10000 - 0x00007fff39d90000 	C:\WINDOWS\System32\bcryptPrimitives.dll
0x00007fff3b260000 - 0x00007fff3b28e000 	C:\WINDOWS\System32\IMM32.DLL
0x000000006ec60000 - 0x000000006ed32000 	C:\Program Files\Android\Android Studio\jre\jre\bin\msvcr100.dll
0x000000006ee20000 - 0x000000006f666000 	C:\Program Files\Android\Android Studio\jre\jre\bin\server\jvm.dll
0x00007fff3ad30000 - 0x00007fff3ad38000 	C:\WINDOWS\System32\PSAPI.DLL
0x00007fff36250000 - 0x00007fff36274000 	C:\WINDOWS\SYSTEM32\WINMM.dll
0x00007fff37920000 - 0x00007fff3792a000 	C:\WINDOWS\SYSTEM32\VERSION.dll
0x00007fff257c0000 - 0x00007fff257c9000 	C:\WINDOWS\SYSTEM32\WSOCK32.dll
0x00007fff3bb00000 - 0x00007fff3bb6f000 	C:\WINDOWS\System32\WS2_32.dll
0x00007fff35dd0000 - 0x00007fff35dfd000 	C:\WINDOWS\SYSTEM32\WINMMBASE.dll
0x00007fff39d90000 - 0x00007fff39dda000 	C:\WINDOWS\System32\cfgmgr32.dll
0x00007fff34de0000 - 0x00007fff34def000 	C:\Program Files\Android\Android Studio\jre\jre\bin\verify.dll
0x00007fff2dcd0000 - 0x00007fff2dcf9000 	C:\Program Files\Android\Android Studio\jre\jre\bin\java.dll
0x00007fff2dc60000 - 0x00007fff2dc76000 	C:\Program Files\Android\Android Studio\jre\jre\bin\zip.dll
0x00007fff3bfb0000 - 0x00007fff3c694000 	C:\WINDOWS\System32\SHELL32.dll
0x00007fff3b1a0000 - 0x00007fff3b249000 	C:\WINDOWS\System32\shcore.dll
0x00007fff39de0000 - 0x00007fff3a55e000 	C:\WINDOWS\System32\windows.storage.dll
0x00007fff39ac0000 - 0x00007fff39ae3000 	C:\WINDOWS\System32\profapi.dll
0x00007fff39a70000 - 0x00007fff39aba000 	C:\WINDOWS\System32\powrprof.dll
0x00007fff39a40000 - 0x00007fff39a50000 	C:\WINDOWS\System32\UMPDC.dll
0x00007fff3bb70000 - 0x00007fff3bbc2000 	C:\WINDOWS\System32\shlwapi.dll
0x00007fff39a50000 - 0x00007fff39a61000 	C:\WINDOWS\System32\kernel.appcore.dll
0x00007fff3abb0000 - 0x00007fff3abc7000 	C:\WINDOWS\System32\cryptsp.dll
0x00007fff2dc40000 - 0x00007fff2dc5a000 	C:\Program Files\Android\Android Studio\jre\jre\bin\net.dll
0x00007fff26680000 - 0x00007fff26856000 	C:\WINDOWS\SYSTEM32\urlmon.dll
0x00007fff26980000 - 0x00007fff26c26000 	C:\WINDOWS\SYSTEM32\iertutil.dll
0x00007fff38e00000 - 0x00007fff38e0c000 	C:\WINDOWS\SYSTEM32\CRYPTBASE.DLL
0x00007fff38c30000 - 0x00007fff38c97000 	C:\WINDOWS\system32\mswsock.dll
0x00007fff281f0000 - 0x00007fff28203000 	C:\Program Files\Android\Android Studio\jre\jre\bin\nio.dll
0x00007fff21f90000 - 0x00007fff21fb6000 	C:\Users\rocio\.gradle\native\30\windows-amd64\native-platform.dll
0x00007fff2dcc0000 - 0x00007fff2dccd000 	C:\Program Files\Android\Android Studio\jre\jre\bin\management.dll
0x00007fff387a0000 - 0x00007fff387d3000 	C:\WINDOWS\system32\rsaenh.dll
0x00007fff3a7a0000 - 0x00007fff3a7c6000 	C:\WINDOWS\System32\bcrypt.dll
0x00007fff39960000 - 0x00007fff39985000 	C:\WINDOWS\SYSTEM32\USERENV.dll
0x00007fff38940000 - 0x00007fff3897a000 	C:\WINDOWS\SYSTEM32\IPHLPAPI.DLL
0x00007fff3b250000 - 0x00007fff3b258000 	C:\WINDOWS\System32\NSI.dll
0x00007fff2e450000 - 0x00007fff2e466000 	C:\WINDOWS\SYSTEM32\dhcpcsvc6.DLL
0x00007fff30570000 - 0x00007fff3058c000 	C:\WINDOWS\SYSTEM32\dhcpcsvc.DLL
0x00007fff38980000 - 0x00007fff38a4b000 	C:\WINDOWS\SYSTEM32\DNSAPI.dll
0x00007fff39560000 - 0x00007fff39754000 	C:\WINDOWS\SYSTEM32\dbghelp.dll

VM Arguments:
jvm_args: -Xmx1536m -Dfile.encoding=windows-1252 -Duser.country=ES -Duser.language=es -Duser.variant 
java_command: org.gradle.launcher.daemon.bootstrap.GradleDaemon 5.6.4
java_class_path (initial): C:\Users\rocio\.gradle\wrapper\dists\gradle-5.6.4-all\ankdp27end7byghfw1q2sw75f\gradle-5.6.4\lib\gradle-launcher-5.6.4.jar
Launcher Type: SUN_STANDARD

Environment Variables:
JAVA_HOME=C:\Program Files\Java\jdk1.8.0_144
PATH=C:\Program Files (x86)\Intel\iCLS Client\;C:\oraclexe\app\oracle\product\11.2.0\server\bin;C:\ProgramData\Oracle\Java\javapath;C:\Program Files\Intel\iCLS Client\;C:\windows\system32;C:\windows;C:\windows\System32\Wbem;C:\windows\System32\WindowsPowerShell\v1.0\;C:\Program Files (x86)\NVIDIA Corporation\PhysX\Common;C:\WINDOWS\system32;C:\WINDOWS;C:\WINDOWS\System32\Wbem;C:\WINDOWS\System32\WindowsPowerShell\v1.0\;C:\Program Files (x86)\Intel\Intel(R) Management Engine Components\DAL;C:\Program Files\Intel\Intel(R) Management Engine Components\DAL;C:\Program Files (x86)\Intel\Intel(R) Management Engine Components\IPT;C:\Program Files\Intel\Intel(R) Management Engine Components\IPT;C:\WINDOWS\System32\OpenSSH\;C:\Program Files\Intel\WiFi\bin\;C:\Program Files\Common Files\Intel\WirelessCommon\;C:\Program Files\Java\jdk1.8.0_144\bin;C:\Program Files\Git\cmd;C:\Program Files\TortoiseSVN\bin;C:\Users\rocio\AppData\Local\Microsoft\WindowsApps;C:\Users\rocio\AppData\Local\GitHubDesktop\bin;%USERPROFILE%\AppData\Local\Microsoft\WindowsApps;
USERNAME=rocio
OS=Windows_NT
PROCESSOR_IDENTIFIER=Intel64 Family 6 Model 158 Stepping 9, GenuineIntel



---------------  S Y S T E M  ---------------

OS: Windows 10.0 , 64 bit Build 18362 (10.0.18362.778)

CPU:total 8 (initial active 8) (4 cores per cpu, 2 threads per core) family 6 model 158 stepping 9, cmov, cx8, fxsr, mmx, sse, sse2, sse3, ssse3, sse4.1, sse4.2, popcnt, avx, avx2, aes, clmul, erms, 3dnowpref, lzcnt, ht, tsc, tscinvbit, bmi1, bmi2, adx

Memory: 4k page, physical 8271076k(1033020k free), swap 14562532k(5457860k free)

vm_info: OpenJDK 64-Bit Server VM (25.212-b04) for windows-amd64 JRE (1.8.0_212-release-1586-b04), built by "builder" with MS VC++ 10.0 (VS2010)

time: Thu Jun 04 16:58:52 2020
timezone: Hora de verano romance
elapsed time: 206 seconds (0d 0h 3m 26s)

