#
# A fatal error has been detected by the Java Runtime Environment:
#
#  EXCEPTION_ACCESS_VIOLATION (0xc0000005) at pc=0x00000000027a463d, pid=9568, tid=0x00000000000031d0
#
# JRE version: OpenJDK Runtime Environment (8.0_212-b04) (build 1.8.0_212-release-1586-b04)
# Java VM: OpenJDK 64-Bit Server VM (25.212-b04 mixed mode windows-amd64 compressed oops)
# Problematic frame:
# j  org.gradle.api.internal.component.DefaultComponentTypeRegistry$DefaultComponentTypeRegistration.registerArtifactType(Ljava/lang/Class;Lorg/gradle/api/internal/component/ArtifactType;)Lorg/gradle/api/internal/component/ComponentTypeRegistration;+0
#
# Failed to write core dump. Minidumps are not enabled by default on client versions of Windows
#
# If you would like to submit a bug report, please visit:
#   
#

---------------  T H R E A D  ---------------

Current thread (0x00000000183b1000):  JavaThread "Daemon worker" [_thread_in_Java, id=12752, stack(0x000000001c890000,0x000000001c990000)]

siginfo: ExceptionCode=0xc0000005, reading address 0x0000000121be7bd8

Registers:
RAX=0x0000000000000008, RBX=0x0000000040000010, RCX=0x000000001cefc9c0, RDX=0x000000000000000c
RSP=0x000000001c98cf58, RBP=0x000000001c98cf98, RSI=0x0000000000000000, RDI=0x00000000e1be7bc8
R8 =0x000000000000000b, R9 =0x00000000e1be7bc8, R10=0x000000006f5d9c70, R11=0x000000001cefd5e0
R12=0x0000000000000000, R13=0x000000001cefc7f1, R14=0x000000001c98cfb8, R15=0x00000000183b1000
RIP=0x00000000027a463d, EFLAGS=0x0000000000010246

Top of Stack: (sp=0x000000001c98cf58)
0x000000001c98cf58:   000000001c98cf58 000000001cefc7f0
0x000000001c98cf68:   000000001c98cfb8 000000001cefc9c0
0x000000001c98cf78:   0000000000000000 000000001cefc860
0x000000001c98cf88:   0000000000000000 000000001c98cfa8
0x000000001c98cf98:   000000001c98d000 0000000002787ef4
0x000000001c98cfa8:   00000000e1c01850 00000000e1bfd050
0x000000001c98cfb8:   00000000e1be7bc8 000000001c98cfc0
0x000000001c98cfc8:   000000001cf1f17d 000000001c98d020
0x000000001c98cfd8:   000000001cf1f2e0 0000000000000000
0x000000001c98cfe8:   000000001cf1f1b8 000000001c98cfa8
0x000000001c98cff8:   000000001c98d010 000000001c98d100
0x000000001c98d008:   000000000278061a 00000000e1bc2e30
0x000000001c98d018:   00000000e1bb9a50 00000000e1bb8ee0
0x000000001c98d028:   0000000000000000 0000000000000000
0x000000001c98d038:   0000000000000000 0000000000000000
0x000000001c98d048:   0000000000000000 0000000000000000 

Instructions: (pc=0x00000000027a463d)
0x00000000027a461d:   00 00 41 0f be 04 19 50 41 b9 cc 00 00 00 45 88
0x00000000027a462d:   4d 00 e9 da 00 00 00 83 f8 08 0f 85 14 00 00 00
0x00000000027a463d:   41 8b 04 19 50 41 b9 cb 00 00 00 45 88 4d 00 e9
0x00000000027a464d:   bd 00 00 00 83 f8 04 0f 85 14 00 00 00 41 8b 04 


Register to memory mapping:

RAX=0x0000000000000008 is an unknown value
RBX=0x0000000040000010 is an unknown value
RCX=0x000000001cefc9c0 is pointing into metadata
RDX=0x000000000000000c is an unknown value
RSP=0x000000001c98cf58 is pointing into the stack for thread: 0x00000000183b1000
RBP=0x000000001c98cf98 is pointing into the stack for thread: 0x00000000183b1000
RSI=0x0000000000000000 is an unknown value
RDI=0x00000000e1be7bc8 is an oop
org.gradle.api.internal.component.DefaultComponentTypeRegistry$DefaultComponentTypeRegistration 
 - klass: 'org/gradle/api/internal/component/DefaultComponentTypeRegistry$DefaultComponentTypeRegistration'
R8 =0x000000000000000b is an unknown value
R9 =0x00000000e1be7bc8 is an oop
org.gradle.api.internal.component.DefaultComponentTypeRegistry$DefaultComponentTypeRegistration 
 - klass: 'org/gradle/api/internal/component/DefaultComponentTypeRegistry$DefaultComponentTypeRegistration'
R10=0x000000006f5d9c70 is an unknown value
R11=0x000000001cefd5e0 is pointing into metadata
R12=0x0000000000000000 is an unknown value
R13=0x000000001cefc7f1 is pointing into metadata
R14=0x000000001c98cfb8 is pointing into the stack for thread: 0x00000000183b1000
R15=0x00000000183b1000 is a thread


Stack: [0x000000001c890000,0x000000001c990000],  sp=0x000000001c98cf58,  free space=1011k
Native frames: (J=compiled Java code, j=interpreted, Vv=VM code, C=native code)
C  0x00000000027a463d


---------------  P R O C E S S  ---------------

Java Threads: ( => current thread )
  0x000000001836d800 JavaThread "Cache worker for journal cache (C:\Users\rocio\.gradle\caches\journal-1)" [_thread_blocked, id=12592, stack(0x000000001d190000,0x000000001d290000)]
  0x000000001836a800 JavaThread "File lock request listener" [_thread_in_native, id=4608, stack(0x000000001d090000,0x000000001d190000)]
  0x000000001a916000 JavaThread "Cache worker for file hash cache (C:\Users\rocio\.gradle\caches\5.6.4\fileHashes)" [_thread_blocked, id=12716, stack(0x000000001cd90000,0x000000001ce90000)]
  0x0000000018531000 JavaThread "Thread-9" [_thread_blocked, id=1608, stack(0x000000001cc90000,0x000000001cd90000)]
  0x000000001839a000 JavaThread "Stdin handler" [_thread_blocked, id=10168, stack(0x000000001cb90000,0x000000001cc90000)]
  0x0000000018399000 JavaThread "Asynchronous log dispatcher for DefaultDaemonConnection: socket connection from /127.0.0.1:50375 to /127.0.0.1:50376" [_thread_blocked, id=5596, stack(0x000000001c990000,0x000000001ca90000)]
=>0x00000000183b1000 JavaThread "Daemon worker" [_thread_in_Java, id=12752, stack(0x000000001c890000,0x000000001c990000)]
  0x0000000018397000 JavaThread "Cancel handler" [_thread_blocked, id=12568, stack(0x000000001c790000,0x000000001c890000)]
  0x000000001a0ff800 JavaThread "Handler for socket connection from /127.0.0.1:50375 to /127.0.0.1:50376" [_thread_in_native, id=13268, stack(0x000000001c490000,0x000000001c590000)]
  0x00000000198a1800 JavaThread "Daemon" [_thread_blocked, id=4712, stack(0x000000001c390000,0x000000001c490000)]
  0x0000000018650800 JavaThread "Daemon periodic checks" [_thread_blocked, id=10184, stack(0x000000001c290000,0x000000001c390000)]
  0x00000000186e4000 JavaThread "Incoming local TCP Connector on port 50375" [_thread_in_native, id=8552, stack(0x000000001c020000,0x000000001c120000)]
  0x000000001ac70800 JavaThread "Daemon health stats" [_thread_blocked, id=13036, stack(0x000000001b9e0000,0x000000001bae0000)]
  0x00000000183ef800 JavaThread "Service Thread" daemon [_thread_blocked, id=12768, stack(0x0000000019040000,0x0000000019140000)]
  0x000000001836c000 JavaThread "C1 CompilerThread3" daemon [_thread_blocked, id=7744, stack(0x0000000018f40000,0x0000000019040000)]
  0x0000000018361800 JavaThread "C2 CompilerThread2" daemon [_thread_blocked, id=4556, stack(0x0000000018e40000,0x0000000018f40000)]
  0x000000001834d000 JavaThread "C2 CompilerThread1" daemon [_thread_blocked, id=8316, stack(0x0000000018d40000,0x0000000018e40000)]
  0x000000001834a000 JavaThread "C2 CompilerThread0" daemon [_thread_blocked, id=2160, stack(0x0000000018c40000,0x0000000018d40000)]
  0x0000000018348800 JavaThread "Attach Listener" daemon [_thread_blocked, id=7300, stack(0x0000000018b40000,0x0000000018c40000)]
  0x0000000018347000 JavaThread "Signal Dispatcher" daemon [_thread_blocked, id=5424, stack(0x0000000018a40000,0x0000000018b40000)]
  0x0000000018341000 JavaThread "Finalizer" daemon [_thread_blocked, id=5296, stack(0x0000000018820000,0x0000000018920000)]
  0x0000000018340800 JavaThread "Reference Handler" daemon [_thread_blocked, id=7680, stack(0x0000000018720000,0x0000000018820000)]
  0x000000000257e800 JavaThread "main" [_thread_blocked, id=12508, stack(0x0000000002580000,0x0000000002680000)]

Other Threads:
  0x0000000016536000 VMThread [stack: 0x0000000018220000,0x0000000018320000] [id=6568]
  0x00000000183f0800 WatcherThread [stack: 0x0000000019140000,0x0000000019240000] [id=13220]

VM state:not at safepoint (normal execution)

VM Mutex/Monitor currently owned by a thread: None

heap address: 0x00000000a0000000, size: 1536 MB, Compressed Oops mode: 32-bit
Narrow klass base: 0x0000000000000000, Narrow klass shift: 3
Compressed class space size: 1073741824 Address: 0x0000000100000000

Heap:
 PSYoungGen      total 38400K, used 33861K [0x00000000e0000000, 0x00000000e2a80000, 0x0000000100000000)
  eden space 33280K, 86% used [0x00000000e0000000,0x00000000e1c155e8,0x00000000e2080000)
  from space 5120K, 99% used [0x00000000e2080000,0x00000000e257c010,0x00000000e2580000)
  to   space 5120K, 0% used [0x00000000e2580000,0x00000000e2580000,0x00000000e2a80000)
 ParOldGen       total 87552K, used 1624K [0x00000000a0000000, 0x00000000a5580000, 0x00000000e0000000)
  object space 87552K, 1% used [0x00000000a0000000,0x00000000a01962f8,0x00000000a5580000)
 Metaspace       used 14598K, capacity 14982K, committed 15232K, reserved 1062912K
  class space    used 2033K, capacity 2163K, committed 2176K, reserved 1048576K

Card table byte_map: [0x0000000011b40000,0x0000000011e50000] byte_map_base: 0x0000000011640000

Marking Bits: (ParMarkBitMap*) 0x000000006f5e9f30
 Begin Bits: [0x0000000012850000, 0x0000000014050000)
 End Bits:   [0x0000000014050000, 0x0000000015850000)

Polling page: 0x0000000000870000

CodeCache: size=245760Kb used=5232Kb max_used=5232Kb free=240527Kb
 bounds [0x0000000002780000, 0x0000000002ca0000, 0x0000000011780000]
 total_blobs=1864 nmethods=1481 adapters=296
 compilation: enabled

Compilation events (10 events):
Event: 10.054 Thread 0x000000001836c000 1478   !   3       org.gradle.internal.service.MethodHandleBasedServiceMethodFactory::toServiceMethod (51 bytes)
Event: 10.055 Thread 0x000000001836c000 nmethod 1478 0x0000000002c684d0 code [0x0000000002c68760, 0x0000000002c69948]
Event: 10.055 Thread 0x000000001836c000 1482       3       sun.misc.Resource::getByteBuffer (24 bytes)
Event: 10.055 Thread 0x000000001836c000 nmethod 1482 0x0000000002c9b350 code [0x0000000002c9b500, 0x0000000002c9bc78]
Event: 10.055 Thread 0x000000001836c000 1483       3       java.security.SecureClassLoader::defineClass (16 bytes)
Event: 10.055 Thread 0x000000001836c000 nmethod 1483 0x0000000002c9be10 code [0x0000000002c9bf80, 0x0000000002c9c1f8]
Event: 10.055 Thread 0x000000001836c000 1479       3       java.lang.reflect.Method::getGenericParameterTypes (5 bytes)
Event: 10.057 Thread 0x000000001836c000 nmethod 1479 0x0000000002c9c2d0 code [0x0000000002c9c500, 0x0000000002c9d268]
Event: 10.057 Thread 0x000000001836c000 1480       3       java.lang.reflect.Executable::getGenericParameterTypes (20 bytes)
Event: 10.057 Thread 0x000000001836c000 nmethod 1480 0x0000000002c9dbd0 code [0x0000000002c9dd60, 0x0000000002c9e1d8]

GC Heap History (6 events):
Event: 0.957 GC heap before
{Heap before GC invocations=1 (full 0):
 PSYoungGen      total 38400K, used 33280K [0x00000000e0000000, 0x00000000e2a80000, 0x0000000100000000)
  eden space 33280K, 100% used [0x00000000e0000000,0x00000000e2080000,0x00000000e2080000)
  from space 5120K, 0% used [0x00000000e2580000,0x00000000e2580000,0x00000000e2a80000)
  to   space 5120K, 0% used [0x00000000e2080000,0x00000000e2080000,0x00000000e2580000)
 ParOldGen       total 87552K, used 0K [0x00000000a0000000, 0x00000000a5580000, 0x00000000e0000000)
  object space 87552K, 0% used [0x00000000a0000000,0x00000000a0000000,0x00000000a5580000)
 Metaspace       used 7033K, capacity 7348K, committed 7680K, reserved 1056768K
  class space    used 857K, capacity 944K, committed 1024K, reserved 1048576K
Event: 0.963 GC heap after
Heap after GC invocations=1 (full 0):
 PSYoungGen      total 38400K, used 4426K [0x00000000e0000000, 0x00000000e2a80000, 0x0000000100000000)
  eden space 33280K, 0% used [0x00000000e0000000,0x00000000e0000000,0x00000000e2080000)
  from space 5120K, 86% used [0x00000000e2080000,0x00000000e24d2bd8,0x00000000e2580000)
  to   space 5120K, 0% used [0x00000000e2580000,0x00000000e2580000,0x00000000e2a80000)
 ParOldGen       total 87552K, used 8K [0x00000000a0000000, 0x00000000a5580000, 0x00000000e0000000)
  object space 87552K, 0% used [0x00000000a0000000,0x00000000a0002000,0x00000000a5580000)
 Metaspace       used 7033K, capacity 7348K, committed 7680K, reserved 1056768K
  class space    used 857K, capacity 944K, committed 1024K, reserved 1048576K
}
Event: 1.953 GC heap before
{Heap before GC invocations=2 (full 0):
 PSYoungGen      total 38400K, used 37706K [0x00000000e0000000, 0x00000000e2a80000, 0x0000000100000000)
  eden space 33280K, 100% used [0x00000000e0000000,0x00000000e2080000,0x00000000e2080000)
  from space 5120K, 86% used [0x00000000e2080000,0x00000000e24d2bd8,0x00000000e2580000)
  to   space 5120K, 0% used [0x00000000e2580000,0x00000000e2580000,0x00000000e2a80000)
 ParOldGen       total 87552K, used 8K [0x00000000a0000000, 0x00000000a5580000, 0x00000000e0000000)
  object space 87552K, 0% used [0x00000000a0000000,0x00000000a0002000,0x00000000a5580000)
 Metaspace       used 7381K, capacity 7662K, committed 7936K, reserved 1056768K
  class space    used 911K, capacity 985K, committed 1024K, reserved 1048576K
Event: 1.957 GC heap after
Heap after GC invocations=2 (full 0):
 PSYoungGen      total 38400K, used 3517K [0x00000000e0000000, 0x00000000e2a80000, 0x0000000100000000)
  eden space 33280K, 0% used [0x00000000e0000000,0x00000000e0000000,0x00000000e2080000)
  from space 5120K, 68% used [0x00000000e2580000,0x00000000e28ef6e0,0x00000000e2a80000)
  to   space 5120K, 0% used [0x00000000e2080000,0x00000000e2080000,0x00000000e2580000)
 ParOldGen       total 87552K, used 16K [0x00000000a0000000, 0x00000000a5580000, 0x00000000e0000000)
  object space 87552K, 0% used [0x00000000a0000000,0x00000000a0004000,0x00000000a5580000)
 Metaspace       used 7381K, capacity 7662K, committed 7936K, reserved 1056768K
  class space    used 911K, capacity 985K, committed 1024K, reserved 1048576K
}
Event: 7.698 GC heap before
{Heap before GC invocations=3 (full 0):
 PSYoungGen      total 38400K, used 36797K [0x00000000e0000000, 0x00000000e2a80000, 0x0000000100000000)
  eden space 33280K, 100% used [0x00000000e0000000,0x00000000e2080000,0x00000000e2080000)
  from space 5120K, 68% used [0x00000000e2580000,0x00000000e28ef6e0,0x00000000e2a80000)
  to   space 5120K, 0% used [0x00000000e2080000,0x00000000e2080000,0x00000000e2580000)
 ParOldGen       total 87552K, used 16K [0x00000000a0000000, 0x00000000a5580000, 0x00000000e0000000)
  object space 87552K, 0% used [0x00000000a0000000,0x00000000a0004000,0x00000000a5580000)
 Metaspace       used 12461K, capacity 12926K, committed 13184K, reserved 1060864K
  class space    used 1683K, capacity 1839K, committed 1920K, reserved 1048576K
Event: 7.708 GC heap after
Heap after GC invocations=3 (full 0):
 PSYoungGen      total 38400K, used 5104K [0x00000000e0000000, 0x00000000e2a80000, 0x0000000100000000)
  eden space 33280K, 0% used [0x00000000e0000000,0x00000000e0000000,0x00000000e2080000)
  from space 5120K, 99% used [0x00000000e2080000,0x00000000e257c010,0x00000000e2580000)
  to   space 5120K, 0% used [0x00000000e2580000,0x00000000e2580000,0x00000000e2a80000)
 ParOldGen       total 87552K, used 1624K [0x00000000a0000000, 0x00000000a5580000, 0x00000000e0000000)
  object space 87552K, 1% used [0x00000000a0000000,0x00000000a01962f8,0x00000000a5580000)
 Metaspace       used 12461K, capacity 12926K, committed 13184K, reserved 1060864K
  class space    used 1683K, capacity 1839K, committed 1920K, reserved 1048576K
}

Deoptimization events (10 events):
Event: 4.698 Thread 0x000000000257e800 Uncommon trap: reason=unstable_if action=reinterpret pc=0x0000000002a55a78 method=java.io.WinNTFileSystem.normalize(Ljava/lang/String;)Ljava/lang/String; @ 128
Event: 6.711 Thread 0x000000001a0ff800 Uncommon trap: reason=unstable_if action=reinterpret pc=0x0000000002b54630 method=java.util.concurrent.ConcurrentHashMap.putVal(Ljava/lang/Object;Ljava/lang/Object;Z)Ljava/lang/Object; @ 206
Event: 7.118 Thread 0x00000000183b1000 Uncommon trap: reason=bimorphic action=maybe_recompile pc=0x00000000029cd8fc method=java.util.HashMap.putVal(ILjava/lang/Object;Ljava/lang/Object;ZZ)Ljava/lang/Object; @ 253
Event: 7.118 Thread 0x00000000183b1000 Uncommon trap: reason=bimorphic action=maybe_recompile pc=0x00000000029cd8fc method=java.util.HashMap.putVal(ILjava/lang/Object;Ljava/lang/Object;ZZ)Ljava/lang/Object; @ 253
Event: 7.118 Thread 0x00000000183b1000 Uncommon trap: reason=bimorphic action=maybe_recompile pc=0x00000000029cd8fc method=java.util.HashMap.putVal(ILjava/lang/Object;Ljava/lang/Object;ZZ)Ljava/lang/Object; @ 253
Event: 7.118 Thread 0x00000000183b1000 Uncommon trap: reason=bimorphic action=maybe_recompile pc=0x00000000029cea60 method=java.util.HashMap.putVal(ILjava/lang/Object;Ljava/lang/Object;ZZ)Ljava/lang/Object; @ 253
Event: 8.489 Thread 0x00000000183b1000 Uncommon trap: reason=class_check action=maybe_recompile pc=0x0000000002a5bf98 method=java.util.regex.Matcher.match(II)Z @ 86
Event: 8.520 Thread 0x00000000183b1000 Uncommon trap: reason=class_check action=maybe_recompile pc=0x0000000002a5bf98 method=java.util.regex.Matcher.match(II)Z @ 86
Event: 8.521 Thread 0x00000000183b1000 Uncommon trap: reason=class_check action=maybe_recompile pc=0x0000000002a5bf98 method=java.util.regex.Matcher.match(II)Z @ 86
Event: 8.521 Thread 0x00000000183b1000 Uncommon trap: reason=class_check action=maybe_recompile pc=0x00000000028f60dc method=java.util.regex.Matcher.match(II)Z @ 86

Classes redefined (0 events):
No events

Internal exceptions (10 events):
Event: 6.772 Thread 0x000000001a0ff800 Exception <a 'java/lang/NoSuchMethodError': <clinit>> (0x00000000e17b0aa0) thrown at [D:\src\AOSP-openjdk-cygwin\jdk8u\hotspot\src\share\vm\prims\jni.cpp, line 1614]
Event: 6.790 Thread 0x000000001a0ff800 Exception <a 'java/lang/NoSuchMethodError': <clinit>> (0x00000000e17c3bf0) thrown at [D:\src\AOSP-openjdk-cygwin\jdk8u\hotspot\src\share\vm\prims\jni.cpp, line 1614]
Event: 6.814 Thread 0x000000001a0ff800 Exception <a 'java/lang/NoSuchMethodError': <clinit>> (0x00000000e17eaff0) thrown at [D:\src\AOSP-openjdk-cygwin\jdk8u\hotspot\src\share\vm\prims\jni.cpp, line 1614]
Event: 6.887 Thread 0x000000001a0ff800 Exception <a 'java/lang/NoSuchMethodError': <clinit>> (0x00000000e1802fc0) thrown at [D:\src\AOSP-openjdk-cygwin\jdk8u\hotspot\src\share\vm\prims\jni.cpp, line 1614]
Event: 6.888 Thread 0x000000001a0ff800 Exception <a 'java/lang/NoSuchMethodError': <clinit>> (0x00000000e180bc50) thrown at [D:\src\AOSP-openjdk-cygwin\jdk8u\hotspot\src\share\vm\prims\jni.cpp, line 1614]
Event: 6.892 Thread 0x000000001a0ff800 Exception <a 'java/lang/NoSuchMethodError': <clinit>> (0x00000000e1822250) thrown at [D:\src\AOSP-openjdk-cygwin\jdk8u\hotspot\src\share\vm\prims\jni.cpp, line 1614]
Event: 6.929 Thread 0x000000001a0ff800 Exception <a 'java/lang/NoSuchMethodError': <clinit>> (0x00000000e18803c0) thrown at [D:\src\AOSP-openjdk-cygwin\jdk8u\hotspot\src\share\vm\prims\jni.cpp, line 1614]
Event: 6.940 Thread 0x000000001a0ff800 Exception <a 'java/lang/NoSuchMethodError': <clinit>> (0x00000000e18ad140) thrown at [D:\src\AOSP-openjdk-cygwin\jdk8u\hotspot\src\share\vm\prims\jni.cpp, line 1614]
Event: 6.947 Thread 0x000000001a0ff800 Exception <a 'java/lang/NoSuchMethodError': <clinit>> (0x00000000e18db4b8) thrown at [D:\src\AOSP-openjdk-cygwin\jdk8u\hotspot\src\share\vm\prims\jni.cpp, line 1614]
Event: 6.949 Thread 0x000000001a0ff800 Exception <a 'java/lang/NoSuchMethodError': <clinit>> (0x00000000e18e68c0) thrown at [D:\src\AOSP-openjdk-cygwin\jdk8u\hotspot\src\share\vm\prims\jni.cpp, line 1614]

Events (10 events):
Event: 10.055 loading class org/gradle/api/component/Component
Event: 10.055 loading class org/gradle/api/component/Component done
Event: 10.055 loading class org/gradle/api/internal/component/DefaultComponentTypeRegistry$DefaultComponentTypeRegistration
Event: 10.055 loading class org/gradle/api/internal/component/DefaultComponentTypeRegistry$DefaultComponentTypeRegistration done
Event: 10.056 loading class org/gradle/language/base/artifact/SourcesArtifact
Event: 10.056 loading class org/gradle/language/base/artifact/SourcesArtifact done
Event: 10.056 loading class org/gradle/api/component/Artifact
Event: 10.056 loading class org/gradle/api/component/Artifact done
Event: 10.056 loading class org/gradle/api/internal/component/ArtifactType
Event: 10.056 loading class org/gradle/api/internal/component/ArtifactType done


Dynamic libraries:
0x00007ff6ef210000 - 0x00007ff6ef241000 	C:\Program Files\Android\Android Studio\jre\bin\java.exe
0x00007fff3cb80000 - 0x00007fff3cd70000 	C:\WINDOWS\SYSTEM32\ntdll.dll
0x00007fff3aea0000 - 0x00007fff3af52000 	C:\WINDOWS\System32\KERNEL32.DLL
0x00007fff3a8d0000 - 0x00007fff3ab74000 	C:\WINDOWS\System32\KERNELBASE.dll
0x00007fff3ad40000 - 0x00007fff3ade3000 	C:\WINDOWS\System32\ADVAPI32.dll
0x00007fff3c700000 - 0x00007fff3c79e000 	C:\WINDOWS\System32\msvcrt.dll
0x00007fff3ba60000 - 0x00007fff3baf7000 	C:\WINDOWS\System32\sechost.dll
0x00007fff3b300000 - 0x00007fff3b420000 	C:\WINDOWS\System32\RPCRT4.dll
0x00007fff3bbd0000 - 0x00007fff3bd64000 	C:\WINDOWS\System32\USER32.dll
0x00007fff3ab80000 - 0x00007fff3aba1000 	C:\WINDOWS\System32\win32u.dll
0x00007fff3ac30000 - 0x00007fff3ac56000 	C:\WINDOWS\System32\GDI32.dll
0x00007fff3a600000 - 0x00007fff3a794000 	C:\WINDOWS\System32\gdi32full.dll
0x00007fff3a560000 - 0x00007fff3a5fe000 	C:\WINDOWS\System32\msvcp_win.dll
0x00007fff3a7d0000 - 0x00007fff3a8ca000 	C:\WINDOWS\System32\ucrtbase.dll
0x00007fff391e0000 - 0x00007fff39464000 	C:\WINDOWS\WinSxS\amd64_microsoft.windows.common-controls_6595b64144ccf1df_6.0.18362.836_none_e6c4b943130f18ed\COMCTL32.dll
0x00007fff3c7a0000 - 0x00007fff3cad6000 	C:\WINDOWS\System32\combase.dll
0x00007fff39d10000 - 0x00007fff39d90000 	C:\WINDOWS\System32\bcryptPrimitives.dll
0x00007fff3b260000 - 0x00007fff3b28e000 	C:\WINDOWS\System32\IMM32.DLL
0x000000006ec60000 - 0x000000006ed32000 	C:\Program Files\Android\Android Studio\jre\jre\bin\msvcr100.dll
0x000000006ee20000 - 0x000000006f666000 	C:\Program Files\Android\Android Studio\jre\jre\bin\server\jvm.dll
0x00007fff3ad30000 - 0x00007fff3ad38000 	C:\WINDOWS\System32\PSAPI.DLL
0x00007fff36250000 - 0x00007fff36274000 	C:\WINDOWS\SYSTEM32\WINMM.dll
0x00007fff37920000 - 0x00007fff3792a000 	C:\WINDOWS\SYSTEM32\VERSION.dll
0x00007fff257c0000 - 0x00007fff257c9000 	C:\WINDOWS\SYSTEM32\WSOCK32.dll
0x00007fff3bb00000 - 0x00007fff3bb6f000 	C:\WINDOWS\System32\WS2_32.dll
0x00007fff35dd0000 - 0x00007fff35dfd000 	C:\WINDOWS\SYSTEM32\WINMMBASE.dll
0x00007fff39d90000 - 0x00007fff39dda000 	C:\WINDOWS\System32\cfgmgr32.dll
0x00007fff34de0000 - 0x00007fff34def000 	C:\Program Files\Android\Android Studio\jre\jre\bin\verify.dll
0x00007fff2dcd0000 - 0x00007fff2dcf9000 	C:\Program Files\Android\Android Studio\jre\jre\bin\java.dll
0x00007fff2dc60000 - 0x00007fff2dc76000 	C:\Program Files\Android\Android Studio\jre\jre\bin\zip.dll
0x00007fff3bfb0000 - 0x00007fff3c694000 	C:\WINDOWS\System32\SHELL32.dll
0x00007fff3b1a0000 - 0x00007fff3b249000 	C:\WINDOWS\System32\shcore.dll
0x00007fff39de0000 - 0x00007fff3a55e000 	C:\WINDOWS\System32\windows.storage.dll
0x00007fff39ac0000 - 0x00007fff39ae3000 	C:\WINDOWS\System32\profapi.dll
0x00007fff39a70000 - 0x00007fff39aba000 	C:\WINDOWS\System32\powrprof.dll
0x00007fff39a40000 - 0x00007fff39a50000 	C:\WINDOWS\System32\UMPDC.dll
0x00007fff3bb70000 - 0x00007fff3bbc2000 	C:\WINDOWS\System32\shlwapi.dll
0x00007fff39a50000 - 0x00007fff39a61000 	C:\WINDOWS\System32\kernel.appcore.dll
0x00007fff3abb0000 - 0x00007fff3abc7000 	C:\WINDOWS\System32\cryptsp.dll
0x00007fff2dc40000 - 0x00007fff2dc5a000 	C:\Program Files\Android\Android Studio\jre\jre\bin\net.dll
0x00007fff26680000 - 0x00007fff26856000 	C:\WINDOWS\SYSTEM32\urlmon.dll
0x00007fff26980000 - 0x00007fff26c26000 	C:\WINDOWS\SYSTEM32\iertutil.dll
0x00007fff38e00000 - 0x00007fff38e0c000 	C:\WINDOWS\SYSTEM32\CRYPTBASE.DLL
0x00007fff38c30000 - 0x00007fff38c97000 	C:\WINDOWS\system32\mswsock.dll
0x00007fff281f0000 - 0x00007fff28203000 	C:\Program Files\Android\Android Studio\jre\jre\bin\nio.dll
0x00007fff21f90000 - 0x00007fff21fb6000 	C:\Users\rocio\.gradle\native\30\windows-amd64\native-platform.dll
0x00007fff2dcc0000 - 0x00007fff2dccd000 	C:\Program Files\Android\Android Studio\jre\jre\bin\management.dll
0x00007fff387a0000 - 0x00007fff387d3000 	C:\WINDOWS\system32\rsaenh.dll
0x00007fff3a7a0000 - 0x00007fff3a7c6000 	C:\WINDOWS\System32\bcrypt.dll
0x00007fff39960000 - 0x00007fff39985000 	C:\WINDOWS\SYSTEM32\USERENV.dll
0x00007fff38940000 - 0x00007fff3897a000 	C:\WINDOWS\SYSTEM32\IPHLPAPI.DLL
0x00007fff3b250000 - 0x00007fff3b258000 	C:\WINDOWS\System32\NSI.dll
0x00007fff2e450000 - 0x00007fff2e466000 	C:\WINDOWS\SYSTEM32\dhcpcsvc6.DLL
0x00007fff30570000 - 0x00007fff3058c000 	C:\WINDOWS\SYSTEM32\dhcpcsvc.DLL
0x00007fff38980000 - 0x00007fff38a4b000 	C:\WINDOWS\SYSTEM32\DNSAPI.dll
0x00007fff39560000 - 0x00007fff39754000 	C:\WINDOWS\SYSTEM32\dbghelp.dll

VM Arguments:
jvm_args: -Xmx1536m -Dfile.encoding=windows-1252 -Duser.country=ES -Duser.language=es -Duser.variant 
java_command: org.gradle.launcher.daemon.bootstrap.GradleDaemon 5.6.4
java_class_path (initial): C:\Users\rocio\.gradle\wrapper\dists\gradle-5.6.4-all\ankdp27end7byghfw1q2sw75f\gradle-5.6.4\lib\gradle-launcher-5.6.4.jar
Launcher Type: SUN_STANDARD

Environment Variables:
JAVA_HOME=C:\Program Files\Java\jdk1.8.0_144
PATH=C:\Program Files (x86)\Intel\iCLS Client\;C:\oraclexe\app\oracle\product\11.2.0\server\bin;C:\ProgramData\Oracle\Java\javapath;C:\Program Files\Intel\iCLS Client\;C:\windows\system32;C:\windows;C:\windows\System32\Wbem;C:\windows\System32\WindowsPowerShell\v1.0\;C:\Program Files (x86)\NVIDIA Corporation\PhysX\Common;C:\WINDOWS\system32;C:\WINDOWS;C:\WINDOWS\System32\Wbem;C:\WINDOWS\System32\WindowsPowerShell\v1.0\;C:\Program Files (x86)\Intel\Intel(R) Management Engine Components\DAL;C:\Program Files\Intel\Intel(R) Management Engine Components\DAL;C:\Program Files (x86)\Intel\Intel(R) Management Engine Components\IPT;C:\Program Files\Intel\Intel(R) Management Engine Components\IPT;C:\WINDOWS\System32\OpenSSH\;C:\Program Files\Intel\WiFi\bin\;C:\Program Files\Common Files\Intel\WirelessCommon\;C:\Program Files\Java\jdk1.8.0_144\bin;C:\Program Files\Git\cmd;C:\Program Files\TortoiseSVN\bin;C:\Users\rocio\AppData\Local\Microsoft\WindowsApps;C:\Users\rocio\AppData\Local\GitHubDesktop\bin;%USERPROFILE%\AppData\Local\Microsoft\WindowsApps;
USERNAME=rocio
OS=Windows_NT
PROCESSOR_IDENTIFIER=Intel64 Family 6 Model 158 Stepping 9, GenuineIntel



---------------  S Y S T E M  ---------------

OS: Windows 10.0 , 64 bit Build 18362 (10.0.18362.778)

CPU:total 8 (initial active 8) (4 cores per cpu, 2 threads per core) family 6 model 158 stepping 9, cmov, cx8, fxsr, mmx, sse, sse2, sse3, ssse3, sse4.1, sse4.2, popcnt, avx, avx2, aes, clmul, erms, 3dnowpref, lzcnt, ht, tsc, tscinvbit, bmi1, bmi2, adx

Memory: 4k page, physical 8271076k(1263572k free), swap 14562532k(5645516k free)

vm_info: OpenJDK 64-Bit Server VM (25.212-b04) for windows-amd64 JRE (1.8.0_212-release-1586-b04), built by "builder" with MS VC++ 10.0 (VS2010)

time: Thu Jun 04 16:59:13 2020
timezone: Hora de verano romance
elapsed time: 10 seconds (0d 0h 0m 10s)

