#
# A fatal error has been detected by the Java Runtime Environment:
#
#  EXCEPTION_ACCESS_VIOLATION (0xc0000005) at pc=0x000000006f094d4e, pid=12916, tid=0x0000000000002794
#
# JRE version: OpenJDK Runtime Environment (8.0_212-b04) (build 1.8.0_212-release-1586-b04)
# Java VM: OpenJDK 64-Bit Server VM (25.212-b04 mixed mode windows-amd64 compressed oops)
# Problematic frame:
# V  [jvm.dll+0x434d4e]
#
# Failed to write core dump. Minidumps are not enabled by default on client versions of Windows
#
# If you would like to submit a bug report, please visit:
#   
#

---------------  T H R E A D  ---------------

Current thread (0x000000001638a000):  JavaThread "C2 CompilerThread2" daemon [_thread_in_native, id=10132, stack(0x0000000018ca0000,0x0000000018da0000)]

siginfo: ExceptionCode=0xc0000005, reading address 0x00000001206a27c0

Registers:
RAX=0x0000000000000001, RBX=0x00000000215d8a20, RCX=0x0000000018d9c970, RDX=0x00000000206a27c0
RSP=0x0000000018d9c4f0, RBP=0x0000000018d9c550, RSI=0x00000000000821e0, RDI=0x0000000000000000
R8 =0x0000000000000000, R9 =0x0000000000000d00, R10=0x0000000040000000, R11=0x0000000000000000
R12=0x00000000215d8a20, R13=0x000000000000752f, R14=0x000000006ec60000, R15=0x0000000000000000
RIP=0x000000006f094d4e, EFLAGS=0x0000000000010206

Top of Stack: (sp=0x0000000018d9c4f0)
0x0000000018d9c4f0:   0000000021d35d30 0000000021d35dd0
0x0000000018d9c500:   0000000018d9c970 0000000018d9c680
0x0000000018d9c510:   00000d0700000000 0000000000000008
0x0000000018d9c520:   000000001dffc5c0 0000000000000017
0x0000000018d9c530:   00000000207a1aa8 0000000000000017
0x0000000018d9c540:   0000000021d35e70 0000000019db30f8
0x0000000018d9c550:   ffffffffffffffff 0000000000000000
0x0000000018d9c560:   0000000018d9c970 000000006f095287
0x0000000018d9c570:   00000000215d8a20 00000000215d8a20
0x0000000018d9c580:   00000000000821e0 00000000000821e0
0x0000000018d9c590:   00000d0700000000 0000000000000008
0x0000000018d9c5a0:   000000001dffc5c0 0000000000000017
0x0000000018d9c5b0:   00000000207a1aa8 0000000000000017
0x0000000018d9c5c0:   0000000021d35e70 0000000000000000
0x0000000018d9c5d0:   0000000020f9bf58 0000000000000000
0x0000000018d9c5e0:   00000000000003d8 0000000020f9bb80 

Instructions: (pc=0x000000006f094d4e)
0x000000006f094d2e:   cc cc 48 89 74 24 18 55 57 41 54 48 8b ec 48 83
0x000000006f094d3e:   ec 60 4c 63 52 20 4c 8b e2 48 8b 91 08 01 00 00
0x000000006f094d4e:   46 8b 0c 92 41 8b f0 48 8b f9 45 3b ca 74 3d 0f
0x000000006f094d5e:   1f 00 41 8b c9 49 63 c1 44 8b 0c 82 44 3b c9 75 


Register to memory mapping:

RAX=0x0000000000000001 is an unknown value
RBX=0x00000000215d8a20 is an unknown value
RCX=0x0000000018d9c970 is pointing into the stack for thread: 0x000000001638a000
RDX=0x00000000206a27c0 is an unknown value
RSP=0x0000000018d9c4f0 is pointing into the stack for thread: 0x000000001638a000
RBP=0x0000000018d9c550 is pointing into the stack for thread: 0x000000001638a000
RSI=0x00000000000821e0 is an unknown value
RDI=0x0000000000000000 is an unknown value
R8 =0x0000000000000000 is an unknown value
R9 =0x0000000000000d00 is an unknown value
R10=0x0000000040000000 is an unknown value
R11=0x0000000000000000 is an unknown value
R12=0x00000000215d8a20 is an unknown value
R13=0x000000000000752f is an unknown value
R14=0x000000006ec60000 is an unknown value
R15=0x0000000000000000 is an unknown value


Stack: [0x0000000018ca0000,0x0000000018da0000],  sp=0x0000000018d9c4f0,  free space=1009k
Native frames: (J=compiled Java code, j=interpreted, Vv=VM code, C=native code)
V  [jvm.dll+0x434d4e]
V  [jvm.dll+0x435287]
V  [jvm.dll+0x436e23]
V  [jvm.dll+0x44189b]
V  [jvm.dll+0x444198]
V  [jvm.dll+0x4272e2]
V  [jvm.dll+0x81fbf]
V  [jvm.dll+0x8291f]
V  [jvm.dll+0x21db3f]
V  [jvm.dll+0x26f53a]
C  [msvcr100.dll+0x21d9f]
C  [msvcr100.dll+0x21e3b]
C  [KERNEL32.DLL+0x17bd4]
C  [ntdll.dll+0x6ce51]


Current CompileTask:
C2:  16747 8904       4       com.android.tools.r8.code.o1::a (4075 bytes)


---------------  P R O C E S S  ---------------

Java Threads: ( => current thread )
  0x000000001af0e800 JavaThread "ForkJoinPool-2-worker-0" daemon [_thread_blocked, id=13028, stack(0x00000000297e0000,0x00000000298e0000)]
  0x000000001af0f800 JavaThread "ForkJoinPool-2-worker-7" daemon [_thread_blocked, id=10648, stack(0x00000000296e0000,0x00000000297e0000)]
  0x000000001af0e000 JavaThread "ForkJoinPool-2-worker-6" daemon [_thread_blocked, id=9464, stack(0x00000000295e0000,0x00000000296e0000)]
  0x000000001af0d000 JavaThread "ForkJoinPool-2-worker-5" daemon [_thread_blocked, id=14552, stack(0x00000000294e0000,0x00000000295e0000)]
  0x000000001af10000 JavaThread "ForkJoinPool-2-worker-4" daemon [_thread_blocked, id=9556, stack(0x00000000293e0000,0x00000000294e0000)]
  0x000000001af06000 JavaThread "ForkJoinPool-2-worker-3" daemon [_thread_blocked, id=10236, stack(0x00000000292e0000,0x00000000293e0000)]
  0x000000001af05800 JavaThread "ForkJoinPool-2-worker-2" daemon [_thread_blocked, id=11508, stack(0x00000000291e0000,0x00000000292e0000)]
  0x000000001af0c000 JavaThread "ForkJoinPool-2-worker-1" daemon [_thread_blocked, id=10420, stack(0x00000000290e0000,0x00000000291e0000)]
  0x000000001af0a800 JavaThread "WorkerExecutor Queue Thread 3" [_thread_blocked, id=14116, stack(0x0000000026730000,0x0000000026830000)]
  0x000000001af08800 JavaThread "stdout" [_thread_in_native, id=8532, stack(0x0000000026b30000,0x0000000026c30000)]
  0x000000001af04800 JavaThread "stderr" [_thread_in_native, id=15276, stack(0x0000000026a30000,0x0000000026b30000)]
  0x000000001af07000 JavaThread "pool-2-thread-1" [_thread_blocked, id=8024, stack(0x0000000026930000,0x0000000026a30000)]
  0x000000001af07800 JavaThread "WorkerExecutor Queue Thread 2" [_thread_in_native, id=1832, stack(0x0000000026830000,0x0000000026930000)]
  0x000000001af04000 JavaThread "Cache worker for execution history cache (C:\Users\rocio\Desktop\rocio\PROYECTO\FutFemApp\.gradle\5.6.4\executionHistory)" [_thread_blocked, id=3128, stack(0x0000000026030000,0x0000000026130000)]
  0x000000001af0a000 JavaThread "Execution worker for ':' Thread 7" [_thread_blocked, id=9480, stack(0x0000000025f30000,0x0000000026030000)]
  0x000000001e900800 JavaThread "Execution worker for ':' Thread 6" [_thread_blocked, id=13564, stack(0x0000000025e30000,0x0000000025f30000)]
  0x000000001e900000 JavaThread "Execution worker for ':' Thread 5" [_thread_blocked, id=2800, stack(0x0000000025d30000,0x0000000025e30000)]
  0x000000001e8ff000 JavaThread "Execution worker for ':' Thread 4" [_thread_blocked, id=10724, stack(0x0000000025c30000,0x0000000025d30000)]
  0x000000001e8fe800 JavaThread "Execution worker for ':' Thread 3" [_thread_blocked, id=14644, stack(0x0000000025b30000,0x0000000025c30000)]
  0x000000001e901800 JavaThread "Execution worker for ':' Thread 2" [_thread_blocked, id=13788, stack(0x0000000025a30000,0x0000000025b30000)]
  0x000000001e8fd800 JavaThread "Execution worker for ':'" [_thread_blocked, id=6704, stack(0x0000000023fb0000,0x00000000240b0000)]
  0x000000001e8fd000 JavaThread "Cache worker for file content cache (C:\Users\rocio\Desktop\rocio\PROYECTO\FutFemApp\.gradle\5.6.4\fileContent)" [_thread_blocked, id=9316, stack(0x0000000024280000,0x0000000024380000)]
  0x000000001e8fc000 JavaThread "Cache worker for file content cache (C:\Users\rocio\.gradle\caches\5.6.4\fileContent)" [_thread_blocked, id=9952, stack(0x0000000024180000,0x0000000024280000)]
  0x000000001e8f4800 JavaThread "Memory manager" [_thread_blocked, id=9948, stack(0x0000000023860000,0x0000000023960000)]
  0x000000001e8fa800 JavaThread "Cache worker for Build Output Cleanup Cache (C:\Users\rocio\Desktop\rocio\PROYECTO\FutFemApp\.gradle\buildOutputCleanup)" [_thread_blocked, id=13112, stack(0x0000000023560000,0x0000000023660000)]
  0x000000001e8f8800 JavaThread "pool-1-thread-1" [_thread_blocked, id=10312, stack(0x0000000023260000,0x0000000023360000)]
  0x000000001e8f7800 JavaThread "Build operations Thread 8" [_thread_blocked, id=14876, stack(0x0000000022d60000,0x0000000022e60000)]
  0x000000001e8f4000 JavaThread "Build operations Thread 7" [_thread_blocked, id=8792, stack(0x0000000022c60000,0x0000000022d60000)]
  0x000000001e8f7000 JavaThread "Build operations Thread 6" [_thread_blocked, id=2364, stack(0x0000000022b60000,0x0000000022c60000)]
  0x000000001e8f6000 JavaThread "Build operations Thread 5" [_thread_blocked, id=476, stack(0x0000000022a60000,0x0000000022b60000)]
  0x000000001e8f5800 JavaThread "Build operations Thread 4" [_thread_blocked, id=11284, stack(0x0000000022960000,0x0000000022a60000)]
  0x000000001e8fa000 JavaThread "Build operations Thread 3" [_thread_blocked, id=5648, stack(0x0000000022860000,0x0000000022960000)]
  0x000000001e8f2800 JavaThread "Build operations Thread 2" [_thread_blocked, id=148, stack(0x0000000022760000,0x0000000022860000)]
  0x000000001e8f9000 JavaThread "Build operations" [_thread_blocked, id=7596, stack(0x00000000221b0000,0x00000000222b0000)]
  0x000000001ace3800 JavaThread "Cache worker for execution history cache (C:\Users\rocio\.gradle\caches\5.6.4\executionHistory)" [_thread_blocked, id=9872, stack(0x00000000220b0000,0x00000000221b0000)]
  0x000000001ace2800 JavaThread "Cache worker for cache directory md-rule (C:\Users\rocio\.gradle\caches\5.6.4\md-rule)" [_thread_blocked, id=13708, stack(0x0000000021db0000,0x0000000021eb0000)]
  0x000000001ace2000 JavaThread "Cache worker for cache directory md-supplier (C:\Users\rocio\.gradle\caches\5.6.4\md-supplier)" [_thread_blocked, id=9188, stack(0x0000000020a40000,0x0000000020b40000)]
  0x000000001ace5800 JavaThread "Cache worker for file hash cache (C:\Users\rocio\Desktop\rocio\PROYECTO\FutFemApp\.gradle\5.6.4\fileHashes)" [_thread_blocked, id=10388, stack(0x000000001d0f0000,0x000000001d1f0000)]
  0x000000001ace5000 JavaThread "Cache worker for journal cache (C:\Users\rocio\.gradle\caches\journal-1)" [_thread_blocked, id=6384, stack(0x000000001cdf0000,0x000000001cef0000)]
  0x000000001ace4000 JavaThread "File lock request listener" [_thread_in_native, id=4728, stack(0x000000001ccf0000,0x000000001cdf0000)]
  0x000000001ac1c000 JavaThread "Cache worker for file hash cache (C:\Users\rocio\.gradle\caches\5.6.4\fileHashes)" [_thread_blocked, id=7148, stack(0x000000001cbf0000,0x000000001ccf0000)]
  0x000000001ab7f000 JavaThread "Thread-9" [_thread_blocked, id=1468, stack(0x000000001caf0000,0x000000001cbf0000)]
  0x000000001ab80000 JavaThread "Stdin handler" [_thread_blocked, id=12448, stack(0x000000001c9f0000,0x000000001caf0000)]
  0x000000001ab6e800 JavaThread "Asynchronous log dispatcher for DefaultDaemonConnection: socket connection from /127.0.0.1:56138 to /127.0.0.1:56139" [_thread_blocked, id=13984, stack(0x000000001c7f0000,0x000000001c8f0000)]
  0x000000001ab86800 JavaThread "Daemon worker" [_thread_blocked, id=11736, stack(0x000000001c6f0000,0x000000001c7f0000)]
  0x000000001ab6d800 JavaThread "Cancel handler" [_thread_blocked, id=15228, stack(0x000000001c5f0000,0x000000001c6f0000)]
  0x000000001ab32000 JavaThread "Handler for socket connection from /127.0.0.1:56138 to /127.0.0.1:56139" [_thread_in_native, id=8128, stack(0x000000001c2f0000,0x000000001c3f0000)]
  0x000000001ab34000 JavaThread "Daemon" [_thread_blocked, id=13840, stack(0x000000001c1f0000,0x000000001c2f0000)]
  0x000000001ab21800 JavaThread "Daemon periodic checks" [_thread_blocked, id=9648, stack(0x000000001c0f0000,0x000000001c1f0000)]
  0x000000001aacb800 JavaThread "Incoming local TCP Connector on port 56138" [_thread_in_native, id=5936, stack(0x000000001be80000,0x000000001bf80000)]
  0x00000000182da800 JavaThread "Daemon health stats" [_thread_blocked, id=10680, stack(0x000000001b840000,0x000000001b940000)]
  0x0000000018243800 JavaThread "Service Thread" daemon [_thread_blocked, id=9376, stack(0x0000000018ea0000,0x0000000018fa0000)]
  0x00000000181b9800 JavaThread "C1 CompilerThread3" daemon [_thread_blocked, id=15240, stack(0x0000000018da0000,0x0000000018ea0000)]
=>0x000000001638a000 JavaThread "C2 CompilerThread2" daemon [_thread_in_native, id=10132, stack(0x0000000018ca0000,0x0000000018da0000)]
  0x00000000181b1000 JavaThread "C2 CompilerThread1" daemon [_thread_in_native, id=6796, stack(0x0000000018ba0000,0x0000000018ca0000)]
  0x00000000181aa000 JavaThread "C2 CompilerThread0" daemon [_thread_in_native, id=12628, stack(0x0000000018aa0000,0x0000000018ba0000)]
  0x00000000181b6800 JavaThread "Attach Listener" daemon [_thread_blocked, id=3212, stack(0x00000000189a0000,0x0000000018aa0000)]
  0x00000000181b5800 JavaThread "Signal Dispatcher" daemon [_thread_blocked, id=11236, stack(0x00000000188a0000,0x00000000189a0000)]
  0x00000000181a1000 JavaThread "Finalizer" daemon [_thread_blocked, id=2616, stack(0x0000000018680000,0x0000000018780000)]
  0x00000000181a0800 JavaThread "Reference Handler" daemon [_thread_blocked, id=11972, stack(0x0000000018580000,0x0000000018680000)]
  0x000000000230e800 JavaThread "main" [_thread_blocked, id=6288, stack(0x00000000023c0000,0x00000000024c0000)]

Other Threads:
  0x0000000016376000 VMThread [stack: 0x0000000018080000,0x0000000018180000] [id=10536]
  0x00000000181d3800 WatcherThread [stack: 0x0000000018fa0000,0x00000000190a0000] [id=5764]

VM state:not at safepoint (normal execution)

VM Mutex/Monitor currently owned by a thread: None

heap address: 0x00000000a0000000, size: 1536 MB, Compressed Oops mode: 32-bit
Narrow klass base: 0x0000000000000000, Narrow klass shift: 3
Compressed class space size: 1073741824 Address: 0x0000000100000000

Heap:
 PSYoungGen      total 270848K, used 116397K [0x00000000e0000000, 0x00000000f4800000, 0x0000000100000000)
  eden space 245760K, 38% used [0x00000000e0000000,0x00000000e5c30af0,0x00000000ef000000)
  from space 25088K, 87% used [0x00000000ef000000,0x00000000f057ad00,0x00000000f0880000)
  to   space 27648K, 0% used [0x00000000f2d00000,0x00000000f2d00000,0x00000000f4800000)
 ParOldGen       total 169472K, used 34124K [0x00000000a0000000, 0x00000000aa580000, 0x00000000e0000000)
  object space 169472K, 20% used [0x00000000a0000000,0x00000000a2153090,0x00000000aa580000)
 Metaspace       used 67846K, capacity 70486K, committed 70656K, reserved 1110016K
  class space    used 9336K, capacity 9874K, committed 9984K, reserved 1048576K

Card table byte_map: [0x0000000011980000,0x0000000011c90000] byte_map_base: 0x0000000011480000

Marking Bits: (ParMarkBitMap*) 0x000000006f429f30
 Begin Bits: [0x0000000012690000, 0x0000000013e90000)
 End Bits:   [0x0000000013e90000, 0x0000000015690000)

Polling page: 0x0000000000670000

CodeCache: size=245760Kb used=25087Kb max_used=25087Kb free=220672Kb
 bounds [0x00000000025c0000, 0x0000000003e60000, 0x00000000115c0000]
 total_blobs=8877 nmethods=8036 adapters=754
 compilation: enabled

Compilation events (10 events):
Event: 16.672 Thread 0x00000000181b9800 9089  s    3       com.android.tools.r8.graph.y$a::a (16 bytes)
Event: 16.672 Thread 0x00000000181b9800 nmethod 9089 0x0000000003e52b50 code [0x0000000003e52cc0, 0x0000000003e530f8]
Event: 16.672 Thread 0x00000000181b9800 9087       3       java.util.concurrent.ConcurrentLinkedQueue::succ (19 bytes)
Event: 16.672 Thread 0x00000000181b9800 nmethod 9087 0x0000000003e53210 code [0x0000000003e53360, 0x0000000003e53510]
Event: 16.694 Thread 0x00000000181b9800 9091       3       com.android.tools.r8.utils.x0$$Lambda$658/2105652591::get$Lambda (9 bytes)
Event: 16.694 Thread 0x00000000181b9800 nmethod 9091 0x0000000003e535d0 code [0x0000000003e53740, 0x0000000003e53990]
Event: 16.694 Thread 0x00000000181b9800 9093   !   3       java.util.concurrent.ConcurrentHashMap::merge (526 bytes)
Event: 16.696 Thread 0x00000000181b9800 nmethod 9093 0x0000000003e53a90 code [0x0000000003e53de0, 0x0000000003e55fc8]
Event: 16.696 Thread 0x00000000181b9800 9092       3       com.android.tools.r8.utils.x0$$Lambda$658/2105652591::<init> (10 bytes)
Event: 16.696 Thread 0x00000000181b9800 nmethod 9092 0x0000000003e575d0 code [0x0000000003e57720, 0x0000000003e578f0]

GC Heap History (10 events):
Event: 4.331 GC heap before
{Heap before GC invocations=8 (full 2):
 PSYoungGen      total 201728K, used 10738K [0x00000000e0000000, 0x00000000edc00000, 0x0000000100000000)
  eden space 184832K, 0% used [0x00000000e0000000,0x00000000e0000000,0x00000000eb480000)
  from space 16896K, 63% used [0x00000000ec500000,0x00000000ecf7c808,0x00000000ed580000)
  to   space 16896K, 0% used [0x00000000eb480000,0x00000000eb480000,0x00000000ec500000)
 ParOldGen       total 74240K, used 19551K [0x00000000a0000000, 0x00000000a4880000, 0x00000000e0000000)
  object space 74240K, 26% used [0x00000000a0000000,0x00000000a1317e28,0x00000000a4880000)
 Metaspace       used 34603K, capacity 35446K, committed 35496K, reserved 1079296K
  class space    used 4771K, capacity 4967K, committed 4992K, reserved 1048576K
Event: 4.389 GC heap after
Heap after GC invocations=8 (full 2):
 PSYoungGen      total 201728K, used 0K [0x00000000e0000000, 0x00000000edc00000, 0x0000000100000000)
  eden space 184832K, 0% used [0x00000000e0000000,0x00000000e0000000,0x00000000eb480000)
  from space 16896K, 0% used [0x00000000ec500000,0x00000000ec500000,0x00000000ed580000)
  to   space 16896K, 0% used [0x00000000eb480000,0x00000000eb480000,0x00000000ec500000)
 ParOldGen       total 115200K, used 17639K [0x00000000a0000000, 0x00000000a7080000, 0x00000000e0000000)
  object space 115200K, 15% used [0x00000000a0000000,0x00000000a1139ed0,0x00000000a7080000)
 Metaspace       used 34579K, capacity 35368K, committed 35496K, reserved 1079296K
  class space    used 4764K, capacity 4954K, committed 4992K, reserved 1048576K
}
Event: 6.334 GC heap before
{Heap before GC invocations=9 (full 2):
 PSYoungGen      total 201728K, used 184832K [0x00000000e0000000, 0x00000000edc00000, 0x0000000100000000)
  eden space 184832K, 100% used [0x00000000e0000000,0x00000000eb480000,0x00000000eb480000)
  from space 16896K, 0% used [0x00000000ec500000,0x00000000ec500000,0x00000000ed580000)
  to   space 16896K, 0% used [0x00000000eb480000,0x00000000eb480000,0x00000000ec500000)
 ParOldGen       total 115200K, used 17639K [0x00000000a0000000, 0x00000000a7080000, 0x00000000e0000000)
  object space 115200K, 15% used [0x00000000a0000000,0x00000000a1139ed0,0x00000000a7080000)
 Metaspace       used 51818K, capacity 53382K, committed 53632K, reserved 1095680K
  class space    used 7098K, capacity 7478K, committed 7552K, reserved 1048576K
Event: 6.351 GC heap after
Heap after GC invocations=9 (full 2):
 PSYoungGen      total 201728K, used 16888K [0x00000000e0000000, 0x00000000f1e80000, 0x0000000100000000)
  eden space 184832K, 0% used [0x00000000e0000000,0x00000000e0000000,0x00000000eb480000)
  from space 16896K, 99% used [0x00000000eb480000,0x00000000ec4fe368,0x00000000ec500000)
  to   space 22528K, 0% used [0x00000000f0880000,0x00000000f0880000,0x00000000f1e80000)
 ParOldGen       total 115200K, used 23227K [0x00000000a0000000, 0x00000000a7080000, 0x00000000e0000000)
  object space 115200K, 20% used [0x00000000a0000000,0x00000000a16aeed8,0x00000000a7080000)
 Metaspace       used 51818K, capacity 53382K, committed 53632K, reserved 1095680K
  class space    used 7098K, capacity 7478K, committed 7552K, reserved 1048576K
}
Event: 7.338 GC heap before
{Heap before GC invocations=10 (full 2):
 PSYoungGen      total 201728K, used 99524K [0x00000000e0000000, 0x00000000f1e80000, 0x0000000100000000)
  eden space 184832K, 44% used [0x00000000e0000000,0x00000000e50b2ee8,0x00000000eb480000)
  from space 16896K, 99% used [0x00000000eb480000,0x00000000ec4fe368,0x00000000ec500000)
  to   space 22528K, 0% used [0x00000000f0880000,0x00000000f0880000,0x00000000f1e80000)
 ParOldGen       total 115200K, used 23227K [0x00000000a0000000, 0x00000000a7080000, 0x00000000e0000000)
  object space 115200K, 20% used [0x00000000a0000000,0x00000000a16aeed8,0x00000000a7080000)
 Metaspace       used 57011K, capacity 59086K, committed 59160K, reserved 1099776K
  class space    used 7916K, capacity 8392K, committed 8448K, reserved 1048576K
Event: 7.357 GC heap after
Heap after GC invocations=10 (full 2):
 PSYoungGen      total 268288K, used 19846K [0x00000000e0000000, 0x00000000f2800000, 0x0000000100000000)
  eden space 245760K, 0% used [0x00000000e0000000,0x00000000e0000000,0x00000000ef000000)
  from space 22528K, 88% used [0x00000000f0880000,0x00000000f1be1888,0x00000000f1e80000)
  to   space 25088K, 0% used [0x00000000ef000000,0x00000000ef000000,0x00000000f0880000)
 ParOldGen       total 115200K, used 23235K [0x00000000a0000000, 0x00000000a7080000, 0x00000000e0000000)
  object space 115200K, 20% used [0x00000000a0000000,0x00000000a16b0ed8,0x00000000a7080000)
 Metaspace       used 57011K, capacity 59086K, committed 59160K, reserved 1099776K
  class space    used 7916K, capacity 8392K, committed 8448K, reserved 1048576K
}
Event: 7.357 GC heap before
{Heap before GC invocations=11 (full 3):
 PSYoungGen      total 268288K, used 19846K [0x00000000e0000000, 0x00000000f2800000, 0x0000000100000000)
  eden space 245760K, 0% used [0x00000000e0000000,0x00000000e0000000,0x00000000ef000000)
  from space 22528K, 88% used [0x00000000f0880000,0x00000000f1be1888,0x00000000f1e80000)
  to   space 25088K, 0% used [0x00000000ef000000,0x00000000ef000000,0x00000000f0880000)
 ParOldGen       total 115200K, used 23235K [0x00000000a0000000, 0x00000000a7080000, 0x00000000e0000000)
  object space 115200K, 20% used [0x00000000a0000000,0x00000000a16b0ed8,0x00000000a7080000)
 Metaspace       used 57011K, capacity 59086K, committed 59160K, reserved 1099776K
  class space    used 7916K, capacity 8392K, committed 8448K, reserved 1048576K
Event: 7.556 GC heap after
Heap after GC invocations=11 (full 3):
 PSYoungGen      total 268288K, used 0K [0x00000000e0000000, 0x00000000f2800000, 0x0000000100000000)
  eden space 245760K, 0% used [0x00000000e0000000,0x00000000e0000000,0x00000000ef000000)
  from space 22528K, 0% used [0x00000000f0880000,0x00000000f0880000,0x00000000f1e80000)
  to   space 25088K, 0% used [0x00000000ef000000,0x00000000ef000000,0x00000000f0880000)
 ParOldGen       total 169472K, used 34116K [0x00000000a0000000, 0x00000000aa580000, 0x00000000e0000000)
  object space 169472K, 20% used [0x00000000a0000000,0x00000000a2151090,0x00000000aa580000)
 Metaspace       used 56823K, capacity 58578K, committed 59160K, reserved 1099776K
  class space    used 7855K, capacity 8282K, committed 8448K, reserved 1048576K
}
Event: 14.728 GC heap before
{Heap before GC invocations=12 (full 3):
 PSYoungGen      total 268288K, used 245760K [0x00000000e0000000, 0x00000000f2800000, 0x0000000100000000)
  eden space 245760K, 100% used [0x00000000e0000000,0x00000000ef000000,0x00000000ef000000)
  from space 22528K, 0% used [0x00000000f0880000,0x00000000f0880000,0x00000000f1e80000)
  to   space 25088K, 0% used [0x00000000ef000000,0x00000000ef000000,0x00000000f0880000)
 ParOldGen       total 169472K, used 34116K [0x00000000a0000000, 0x00000000aa580000, 0x00000000e0000000)
  object space 169472K, 20% used [0x00000000a0000000,0x00000000a2151090,0x00000000aa580000)
 Metaspace       used 63995K, capacity 66258K, committed 66560K, reserved 1105920K
  class space    used 8710K, capacity 9162K, committed 9216K, reserved 1048576K
Event: 14.746 GC heap after
Heap after GC invocations=12 (full 3):
 PSYoungGen      total 270848K, used 21995K [0x00000000e0000000, 0x00000000f4800000, 0x0000000100000000)
  eden space 245760K, 0% used [0x00000000e0000000,0x00000000e0000000,0x00000000ef000000)
  from space 25088K, 87% used [0x00000000ef000000,0x00000000f057ad00,0x00000000f0880000)
  to   space 27648K, 0% used [0x00000000f2d00000,0x00000000f2d00000,0x00000000f4800000)
 ParOldGen       total 169472K, used 34124K [0x00000000a0000000, 0x00000000aa580000, 0x00000000e0000000)
  object space 169472K, 20% used [0x00000000a0000000,0x00000000a2153090,0x00000000aa580000)
 Metaspace       used 63995K, capacity 66258K, committed 66560K, reserved 1105920K
  class space    used 8710K, capacity 9162K, committed 9216K, reserved 1048576K
}

Deoptimization events (10 events):
Event: 16.076 Thread 0x000000001af07800 Uncommon trap: reason=unstable_if action=reinterpret pc=0x0000000003d32088 method=com.android.tools.r8.dex.j.g(I)Lcom/android/tools/r8/dex/k; @ 12
Event: 16.076 Thread 0x000000001af07800 Uncommon trap: reason=unstable_if action=reinterpret pc=0x00000000030b8cf0 method=com.android.tools.r8.dex.j.a()V @ 22
Event: 16.123 Thread 0x000000001af07800 Uncommon trap: reason=unstable_if action=reinterpret pc=0x0000000003742a20 method=java.nio.Bits.putInt(Ljava/nio/ByteBuffer;IIZ)V @ 1
Event: 16.381 Thread 0x000000001af0e000 Uncommon trap: reason=unstable_if action=reinterpret pc=0x0000000002e74c30 method=java.util.Arrays.hashCode([Ljava/lang/Object;)I @ 1
Event: 16.381 Thread 0x000000001af0f800 Uncommon trap: reason=unstable_if action=reinterpret pc=0x0000000002e74c30 method=java.util.Arrays.hashCode([Ljava/lang/Object;)I @ 1
Event: 16.381 Thread 0x000000001af0d000 Uncommon trap: reason=unstable_if action=reinterpret pc=0x0000000002e74c30 method=java.util.Arrays.hashCode([Ljava/lang/Object;)I @ 1
Event: 16.381 Thread 0x000000001af06000 Uncommon trap: reason=unstable_if action=reinterpret pc=0x0000000002e74c30 method=java.util.Arrays.hashCode([Ljava/lang/Object;)I @ 1
Event: 16.476 Thread 0x000000001af0e800 Uncommon trap: reason=unstable_if action=reinterpret pc=0x0000000003d95c34 method=com.android.tools.r8.graph.d0.b(Lcom/android/tools/r8/graph/d0;)I @ 46
Event: 16.481 Thread 0x000000001af0e800 Uncommon trap: reason=unstable_if action=reinterpret pc=0x0000000003d9c544 method=com.android.tools.r8.dex.j.j()Lcom/android/tools/r8/graph/DexValue; @ 50
Event: 16.542 Thread 0x000000001af0e800 Uncommon trap: reason=unstable_if action=reinterpret pc=0x0000000002884940 method=com.android.tools.r8.utils.O.d(I)Z @ 45

Classes redefined (0 events):
No events

Internal exceptions (10 events):
Event: 13.844 Thread 0x000000001af07800 Exception <a 'sun/nio/fs/WindowsException'> (0x00000000ebfc0bb8) thrown at [D:\src\AOSP-openjdk-cygwin\jdk8u\hotspot\src\share\vm\prims\jni.cpp, line 710]
Event: 14.077 Thread 0x000000001e900000 Implicit null exception at 0x00000000037ab86d to 0x00000000037abe5d
Event: 14.747 Thread 0x000000001ab86800 Implicit null exception at 0x0000000003728f14 to 0x000000000372b151
Event: 14.930 Thread 0x000000001e8fe800 Exception <a 'java/lang/NoSuchMethodError': <clinit>> (0x00000000e0f3cff8) thrown at [D:\src\AOSP-openjdk-cygwin\jdk8u\hotspot\src\share\vm\prims\jni.cpp, line 1614]
Event: 15.421 Thread 0x000000001af07800 Exception <a 'sun/nio/fs/WindowsException'> (0x00000000e1a438b8) thrown at [D:\src\AOSP-openjdk-cygwin\jdk8u\hotspot\src\share\vm\prims\jni.cpp, line 710]
Event: 15.750 Thread 0x000000001af07800 Exception <a 'java/lang/NoSuchMethodError': java.lang.Object.lambda$identity$2(Ljava/lang/Object;)Ljava/lang/Object;> (0x00000000e1cc3990) thrown at [D:\src\AOSP-openjdk-cygwin\jdk8u\hotspot\src\share\vm\interpreter\linkResolver.cpp, line 620]
Event: 16.381 Thread 0x000000001af0e000 Implicit null exception at 0x0000000002e74b2f to 0x0000000002e74c21
Event: 16.381 Thread 0x000000001af0f800 Implicit null exception at 0x0000000002e74b2f to 0x0000000002e74c21
Event: 16.381 Thread 0x000000001af0d000 Implicit null exception at 0x0000000002e74b2f to 0x0000000002e74c21
Event: 16.381 Thread 0x000000001af06000 Implicit null exception at 0x0000000002e74b2f to 0x0000000002e74c21

Events (10 events):
Event: 16.693 loading class com/android/tools/r8/dex/a$b
Event: 16.693 loading class com/android/tools/r8/dex/a$b done
Event: 16.693 loading class com/android/tools/r8/dex/a$b
Event: 16.693 loading class com/android/tools/r8/dex/a$b done
Event: 16.696 loading class com/android/tools/r8/graph/O0/a
Event: 16.696 loading class com/android/tools/r8/graph/O0/a done
Event: 16.697 loading class com/android/tools/r8/graph/O0/b
Event: 16.697 loading class com/android/tools/r8/graph/O0/b done
Event: 16.697 loading class com/android/tools/r8/r/n/v
Event: 16.697 loading class com/android/tools/r8/r/n/v done


Dynamic libraries:
0x00007ff645d60000 - 0x00007ff645d91000 	C:\Program Files\Android\Android Studio\jre\bin\java.exe
0x00007ff9ee200000 - 0x00007ff9ee3f0000 	C:\WINDOWS\SYSTEM32\ntdll.dll
0x00007ff9ec970000 - 0x00007ff9eca22000 	C:\WINDOWS\System32\KERNEL32.DLL
0x00007ff9ebe30000 - 0x00007ff9ec0d4000 	C:\WINDOWS\System32\KERNELBASE.dll
0x00007ff9ed1a0000 - 0x00007ff9ed243000 	C:\WINDOWS\System32\ADVAPI32.dll
0x00007ff9ec2b0000 - 0x00007ff9ec34e000 	C:\WINDOWS\System32\msvcrt.dll
0x00007ff9ecbf0000 - 0x00007ff9ecc87000 	C:\WINDOWS\System32\sechost.dll
0x00007ff9ecf20000 - 0x00007ff9ed040000 	C:\WINDOWS\System32\RPCRT4.dll
0x00007ff9eda50000 - 0x00007ff9edbe4000 	C:\WINDOWS\System32\USER32.dll
0x00007ff9ebac0000 - 0x00007ff9ebae1000 	C:\WINDOWS\System32\win32u.dll
0x00007ff9ee190000 - 0x00007ff9ee1b6000 	C:\WINDOWS\System32\GDI32.dll
0x00007ff9ebc90000 - 0x00007ff9ebe24000 	C:\WINDOWS\System32\gdi32full.dll
0x00007ff9ebbf0000 - 0x00007ff9ebc8e000 	C:\WINDOWS\System32\msvcp_win.dll
0x00007ff9ebaf0000 - 0x00007ff9ebbea000 	C:\WINDOWS\System32\ucrtbase.dll
0x00007ff9ea860000 - 0x00007ff9eaae4000 	C:\WINDOWS\WinSxS\amd64_microsoft.windows.common-controls_6595b64144ccf1df_6.0.18362.836_none_e6c4b943130f18ed\COMCTL32.dll
0x00007ff9ec480000 - 0x00007ff9ec7b6000 	C:\WINDOWS\System32\combase.dll
0x00007ff9eba40000 - 0x00007ff9ebac0000 	C:\WINDOWS\System32\bcryptPrimitives.dll
0x00007ff9ed330000 - 0x00007ff9ed35e000 	C:\WINDOWS\System32\IMM32.DLL
0x00000000700d0000 - 0x00000000701a2000 	C:\Program Files\Android\Android Studio\jre\jre\bin\msvcr100.dll
0x000000006ec60000 - 0x000000006f4a6000 	C:\Program Files\Android\Android Studio\jre\jre\bin\server\jvm.dll
0x00007ff9edca0000 - 0x00007ff9edca8000 	C:\WINDOWS\System32\PSAPI.DLL
0x00007ff9d6310000 - 0x00007ff9d6319000 	C:\WINDOWS\SYSTEM32\WSOCK32.dll
0x00007ff9e7ac0000 - 0x00007ff9e7ae4000 	C:\WINDOWS\SYSTEM32\WINMM.dll
0x00007ff9e9330000 - 0x00007ff9e933a000 	C:\WINDOWS\SYSTEM32\VERSION.dll
0x00007ff9edcb0000 - 0x00007ff9edd1f000 	C:\WINDOWS\System32\WS2_32.dll
0x00007ff9e7630000 - 0x00007ff9e765d000 	C:\WINDOWS\SYSTEM32\WINMMBASE.dll
0x00007ff9eb9f0000 - 0x00007ff9eba3a000 	C:\WINDOWS\System32\cfgmgr32.dll
0x00007ff9e6a40000 - 0x00007ff9e6a4f000 	C:\Program Files\Android\Android Studio\jre\jre\bin\verify.dll
0x00007ff9dd9c0000 - 0x00007ff9dd9e9000 	C:\Program Files\Android\Android Studio\jre\jre\bin\java.dll
0x00007ff9df210000 - 0x00007ff9df226000 	C:\Program Files\Android\Android Studio\jre\jre\bin\zip.dll
0x00007ff9ed360000 - 0x00007ff9eda44000 	C:\WINDOWS\System32\SHELL32.dll
0x00007ff9ecd10000 - 0x00007ff9ecdb9000 	C:\WINDOWS\System32\shcore.dll
0x00007ff9eb1c0000 - 0x00007ff9eb93e000 	C:\WINDOWS\System32\windows.storage.dll
0x00007ff9eb160000 - 0x00007ff9eb183000 	C:\WINDOWS\System32\profapi.dll
0x00007ff9eb110000 - 0x00007ff9eb15a000 	C:\WINDOWS\System32\powrprof.dll
0x00007ff9eb0c0000 - 0x00007ff9eb0d0000 	C:\WINDOWS\System32\UMPDC.dll
0x00007ff9ed270000 - 0x00007ff9ed2c2000 	C:\WINDOWS\System32\shlwapi.dll
0x00007ff9eb0d0000 - 0x00007ff9eb0e1000 	C:\WINDOWS\System32\kernel.appcore.dll
0x00007ff9ec140000 - 0x00007ff9ec157000 	C:\WINDOWS\System32\cryptsp.dll
0x00007ff9de840000 - 0x00007ff9de85a000 	C:\Program Files\Android\Android Studio\jre\jre\bin\net.dll
0x00007ff9dab90000 - 0x00007ff9dad66000 	C:\WINDOWS\SYSTEM32\urlmon.dll
0x00007ff9db7c0000 - 0x00007ff9dba66000 	C:\WINDOWS\SYSTEM32\iertutil.dll
0x00007ff9ea480000 - 0x00007ff9ea48c000 	C:\WINDOWS\SYSTEM32\CRYPTBASE.DLL
0x00007ff9ea2b0000 - 0x00007ff9ea317000 	C:\WINDOWS\system32\mswsock.dll
0x00007ff9dd9a0000 - 0x00007ff9dd9b3000 	C:\Program Files\Android\Android Studio\jre\jre\bin\nio.dll
0x00007ff9de890000 - 0x00007ff9de8b6000 	C:\Users\rocio\.gradle\native\30\windows-amd64\native-platform.dll
0x00007ff9e45d0000 - 0x00007ff9e45dd000 	C:\Program Files\Android\Android Studio\jre\jre\bin\management.dll
0x00007ff9e9e20000 - 0x00007ff9e9e53000 	C:\WINDOWS\system32\rsaenh.dll
0x00007ff9eb190000 - 0x00007ff9eb1b6000 	C:\WINDOWS\System32\bcrypt.dll
0x00007ff9eafb0000 - 0x00007ff9eafd5000 	C:\WINDOWS\SYSTEM32\USERENV.dll
0x00007ff9e9fc0000 - 0x00007ff9e9ffa000 	C:\WINDOWS\SYSTEM32\IPHLPAPI.DLL
0x00007ff9eca30000 - 0x00007ff9eca38000 	C:\WINDOWS\System32\NSI.dll
0x00007ff9d97c0000 - 0x00007ff9d97d6000 	C:\WINDOWS\SYSTEM32\dhcpcsvc6.DLL
0x00007ff9d97a0000 - 0x00007ff9d97bc000 	C:\WINDOWS\SYSTEM32\dhcpcsvc.DLL
0x00007ff9ea000000 - 0x00007ff9ea0cb000 	C:\WINDOWS\SYSTEM32\DNSAPI.dll
0x00007ff9eabe0000 - 0x00007ff9eadd4000 	C:\WINDOWS\SYSTEM32\dbghelp.dll

VM Arguments:
jvm_args: -Xmx1536m -Dfile.encoding=windows-1252 -Duser.country=ES -Duser.language=es -Duser.variant 
java_command: org.gradle.launcher.daemon.bootstrap.GradleDaemon 5.6.4
java_class_path (initial): C:\Users\rocio\.gradle\wrapper\dists\gradle-5.6.4-all\ankdp27end7byghfw1q2sw75f\gradle-5.6.4\lib\gradle-launcher-5.6.4.jar
Launcher Type: SUN_STANDARD

Environment Variables:
JAVA_HOME=C:\Program Files\Java\jdk1.8.0_144
PATH=C:\Program Files (x86)\Intel\iCLS Client\;C:\oraclexe\app\oracle\product\11.2.0\server\bin;C:\ProgramData\Oracle\Java\javapath;C:\Program Files\Intel\iCLS Client\;C:\windows\system32;C:\windows;C:\windows\System32\Wbem;C:\windows\System32\WindowsPowerShell\v1.0\;C:\Program Files (x86)\NVIDIA Corporation\PhysX\Common;C:\WINDOWS\system32;C:\WINDOWS;C:\WINDOWS\System32\Wbem;C:\WINDOWS\System32\WindowsPowerShell\v1.0\;C:\Program Files (x86)\Intel\Intel(R) Management Engine Components\DAL;C:\Program Files\Intel\Intel(R) Management Engine Components\DAL;C:\Program Files (x86)\Intel\Intel(R) Management Engine Components\IPT;C:\Program Files\Intel\Intel(R) Management Engine Components\IPT;C:\WINDOWS\System32\OpenSSH\;C:\Program Files\Intel\WiFi\bin\;C:\Program Files\Common Files\Intel\WirelessCommon\;C:\Program Files\Java\jdk1.8.0_144\bin;C:\Program Files\Git\cmd;C:\Program Files\TortoiseSVN\bin;C:\Users\rocio\AppData\Local\Microsoft\WindowsApps;C:\Users\rocio\AppData\Local\GitHubDesktop\bin;%USERPROFILE%\AppData\Local\Microsoft\WindowsApps;
USERNAME=rocio
OS=Windows_NT
PROCESSOR_IDENTIFIER=Intel64 Family 6 Model 158 Stepping 9, GenuineIntel



---------------  S Y S T E M  ---------------

OS: Windows 10.0 , 64 bit Build 18362 (10.0.18362.778)

CPU:total 8 (initial active 8) (4 cores per cpu, 2 threads per core) family 6 model 158 stepping 9, cmov, cx8, fxsr, mmx, sse, sse2, sse3, ssse3, sse4.1, sse4.2, popcnt, avx, avx2, aes, clmul, erms, 3dnowpref, lzcnt, ht, tsc, tscinvbit, bmi1, bmi2, adx

Memory: 4k page, physical 8271076k(805940k free), swap 14571292k(2540124k free)

vm_info: OpenJDK 64-Bit Server VM (25.212-b04) for windows-amd64 JRE (1.8.0_212-release-1586-b04), built by "builder" with MS VC++ 10.0 (VS2010)

time: Mon May 25 15:37:32 2020
timezone: Hora de verano romance
elapsed time: 16 seconds (0d 0h 0m 16s)

