#
# A fatal error has been detected by the Java Runtime Environment:
#
#  EXCEPTION_ACCESS_VIOLATION (0xc0000005) at pc=0x000000006ed4f51b, pid=12328, tid=0x0000000000003b20
#
# JRE version: OpenJDK Runtime Environment (8.0_212-b04) (build 1.8.0_212-release-1586-b04)
# Java VM: OpenJDK 64-Bit Server VM (25.212-b04 mixed mode windows-amd64 compressed oops)
# Problematic frame:
# V  [jvm.dll+0xef51b]
#
# Failed to write core dump. Minidumps are not enabled by default on client versions of Windows
#
# If you would like to submit a bug report, please visit:
#   
#

---------------  T H R E A D  ---------------

Current thread (0x0000000002e1a800):  GCTaskThread [stack: 0x00000000129d0000,0x0000000012ad0000] [id=15136]

siginfo: ExceptionCode=0xc0000005, reading address 0x0000000300011bd8

Registers:
RAX=0x0000000012fd0000, RBX=0x00000000a07a9a38, RCX=0x0000000000000003, RDX=0x0000000000000001
RSP=0x0000000012acf270, RBP=0x00000000a07a9a14, RSI=0x0000000002ef4330, RDI=0x0000000002ef4330
R8 =0x0000000300011bd0, R9 =0x00000001000089d8, R10=0x000000000000000c, R11=0x000000006f22ade8
R12=0x00000000a07a9a38, R13=0x0000000100008e18, R14=0x0000000100008e20, R15=0x00000000a07a99e0
RIP=0x000000006ed4f51b, EFLAGS=0x0000000000010202

Top of Stack: (sp=0x0000000012acf270)
0x0000000012acf270:   00000001000089d8 00000000a07a999c
0x0000000012acf280:   000000000000000b 000000006ee56622
0x0000000012acf290:   0000000000000000 00000000000003d8
0x0000000012acf2a0:   0000000002e1b398 0000000002e134c0
0x0000000012acf2b0:   000000000000070a 000000006f025f60
0x0000000012acf2c0:   00000000178ad890 0000000002ea9670
0x0000000012acf2d0:   0000000002ef4330 0000000002e1afc0
0x0000000012acf2e0:   0000000000000000 0000000000000c00
0x0000000012acf2f0:   0000000000000000 0000000000000000
0x0000000012acf300:   0000000000000000 0000000018e20000
0x0000000012acf310:   0000000000000001 000025f500000901
0x0000000012acf320:   0000331757128faa 0000000002e1b398
0x0000000012acf330:   0000000002e1afc0 00000000000003d8
0x0000000012acf340:   0000000002e1afc0 0000000002e134c0
0x0000000012acf350:   0000000002e1afb0 0000000002ea9670
0x0000000012acf360:   0000000002ef4330 000000006f022c43 

Instructions: (pc=0x000000006ed4f51b)
0x000000006ed4f4fb:   6d 00 84 d2 74 16 44 8b 43 08 8b 0d 0d 12 67 00
0x000000006ed4f50b:   49 d3 e0 4c 03 05 fb 11 67 00 eb 04 4c 8b 43 08
0x000000006ed4f51b:   45 8b 48 08 45 85 c9 7e 0c 41 f6 c1 01 75 4b 41
0x000000006ed4f52b:   c1 f9 03 eb 57 79 43 84 d2 41 8b c9 b8 10 00 00 


Register to memory mapping:

RAX=0x0000000012fd0000 is an unknown value
RBX=
[error occurred during error reporting (printing register info), id 0xc0000005]

Stack: [0x00000000129d0000,0x0000000012ad0000],  sp=0x0000000012acf270,  free space=1020k
Native frames: (J=compiled Java code, j=interpreted, Vv=VM code, C=native code)
V  [jvm.dll+0xef51b]
V  [jvm.dll+0x3c5f60]
V  [jvm.dll+0x3c2c43]
V  [jvm.dll+0x3c0a0e]
V  [jvm.dll+0x26f53a]
C  [msvcr100.dll+0x21d9f]
C  [msvcr100.dll+0x21e3b]
C  [KERNEL32.DLL+0x17bd4]
C  [ntdll.dll+0x6ce51]


---------------  P R O C E S S  ---------------

Java Threads: ( => current thread )
  0x0000000018e1f800 JavaThread "Execution worker for ':' Thread 7" [_thread_blocked, id=12344, stack(0x0000000025700000,0x0000000025800000)]
  0x0000000018e22800 JavaThread "Execution worker for ':' Thread 6" [_thread_blocked, id=12932, stack(0x0000000025600000,0x0000000025700000)]
  0x0000000018e21800 JavaThread "Execution worker for ':' Thread 5" [_thread_blocked, id=14964, stack(0x0000000025500000,0x0000000025600000)]
  0x0000000018e20000 JavaThread "Execution worker for ':' Thread 4" [_thread_blocked, id=4680, stack(0x0000000025400000,0x0000000025500000)]
  0x0000000018e1e800 JavaThread "Execution worker for ':' Thread 3" [_thread_blocked, id=13184, stack(0x0000000025300000,0x0000000025400000)]
  0x0000000018e1c800 JavaThread "Execution worker for ':' Thread 2" [_thread_blocked, id=10872, stack(0x0000000024f10000,0x0000000025010000)]
  0x0000000018e1d000 JavaThread "Execution worker for ':'" [_thread_blocked, id=7132, stack(0x0000000024e10000,0x0000000024f10000)]
  0x0000000018e23000 JavaThread "Cache worker for file content cache (C:\Users\rocio\Desktop\rocio\PROYECTO\FutFemApp\.gradle\5.6.4\fileContent)" [_thread_blocked, id=10532, stack(0x0000000024b10000,0x0000000024c10000)]
  0x0000000018e1b800 JavaThread "Cache worker for file content cache (C:\Users\rocio\.gradle\caches\5.6.4\fileContent)" [_thread_blocked, id=9276, stack(0x0000000024a10000,0x0000000024b10000)]
  0x00000000210c4000 JavaThread "Memory manager" [_thread_blocked, id=8264, stack(0x0000000024440000,0x0000000024540000)]
  0x00000000210c2800 JavaThread "Cache worker for Build Output Cleanup Cache (C:\Users\rocio\Desktop\rocio\PROYECTO\FutFemApp\.gradle\buildOutputCleanup)" [_thread_blocked, id=8212, stack(0x0000000023d40000,0x0000000023e40000)]
  0x00000000210c5800 JavaThread "pool-1-thread-1" [_thread_blocked, id=13888, stack(0x0000000023a40000,0x0000000023b40000)]
  0x00000000210c1800 JavaThread "Build operations Thread 8" [_thread_blocked, id=5712, stack(0x0000000023540000,0x0000000023640000)]
  0x00000000210ba000 JavaThread "Build operations Thread 7" [_thread_blocked, id=14752, stack(0x0000000023440000,0x0000000023540000)]
  0x00000000210be800 JavaThread "Build operations Thread 6" [_thread_blocked, id=6528, stack(0x0000000023340000,0x0000000023440000)]
  0x00000000210bb800 JavaThread "Build operations Thread 5" [_thread_blocked, id=6388, stack(0x0000000023240000,0x0000000023340000)]
  0x00000000210bb000 JavaThread "Build operations Thread 4" [_thread_blocked, id=5700, stack(0x0000000023140000,0x0000000023240000)]
  0x00000000210bd000 JavaThread "Build operations Thread 3" [_thread_blocked, id=12392, stack(0x0000000023040000,0x0000000023140000)]
  0x00000000210c1000 JavaThread "Build operations Thread 2" [_thread_blocked, id=10264, stack(0x0000000022f40000,0x0000000023040000)]
  0x00000000210be000 JavaThread "Build operations" [_thread_blocked, id=13328, stack(0x0000000022e40000,0x0000000022f40000)]
  0x00000000210b9800 JavaThread "Cache worker for execution history cache (C:\Users\rocio\.gradle\caches\5.6.4\executionHistory)" [_thread_blocked, id=2244, stack(0x0000000022940000,0x0000000022a40000)]
  0x00000000210bf800 JavaThread "Cache worker for cache directory md-rule (C:\Users\rocio\.gradle\caches\5.6.4\md-rule)" [_thread_blocked, id=8172, stack(0x0000000022840000,0x0000000022940000)]
  0x00000000210c0000 JavaThread "Cache worker for cache directory md-supplier (C:\Users\rocio\.gradle\caches\5.6.4\md-supplier)" [_thread_blocked, id=9496, stack(0x0000000021510000,0x0000000021610000)]
  0x000000001a7e9800 JavaThread "Cache worker for file hash cache (C:\Users\rocio\Desktop\rocio\PROYECTO\FutFemApp\.gradle\5.6.4\fileHashes)" [_thread_blocked, id=12928, stack(0x000000001ea00000,0x000000001eb00000)]
  0x000000001a7e8800 JavaThread "Cache worker for journal cache (C:\Users\rocio\.gradle\caches\journal-1)" [_thread_blocked, id=8480, stack(0x000000001d930000,0x000000001da30000)]
  0x000000001a7ef800 JavaThread "File lock request listener" [_thread_in_native, id=11260, stack(0x000000001d830000,0x000000001d930000)]
  0x000000001b61c800 JavaThread "Cache worker for file hash cache (C:\Users\rocio\.gradle\caches\5.6.4\fileHashes)" [_thread_blocked, id=15176, stack(0x000000001d530000,0x000000001d630000)]
  0x000000001b410800 JavaThread "Thread-9" [_thread_blocked, id=12568, stack(0x000000001d430000,0x000000001d530000)]
  0x000000001b3ed800 JavaThread "Stdin handler" [_thread_blocked, id=7196, stack(0x000000001d330000,0x000000001d430000)]
  0x000000001b3ed000 JavaThread "Asynchronous log dispatcher for DefaultDaemonConnection: socket connection from /127.0.0.1:56128 to /127.0.0.1:56129" [_thread_blocked, id=13136, stack(0x000000001d130000,0x000000001d230000)]
  0x000000001b3e6800 JavaThread "Daemon worker" [_thread_blocked, id=13844, stack(0x000000001d030000,0x000000001d130000)]
  0x000000001b3f8000 JavaThread "Cancel handler" [_thread_blocked, id=12668, stack(0x000000001cf30000,0x000000001d030000)]
  0x000000001b33f800 JavaThread "Handler for socket connection from /127.0.0.1:56128 to /127.0.0.1:56129" [_thread_in_native, id=12972, stack(0x000000001cc30000,0x000000001cd30000)]
  0x000000001b3a8000 JavaThread "Daemon" [_thread_blocked, id=9064, stack(0x000000001cb30000,0x000000001cc30000)]
  0x000000001b38d000 JavaThread "Daemon periodic checks" [_thread_blocked, id=8368, stack(0x000000001ca30000,0x000000001cb30000)]
  0x000000001b302000 JavaThread "Incoming local TCP Connector on port 56128" [_thread_in_native, id=6452, stack(0x000000001c7c0000,0x000000001c8c0000)]
  0x0000000019d43000 JavaThread "Daemon health stats" [_thread_blocked, id=11700, stack(0x000000001c180000,0x000000001c280000)]
  0x0000000018b88800 JavaThread "Service Thread" daemon [_thread_blocked, id=10272, stack(0x00000000197e0000,0x00000000198e0000)]
  0x0000000018aff000 JavaThread "C1 CompilerThread3" daemon [_thread_blocked, id=6688, stack(0x00000000196e0000,0x00000000197e0000)]
  0x0000000018af7000 JavaThread "C2 CompilerThread2" daemon [_thread_blocked, id=2416, stack(0x00000000195e0000,0x00000000196e0000)]
  0x0000000018af3000 JavaThread "C2 CompilerThread1" daemon [_thread_blocked, id=10956, stack(0x00000000194e0000,0x00000000195e0000)]
  0x0000000018af0000 JavaThread "C2 CompilerThread0" daemon [_thread_blocked, id=12132, stack(0x00000000193e0000,0x00000000194e0000)]
  0x0000000018aeb000 JavaThread "Attach Listener" daemon [_thread_blocked, id=9012, stack(0x00000000192e0000,0x00000000193e0000)]
  0x0000000018af6000 JavaThread "Signal Dispatcher" daemon [_thread_blocked, id=964, stack(0x00000000191e0000,0x00000000192e0000)]
  0x0000000002efe000 JavaThread "Finalizer" daemon [_thread_blocked, id=11708, stack(0x0000000018fc0000,0x00000000190c0000)]
  0x0000000016cbc800 JavaThread "Reference Handler" daemon [_thread_blocked, id=10784, stack(0x0000000018ec0000,0x0000000018fc0000)]
  0x0000000002dfe800 JavaThread "main" [_thread_blocked, id=4716, stack(0x0000000002ce0000,0x0000000002de0000)]

Other Threads:
  0x0000000016cb6000 VMThread [stack: 0x00000000189c0000,0x0000000018ac0000] [id=10364]
  0x0000000018b89800 WatcherThread [stack: 0x00000000198e0000,0x00000000199e0000] [id=11024]

=>0x0000000002e1a800 (exited) GCTaskThread [stack: 0x00000000129d0000,0x0000000012ad0000] [id=15136]

VM state:at safepoint (normal execution)

VM Mutex/Monitor currently owned by a thread:  ([mutex/lock_event])
[0x0000000002dfcce0] Threads_lock - owner thread: 0x0000000016cb6000
[0x0000000002dfcee0] Heap_lock - owner thread: 0x0000000018e1d000

heap address: 0x00000000a0000000, size: 1536 MB, Compressed Oops mode: 32-bit
Narrow klass base: 0x0000000000000000, Narrow klass shift: 3
Compressed class space size: 1073741824 Address: 0x0000000100000000

Heap:
 PSYoungGen      total 194560K, used 3002K [0x00000000e0000000, 0x00000000eda00000, 0x0000000100000000)
  eden space 175616K, 0% used [0x00000000e0000000,0x00000000e0000000,0x00000000eab80000)
  from space 18944K, 15% used [0x00000000ebe80000,0x00000000ec16e9d8,0x00000000ed100000)
  to   space 19456K, 0% used [0x00000000eab80000,0x00000000eab80000,0x00000000ebe80000)
 ParOldGen       total 88064K, used 34538K [0x00000000a0000000, 0x00000000a5600000, 0x00000000e0000000)
  object space 88064K, 39% used [0x00000000a0000000,0x00000000a21ba858,0x00000000a5600000)
 Metaspace       used 57060K, capacity 59030K, committed 59096K, reserved 1099776K
  class space    used 7895K, capacity 8394K, committed 8408K, reserved 1048576K

Card table byte_map: [0x00000000122c0000,0x00000000125d0000] byte_map_base: 0x0000000011dc0000

Marking Bits: (ParMarkBitMap*) 0x000000006f429f30
 Begin Bits: [0x0000000012fd0000, 0x00000000147d0000)
 End Bits:   [0x00000000147d0000, 0x0000000015fd0000)

Polling page: 0x0000000000bf0000

CodeCache: size=245760Kb used=16877Kb max_used=17078Kb free=228882Kb
 bounds [0x0000000002f00000, 0x0000000003fc0000, 0x0000000011f00000]
 total_blobs=6030 nmethods=5233 adapters=710
 compilation: enabled

Compilation events (10 events):
Event: 15.225 Thread 0x0000000018aff000 nmethod 5797 0x0000000003080a90 code [0x0000000003080c40, 0x0000000003081258]
Event: 15.225 Thread 0x0000000018aff000 5800       3       java.nio.Buffer::nextPutIndex (38 bytes)
Event: 15.225 Thread 0x0000000018aff000 nmethod 5800 0x0000000003024a90 code [0x0000000003024c00, 0x0000000003024e28]
Event: 15.225 Thread 0x0000000018aff000 5801       3       java.nio.Bits::int3 (6 bytes)
Event: 15.225 Thread 0x0000000018aff000 nmethod 5801 0x0000000003024790 code [0x00000000030248e0, 0x0000000003024a30]
Event: 15.230 Thread 0x0000000018aff000 5803       3       org.gradle.internal.serialize.kryo.KryoBackedEncoder::writeSmallInt (11 bytes)
Event: 15.230 Thread 0x0000000018aff000 nmethod 5803 0x0000000003024310 code [0x0000000003024480, 0x0000000003024688]
Event: 15.231 Thread 0x0000000018af7000 nmethod 5802 0x0000000003a12610 code [0x0000000003a12780, 0x0000000003a12db8]
Event: 15.244 Thread 0x0000000018af0000 5804       4       org.gradle.cache.internal.btree.BTreePersistentIndexedCache$IndexEntry::compareTo (9 bytes)
Event: 15.245 Thread 0x0000000018af0000 nmethod 5804 0x0000000003024050 code [0x00000000030241a0, 0x0000000003024258]

GC Heap History (10 events):
Event: 6.269 GC heap after
Heap after GC invocations=10 (full 1):
 PSYoungGen      total 117760K, used 10027K [0x00000000e0000000, 0x00000000ea180000, 0x0000000100000000)
  eden space 105984K, 0% used [0x00000000e0000000,0x00000000e0000000,0x00000000e6780000)
  from space 11776K, 85% used [0x00000000e6780000,0x00000000e714af50,0x00000000e7300000)
  to   space 12288K, 0% used [0x00000000e9580000,0x00000000e9580000,0x00000000ea180000)
 ParOldGen       total 59904K, used 9327K [0x00000000a0000000, 0x00000000a3a80000, 0x00000000e0000000)
  object space 59904K, 15% used [0x00000000a0000000,0x00000000a091bc30,0x00000000a3a80000)
 Metaspace       used 34566K, capacity 35436K, committed 35456K, reserved 1079296K
  class space    used 4755K, capacity 4975K, committed 4992K, reserved 1048576K
}
Event: 6.269 GC heap before
{Heap before GC invocations=11 (full 2):
 PSYoungGen      total 117760K, used 10027K [0x00000000e0000000, 0x00000000ea180000, 0x0000000100000000)
  eden space 105984K, 0% used [0x00000000e0000000,0x00000000e0000000,0x00000000e6780000)
  from space 11776K, 85% used [0x00000000e6780000,0x00000000e714af50,0x00000000e7300000)
  to   space 12288K, 0% used [0x00000000e9580000,0x00000000e9580000,0x00000000ea180000)
 ParOldGen       total 59904K, used 9327K [0x00000000a0000000, 0x00000000a3a80000, 0x00000000e0000000)
  object space 59904K, 15% used [0x00000000a0000000,0x00000000a091bc30,0x00000000a3a80000)
 Metaspace       used 34566K, capacity 35436K, committed 35456K, reserved 1079296K
  class space    used 4755K, capacity 4975K, committed 4992K, reserved 1048576K
Event: 6.308 GC heap after
Heap after GC invocations=11 (full 2):
 PSYoungGen      total 117760K, used 0K [0x00000000e0000000, 0x00000000ea180000, 0x0000000100000000)
  eden space 105984K, 0% used [0x00000000e0000000,0x00000000e0000000,0x00000000e6780000)
  from space 11776K, 0% used [0x00000000e6780000,0x00000000e6780000,0x00000000e7300000)
  to   space 12288K, 0% used [0x00000000e9580000,0x00000000e9580000,0x00000000ea180000)
 ParOldGen       total 88064K, used 16921K [0x00000000a0000000, 0x00000000a5600000, 0x00000000e0000000)
  object space 88064K, 19% used [0x00000000a0000000,0x00000000a10864e8,0x00000000a5600000)
 Metaspace       used 34537K, capacity 35340K, committed 35456K, reserved 1079296K
  class space    used 4746K, capacity 4959K, committed 4992K, reserved 1048576K
}
Event: 10.680 GC heap before
{Heap before GC invocations=12 (full 2):
 PSYoungGen      total 117760K, used 105984K [0x00000000e0000000, 0x00000000ea180000, 0x0000000100000000)
  eden space 105984K, 100% used [0x00000000e0000000,0x00000000e6780000,0x00000000e6780000)
  from space 11776K, 0% used [0x00000000e6780000,0x00000000e6780000,0x00000000e7300000)
  to   space 12288K, 0% used [0x00000000e9580000,0x00000000e9580000,0x00000000ea180000)
 ParOldGen       total 88064K, used 16921K [0x00000000a0000000, 0x00000000a5600000, 0x00000000e0000000)
  object space 88064K, 19% used [0x00000000a0000000,0x00000000a10864e8,0x00000000a5600000)
 Metaspace       used 45139K, capacity 46202K, committed 46336K, reserved 1089536K
  class space    used 6064K, capacity 6351K, committed 6400K, reserved 1048576K
Event: 10.693 GC heap after
Heap after GC invocations=12 (full 2):
 PSYoungGen      total 150528K, used 12286K [0x00000000e0000000, 0x00000000ea400000, 0x0000000100000000)
  eden space 138240K, 0% used [0x00000000e0000000,0x00000000e0000000,0x00000000e8700000)
  from space 12288K, 99% used [0x00000000e9580000,0x00000000ea17faa0,0x00000000ea180000)
  to   space 14848K, 0% used [0x00000000e8700000,0x00000000e8700000,0x00000000e9580000)
 ParOldGen       total 88064K, used 19273K [0x00000000a0000000, 0x00000000a5600000, 0x00000000e0000000)
  object space 88064K, 21% used [0x00000000a0000000,0x00000000a12d27b8,0x00000000a5600000)
 Metaspace       used 45139K, capacity 46202K, committed 46336K, reserved 1089536K
  class space    used 6064K, capacity 6351K, committed 6400K, reserved 1048576K
}
Event: 14.943 GC heap before
{Heap before GC invocations=13 (full 2):
 PSYoungGen      total 150528K, used 150526K [0x00000000e0000000, 0x00000000ea400000, 0x0000000100000000)
  eden space 138240K, 100% used [0x00000000e0000000,0x00000000e8700000,0x00000000e8700000)
  from space 12288K, 99% used [0x00000000e9580000,0x00000000ea17faa0,0x00000000ea180000)
  to   space 14848K, 0% used [0x00000000e8700000,0x00000000e8700000,0x00000000e9580000)
 ParOldGen       total 88064K, used 19273K [0x00000000a0000000, 0x00000000a5600000, 0x00000000e0000000)
  object space 88064K, 21% used [0x00000000a0000000,0x00000000a12d27b8,0x00000000a5600000)
 Metaspace       used 56176K, capacity 57966K, committed 58112K, reserved 1099776K
  class space    used 7738K, capacity 8152K, committed 8192K, reserved 1048576K
Event: 14.959 GC heap after
Heap after GC invocations=13 (full 2):
 PSYoungGen      total 153088K, used 14822K [0x00000000e0000000, 0x00000000ed100000, 0x0000000100000000)
  eden space 138240K, 0% used [0x00000000e0000000,0x00000000e0000000,0x00000000e8700000)
  from space 14848K, 99% used [0x00000000e8700000,0x00000000e9579820,0x00000000e9580000)
  to   space 18944K, 0% used [0x00000000ebe80000,0x00000000ebe80000,0x00000000ed100000)
 ParOldGen       total 88064K, used 26285K [0x00000000a0000000, 0x00000000a5600000, 0x00000000e0000000)
  object space 88064K, 29% used [0x00000000a0000000,0x00000000a19ab618,0x00000000a5600000)
 Metaspace       used 56176K, capacity 57966K, committed 58112K, reserved 1099776K
  class space    used 7738K, capacity 8152K, committed 8192K, reserved 1048576K
}
Event: 15.285 GC heap before
{Heap before GC invocations=14 (full 2):
 PSYoungGen      total 153088K, used 34773K [0x00000000e0000000, 0x00000000ed100000, 0x0000000100000000)
  eden space 138240K, 14% used [0x00000000e0000000,0x00000000e137bd08,0x00000000e8700000)
  from space 14848K, 99% used [0x00000000e8700000,0x00000000e9579820,0x00000000e9580000)
  to   space 18944K, 0% used [0x00000000ebe80000,0x00000000ebe80000,0x00000000ed100000)
 ParOldGen       total 88064K, used 26285K [0x00000000a0000000, 0x00000000a5600000, 0x00000000e0000000)
  object space 88064K, 29% used [0x00000000a0000000,0x00000000a19ab618,0x00000000a5600000)
 Metaspace       used 57060K, capacity 59030K, committed 59096K, reserved 1099776K
  class space    used 7895K, capacity 8394K, committed 8408K, reserved 1048576K
Event: 15.294 GC heap after
Heap after GC invocations=14 (full 2):
 PSYoungGen      total 194560K, used 3002K [0x00000000e0000000, 0x00000000eda00000, 0x0000000100000000)
  eden space 175616K, 0% used [0x00000000e0000000,0x00000000e0000000,0x00000000eab80000)
  from space 18944K, 15% used [0x00000000ebe80000,0x00000000ec16e9d8,0x00000000ed100000)
  to   space 19456K, 0% used [0x00000000eab80000,0x00000000eab80000,0x00000000ebe80000)
 ParOldGen       total 88064K, used 34538K [0x00000000a0000000, 0x00000000a5600000, 0x00000000e0000000)
  object space 88064K, 39% used [0x00000000a0000000,0x00000000a21ba858,0x00000000a5600000)
 Metaspace       used 57060K, capacity 59030K, committed 59096K, reserved 1099776K
  class space    used 7895K, capacity 8394K, committed 8408K, reserved 1048576K
}
Event: 15.294 GC heap before
{Heap before GC invocations=15 (full 3):
 PSYoungGen      total 194560K, used 3002K [0x00000000e0000000, 0x00000000eda00000, 0x0000000100000000)
  eden space 175616K, 0% used [0x00000000e0000000,0x00000000e0000000,0x00000000eab80000)
  from space 18944K, 15% used [0x00000000ebe80000,0x00000000ec16e9d8,0x00000000ed100000)
  to   space 19456K, 0% used [0x00000000eab80000,0x00000000eab80000,0x00000000ebe80000)
 ParOldGen       total 88064K, used 34538K [0x00000000a0000000, 0x00000000a5600000, 0x00000000e0000000)
  object space 88064K, 39% used [0x00000000a0000000,0x00000000a21ba858,0x00000000a5600000)
 Metaspace       used 57060K, capacity 59030K, committed 59096K, reserved 1099776K
  class space    used 7895K, capacity 8394K, committed 8408K, reserved 1048576K

Deoptimization events (10 events):
Event: 14.650 Thread 0x000000001b3e6800 Uncommon trap: reason=unstable_if action=reinterpret pc=0x0000000003703d34 method=java.lang.String.lastIndexOf([CII[CIII)I @ 118
Event: 15.091 Thread 0x000000001b3e6800 Uncommon trap: reason=class_check action=maybe_recompile pc=0x000000000376f410 method=org.gradle.api.internal.artifacts.transform.DefaultTransformationDependency.hashCode()I @ 4
Event: 15.091 Thread 0x000000001b3e6800 Uncommon trap: reason=class_check action=maybe_recompile pc=0x000000000376f410 method=org.gradle.api.internal.artifacts.transform.DefaultTransformationDependency.hashCode()I @ 4
Event: 15.091 Thread 0x000000001b3e6800 Uncommon trap: reason=class_check action=maybe_recompile pc=0x000000000376f410 method=org.gradle.api.internal.artifacts.transform.DefaultTransformationDependency.hashCode()I @ 4
Event: 15.091 Thread 0x000000001b3e6800 Uncommon trap: reason=class_check action=maybe_recompile pc=0x000000000376f410 method=org.gradle.api.internal.artifacts.transform.DefaultTransformationDependency.hashCode()I @ 4
Event: 15.175 Thread 0x0000000018e1e800 Uncommon trap: reason=unstable_if action=reinterpret pc=0x000000000359349c method=java.util.concurrent.ConcurrentHashMap.putVal(Ljava/lang/Object;Ljava/lang/Object;Z)Ljava/lang/Object; @ 98
Event: 15.283 Thread 0x00000000210b9800 Uncommon trap: reason=bimorphic action=maybe_recompile pc=0x0000000003aa1dc8 method=java.util.Arrays.binarySearch0([Ljava/lang/Object;IILjava/lang/Object;Ljava/util/Comparator;)I @ 48
Event: 15.283 Thread 0x00000000210b9800 Uncommon trap: reason=bimorphic action=maybe_recompile pc=0x0000000003aa1dc8 method=java.util.Arrays.binarySearch0([Ljava/lang/Object;IILjava/lang/Object;Ljava/util/Comparator;)I @ 48
Event: 15.283 Thread 0x00000000210b9800 Uncommon trap: reason=bimorphic action=maybe_recompile pc=0x0000000003aa1dc8 method=java.util.Arrays.binarySearch0([Ljava/lang/Object;IILjava/lang/Object;Ljava/util/Comparator;)I @ 48
Event: 15.283 Thread 0x00000000210b9800 Uncommon trap: reason=bimorphic action=maybe_recompile pc=0x0000000003aa1dc8 method=java.util.Arrays.binarySearch0([Ljava/lang/Object;IILjava/lang/Object;Ljava/util/Comparator;)I @ 48

Classes redefined (0 events):
No events

Internal exceptions (10 events):
Event: 12.128 Thread 0x000000001b3e6800 Exception <a 'java/lang/ClassNotFoundException': org/gradle/api/plugins/internal/DefaultBasePluginConventionCustomizer> (0x00000000e2878e88) thrown at [D:\src\AOSP-openjdk-cygwin\jdk8u\hotspot\src\share\vm\classfile\systemDictionary.cpp, line 210]
Event: 12.143 Thread 0x000000001b3e6800 Exception <a 'java/lang/NoSuchMethodError': java.lang.Object.lambda$comparingInt$7b0bb60$1(Ljava/util/function/ToIntFunction;Ljava/lang/Object;Ljava/lang/Object;)I> (0x00000000e28ffb18) thrown at [D:\src\AOSP-openjdk-cygwin\jdk8u\hotspot\src\share\vm\inte
Event: 13.562 Thread 0x000000001b3e6800 Exception <a 'java/lang/ClassNotFoundException': com/android/build/gradle/internal/api/ApkVariantOutputImpl_DecoratedBeanInfo> (0x00000000e39bf610) thrown at [D:\src\AOSP-openjdk-cygwin\jdk8u\hotspot\src\share\vm\classfile\systemDictionary.cpp, line 210]
Event: 13.562 Thread 0x000000001b3e6800 Exception <a 'java/lang/ClassNotFoundException': com/android/build/gradle/internal/api/ApkVariantOutputImplBeanInfo> (0x00000000e39db480) thrown at [D:\src\AOSP-openjdk-cygwin\jdk8u\hotspot\src\share\vm\classfile\systemDictionary.cpp, line 210]
Event: 13.562 Thread 0x000000001b3e6800 Exception <a 'java/lang/ClassNotFoundException': com/android/build/gradle/internal/api/BaseVariantOutputImplBeanInfo> (0x00000000e39f8608) thrown at [D:\src\AOSP-openjdk-cygwin\jdk8u\hotspot\src\share\vm\classfile\systemDictionary.cpp, line 210]
Event: 13.562 Thread 0x000000001b3e6800 Exception <a 'java/lang/ClassNotFoundException': com/android/build/gradle/internal/api/BaseVariantOutputImplCustomizer> (0x00000000e3a15ca8) thrown at [D:\src\AOSP-openjdk-cygwin\jdk8u\hotspot\src\share\vm\classfile\systemDictionary.cpp, line 210]
Event: 13.563 Thread 0x000000001b3e6800 Exception <a 'java/lang/ClassNotFoundException': com/android/build/gradle/internal/api/ApkVariantOutputImplCustomizer> (0x00000000e3a4cfb8) thrown at [D:\src\AOSP-openjdk-cygwin\jdk8u\hotspot\src\share\vm\classfile\systemDictionary.cpp, line 210]
Event: 13.563 Thread 0x000000001b3e6800 Exception <a 'java/lang/ClassNotFoundException': com/android/build/gradle/internal/api/ApkVariantOutputImpl_DecoratedCustomizer> (0x00000000e3a7f6c8) thrown at [D:\src\AOSP-openjdk-cygwin\jdk8u\hotspot\src\share\vm\classfile\systemDictionary.cpp, line 210
Event: 14.096 Thread 0x000000001b3e6800 Exception <a 'java/lang/ClassNotFoundException': com/sun/org/glassfish/hk2/osgiresourcelocator/ServiceLoader> (0x00000000e595d4e0) thrown at [D:\src\AOSP-openjdk-cygwin\jdk8u\hotspot\src\share\vm\classfile\systemDictionary.cpp, line 210]
Event: 14.216 Thread 0x000000001b3e6800 Exception <a 'java/lang/NullPointerException'> (0x00000000e5e24a98) thrown at [D:\src\AOSP-openjdk-cygwin\jdk8u\hotspot\src\share\vm\interpreter\linkResolver.cpp, line 1287]

Events (10 events):
Event: 15.283 Thread 0x00000000210b9800 DEOPT UNPACKING pc=0x0000000002f4557b sp=0x0000000022a3e408 mode 2
Event: 15.283 loading class org/gradle/internal/execution/history/impl/DefaultAfterPreviousExecutionState
Event: 15.283 loading class org/gradle/internal/execution/history/impl/DefaultAfterPreviousExecutionState done
Event: 15.283 loading class org/gradle/internal/execution/history/impl/AbstractExecutionState
Event: 15.283 loading class org/gradle/internal/execution/history/impl/AbstractExecutionState done
Event: 15.284 loading class org/gradle/internal/snapshot/impl/DirectorySnapshotter$PathVisitor
Event: 15.284 loading class org/gradle/internal/snapshot/impl/DirectorySnapshotter$PathVisitor done
Event: 15.284 loading class org/gradle/internal/snapshot/MerkleDirectorySnapshotBuilder
Event: 15.284 loading class org/gradle/internal/snapshot/MerkleDirectorySnapshotBuilder done
Event: 15.285 Executing VM operation: CollectForMetadataAllocation


Dynamic libraries:
0x00007ff645d60000 - 0x00007ff645d91000 	C:\Program Files\Android\Android Studio\jre\bin\java.exe
0x00007ff9ee200000 - 0x00007ff9ee3f0000 	C:\WINDOWS\SYSTEM32\ntdll.dll
0x00007ff9ec970000 - 0x00007ff9eca22000 	C:\WINDOWS\System32\KERNEL32.DLL
0x00007ff9ebe30000 - 0x00007ff9ec0d4000 	C:\WINDOWS\System32\KERNELBASE.dll
0x00007ff9ed1a0000 - 0x00007ff9ed243000 	C:\WINDOWS\System32\ADVAPI32.dll
0x00007ff9ec2b0000 - 0x00007ff9ec34e000 	C:\WINDOWS\System32\msvcrt.dll
0x00007ff9ecbf0000 - 0x00007ff9ecc87000 	C:\WINDOWS\System32\sechost.dll
0x00007ff9ecf20000 - 0x00007ff9ed040000 	C:\WINDOWS\System32\RPCRT4.dll
0x00007ff9eda50000 - 0x00007ff9edbe4000 	C:\WINDOWS\System32\USER32.dll
0x00007ff9ebac0000 - 0x00007ff9ebae1000 	C:\WINDOWS\System32\win32u.dll
0x00007ff9ee190000 - 0x00007ff9ee1b6000 	C:\WINDOWS\System32\GDI32.dll
0x00007ff9ebc90000 - 0x00007ff9ebe24000 	C:\WINDOWS\System32\gdi32full.dll
0x00007ff9ebbf0000 - 0x00007ff9ebc8e000 	C:\WINDOWS\System32\msvcp_win.dll
0x00007ff9ebaf0000 - 0x00007ff9ebbea000 	C:\WINDOWS\System32\ucrtbase.dll
0x00007ff9ea860000 - 0x00007ff9eaae4000 	C:\WINDOWS\WinSxS\amd64_microsoft.windows.common-controls_6595b64144ccf1df_6.0.18362.836_none_e6c4b943130f18ed\COMCTL32.dll
0x00007ff9ec480000 - 0x00007ff9ec7b6000 	C:\WINDOWS\System32\combase.dll
0x00007ff9eba40000 - 0x00007ff9ebac0000 	C:\WINDOWS\System32\bcryptPrimitives.dll
0x00007ff9ed330000 - 0x00007ff9ed35e000 	C:\WINDOWS\System32\IMM32.DLL
0x00000000700d0000 - 0x00000000701a2000 	C:\Program Files\Android\Android Studio\jre\jre\bin\msvcr100.dll
0x000000006ec60000 - 0x000000006f4a6000 	C:\Program Files\Android\Android Studio\jre\jre\bin\server\jvm.dll
0x00007ff9edca0000 - 0x00007ff9edca8000 	C:\WINDOWS\System32\PSAPI.DLL
0x00007ff9e7ac0000 - 0x00007ff9e7ae4000 	C:\WINDOWS\SYSTEM32\WINMM.dll
0x00007ff9e9330000 - 0x00007ff9e933a000 	C:\WINDOWS\SYSTEM32\VERSION.dll
0x00007ff9d6310000 - 0x00007ff9d6319000 	C:\WINDOWS\SYSTEM32\WSOCK32.dll
0x00007ff9edcb0000 - 0x00007ff9edd1f000 	C:\WINDOWS\System32\WS2_32.dll
0x00007ff9e7630000 - 0x00007ff9e765d000 	C:\WINDOWS\SYSTEM32\winmmbase.dll
0x00007ff9eb9f0000 - 0x00007ff9eba3a000 	C:\WINDOWS\System32\cfgmgr32.dll
0x00007ff9e6a40000 - 0x00007ff9e6a4f000 	C:\Program Files\Android\Android Studio\jre\jre\bin\verify.dll
0x00007ff9dd9c0000 - 0x00007ff9dd9e9000 	C:\Program Files\Android\Android Studio\jre\jre\bin\java.dll
0x00007ff9df210000 - 0x00007ff9df226000 	C:\Program Files\Android\Android Studio\jre\jre\bin\zip.dll
0x00007ff9ed360000 - 0x00007ff9eda44000 	C:\WINDOWS\System32\SHELL32.dll
0x00007ff9ecd10000 - 0x00007ff9ecdb9000 	C:\WINDOWS\System32\shcore.dll
0x00007ff9eb1c0000 - 0x00007ff9eb93e000 	C:\WINDOWS\System32\windows.storage.dll
0x00007ff9eb160000 - 0x00007ff9eb183000 	C:\WINDOWS\System32\profapi.dll
0x00007ff9eb110000 - 0x00007ff9eb15a000 	C:\WINDOWS\System32\powrprof.dll
0x00007ff9eb0c0000 - 0x00007ff9eb0d0000 	C:\WINDOWS\System32\UMPDC.dll
0x00007ff9ed270000 - 0x00007ff9ed2c2000 	C:\WINDOWS\System32\shlwapi.dll
0x00007ff9eb0d0000 - 0x00007ff9eb0e1000 	C:\WINDOWS\System32\kernel.appcore.dll
0x00007ff9ec140000 - 0x00007ff9ec157000 	C:\WINDOWS\System32\cryptsp.dll
0x00007ff9de840000 - 0x00007ff9de85a000 	C:\Program Files\Android\Android Studio\jre\jre\bin\net.dll
0x00007ff9dab90000 - 0x00007ff9dad66000 	C:\WINDOWS\SYSTEM32\urlmon.dll
0x00007ff9db7c0000 - 0x00007ff9dba66000 	C:\WINDOWS\SYSTEM32\iertutil.dll
0x00007ff9ea480000 - 0x00007ff9ea48c000 	C:\WINDOWS\SYSTEM32\CRYPTBASE.DLL
0x00007ff9ea2b0000 - 0x00007ff9ea317000 	C:\WINDOWS\system32\mswsock.dll
0x00007ff9dd9a0000 - 0x00007ff9dd9b3000 	C:\Program Files\Android\Android Studio\jre\jre\bin\nio.dll
0x00007ff9de890000 - 0x00007ff9de8b6000 	C:\Users\rocio\.gradle\native\30\windows-amd64\native-platform.dll
0x00007ff9e45d0000 - 0x00007ff9e45dd000 	C:\Program Files\Android\Android Studio\jre\jre\bin\management.dll
0x00007ff9e9e20000 - 0x00007ff9e9e53000 	C:\WINDOWS\system32\rsaenh.dll
0x00007ff9eb190000 - 0x00007ff9eb1b6000 	C:\WINDOWS\System32\bcrypt.dll
0x00007ff9eafb0000 - 0x00007ff9eafd5000 	C:\WINDOWS\SYSTEM32\USERENV.dll
0x00007ff9e9fc0000 - 0x00007ff9e9ffa000 	C:\WINDOWS\SYSTEM32\IPHLPAPI.DLL
0x00007ff9eca30000 - 0x00007ff9eca38000 	C:\WINDOWS\System32\NSI.dll
0x00007ff9d97c0000 - 0x00007ff9d97d6000 	C:\WINDOWS\SYSTEM32\dhcpcsvc6.DLL
0x00007ff9d97a0000 - 0x00007ff9d97bc000 	C:\WINDOWS\SYSTEM32\dhcpcsvc.DLL
0x00007ff9ea000000 - 0x00007ff9ea0cb000 	C:\WINDOWS\SYSTEM32\DNSAPI.dll
0x00007ff9eabe0000 - 0x00007ff9eadd4000 	C:\WINDOWS\SYSTEM32\dbghelp.dll

VM Arguments:
jvm_args: -Xmx1536m -Dfile.encoding=windows-1252 -Duser.country=ES -Duser.language=es -Duser.variant 
java_command: org.gradle.launcher.daemon.bootstrap.GradleDaemon 5.6.4
java_class_path (initial): C:\Users\rocio\.gradle\wrapper\dists\gradle-5.6.4-all\ankdp27end7byghfw1q2sw75f\gradle-5.6.4\lib\gradle-launcher-5.6.4.jar
Launcher Type: SUN_STANDARD

Environment Variables:
JAVA_HOME=C:\Program Files\Java\jdk1.8.0_144
PATH=C:\Program Files (x86)\Intel\iCLS Client\;C:\oraclexe\app\oracle\product\11.2.0\server\bin;C:\ProgramData\Oracle\Java\javapath;C:\Program Files\Intel\iCLS Client\;C:\windows\system32;C:\windows;C:\windows\System32\Wbem;C:\windows\System32\WindowsPowerShell\v1.0\;C:\Program Files (x86)\NVIDIA Corporation\PhysX\Common;C:\WINDOWS\system32;C:\WINDOWS;C:\WINDOWS\System32\Wbem;C:\WINDOWS\System32\WindowsPowerShell\v1.0\;C:\Program Files (x86)\Intel\Intel(R) Management Engine Components\DAL;C:\Program Files\Intel\Intel(R) Management Engine Components\DAL;C:\Program Files (x86)\Intel\Intel(R) Management Engine Components\IPT;C:\Program Files\Intel\Intel(R) Management Engine Components\IPT;C:\WINDOWS\System32\OpenSSH\;C:\Program Files\Intel\WiFi\bin\;C:\Program Files\Common Files\Intel\WirelessCommon\;C:\Program Files\Java\jdk1.8.0_144\bin;C:\Program Files\Git\cmd;C:\Program Files\TortoiseSVN\bin;C:\Users\rocio\AppData\Local\Microsoft\WindowsApps;C:\Users\rocio\AppData\Local\GitHubDesktop\bin;%USERPROFILE%\AppData\Local\Microsoft\WindowsApps;
USERNAME=rocio
OS=Windows_NT
PROCESSOR_IDENTIFIER=Intel64 Family 6 Model 158 Stepping 9, GenuineIntel



---------------  S Y S T E M  ---------------

OS: Windows 10.0 , 64 bit Build 18362 (10.0.18362.778)

CPU:total 8 (initial active 8) (4 cores per cpu, 2 threads per core) family 6 model 158 stepping 9, cmov, cx8, fxsr, mmx, sse, sse2, sse3, ssse3, sse4.1, sse4.2, popcnt, avx, avx2, aes, clmul, erms, 3dnowpref, lzcnt, ht, tsc, tscinvbit, bmi1, bmi2, adx

Memory: 4k page, physical 8271076k(1234312k free), swap 14571292k(3015276k free)

vm_info: OpenJDK 64-Bit Server VM (25.212-b04) for windows-amd64 JRE (1.8.0_212-release-1586-b04), built by "builder" with MS VC++ 10.0 (VS2010)

time: Mon May 25 15:37:10 2020
timezone: Hora de verano romance
elapsed time: 15 seconds (0d 0h 0m 15s)

