#
# A fatal error has been detected by the Java Runtime Environment:
#
#  EXCEPTION_ACCESS_VIOLATION (0xc0000005) at pc=0x000000006f228550, pid=4376, tid=0x0000000000001994
#
# JRE version: OpenJDK Runtime Environment (8.0_212-b04) (build 1.8.0_212-release-1586-b04)
# Java VM: OpenJDK 64-Bit Server VM (25.212-b04 mixed mode windows-amd64 compressed oops)
# Problematic frame:
# V  [jvm.dll+0x458550]
#
# Failed to write core dump. Minidumps are not enabled by default on client versions of Windows
#
# If you would like to submit a bug report, please visit:
#   
#

---------------  T H R E A D  ---------------

Current thread (0x000000001897f000):  JavaThread "C2 CompilerThread1" daemon [_thread_in_native, id=6548, stack(0x0000000019370000,0x0000000019470000)]

siginfo: ExceptionCode=0xc0000005, reading address 0x00000000605af0c8

Registers:
RAX=0x000000001a377fa0, RBX=0x0000000000000001, RCX=0x00000000000000f7, RDX=0x000000001a37b6d0
RSP=0x000000001946c470, RBP=0x000000001946c4c8, RSI=0x00000000205af4e8, RDI=0xffffffffffffffff
R8 =0x000000000000000b, R9 =0x0000000000020000, R10=0x000000002009e3d8, R11=0x000000002009e410
R12=0x00000000605af0a0, R13=0x000000001946c680, R14=0x000000001946c568, R15=0x0000000000000000
RIP=0x000000006f228550, EFLAGS=0x0000000000010202

Top of Stack: (sp=0x000000001946c470)
0x000000001946c470:   000000001946c680 00000000205af5f8
0x000000001946c480:   0000000000000001 000000001946c4c8
0x000000001946c490:   000006e6000000f7 0000000000000000
0x000000001946c4a0:   0000000000000007 000000001a377fa0
0x000000001946c4b0:   0000000016b57750 0000000023896be0
0x000000001946c4c0:   0000000023897ff8 0000000023890010
0x000000001946c4d0:   000000001946c569 000000006f22943c
0x000000001946c4e0:   000000001946c680 0000000000000083
0x000000001946c4f0:   0000000016b57750 000000001f2d1950
0x000000001946c500:   000000001f2cd710 000000001f2cd860
0x000000001946c510:   0000000000000000 0000000000000000
0x000000001946c520:   0000000000000000 0000000000000000
0x000000001946c530:   0000000000000000 0000000000000000
0x000000001946c540:   0000000000000000 000000006f22a137
0x000000001946c550:   000000001946c5a0 000000001f2d1950
0x000000001946c560:   000000001f2cd710 000000006f40b338 

Instructions: (pc=0x000000006f228550)
0x000000006f228530:   00 00 00 4c 89 64 24 50 0f 1f 84 00 00 00 00 00
0x000000006f228540:   ff c8 89 45 c8 48 63 c8 48 8b 45 e0 4c 8b 24 c8
0x000000006f228550:   41 8b 4c 24 28 8b c1 c1 e8 05 41 3b 46 10 72 0d
0x000000006f228560:   49 8b 06 8b d1 49 8b ce ff 50 18 eb 25 49 8b 56 


Register to memory mapping:

RAX=0x000000001a377fa0 is an unknown value
RBX=0x0000000000000001 is an unknown value
RCX=0x00000000000000f7 is an unknown value
RDX=0x000000001a37b6d0 is an unknown value
RSP=0x000000001946c470 is pointing into the stack for thread: 0x000000001897f000
RBP=0x000000001946c4c8 is pointing into the stack for thread: 0x000000001897f000
RSI=0x00000000205af4e8 is an unknown value
RDI=0xffffffffffffffff is an unknown value
R8 =0x000000000000000b is an unknown value
R9 =0x0000000000020000 is an unknown value
R10=0x000000002009e3d8 is an unknown value
R11=0x000000002009e410 is an unknown value
R12=0x00000000605af0a0 is an unknown value
R13=0x000000001946c680 is pointing into the stack for thread: 0x000000001897f000
R14=0x000000001946c568 is pointing into the stack for thread: 0x000000001897f000
R15=0x0000000000000000 is an unknown value


Stack: [0x0000000019370000,0x0000000019470000],  sp=0x000000001946c470,  free space=1009k
Native frames: (J=compiled Java code, j=interpreted, Vv=VM code, C=native code)
V  [jvm.dll+0x458550]
V  [jvm.dll+0x45943c]
V  [jvm.dll+0x45a3ba]
V  [jvm.dll+0x4417bc]
V  [jvm.dll+0x444198]
V  [jvm.dll+0x4272e2]
V  [jvm.dll+0x81fbf]
V  [jvm.dll+0x8291f]
V  [jvm.dll+0x21db3f]
V  [jvm.dll+0x26f53a]
C  [msvcr100.dll+0x21d9f]
C  [msvcr100.dll+0x21e3b]
C  [KERNEL32.DLL+0x17bd4]
C  [ntdll.dll+0x6ce51]


Current CompileTask:
C2: 408100 13240   !   4       java.util.concurrent.ConcurrentHashMap::computeIfAbsent (493 bytes)


---------------  P R O C E S S  ---------------

Java Threads: ( => current thread )
  0x000000001bf4a800 JavaThread "stdout" [_thread_in_native, id=15944, stack(0x00000000281e0000,0x00000000282e0000)]
  0x000000001bf47800 JavaThread "stderr" [_thread_in_native, id=13336, stack(0x0000000027ae0000,0x0000000027be0000)]
  0x000000001bf4b000 JavaThread "pool-5-thread-1" [_thread_blocked, id=2932, stack(0x00000000277e0000,0x00000000278e0000)]
  0x000000001bf3f000 JavaThread "WorkerExecutor Queue" [_thread_blocked, id=13620, stack(0x00000000276e0000,0x00000000277e0000)]
  0x000000001bf41800 JavaThread "Cache worker for execution history cache (C:\Users\rocio\Desktop\rocio\PROYECTO\FutFemApp\.gradle\5.6.4\executionHistory)" [_thread_blocked, id=7084, stack(0x0000000026280000,0x0000000026380000)]
  0x000000001bf44800 JavaThread "Execution worker for ':' Thread 7" [_thread_blocked, id=5452, stack(0x00000000271e0000,0x00000000272e0000)]
  0x000000001bf3d000 JavaThread "Execution worker for ':' Thread 6" [_thread_blocked, id=9264, stack(0x0000000026fe0000,0x00000000270e0000)]
  0x000000001bf43800 JavaThread "Execution worker for ':' Thread 5" [_thread_blocked, id=7412, stack(0x0000000026ee0000,0x0000000026fe0000)]
  0x000000001bf40800 JavaThread "Execution worker for ':' Thread 4" [_thread_blocked, id=10024, stack(0x0000000026980000,0x0000000026a80000)]
  0x000000001bf3d800 JavaThread "Execution worker for ':' Thread 3" [_thread_blocked, id=5492, stack(0x00000000265b0000,0x00000000266b0000)]
  0x000000001bf3c000 JavaThread "Execution worker for ':' Thread 2" [_thread_blocked, id=7940, stack(0x00000000264b0000,0x00000000265b0000)]
  0x000000001bf3e800 JavaThread "Execution worker for ':'" [_thread_blocked, id=8036, stack(0x00000000263b0000,0x00000000264b0000)]
  0x000000001bf40000 JavaThread "Cache worker for file content cache (C:\Users\rocio\Desktop\rocio\PROYECTO\FutFemApp\.gradle\5.6.4\fileContent)" [_thread_blocked, id=10324, stack(0x0000000025b80000,0x0000000025c80000)]
  0x000000001bf42000 JavaThread "Cache worker for Build Output Cleanup Cache (C:\Users\rocio\Desktop\rocio\PROYECTO\FutFemApp\.gradle\buildOutputCleanup)" [_thread_blocked, id=12964, stack(0x0000000024da0000,0x0000000024ea0000)]
  0x000000001bf43000 JavaThread "pool-4-thread-1" [_thread_blocked, id=10308, stack(0x0000000024aa0000,0x0000000024ba0000)]
  0x000000001e145000 JavaThread "Build operations Thread 8" [_thread_blocked, id=3380, stack(0x00000000245a0000,0x00000000246a0000)]
  0x000000001e144800 JavaThread "Build operations Thread 7" [_thread_blocked, id=9032, stack(0x00000000244a0000,0x00000000245a0000)]
  0x000000001e146800 JavaThread "Build operations Thread 6" [_thread_blocked, id=10332, stack(0x0000000023300000,0x0000000023400000)]
  0x000000001e146000 JavaThread "Build operations Thread 5" [_thread_blocked, id=13280, stack(0x00000000220d0000,0x00000000221d0000)]
  0x000000001e148000 JavaThread "Build operations Thread 4" [_thread_blocked, id=10832, stack(0x0000000021fd0000,0x00000000220d0000)]
  0x000000001e147800 JavaThread "Build operations Thread 3" [_thread_blocked, id=6172, stack(0x0000000021ed0000,0x0000000021fd0000)]
  0x000000001e13d000 JavaThread "Build operations Thread 2" [_thread_blocked, id=12824, stack(0x0000000021dd0000,0x0000000021ed0000)]
  0x000000001e142000 JavaThread "Build operations" [_thread_blocked, id=1592, stack(0x0000000021cd0000,0x0000000021dd0000)]
  0x000000001e140800 JavaThread "Cache worker for cache directory md-rule (C:\Users\rocio\.gradle\caches\5.6.4\md-rule)" [_thread_blocked, id=12948, stack(0x00000000219d0000,0x0000000021ad0000)]
  0x000000001e143000 JavaThread "Cache worker for cache directory md-supplier (C:\Users\rocio\.gradle\caches\5.6.4\md-supplier)" [_thread_blocked, id=8928, stack(0x00000000218d0000,0x00000000219d0000)]
  0x000000001e141800 JavaThread "Cache worker for file hash cache (C:\Users\rocio\Desktop\rocio\PROYECTO\FutFemApp\.gradle\5.6.4\fileHashes)" [_thread_blocked, id=14132, stack(0x000000001cfc0000,0x000000001d0c0000)]
  0x000000001e139000 JavaThread "Thread-78" [_thread_blocked, id=15864, stack(0x000000001cec0000,0x000000001cfc0000)]
  0x000000001e13c000 JavaThread "Stdin handler" [_thread_blocked, id=10996, stack(0x000000001cdc0000,0x000000001cec0000)]
  0x000000001e13b800 JavaThread "Asynchronous log dispatcher for DefaultDaemonConnection: socket connection from /127.0.0.1:56524 to /127.0.0.1:56745" [_thread_blocked, id=10420, stack(0x000000001cac0000,0x000000001cbc0000)]
  0x000000001e140000 JavaThread "Daemon worker Thread 3" [_thread_blocked, id=6720, stack(0x000000001c9c0000,0x000000001cac0000)]
  0x000000001e13d800 JavaThread "Cancel handler" [_thread_blocked, id=11152, stack(0x0000000001160000,0x0000000001260000)]
  0x000000001e13f000 JavaThread "Handler for socket connection from /127.0.0.1:56524 to /127.0.0.1:56745" [_thread_in_native, id=9488, stack(0x0000000001060000,0x0000000001160000)]
  0x000000001e13e800 JavaThread "Daemon Thread 3" [_thread_blocked, id=6900, stack(0x0000000000f60000,0x0000000001060000)]
  0x000000001bf46800 JavaThread "Cache worker for Java compile cache (C:\Users\rocio\.gradle\caches\5.6.4\javaCompile)" [_thread_blocked, id=10644, stack(0x00000000270e0000,0x00000000271e0000)]
  0x0000000022234000 JavaThread "Cache worker for file content cache (C:\Users\rocio\.gradle\caches\5.6.4\fileContent)" [_thread_blocked, id=2796, stack(0x00000000257a0000,0x00000000258a0000)]
  0x000000002223b000 JavaThread "Memory manager" [_thread_blocked, id=13704, stack(0x00000000256a0000,0x00000000257a0000)]
  0x0000000022235800 JavaThread "Cache worker for execution history cache (C:\Users\rocio\.gradle\caches\5.6.4\executionHistory)" [_thread_blocked, id=6388, stack(0x0000000023200000,0x0000000023300000)]
  0x000000001b2c5000 JavaThread "Cache worker for journal cache (C:\Users\rocio\.gradle\caches\journal-1)" [_thread_blocked, id=16368, stack(0x000000001d7c0000,0x000000001d8c0000)]
  0x000000001b2c8000 JavaThread "File lock request listener" [_thread_in_native, id=9232, stack(0x000000001d6c0000,0x000000001d7c0000)]
  0x000000001b2c9000 JavaThread "Cache worker for file hash cache (C:\Users\rocio\.gradle\caches\5.6.4\fileHashes)" [_thread_blocked, id=13148, stack(0x000000001d3c0000,0x000000001d4c0000)]
  0x0000000019af6000 JavaThread "Daemon periodic checks" [_thread_blocked, id=7392, stack(0x000000001c8c0000,0x000000001c9c0000)]
  0x0000000019afc800 JavaThread "Incoming local TCP Connector on port 56524" [_thread_in_native, id=16324, stack(0x000000001c650000,0x000000001c750000)]
  0x0000000018bb6800 JavaThread "Daemon health stats" [_thread_blocked, id=7608, stack(0x000000001c010000,0x000000001c110000)]
  0x00000000189ca000 JavaThread "Service Thread" daemon [_thread_blocked, id=11148, stack(0x0000000019670000,0x0000000019770000)]
  0x000000001898d800 JavaThread "C1 CompilerThread3" daemon [_thread_blocked, id=10896, stack(0x0000000019570000,0x0000000019670000)]
  0x0000000018986000 JavaThread "C2 CompilerThread2" daemon [_thread_blocked, id=12008, stack(0x0000000019470000,0x0000000019570000)]
=>0x000000001897f000 JavaThread "C2 CompilerThread1" daemon [_thread_in_native, id=6548, stack(0x0000000019370000,0x0000000019470000)]
  0x000000001897b800 JavaThread "C2 CompilerThread0" daemon [_thread_blocked, id=11724, stack(0x0000000019270000,0x0000000019370000)]
  0x000000001897a000 JavaThread "Attach Listener" daemon [_thread_blocked, id=12136, stack(0x0000000019170000,0x0000000019270000)]
  0x0000000018979000 JavaThread "Signal Dispatcher" daemon [_thread_blocked, id=15980, stack(0x0000000019070000,0x0000000019170000)]
  0x0000000016b62000 JavaThread "Finalizer" daemon [_thread_blocked, id=12888, stack(0x0000000018e50000,0x0000000018f50000)]
  0x0000000002cc8800 JavaThread "Reference Handler" daemon [_thread_blocked, id=10488, stack(0x0000000018d50000,0x0000000018e50000)]
  0x0000000002bd2800 JavaThread "main" [_thread_blocked, id=11808, stack(0x0000000002ac0000,0x0000000002bc0000)]

Other Threads:
  0x0000000016b58000 VMThread [stack: 0x0000000018850000,0x0000000018950000] [id=14688]
  0x00000000189ca800 WatcherThread [stack: 0x0000000019770000,0x0000000019870000] [id=8948]

VM state:not at safepoint (normal execution)

VM Mutex/Monitor currently owned by a thread: None

heap address: 0x00000000a0000000, size: 1536 MB, Compressed Oops mode: 32-bit
Narrow klass base: 0x0000000000000000, Narrow klass shift: 3
Compressed class space size: 1073741824 Address: 0x0000000100000000

Heap:
 PSYoungGen      total 189952K, used 78485K [0x00000000e0000000, 0x00000000ef280000, 0x0000000100000000)
  eden space 143360K, 27% used [0x00000000e0000000,0x00000000e261d4b8,0x00000000e8c00000)
  from space 46592K, 84% used [0x00000000ebe80000,0x00000000ee5082b0,0x00000000eec00000)
  to   space 51712K, 0% used [0x00000000e8c00000,0x00000000e8c00000,0x00000000ebe80000)
 ParOldGen       total 145408K, used 80050K [0x00000000a0000000, 0x00000000a8e00000, 0x00000000e0000000)
  object space 145408K, 55% used [0x00000000a0000000,0x00000000a4e2cba8,0x00000000a8e00000)
 Metaspace       used 84126K, capacity 87943K, committed 88192K, reserved 1126400K
  class space    used 11355K, capacity 12091K, committed 12160K, reserved 1048576K

Card table byte_map: [0x0000000012160000,0x0000000012470000] byte_map_base: 0x0000000011c60000

Marking Bits: (ParMarkBitMap*) 0x000000006f599f30
 Begin Bits: [0x0000000012e70000, 0x0000000014670000)
 End Bits:   [0x0000000014670000, 0x0000000015e70000)

Polling page: 0x0000000000d60000

CodeCache: size=245760Kb used=35191Kb max_used=35212Kb free=210569Kb
 bounds [0x0000000002da0000, 0x0000000005030000, 0x0000000011da0000]
 total_blobs=12054 nmethods=11193 adapters=772
 compilation: enabled

Compilation events (10 events):
Event: 405.426 Thread 0x0000000018986000 nmethod 13245 0x0000000005019490 code [0x0000000005019880, 0x000000000501bd30]
Event: 405.426 Thread 0x0000000018986000 13244       4       com.google.common.collect.CompactHashMap$MapEntry::getValue (29 bytes)
Event: 405.428 Thread 0x0000000018986000 nmethod 13244 0x0000000005006450 code [0x00000000050065a0, 0x0000000005006758]
Event: 405.428 Thread 0x0000000018986000 13236   !   4       com.google.common.collect.RegularImmutableSortedSet::indexOf (35 bytes)
Event: 405.444 Thread 0x0000000018986000 nmethod 13236 0x00000000050237d0 code [0x00000000050239e0, 0x0000000005024698]
Event: 405.444 Thread 0x0000000018986000 13230       4       com.google.common.collect.AbstractMapBasedMultimap::createCollection (5 bytes)
Event: 405.445 Thread 0x0000000018986000 nmethod 13230 0x0000000004338510 code [0x0000000004338640, 0x00000000043386b8]
Event: 405.445 Thread 0x000000001897b800 nmethod 13241 0x0000000005025810 code [0x0000000005025c40, 0x0000000005028970]
Event: 406.725 Thread 0x0000000018986000 13252       4       java.util.concurrent.locks.ReentrantLock$NonfairSync::tryAcquire (6 bytes)
Event: 406.727 Thread 0x0000000018986000 nmethod 13252 0x000000000500bd10 code [0x000000000500be40, 0x000000000500bf18]

GC Heap History (10 events):
Event: 39.528 GC heap before
{Heap before GC invocations=19 (full 3):
 PSYoungGen      total 121344K, used 109391K [0x00000000e0000000, 0x00000000e9d00000, 0x0000000100000000)
  eden space 101376K, 100% used [0x00000000e0000000,0x00000000e6300000,0x00000000e6300000)
  from space 19968K, 40% used [0x00000000e6300000,0x00000000e6ad3f68,0x00000000e7680000)
  to   space 19456K, 0% used [0x00000000e8a00000,0x00000000e8a00000,0x00000000e9d00000)
 ParOldGen       total 145408K, used 31083K [0x00000000a0000000, 0x00000000a8e00000, 0x00000000e0000000)
  object space 145408K, 21% used [0x00000000a0000000,0x00000000a1e5afd0,0x00000000a8e00000)
 Metaspace       used 62826K, capacity 65449K, committed 65664K, reserved 1105920K
  class space    used 8750K, capacity 9290K, committed 9344K, reserved 1048576K
Event: 39.548 GC heap after
Heap after GC invocations=19 (full 3):
 PSYoungGen      total 139776K, used 14725K [0x00000000e0000000, 0x00000000e9d80000, 0x0000000100000000)
  eden space 120320K, 0% used [0x00000000e0000000,0x00000000e0000000,0x00000000e7580000)
  from space 19456K, 75% used [0x00000000e8a00000,0x00000000e98616d0,0x00000000e9d00000)
  to   space 20480K, 0% used [0x00000000e7580000,0x00000000e7580000,0x00000000e8980000)
 ParOldGen       total 145408K, used 31091K [0x00000000a0000000, 0x00000000a8e00000, 0x00000000e0000000)
  object space 145408K, 21% used [0x00000000a0000000,0x00000000a1e5cfd0,0x00000000a8e00000)
 Metaspace       used 62826K, capacity 65449K, committed 65664K, reserved 1105920K
  class space    used 8750K, capacity 9290K, committed 9344K, reserved 1048576K
}
Event: 124.632 GC heap before
{Heap before GC invocations=20 (full 3):
 PSYoungGen      total 139776K, used 135045K [0x00000000e0000000, 0x00000000e9d80000, 0x0000000100000000)
  eden space 120320K, 100% used [0x00000000e0000000,0x00000000e7580000,0x00000000e7580000)
  from space 19456K, 75% used [0x00000000e8a00000,0x00000000e98616d0,0x00000000e9d00000)
  to   space 20480K, 0% used [0x00000000e7580000,0x00000000e7580000,0x00000000e8980000)
 ParOldGen       total 145408K, used 31091K [0x00000000a0000000, 0x00000000a8e00000, 0x00000000e0000000)
  object space 145408K, 21% used [0x00000000a0000000,0x00000000a1e5cfd0,0x00000000a8e00000)
 Metaspace       used 67770K, capacity 70517K, committed 70784K, reserved 1110016K
  class space    used 9145K, capacity 9746K, committed 9856K, reserved 1048576K
Event: 124.672 GC heap after
Heap after GC invocations=20 (full 3):
 PSYoungGen      total 140800K, used 20464K [0x00000000e0000000, 0x00000000eb000000, 0x0000000100000000)
  eden space 120320K, 0% used [0x00000000e0000000,0x00000000e0000000,0x00000000e7580000)
  from space 20480K, 99% used [0x00000000e7580000,0x00000000e897c3f8,0x00000000e8980000)
  to   space 23552K, 0% used [0x00000000e9900000,0x00000000e9900000,0x00000000eb000000)
 ParOldGen       total 145408K, used 32565K [0x00000000a0000000, 0x00000000a8e00000, 0x00000000e0000000)
  object space 145408K, 22% used [0x00000000a0000000,0x00000000a1fcd760,0x00000000a8e00000)
 Metaspace       used 67770K, capacity 70517K, committed 70784K, reserved 1110016K
  class space    used 9145K, capacity 9746K, committed 9856K, reserved 1048576K
}
Event: 130.217 GC heap before
{Heap before GC invocations=21 (full 3):
 PSYoungGen      total 140800K, used 140784K [0x00000000e0000000, 0x00000000eb000000, 0x0000000100000000)
  eden space 120320K, 100% used [0x00000000e0000000,0x00000000e7580000,0x00000000e7580000)
  from space 20480K, 99% used [0x00000000e7580000,0x00000000e897c3f8,0x00000000e8980000)
  to   space 23552K, 0% used [0x00000000e9900000,0x00000000e9900000,0x00000000eb000000)
 ParOldGen       total 145408K, used 32565K [0x00000000a0000000, 0x00000000a8e00000, 0x00000000e0000000)
  object space 145408K, 22% used [0x00000000a0000000,0x00000000a1fcd760,0x00000000a8e00000)
 Metaspace       used 79920K, capacity 83333K, committed 83584K, reserved 1122304K
  class space    used 10865K, capacity 11540K, committed 11648K, reserved 1048576K
Event: 130.250 GC heap after
Heap after GC invocations=21 (full 3):
 PSYoungGen      total 147456K, used 23547K [0x00000000e0000000, 0x00000000ec180000, 0x0000000100000000)
  eden space 123904K, 0% used [0x00000000e0000000,0x00000000e0000000,0x00000000e7900000)
  from space 23552K, 99% used [0x00000000e9900000,0x00000000eaffeda8,0x00000000eb000000)
  to   space 32768K, 0% used [0x00000000e7900000,0x00000000e7900000,0x00000000e9900000)
 ParOldGen       total 145408K, used 48126K [0x00000000a0000000, 0x00000000a8e00000, 0x00000000e0000000)
  object space 145408K, 33% used [0x00000000a0000000,0x00000000a2effa70,0x00000000a8e00000)
 Metaspace       used 79920K, capacity 83333K, committed 83584K, reserved 1122304K
  class space    used 10865K, capacity 11540K, committed 11648K, reserved 1048576K
}
Event: 131.521 GC heap before
{Heap before GC invocations=22 (full 3):
 PSYoungGen      total 147456K, used 147451K [0x00000000e0000000, 0x00000000ec180000, 0x0000000100000000)
  eden space 123904K, 100% used [0x00000000e0000000,0x00000000e7900000,0x00000000e7900000)
  from space 23552K, 99% used [0x00000000e9900000,0x00000000eaffeda8,0x00000000eb000000)
  to   space 32768K, 0% used [0x00000000e7900000,0x00000000e7900000,0x00000000e9900000)
 ParOldGen       total 145408K, used 48126K [0x00000000a0000000, 0x00000000a8e00000, 0x00000000e0000000)
  object space 145408K, 33% used [0x00000000a0000000,0x00000000a2effa70,0x00000000a8e00000)
 Metaspace       used 81165K, capacity 84813K, committed 84992K, reserved 1122304K
  class space    used 11029K, capacity 11730K, committed 11776K, reserved 1048576K
Event: 131.587 GC heap after
Heap after GC invocations=22 (full 3):
 PSYoungGen      total 156672K, used 32765K [0x00000000e0000000, 0x00000000eec00000, 0x0000000100000000)
  eden space 123904K, 0% used [0x00000000e0000000,0x00000000e0000000,0x00000000e7900000)
  from space 32768K, 99% used [0x00000000e7900000,0x00000000e98ff4e8,0x00000000e9900000)
  to   space 46592K, 0% used [0x00000000ebe80000,0x00000000ebe80000,0x00000000eec00000)
 ParOldGen       total 145408K, used 71910K [0x00000000a0000000, 0x00000000a8e00000, 0x00000000e0000000)
  object space 145408K, 49% used [0x00000000a0000000,0x00000000a4639a08,0x00000000a8e00000)
 Metaspace       used 81165K, capacity 84813K, committed 84992K, reserved 1122304K
  class space    used 11029K, capacity 11730K, committed 11776K, reserved 1048576K
}
Event: 404.898 GC heap before
{Heap before GC invocations=23 (full 3):
 PSYoungGen      total 156672K, used 156669K [0x00000000e0000000, 0x00000000eec00000, 0x0000000100000000)
  eden space 123904K, 100% used [0x00000000e0000000,0x00000000e7900000,0x00000000e7900000)
  from space 32768K, 99% used [0x00000000e7900000,0x00000000e98ff4e8,0x00000000e9900000)
  to   space 46592K, 0% used [0x00000000ebe80000,0x00000000ebe80000,0x00000000eec00000)
 ParOldGen       total 145408K, used 71910K [0x00000000a0000000, 0x00000000a8e00000, 0x00000000e0000000)
  object space 145408K, 49% used [0x00000000a0000000,0x00000000a4639a08,0x00000000a8e00000)
 Metaspace       used 83720K, capacity 87519K, committed 87680K, reserved 1124352K
  class space    used 11313K, capacity 12047K, committed 12160K, reserved 1048576K
Event: 404.953 GC heap after
Heap after GC invocations=23 (full 3):
 PSYoungGen      total 189952K, used 39456K [0x00000000e0000000, 0x00000000ef280000, 0x0000000100000000)
  eden space 143360K, 0% used [0x00000000e0000000,0x00000000e0000000,0x00000000e8c00000)
  from space 46592K, 84% used [0x00000000ebe80000,0x00000000ee5082b0,0x00000000eec00000)
  to   space 51712K, 0% used [0x00000000e8c00000,0x00000000e8c00000,0x00000000ebe80000)
 ParOldGen       total 145408K, used 80050K [0x00000000a0000000, 0x00000000a8e00000, 0x00000000e0000000)
  object space 145408K, 55% used [0x00000000a0000000,0x00000000a4e2cba8,0x00000000a8e00000)
 Metaspace       used 83720K, capacity 87519K, committed 87680K, reserved 1124352K
  class space    used 11313K, capacity 12047K, committed 12160K, reserved 1048576K
}

Deoptimization events (10 events):
Event: 405.083 Thread 0x000000001bf44800 Uncommon trap: reason=speculate_class_check action=maybe_recompile pc=0x0000000004ecb668 method=com.sun.org.apache.xerces.internal.dom.ElementImpl.getAttributes()Lorg/w3c/dom/NamedNodeMap; @ 8
Event: 405.083 Thread 0x000000001bf44800 Uncommon trap: reason=speculate_class_check action=maybe_recompile pc=0x0000000004ecb668 method=com.sun.org.apache.xerces.internal.dom.ElementImpl.getAttributes()Lorg/w3c/dom/NamedNodeMap; @ 8
Event: 405.083 Thread 0x000000001bf44800 Uncommon trap: reason=bimorphic action=maybe_recompile pc=0x0000000004ef3d90 method=com.sun.org.apache.xerces.internal.dom.NamedNodeMapImpl.findNamePoint(Ljava/lang/String;I)I @ 57
Event: 405.086 Thread 0x000000001bf44800 Uncommon trap: reason=null_check action=make_not_entrant pc=0x0000000004f4c44c method=com.sun.org.apache.xerces.internal.dom.ElementImpl.getDefaultAttributes()Lcom/sun/org/apache/xerces/internal/dom/NamedNodeMapImpl; @ 7
Event: 405.164 Thread 0x000000001bf44800 Uncommon trap: reason=unstable_if action=reinterpret pc=0x0000000004f91cf8 method=com.android.utils.XmlUtils.toXmlAttributeValue(Ljava/lang/String;)Ljava/lang/String; @ 33
Event: 405.202 Thread 0x000000001bf44800 Uncommon trap: reason=array_check action=maybe_recompile pc=0x00000000049e30c4 method=java.util.TimSort.reverseRange([Ljava/lang/Object;II)V @ 27
Event: 405.202 Thread 0x000000001bf44800 Uncommon trap: reason=array_check action=maybe_recompile pc=0x00000000049e30c4 method=java.util.TimSort.reverseRange([Ljava/lang/Object;II)V @ 27
Event: 405.248 Thread 0x000000001bf40800 Uncommon trap: reason=unstable_if action=reinterpret pc=0x0000000004ddd0ac method=com.google.common.collect.MapMakerInternalMap$Segment.put(Ljava/lang/Object;ILjava/lang/Object;Z)Ljava/lang/Object; @ 92
Event: 405.249 Thread 0x000000001bf43800 Uncommon trap: reason=unstable_if action=reinterpret pc=0x000000000331ed54 method=com.google.common.collect.MapMakerInternalMap$Segment.getEntry(Ljava/lang/Object;I)Lcom/google/common/collect/MapMakerInternalMap$InternalEntry; @ 40
Event: 405.249 Thread 0x000000001bf3c000 Uncommon trap: reason=unstable_if action=reinterpret pc=0x00000000040e631c method=com.google.common.collect.MapMakerInternalMap$Segment.getEntry(Ljava/lang/Object;I)Lcom/google/common/collect/MapMakerInternalMap$InternalEntry; @ 40

Classes redefined (0 events):
No events

Internal exceptions (10 events):
Event: 132.191 Thread 0x000000001bf4b000 Exception <a 'java/lang/NoSuchMethodError': java.lang.Object.lambda$static$0(Lcom/android/apksig/util/RunnablesProvider;)V> (0x00000000e13f6810) thrown at [D:\src\AOSP-openjdk-cygwin\jdk8u\hotspot\src\share\vm\interpreter\linkResolver.cpp, line 620]
Event: 132.535 Thread 0x0000000022236800 Exception <a 'sun/nio/fs/WindowsException'> (0x00000000e203f070) thrown at [D:\src\AOSP-openjdk-cygwin\jdk8u\hotspot\src\share\vm\prims\jni.cpp, line 710]
Event: 403.676 Thread 0x000000001e140000 Exception <a 'sun/nio/fs/WindowsException'> (0x00000000e30dc8a0) thrown at [D:\src\AOSP-openjdk-cygwin\jdk8u\hotspot\src\share\vm\prims\jni.cpp, line 710]
Event: 404.425 Thread 0x000000001bf44800 Implicit null exception at 0x0000000003a727de to 0x0000000003a72961
Event: 404.570 Thread 0x000000001bf44800 Implicit null exception at 0x0000000004e81eff to 0x0000000004e8211d
Event: 405.086 Thread 0x000000001bf44800 Implicit null exception at 0x0000000004f4c3e5 to 0x0000000004f4c43d
Event: 405.202 Thread 0x000000001bf44800 Exception <a 'java/lang/NoSuchMethodError': <clinit>> (0x00000000e0efe778) thrown at [D:\src\AOSP-openjdk-cygwin\jdk8u\hotspot\src\share\vm\prims\jni.cpp, line 1614]
Event: 405.203 Thread 0x000000001bf44800 Exception <a 'java/lang/NoSuchMethodError': <clinit>> (0x00000000e0f19d60) thrown at [D:\src\AOSP-openjdk-cygwin\jdk8u\hotspot\src\share\vm\prims\jni.cpp, line 1614]
Event: 405.203 Thread 0x000000001bf44800 Exception <a 'java/lang/NoSuchMethodError': <clinit>> (0x00000000e0f1eb70) thrown at [D:\src\AOSP-openjdk-cygwin\jdk8u\hotspot\src\share\vm\prims\jni.cpp, line 1614]
Event: 405.204 Thread 0x000000001bf44800 Exception <a 'java/lang/NoSuchMethodError': <clinit>> (0x00000000e0f2f918) thrown at [D:\src\AOSP-openjdk-cygwin\jdk8u\hotspot\src\share\vm\prims\jni.cpp, line 1614]

Events (10 events):
Event: 406.663 loading class com/android/utils/GrabProcessOutput$Wait
Event: 406.663 loading class com/android/utils/GrabProcessOutput$Wait done
Event: 406.664 loading class com/android/utils/GrabProcessOutput
Event: 406.664 loading class com/android/utils/GrabProcessOutput done
Event: 406.798 loading class com/android/utils/GrabProcessOutput$1
Event: 406.798 loading class com/android/utils/GrabProcessOutput$1 done
Event: 406.798 loading class com/android/utils/GrabProcessOutput$2
Event: 406.798 loading class com/android/utils/GrabProcessOutput$2 done
Event: 406.799 Thread 0x000000001bf47800 Thread added: 0x000000001bf47800
Event: 406.799 Thread 0x000000001bf4a800 Thread added: 0x000000001bf4a800


Dynamic libraries:
0x00007ff66e520000 - 0x00007ff66e551000 	C:\Program Files\Android\Android Studio\jre\bin\java.exe
0x00007ffcd52a0000 - 0x00007ffcd5490000 	C:\WINDOWS\SYSTEM32\ntdll.dll
0x00007ffcd3350000 - 0x00007ffcd3402000 	C:\WINDOWS\System32\KERNEL32.DLL
0x00007ffcd2c80000 - 0x00007ffcd2f24000 	C:\WINDOWS\System32\KERNELBASE.dll
0x00007ffcd4430000 - 0x00007ffcd44d3000 	C:\WINDOWS\System32\ADVAPI32.dll
0x00007ffcd3410000 - 0x00007ffcd34ae000 	C:\WINDOWS\System32\msvcrt.dll
0x00007ffcd4100000 - 0x00007ffcd4197000 	C:\WINDOWS\System32\sechost.dll
0x00007ffcd42e0000 - 0x00007ffcd4400000 	C:\WINDOWS\System32\RPCRT4.dll
0x00007ffcd3f60000 - 0x00007ffcd40f4000 	C:\WINDOWS\System32\USER32.dll
0x00007ffcd3320000 - 0x00007ffcd3341000 	C:\WINDOWS\System32\win32u.dll
0x00007ffcd4400000 - 0x00007ffcd4426000 	C:\WINDOWS\System32\GDI32.dll
0x00007ffcd3100000 - 0x00007ffcd3294000 	C:\WINDOWS\System32\gdi32full.dll
0x00007ffcd2310000 - 0x00007ffcd23ae000 	C:\WINDOWS\System32\msvcp_win.dll
0x00007ffcd2fa0000 - 0x00007ffcd309a000 	C:\WINDOWS\System32\ucrtbase.dll
0x00007ffcd1900000 - 0x00007ffcd1b84000 	C:\WINDOWS\WinSxS\amd64_microsoft.windows.common-controls_6595b64144ccf1df_6.0.18362.836_none_e6c4b943130f18ed\COMCTL32.dll
0x00007ffcd37e0000 - 0x00007ffcd3b16000 	C:\WINDOWS\System32\combase.dll
0x00007ffcd32a0000 - 0x00007ffcd3320000 	C:\WINDOWS\System32\bcryptPrimitives.dll
0x00007ffcd37b0000 - 0x00007ffcd37de000 	C:\WINDOWS\System32\IMM32.DLL
0x000000006e9a0000 - 0x000000006ea72000 	C:\Program Files\Android\Android Studio\jre\jre\bin\msvcr100.dll
0x000000006edd0000 - 0x000000006f616000 	C:\Program Files\Android\Android Studio\jre\jre\bin\server\jvm.dll
0x00007ffcd3b20000 - 0x00007ffcd3b28000 	C:\WINDOWS\System32\PSAPI.DLL
0x00007ffcbd770000 - 0x00007ffcbd779000 	C:\WINDOWS\SYSTEM32\WSOCK32.dll
0x00007ffcd02b0000 - 0x00007ffcd02ba000 	C:\WINDOWS\SYSTEM32\VERSION.dll
0x00007ffcceb60000 - 0x00007ffcceb84000 	C:\WINDOWS\SYSTEM32\WINMM.dll
0x00007ffcd4250000 - 0x00007ffcd42bf000 	C:\WINDOWS\System32\WS2_32.dll
0x00007ffccdeb0000 - 0x00007ffccdedd000 	C:\WINDOWS\SYSTEM32\winmmbase.dll
0x00007ffcd2f50000 - 0x00007ffcd2f9a000 	C:\WINDOWS\System32\cfgmgr32.dll
0x00007ffcc5f50000 - 0x00007ffcc5f5f000 	C:\Program Files\Android\Android Studio\jre\jre\bin\verify.dll
0x00007ffcc2030000 - 0x00007ffcc2059000 	C:\Program Files\Android\Android Studio\jre\jre\bin\java.dll
0x00007ffcc5d10000 - 0x00007ffcc5d26000 	C:\Program Files\Android\Android Studio\jre\jre\bin\zip.dll
0x00007ffcd44e0000 - 0x00007ffcd4bc4000 	C:\WINDOWS\System32\SHELL32.dll
0x00007ffcd3ea0000 - 0x00007ffcd3f49000 	C:\WINDOWS\System32\shcore.dll
0x00007ffcd2500000 - 0x00007ffcd2c7e000 	C:\WINDOWS\System32\windows.storage.dll
0x00007ffcd2200000 - 0x00007ffcd2223000 	C:\WINDOWS\System32\profapi.dll
0x00007ffcd2190000 - 0x00007ffcd21da000 	C:\WINDOWS\System32\powrprof.dll
0x00007ffcd2160000 - 0x00007ffcd2170000 	C:\WINDOWS\System32\UMPDC.dll
0x00007ffcd3bb0000 - 0x00007ffcd3c02000 	C:\WINDOWS\System32\shlwapi.dll
0x00007ffcd2170000 - 0x00007ffcd2181000 	C:\WINDOWS\System32\kernel.appcore.dll
0x00007ffcd2f30000 - 0x00007ffcd2f47000 	C:\WINDOWS\System32\cryptsp.dll
0x00007ffcc5a50000 - 0x00007ffcc5a6a000 	C:\Program Files\Android\Android Studio\jre\jre\bin\net.dll
0x00007ffcbede0000 - 0x00007ffcbefb6000 	C:\WINDOWS\SYSTEM32\urlmon.dll
0x00007ffcbf0e0000 - 0x00007ffcbf386000 	C:\WINDOWS\SYSTEM32\iertutil.dll
0x00007ffcd1520000 - 0x00007ffcd152c000 	C:\WINDOWS\SYSTEM32\CRYPTBASE.DLL
0x00007ffcd1350000 - 0x00007ffcd13b7000 	C:\WINDOWS\system32\mswsock.dll
0x00007ffcc2010000 - 0x00007ffcc2023000 	C:\Program Files\Android\Android Studio\jre\jre\bin\nio.dll
0x00007ffcb8210000 - 0x00007ffcb8236000 	C:\Users\rocio\.gradle\native\30\windows-amd64\native-platform.dll
0x00007ffcc5f40000 - 0x00007ffcc5f4d000 	C:\Program Files\Android\Android Studio\jre\jre\bin\management.dll
0x00007ffcd0ec0000 - 0x00007ffcd0ef3000 	C:\WINDOWS\system32\rsaenh.dll
0x00007ffcd22e0000 - 0x00007ffcd2306000 	C:\WINDOWS\System32\bcrypt.dll
0x00007ffcd2080000 - 0x00007ffcd20a5000 	C:\WINDOWS\SYSTEM32\USERENV.dll
0x00007ffcd1060000 - 0x00007ffcd109a000 	C:\WINDOWS\SYSTEM32\IPHLPAPI.DLL
0x00007ffcd5250000 - 0x00007ffcd5258000 	C:\WINDOWS\System32\NSI.dll
0x00007ffcc6d90000 - 0x00007ffcc6da6000 	C:\WINDOWS\SYSTEM32\dhcpcsvc6.DLL
0x00007ffcc6e60000 - 0x00007ffcc6e7c000 	C:\WINDOWS\SYSTEM32\dhcpcsvc.DLL
0x00007ffcd10a0000 - 0x00007ffcd116b000 	C:\WINDOWS\SYSTEM32\DNSAPI.dll
0x00007ffcd1c80000 - 0x00007ffcd1e74000 	C:\WINDOWS\SYSTEM32\dbghelp.dll

VM Arguments:
jvm_args: -Xmx1536m -Dfile.encoding=windows-1252 -Duser.country=ES -Duser.language=es -Duser.variant 
java_command: org.gradle.launcher.daemon.bootstrap.GradleDaemon 5.6.4
java_class_path (initial): C:\Users\rocio\.gradle\wrapper\dists\gradle-5.6.4-all\ankdp27end7byghfw1q2sw75f\gradle-5.6.4\lib\gradle-launcher-5.6.4.jar
Launcher Type: SUN_STANDARD

Environment Variables:
JAVA_HOME=C:\Program Files\Java\jdk1.8.0_144
PATH=C:\Program Files (x86)\Intel\iCLS Client\;C:\oraclexe\app\oracle\product\11.2.0\server\bin;C:\ProgramData\Oracle\Java\javapath;C:\Program Files\Intel\iCLS Client\;C:\windows\system32;C:\windows;C:\windows\System32\Wbem;C:\windows\System32\WindowsPowerShell\v1.0\;C:\Program Files (x86)\NVIDIA Corporation\PhysX\Common;C:\WINDOWS\system32;C:\WINDOWS;C:\WINDOWS\System32\Wbem;C:\WINDOWS\System32\WindowsPowerShell\v1.0\;C:\Program Files (x86)\Intel\Intel(R) Management Engine Components\DAL;C:\Program Files\Intel\Intel(R) Management Engine Components\DAL;C:\Program Files (x86)\Intel\Intel(R) Management Engine Components\IPT;C:\Program Files\Intel\Intel(R) Management Engine Components\IPT;C:\WINDOWS\System32\OpenSSH\;C:\Program Files\Intel\WiFi\bin\;C:\Program Files\Common Files\Intel\WirelessCommon\;C:\Program Files\Java\jdk1.8.0_144\bin;C:\Program Files\Git\cmd;C:\Program Files\TortoiseSVN\bin;C:\Users\rocio\AppData\Local\Microsoft\WindowsApps;C:\Users\rocio\AppData\Local\GitHubDesktop\bin;%USERPROFILE%\AppData\Local\Microsoft\WindowsApps;
USERNAME=rocio
OS=Windows_NT
PROCESSOR_IDENTIFIER=Intel64 Family 6 Model 158 Stepping 9, GenuineIntel



---------------  S Y S T E M  ---------------

OS: Windows 10.0 , 64 bit Build 18362 (10.0.18362.778)

CPU:total 8 (initial active 8) (4 cores per cpu, 2 threads per core) family 6 model 158 stepping 9, cmov, cx8, fxsr, mmx, sse, sse2, sse3, ssse3, sse4.1, sse4.2, popcnt, avx, avx2, aes, clmul, erms, 3dnowpref, lzcnt, ht, tsc, tscinvbit, bmi1, bmi2, adx

Memory: 4k page, physical 8271076k(1153924k free), swap 12334300k(2571580k free)

vm_info: OpenJDK 64-Bit Server VM (25.212-b04) for windows-amd64 JRE (1.8.0_212-release-1586-b04), built by "builder" with MS VC++ 10.0 (VS2010)

time: Sat May 23 12:13:42 2020
timezone: Hora de verano romance
elapsed time: 408 seconds (0d 0h 6m 48s)

