#
# A fatal error has been detected by the Java Runtime Environment:
#
#  EXCEPTION_ACCESS_VIOLATION (0xc0000005) at pc=0x00000000672438cf, pid=9288, tid=0x0000000000002258
#
# JRE version: OpenJDK Runtime Environment (8.0_212-b04) (build 1.8.0_212-release-1586-b04)
# Java VM: OpenJDK 64-Bit Server VM (25.212-b04 mixed mode windows-amd64 compressed oops)
# Problematic frame:
# V  [jvm.dll+0x4338cf]
#
# Failed to write core dump. Minidumps are not enabled by default on client versions of Windows
#
# If you would like to submit a bug report, please visit:
#   
#

---------------  T H R E A D  ---------------

Current thread (0x00000000189ca000):  JavaThread "C2 CompilerThread0" daemon [_thread_in_native, id=8792, stack(0x00000000192d0000,0x00000000193d0000)]

siginfo: ExceptionCode=0xc0000005, reading address 0x00000000607a8a98

Registers:
RAX=0x00000000607a8a90, RBX=0x0000000020e114a0, RCX=0x0000000000001e10, RDX=0x0000000000000d55
RSP=0x00000000193cc060, RBP=0xffffffffffffffff, RSI=0x00000000207a8a38, RDI=0x0000000020b89470
R8 =0x0000000000000001, R9 =0x0000000000000001, R10=0x000000000000001a, R11=0x0000000000000000
R12=0x00000000193cc470, R13=0x0000000018a24430, R14=0x0000000066e10000, R15=0x0000000000000001
RIP=0x00000000672438cf, EFLAGS=0x0000000000010206

Top of Stack: (sp=0x00000000193cc060)
0x00000000193cc060:   0000000020def540 0000000020d4e1c8
0x00000000193cc070:   0000000020b89470 ffffffffffffffff
0x00000000193cc080:   0000000100000152 0000000020b89470
0x00000000193cc090:   00000000000000e8 0000000000000152
0x00000000193cc0a0:   0000000000000000 0000000000000000
0x00000000193cc0b0:   00000000193cc180 00000000000003d8
0x00000000193cc0c0:   00000000189e4d28 00000000189e4950
0x00000000193cc0d0:   00000000193cc200 0000000000000000
0x00000000193cc0e0:   00000000193cc470 00000000189e4940
0x00000000193cc0f0:   0000000000000000 0000000067246db4
0x00000000193cc100:   00000000193cc470 00000000193cc201
0x00000000193cc110:   00000000ffffffff 000000000000001d
0x00000000193cc120:   0000000000000006 00000000189e4940
0x00000000193cc130:   0000000020db3f60 0000000020e13f80
0x00000000193cc140:   0000000020e13f80 00000000000e9648
0x00000000193cc150:   0000000000000006 00000000189e0d80 

Instructions: (pc=0x00000000672438cf)
0x00000000672438af:   48 6b db 70 48 03 58 20 85 d2 0f 84 a1 02 00 00
0x00000000672438bf:   45 85 c0 74 32 81 4b 68 00 10 00 00 48 8b 46 08
0x00000000672438cf:   4a 8b 0c c0 49 8b 84 24 28 01 00 00 48 63 51 28
0x00000000672438df:   8b 0c 90 49 8b 44 24 70 48 6b c9 70 48 03 48 20 


Register to memory mapping:

RAX=0x00000000607a8a90 is an unknown value
RBX=0x0000000020e114a0 is an unknown value
RCX=0x0000000000001e10 is an unknown value
RDX=0x0000000000000d55 is an unknown value
RSP=0x00000000193cc060 is pointing into the stack for thread: 0x00000000189ca000
RBP=0xffffffffffffffff is an unknown value
RSI=0x00000000207a8a38 is an unknown value
RDI=0x0000000020b89470 is an unknown value
R8 =0x0000000000000001 is an unknown value
R9 =0x0000000000000001 is an unknown value
R10=0x000000000000001a is an unknown value
R11=0x0000000000000000 is an unknown value
R12=0x00000000193cc470 is pointing into the stack for thread: 0x00000000189ca000
R13=0x0000000018a24430 is an unknown value
R14=0x0000000066e10000 is an unknown value
R15=0x0000000000000001 is an unknown value


Stack: [0x00000000192d0000,0x00000000193d0000],  sp=0x00000000193cc060,  free space=1008k
Native frames: (J=compiled Java code, j=interpreted, Vv=VM code, C=native code)
V  [jvm.dll+0x4338cf]
V  [jvm.dll+0x436db4]
V  [jvm.dll+0x44189b]
V  [jvm.dll+0x444198]
V  [jvm.dll+0x4272e2]
V  [jvm.dll+0x81fbf]
V  [jvm.dll+0x8291f]
V  [jvm.dll+0x21db3f]
V  [jvm.dll+0x26f53a]
C  [msvcr100.dll+0x21d9f]
C  [msvcr100.dll+0x21e3b]
C  [KERNEL32.DLL+0x17bd4]
C  [ntdll.dll+0x6ce51]


Current CompileTask:
C2:   1994 1671       4       java.io.WinNTFileSystem::normalize (231 bytes)


---------------  P R O C E S S  ---------------

Java Threads: ( => current thread )
  0x0000000019fcf000 JavaThread "Cache worker for file hash cache (C:\Users\rocio\Desktop\rocio\PROYECTO\FutFemApp\.gradle\5.6.4\fileHashes)" [_thread_blocked, id=6952, stack(0x000000001fac0000,0x000000001fbc0000)]
  0x0000000019fcd800 JavaThread "Cache worker for journal cache (C:\Users\rocio\.gradle\caches\journal-1)" [_thread_blocked, id=3200, stack(0x000000001d820000,0x000000001d920000)]
  0x0000000019fd0000 JavaThread "File lock request listener" [_thread_in_native, id=9740, stack(0x000000001d720000,0x000000001d820000)]
  0x0000000019c36800 JavaThread "Cache worker for file hash cache (C:\Users\rocio\.gradle\caches\5.6.4\fileHashes)" [_thread_blocked, id=2448, stack(0x000000001d420000,0x000000001d520000)]
  0x000000001b31e000 JavaThread "Thread-9" [_thread_blocked, id=1252, stack(0x000000001d320000,0x000000001d420000)]
  0x000000001b31d000 JavaThread "Stdin handler" [_thread_blocked, id=688, stack(0x000000001d220000,0x000000001d320000)]
  0x000000001b31c800 JavaThread "Asynchronous log dispatcher for DefaultDaemonConnection: socket connection from /127.0.0.1:50221 to /127.0.0.1:50222" [_thread_blocked, id=5096, stack(0x000000001d020000,0x000000001d120000)]
  0x000000001b339000 JavaThread "Daemon worker" [_thread_in_vm, id=1864, stack(0x000000001cf20000,0x000000001d020000)]
  0x000000001b345000 JavaThread "Cancel handler" [_thread_blocked, id=4400, stack(0x000000001ce20000,0x000000001cf20000)]
  0x000000001b2dc800 JavaThread "Handler for socket connection from /127.0.0.1:50221 to /127.0.0.1:50222" [_thread_in_native, id=8632, stack(0x000000001cb20000,0x000000001cc20000)]
  0x000000001b2df000 JavaThread "Daemon" [_thread_blocked, id=4544, stack(0x000000001ca20000,0x000000001cb20000)]
  0x000000001b2c7800 JavaThread "Daemon periodic checks" [_thread_blocked, id=10268, stack(0x000000001c920000,0x000000001ca20000)]
  0x000000001b280000 JavaThread "Incoming local TCP Connector on port 50221" [_thread_in_native, id=4384, stack(0x000000001c6b0000,0x000000001c7b0000)]
  0x0000000018d1e800 JavaThread "Daemon health stats" [_thread_blocked, id=6704, stack(0x000000001c070000,0x000000001c170000)]
  0x0000000018a67000 JavaThread "Service Thread" daemon [_thread_blocked, id=4896, stack(0x00000000196d0000,0x00000000197d0000)]
  0x00000000189e3000 JavaThread "C1 CompilerThread3" daemon [_thread_blocked, id=5344, stack(0x00000000195d0000,0x00000000196d0000)]
  0x0000000016bda000 JavaThread "C2 CompilerThread2" daemon [_thread_in_vm, id=4372, stack(0x00000000194d0000,0x00000000195d0000)]
  0x00000000189d1000 JavaThread "C2 CompilerThread1" daemon [_thread_in_native, id=4480, stack(0x00000000193d0000,0x00000000194d0000)]
=>0x00000000189ca000 JavaThread "C2 CompilerThread0" daemon [_thread_in_native, id=8792, stack(0x00000000192d0000,0x00000000193d0000)]
  0x00000000189d6800 JavaThread "Attach Listener" daemon [_thread_blocked, id=5272, stack(0x00000000191d0000,0x00000000192d0000)]
  0x00000000189d5800 JavaThread "Signal Dispatcher" daemon [_thread_blocked, id=5320, stack(0x00000000190d0000,0x00000000191d0000)]
  0x00000000189c1000 JavaThread "Finalizer" daemon [_thread_blocked, id=1808, stack(0x0000000018ea0000,0x0000000018fa0000)]
  0x00000000189c0800 JavaThread "Reference Handler" daemon [_thread_blocked, id=4832, stack(0x0000000018da0000,0x0000000018ea0000)]
  0x000000000138e800 JavaThread "main" [_thread_blocked, id=8172, stack(0x0000000002bd0000,0x0000000002cd0000)]

Other Threads:
  0x0000000016bc6000 VMThread [stack: 0x00000000188a0000,0x00000000189a0000] [id=4828]
  0x0000000018a15800 WatcherThread [stack: 0x00000000197d0000,0x00000000198d0000] [id=5348]

VM state:not at safepoint (normal execution)

VM Mutex/Monitor currently owned by a thread: None

heap address: 0x00000000a0000000, size: 1536 MB, Compressed Oops mode: 32-bit
Narrow klass base: 0x0000000000000000, Narrow klass shift: 3
Compressed class space size: 1073741824 Address: 0x0000000100000000

Heap:
 PSYoungGen      total 38400K, used 20121K [0x00000000e0000000, 0x00000000e5600000, 0x0000000100000000)
  eden space 33280K, 45% used [0x00000000e0000000,0x00000000e0eaa4d8,0x00000000e2080000)
  from space 5120K, 99% used [0x00000000e2080000,0x00000000e257c010,0x00000000e2580000)
  to   space 10752K, 0% used [0x00000000e4b80000,0x00000000e4b80000,0x00000000e5600000)
 ParOldGen       total 87552K, used 7970K [0x00000000a0000000, 0x00000000a5580000, 0x00000000e0000000)
  object space 87552K, 9% used [0x00000000a0000000,0x00000000a07c88f8,0x00000000a5580000)
 Metaspace       used 19398K, capacity 19940K, committed 20224K, reserved 1067008K
  class space    used 2801K, capacity 3002K, committed 3072K, reserved 1048576K

Card table byte_map: [0x00000000121b0000,0x00000000124c0000] byte_map_base: 0x0000000011cb0000

Marking Bits: (ParMarkBitMap*) 0x00000000675d9f30
 Begin Bits: [0x0000000012ec0000, 0x00000000146c0000)
 End Bits:   [0x00000000146c0000, 0x0000000015ec0000)

Polling page: 0x0000000001370000

CodeCache: size=245760Kb used=5827Kb max_used=5874Kb free=239932Kb
 bounds [0x0000000002df0000, 0x00000000033b0000, 0x0000000011df0000]
 total_blobs=2106 nmethods=1692 adapters=327
 compilation: enabled

Compilation events (10 events):
Event: 1.965 Thread 0x00000000189e3000 1690       3       java.net.URI::appendSchemeSpecificPart (183 bytes)
Event: 1.966 Thread 0x00000000189e3000 nmethod 1690 0x0000000003376590 code [0x00000000033768c0, 0x0000000003378ae8]
Event: 1.966 Thread 0x00000000189e3000 1691       3       java.net.URI::appendAuthority (278 bytes)
Event: 1.970 Thread 0x00000000189e3000 nmethod 1691 0x0000000003379d90 code [0x000000000337a280, 0x000000000337e7a8]
Event: 1.970 Thread 0x00000000189e3000 1692       3       java.net.URI::appendFragment (27 bytes)
Event: 1.970 Thread 0x00000000189e3000 nmethod 1692 0x0000000003381890 code [0x0000000003381a80, 0x00000000033825f8]
Event: 1.979 Thread 0x00000000189e3000 1693       3       sun.reflect.generics.visitor.Reifier::make (9 bytes)
Event: 1.979 Thread 0x00000000189e3000 nmethod 1693 0x0000000003382c90 code [0x0000000003382e00, 0x0000000003383050]
Event: 1.979 Thread 0x00000000189e3000 1694       3       sun.reflect.generics.visitor.Reifier::<init> (10 bytes)
Event: 1.979 Thread 0x00000000189e3000 nmethod 1694 0x0000000003383150 code [0x00000000033832a0, 0x0000000003383470]

GC Heap History (10 events):
Event: 0.513 GC heap before
{Heap before GC invocations=1 (full 0):
 PSYoungGen      total 38400K, used 33280K [0x00000000e0000000, 0x00000000e2a80000, 0x0000000100000000)
  eden space 33280K, 100% used [0x00000000e0000000,0x00000000e2080000,0x00000000e2080000)
  from space 5120K, 0% used [0x00000000e2580000,0x00000000e2580000,0x00000000e2a80000)
  to   space 5120K, 0% used [0x00000000e2080000,0x00000000e2080000,0x00000000e2580000)
 ParOldGen       total 87552K, used 0K [0x00000000a0000000, 0x00000000a5580000, 0x00000000e0000000)
  object space 87552K, 0% used [0x00000000a0000000,0x00000000a0000000,0x00000000a5580000)
 Metaspace       used 7036K, capacity 7344K, committed 7424K, reserved 1056768K
  class space    used 857K, capacity 944K, committed 1024K, reserved 1048576K
Event: 0.518 GC heap after
Heap after GC invocations=1 (full 0):
 PSYoungGen      total 38400K, used 4442K [0x00000000e0000000, 0x00000000e2a80000, 0x0000000100000000)
  eden space 33280K, 0% used [0x00000000e0000000,0x00000000e0000000,0x00000000e2080000)
  from space 5120K, 86% used [0x00000000e2080000,0x00000000e24d6a98,0x00000000e2580000)
  to   space 5120K, 0% used [0x00000000e2580000,0x00000000e2580000,0x00000000e2a80000)
 ParOldGen       total 87552K, used 8K [0x00000000a0000000, 0x00000000a5580000, 0x00000000e0000000)
  object space 87552K, 0% used [0x00000000a0000000,0x00000000a0002000,0x00000000a5580000)
 Metaspace       used 7036K, capacity 7344K, committed 7424K, reserved 1056768K
  class space    used 857K, capacity 944K, committed 1024K, reserved 1048576K
}
Event: 0.699 GC heap before
{Heap before GC invocations=2 (full 0):
 PSYoungGen      total 38400K, used 37721K [0x00000000e0000000, 0x00000000e2a80000, 0x0000000100000000)
  eden space 33280K, 99% used [0x00000000e0000000,0x00000000e207f9e0,0x00000000e2080000)
  from space 5120K, 86% used [0x00000000e2080000,0x00000000e24d6a98,0x00000000e2580000)
  to   space 5120K, 0% used [0x00000000e2580000,0x00000000e2580000,0x00000000e2a80000)
 ParOldGen       total 87552K, used 8K [0x00000000a0000000, 0x00000000a5580000, 0x00000000e0000000)
  object space 87552K, 0% used [0x00000000a0000000,0x00000000a0002000,0x00000000a5580000)
 Metaspace       used 7378K, capacity 7658K, committed 7936K, reserved 1056768K
  class space    used 912K, capacity 985K, committed 1024K, reserved 1048576K
Event: 0.701 GC heap after
Heap after GC invocations=2 (full 0):
 PSYoungGen      total 38400K, used 3533K [0x00000000e0000000, 0x00000000e4b00000, 0x0000000100000000)
  eden space 33280K, 0% used [0x00000000e0000000,0x00000000e0000000,0x00000000e2080000)
  from space 5120K, 69% used [0x00000000e2580000,0x00000000e28f36d0,0x00000000e2a80000)
  to   space 5120K, 0% used [0x00000000e2080000,0x00000000e2080000,0x00000000e2580000)
 ParOldGen       total 87552K, used 16K [0x00000000a0000000, 0x00000000a5580000, 0x00000000e0000000)
  object space 87552K, 0% used [0x00000000a0000000,0x00000000a0004000,0x00000000a5580000)
 Metaspace       used 7378K, capacity 7658K, committed 7936K, reserved 1056768K
  class space    used 912K, capacity 985K, committed 1024K, reserved 1048576K
}
Event: 1.429 GC heap before
{Heap before GC invocations=3 (full 0):
 PSYoungGen      total 38400K, used 36813K [0x00000000e0000000, 0x00000000e4b00000, 0x0000000100000000)
  eden space 33280K, 100% used [0x00000000e0000000,0x00000000e2080000,0x00000000e2080000)
  from space 5120K, 69% used [0x00000000e2580000,0x00000000e28f36d0,0x00000000e2a80000)
  to   space 5120K, 0% used [0x00000000e2080000,0x00000000e2080000,0x00000000e2580000)
 ParOldGen       total 87552K, used 16K [0x00000000a0000000, 0x00000000a5580000, 0x00000000e0000000)
  object space 87552K, 0% used [0x00000000a0000000,0x00000000a0004000,0x00000000a5580000)
 Metaspace       used 12466K, capacity 12922K, committed 13184K, reserved 1060864K
  class space    used 1685K, capacity 1839K, committed 1920K, reserved 1048576K
Event: 1.434 GC heap after
Heap after GC invocations=3 (full 0):
 PSYoungGen      total 38400K, used 5108K [0x00000000e0000000, 0x00000000e2a80000, 0x0000000100000000)
  eden space 33280K, 0% used [0x00000000e0000000,0x00000000e0000000,0x00000000e2080000)
  from space 5120K, 99% used [0x00000000e2080000,0x00000000e257d090,0x00000000e2580000)
  to   space 5120K, 0% used [0x00000000e2580000,0x00000000e2580000,0x00000000e2a80000)
 ParOldGen       total 87552K, used 1622K [0x00000000a0000000, 0x00000000a5580000, 0x00000000e0000000)
  object space 87552K, 1% used [0x00000000a0000000,0x00000000a01958b0,0x00000000a5580000)
 Metaspace       used 12466K, capacity 12922K, committed 13184K, reserved 1060864K
  class space    used 1685K, capacity 1839K, committed 1920K, reserved 1048576K
}
Event: 1.604 GC heap before
{Heap before GC invocations=4 (full 0):
 PSYoungGen      total 38400K, used 38388K [0x00000000e0000000, 0x00000000e2a80000, 0x0000000100000000)
  eden space 33280K, 100% used [0x00000000e0000000,0x00000000e2080000,0x00000000e2080000)
  from space 5120K, 99% used [0x00000000e2080000,0x00000000e257d090,0x00000000e2580000)
  to   space 5120K, 0% used [0x00000000e2580000,0x00000000e2580000,0x00000000e2a80000)
 ParOldGen       total 87552K, used 1622K [0x00000000a0000000, 0x00000000a5580000, 0x00000000e0000000)
  object space 87552K, 1% used [0x00000000a0000000,0x00000000a01958b0,0x00000000a5580000)
 Metaspace       used 14784K, capacity 15206K, committed 15616K, reserved 1062912K
  class space    used 2074K, capacity 2197K, committed 2304K, reserved 1048576K
Event: 1.610 GC heap after
Heap after GC invocations=4 (full 0):
 PSYoungGen      total 38400K, used 5104K [0x00000000e0000000, 0x00000000e4b00000, 0x0000000100000000)
  eden space 33280K, 0% used [0x00000000e0000000,0x00000000e0000000,0x00000000e2080000)
  from space 5120K, 99% used [0x00000000e2580000,0x00000000e2a7c030,0x00000000e2a80000)
  to   space 5120K, 0% used [0x00000000e2080000,0x00000000e2080000,0x00000000e2580000)
 ParOldGen       total 87552K, used 4115K [0x00000000a0000000, 0x00000000a5580000, 0x00000000e0000000)
  object space 87552K, 4% used [0x00000000a0000000,0x00000000a0404f30,0x00000000a5580000)
 Metaspace       used 14784K, capacity 15206K, committed 15616K, reserved 1062912K
  class space    used 2074K, capacity 2197K, committed 2304K, reserved 1048576K
}
Event: 1.855 GC heap before
{Heap before GC invocations=5 (full 0):
 PSYoungGen      total 38400K, used 38384K [0x00000000e0000000, 0x00000000e4b00000, 0x0000000100000000)
  eden space 33280K, 100% used [0x00000000e0000000,0x00000000e2080000,0x00000000e2080000)
  from space 5120K, 99% used [0x00000000e2580000,0x00000000e2a7c030,0x00000000e2a80000)
  to   space 5120K, 0% used [0x00000000e2080000,0x00000000e2080000,0x00000000e2580000)
 ParOldGen       total 87552K, used 4115K [0x00000000a0000000, 0x00000000a5580000, 0x00000000e0000000)
  object space 87552K, 4% used [0x00000000a0000000,0x00000000a0404f30,0x00000000a5580000)
 Metaspace       used 17976K, capacity 18448K, committed 18688K, reserved 1064960K
  class space    used 2583K, capacity 2728K, committed 2816K, reserved 1048576K
Event: 1.861 GC heap after
Heap after GC invocations=5 (full 0):
 PSYoungGen      total 38400K, used 5104K [0x00000000e0000000, 0x00000000e5600000, 0x0000000100000000)
  eden space 33280K, 0% used [0x00000000e0000000,0x00000000e0000000,0x00000000e2080000)
  from space 5120K, 99% used [0x00000000e2080000,0x00000000e257c010,0x00000000e2580000)
  to   space 10752K, 0% used [0x00000000e4b80000,0x00000000e4b80000,0x00000000e5600000)
 ParOldGen       total 87552K, used 7970K [0x00000000a0000000, 0x00000000a5580000, 0x00000000e0000000)
  object space 87552K, 9% used [0x00000000a0000000,0x00000000a07c88f8,0x00000000a5580000)
 Metaspace       used 17976K, capacity 18448K, committed 18688K, reserved 1064960K
  class space    used 2583K, capacity 2728K, committed 2816K, reserved 1048576K
}

Deoptimization events (10 events):
Event: 1.653 Thread 0x000000001b339000 Uncommon trap: reason=unstable_if action=reinterpret pc=0x0000000003255c74 method=java.lang.String.lastIndexOf([CII[CIII)I @ 66
Event: 1.706 Thread 0x000000001b339000 Uncommon trap: reason=unstable_if action=reinterpret pc=0x0000000003271bc8 method=java.util.HashMap.putVal(ILjava/lang/Object;Ljava/lang/Object;ZZ)Ljava/lang/Object; @ 236
Event: 1.837 Thread 0x000000001b339000 Uncommon trap: reason=unstable_if action=reinterpret pc=0x0000000002f5d148 method=java.net.URI.match(CJJ)Z @ 19
Event: 1.837 Thread 0x000000001b339000 Uncommon trap: reason=unstable_if action=reinterpret pc=0x0000000003049740 method=java.net.URI.match(CJJ)Z @ 19
Event: 1.837 Thread 0x000000001b339000 Uncommon trap: reason=unstable_if action=reinterpret pc=0x0000000002f5c788 method=java.net.URI.match(CJJ)Z @ 19
Event: 1.876 Thread 0x000000001b339000 Uncommon trap: reason=unstable_if action=reinterpret pc=0x00000000030c4358 method=java.io.File.getName()Ljava/lang/String; @ 16
Event: 1.920 Thread 0x000000001b339000 Uncommon trap: reason=bimorphic action=maybe_recompile pc=0x00000000032a0e08 method=java.lang.ClassLoader.loadClass(Ljava/lang/String;Z)Ljava/lang/Class; @ 38
Event: 1.924 Thread 0x000000001b339000 Uncommon trap: reason=bimorphic action=maybe_recompile pc=0x00000000032a0e08 method=java.lang.ClassLoader.loadClass(Ljava/lang/String;Z)Ljava/lang/Class; @ 38
Event: 1.925 Thread 0x000000001b339000 Uncommon trap: reason=bimorphic action=maybe_recompile pc=0x00000000032a0e08 method=java.lang.ClassLoader.loadClass(Ljava/lang/String;Z)Ljava/lang/Class; @ 38
Event: 1.925 Thread 0x000000001b339000 Uncommon trap: reason=bimorphic action=maybe_recompile pc=0x00000000032a0e08 method=java.lang.ClassLoader.loadClass(Ljava/lang/String;Z)Ljava/lang/Class; @ 38

Classes redefined (0 events):
No events

Internal exceptions (10 events):
Event: 1.927 Thread 0x000000001b339000 Exception <a 'java/lang/NoSuchMethodError': <clinit>> (0x00000000e06cf820) thrown at [D:\src\AOSP-openjdk-cygwin\jdk8u\hotspot\src\share\vm\prims\jni.cpp, line 1614]
Event: 1.941 Thread 0x000000001b339000 Exception <a 'java/lang/NoSuchMethodError': <clinit>> (0x00000000e07203a0) thrown at [D:\src\AOSP-openjdk-cygwin\jdk8u\hotspot\src\share\vm\prims\jni.cpp, line 1614]
Event: 1.941 Thread 0x000000001b339000 Exception <a 'java/lang/NoSuchMethodError': <clinit>> (0x00000000e072de08) thrown at [D:\src\AOSP-openjdk-cygwin\jdk8u\hotspot\src\share\vm\prims\jni.cpp, line 1614]
Event: 1.949 Thread 0x000000001b339000 Exception <a 'java/lang/NoSuchMethodError': <clinit>> (0x00000000e0857c60) thrown at [D:\src\AOSP-openjdk-cygwin\jdk8u\hotspot\src\share\vm\prims\jni.cpp, line 1614]
Event: 1.950 Thread 0x000000001b339000 Exception <a 'java/lang/NoSuchMethodError': <clinit>> (0x00000000e085be00) thrown at [D:\src\AOSP-openjdk-cygwin\jdk8u\hotspot\src\share\vm\prims\jni.cpp, line 1614]
Event: 1.950 Thread 0x000000001b339000 Exception <a 'java/lang/NoSuchMethodError': <clinit>> (0x00000000e085d788) thrown at [D:\src\AOSP-openjdk-cygwin\jdk8u\hotspot\src\share\vm\prims\jni.cpp, line 1614]
Event: 1.950 Thread 0x000000001b339000 Exception <a 'java/lang/NoSuchMethodError': <clinit>> (0x00000000e085ec88) thrown at [D:\src\AOSP-openjdk-cygwin\jdk8u\hotspot\src\share\vm\prims\jni.cpp, line 1614]
Event: 1.950 Thread 0x000000001b339000 Exception <a 'java/lang/NoSuchMethodError': <clinit>> (0x00000000e08603d8) thrown at [D:\src\AOSP-openjdk-cygwin\jdk8u\hotspot\src\share\vm\prims\jni.cpp, line 1614]
Event: 1.950 Thread 0x000000001b339000 Exception <a 'java/lang/NoSuchMethodError': <clinit>> (0x00000000e08619d8) thrown at [D:\src\AOSP-openjdk-cygwin\jdk8u\hotspot\src\share\vm\prims\jni.cpp, line 1614]
Event: 1.950 Thread 0x000000001b339000 Exception <a 'java/lang/NoSuchMethodError': <clinit>> (0x00000000e0862e78) thrown at [D:\src\AOSP-openjdk-cygwin\jdk8u\hotspot\src\share\vm\prims\jni.cpp, line 1614]

Events (10 events):
Event: 1.978 loading class org/gradle/api/internal/artifacts/dsl/DefaultComponentModuleMetadataHandler
Event: 1.978 loading class org/gradle/api/internal/artifacts/dsl/DefaultComponentModuleMetadataHandler done
Event: 1.979 loading class org/gradle/api/internal/artifacts/DefaultDependencyManagementServices$DefaultDependencyResolutionServices
Event: 1.979 loading class org/gradle/api/internal/artifacts/DefaultDependencyManagementServices$DefaultDependencyResolutionServices done
Event: 1.980 loading class org/gradle/api/internal/initialization/DefaultScriptHandler
Event: 1.980 loading class org/gradle/api/internal/initialization/DefaultScriptHandler done
Event: 1.981 loading class org/gradle/internal/resource/UriTextResource$UriResourceLocation
Event: 1.981 loading class org/gradle/internal/resource/UriTextResource$UriResourceLocation done
Event: 1.981 loading class org/gradle/internal/state/DefaultManagedFactoryRegistry
Event: 1.981 loading class org/gradle/internal/state/DefaultManagedFactoryRegistry done


Dynamic libraries:
0x00007ff7521d0000 - 0x00007ff752201000 	C:\Program Files\Android\Android Studio\jre\bin\java.exe
0x00007ff927ec0000 - 0x00007ff9280b0000 	C:\WINDOWS\SYSTEM32\ntdll.dll
0x00007ff926170000 - 0x00007ff926222000 	C:\WINDOWS\System32\KERNEL32.DLL
0x00007ff9250a0000 - 0x00007ff925344000 	C:\WINDOWS\System32\KERNELBASE.dll
0x00007ff926230000 - 0x00007ff9262d3000 	C:\WINDOWS\System32\ADVAPI32.dll
0x00007ff925fb0000 - 0x00007ff92604e000 	C:\WINDOWS\System32\msvcrt.dll
0x00007ff9274b0000 - 0x00007ff927547000 	C:\WINDOWS\System32\sechost.dll
0x00007ff926050000 - 0x00007ff926170000 	C:\WINDOWS\System32\RPCRT4.dll
0x00007ff926790000 - 0x00007ff926924000 	C:\WINDOWS\System32\USER32.dll
0x00007ff924e70000 - 0x00007ff924e91000 	C:\WINDOWS\System32\win32u.dll
0x00007ff9262e0000 - 0x00007ff926306000 	C:\WINDOWS\System32\GDI32.dll
0x00007ff925450000 - 0x00007ff9255e4000 	C:\WINDOWS\System32\gdi32full.dll
0x00007ff925000000 - 0x00007ff92509e000 	C:\WINDOWS\System32\msvcp_win.dll
0x00007ff925350000 - 0x00007ff92544a000 	C:\WINDOWS\System32\ucrtbase.dll
0x00007ff924520000 - 0x00007ff9247a4000 	C:\WINDOWS\WinSxS\amd64_microsoft.windows.common-controls_6595b64144ccf1df_6.0.18362.836_none_e6c4b943130f18ed\COMCTL32.dll
0x00007ff926fc0000 - 0x00007ff9272f6000 	C:\WINDOWS\System32\combase.dll
0x00007ff924f80000 - 0x00007ff925000000 	C:\WINDOWS\System32\bcryptPrimitives.dll
0x00007ff925f80000 - 0x00007ff925fae000 	C:\WINDOWS\System32\IMM32.DLL
0x0000000066aa0000 - 0x0000000066b72000 	C:\Program Files\Android\Android Studio\jre\jre\bin\msvcr100.dll
0x0000000066e10000 - 0x0000000067656000 	C:\Program Files\Android\Android Studio\jre\jre\bin\server\jvm.dll
0x00007ff926fb0000 - 0x00007ff926fb8000 	C:\WINDOWS\System32\PSAPI.DLL
0x00007ff9111f0000 - 0x00007ff9111f9000 	C:\WINDOWS\SYSTEM32\WSOCK32.dll
0x00007ff91f610000 - 0x00007ff91f634000 	C:\WINDOWS\SYSTEM32\WINMM.dll
0x00007ff922f00000 - 0x00007ff922f0a000 	C:\WINDOWS\SYSTEM32\VERSION.dll
0x00007ff9266a0000 - 0x00007ff92670f000 	C:\WINDOWS\System32\WS2_32.dll
0x00007ff91f5e0000 - 0x00007ff91f60d000 	C:\WINDOWS\SYSTEM32\WINMMBASE.dll
0x00007ff924ea0000 - 0x00007ff924eea000 	C:\WINDOWS\System32\cfgmgr32.dll
0x00007ff9247f0000 - 0x00007ff9247ff000 	C:\Program Files\Android\Android Studio\jre\jre\bin\verify.dll
0x00007ff923590000 - 0x00007ff9235b9000 	C:\Program Files\Android\Android Studio\jre\jre\bin\java.dll
0x00007ff923490000 - 0x00007ff9234a6000 	C:\Program Files\Android\Android Studio\jre\jre\bin\zip.dll
0x00007ff9275b0000 - 0x00007ff927c94000 	C:\WINDOWS\System32\SHELL32.dll
0x00007ff926930000 - 0x00007ff9269d9000 	C:\WINDOWS\System32\shcore.dll
0x00007ff925740000 - 0x00007ff925ebe000 	C:\WINDOWS\System32\windows.storage.dll
0x00007ff924e00000 - 0x00007ff924e23000 	C:\WINDOWS\System32\profapi.dll
0x00007ff924db0000 - 0x00007ff924dfa000 	C:\WINDOWS\System32\powrprof.dll
0x00007ff924d80000 - 0x00007ff924d90000 	C:\WINDOWS\System32\UMPDC.dll
0x00007ff927ca0000 - 0x00007ff927cf2000 	C:\WINDOWS\System32\shlwapi.dll
0x00007ff924e30000 - 0x00007ff924e41000 	C:\WINDOWS\System32\kernel.appcore.dll
0x00007ff924e50000 - 0x00007ff924e67000 	C:\WINDOWS\System32\cryptsp.dll
0x00007ff923470000 - 0x00007ff92348a000 	C:\Program Files\Android\Android Studio\jre\jre\bin\net.dll
0x00007ff920870000 - 0x00007ff920a46000 	C:\WINDOWS\SYSTEM32\urlmon.dll
0x00007ff911ab0000 - 0x00007ff911d56000 	C:\WINDOWS\SYSTEM32\iertutil.dll
0x00007ff924140000 - 0x00007ff92414c000 	C:\WINDOWS\SYSTEM32\CRYPTBASE.DLL
0x00007ff923f10000 - 0x00007ff923f77000 	C:\WINDOWS\system32\mswsock.dll
0x00007ff923390000 - 0x00007ff9233a3000 	C:\Program Files\Android\Android Studio\jre\jre\bin\nio.dll
0x00007ff90b0e0000 - 0x00007ff90b106000 	C:\Users\rocio\.gradle\native\30\windows-amd64\native-platform.dll
0x00007ff9247e0000 - 0x00007ff9247ed000 	C:\Program Files\Android\Android Studio\jre\jre\bin\management.dll
0x00007ff923a80000 - 0x00007ff923ab3000 	C:\WINDOWS\system32\rsaenh.dll
0x00007ff924f50000 - 0x00007ff924f76000 	C:\WINDOWS\System32\bcrypt.dll
0x00007ff924ca0000 - 0x00007ff924cc5000 	C:\WINDOWS\SYSTEM32\USERENV.dll
0x00007ff923c20000 - 0x00007ff923c5a000 	C:\WINDOWS\SYSTEM32\IPHLPAPI.DLL
0x00007ff926370000 - 0x00007ff926378000 	C:\WINDOWS\System32\NSI.dll
0x00007ff91c8e0000 - 0x00007ff91c8f6000 	C:\WINDOWS\SYSTEM32\dhcpcsvc6.DLL
0x00007ff91d1c0000 - 0x00007ff91d1dc000 	C:\WINDOWS\SYSTEM32\dhcpcsvc.DLL
0x00007ff923c60000 - 0x00007ff923d2b000 	C:\WINDOWS\SYSTEM32\DNSAPI.dll
0x00007ff9248a0000 - 0x00007ff924a94000 	C:\WINDOWS\SYSTEM32\dbghelp.dll

VM Arguments:
jvm_args: -Xmx1536m -Dfile.encoding=windows-1252 -Duser.country=ES -Duser.language=es -Duser.variant 
java_command: org.gradle.launcher.daemon.bootstrap.GradleDaemon 5.6.4
java_class_path (initial): C:\Users\rocio\.gradle\wrapper\dists\gradle-5.6.4-all\ankdp27end7byghfw1q2sw75f\gradle-5.6.4\lib\gradle-launcher-5.6.4.jar
Launcher Type: SUN_STANDARD

Environment Variables:
JAVA_HOME=C:\Program Files\Java\jdk1.8.0_144
PATH=C:\Program Files (x86)\Intel\iCLS Client\;C:\oraclexe\app\oracle\product\11.2.0\server\bin;C:\ProgramData\Oracle\Java\javapath;C:\Program Files\Intel\iCLS Client\;C:\windows\system32;C:\windows;C:\windows\System32\Wbem;C:\windows\System32\WindowsPowerShell\v1.0\;C:\Program Files (x86)\NVIDIA Corporation\PhysX\Common;C:\WINDOWS\system32;C:\WINDOWS;C:\WINDOWS\System32\Wbem;C:\WINDOWS\System32\WindowsPowerShell\v1.0\;C:\Program Files (x86)\Intel\Intel(R) Management Engine Components\DAL;C:\Program Files\Intel\Intel(R) Management Engine Components\DAL;C:\Program Files (x86)\Intel\Intel(R) Management Engine Components\IPT;C:\Program Files\Intel\Intel(R) Management Engine Components\IPT;C:\WINDOWS\System32\OpenSSH\;C:\Program Files\Intel\WiFi\bin\;C:\Program Files\Common Files\Intel\WirelessCommon\;C:\Program Files\Java\jdk1.8.0_144\bin;C:\Program Files\Git\cmd;C:\Program Files\TortoiseSVN\bin;C:\Users\rocio\AppData\Local\Microsoft\WindowsApps;C:\Users\rocio\AppData\Local\GitHubDesktop\bin;%USERPROFILE%\AppData\Local\Microsoft\WindowsApps;
USERNAME=rocio
OS=Windows_NT
PROCESSOR_IDENTIFIER=Intel64 Family 6 Model 158 Stepping 9, GenuineIntel



---------------  S Y S T E M  ---------------

OS: Windows 10.0 , 64 bit Build 18362 (10.0.18362.778)

CPU:total 8 (initial active 8) (4 cores per cpu, 2 threads per core) family 6 model 158 stepping 9, cmov, cx8, fxsr, mmx, sse, sse2, sse3, ssse3, sse4.1, sse4.2, popcnt, avx, avx2, aes, clmul, erms, 3dnowpref, lzcnt, ht, tsc, tscinvbit, bmi1, bmi2, adx

Memory: 4k page, physical 8271076k(3428092k free), swap 14562532k(8598332k free)

vm_info: OpenJDK 64-Bit Server VM (25.212-b04) for windows-amd64 JRE (1.8.0_212-release-1586-b04), built by "builder" with MS VC++ 10.0 (VS2010)

time: Wed Jun 03 01:31:21 2020
timezone: Hora de verano romance
elapsed time: 1 seconds (0d 0h 0m 1s)

