#
# A fatal error has been detected by the Java Runtime Environment:
#
#  EXCEPTION_ACCESS_VIOLATION (0xc0000005) at pc=0x000000006f23a760, pid=840, tid=0x0000000000000fe0
#
# JRE version: OpenJDK Runtime Environment (8.0_212-b04) (build 1.8.0_212-release-1586-b04)
# Java VM: OpenJDK 64-Bit Server VM (25.212-b04 mixed mode windows-amd64 compressed oops)
# Problematic frame:
# V  [jvm.dll+0x46a760]
#
# Failed to write core dump. Minidumps are not enabled by default on client versions of Windows
#
# If you would like to submit a bug report, please visit:
#   
#

---------------  T H R E A D  ---------------

Current thread (0x0000000018046000):  JavaThread "C2 CompilerThread2" daemon [_thread_in_native, id=4064, stack(0x0000000018b40000,0x0000000018c40000)]

siginfo: ExceptionCode=0xc0000005, reading address 0x00000000000001d7

Registers:
RAX=0xffffffffffffffff, RBX=0x00000000240c4410, RCX=0x000000000000003b, RDX=0x0000000000000002
RSP=0x0000000018c3bda0, RBP=0x0000000000003b8f, RSI=0x0000000018c3bea0, RDI=0x0000000000003b8f
R8 =0x0000000000000000, R9 =0x0000000000004a05, R10=0x000000006edd0000, R11=0x0000000018c3bc90
R12=0x000000006f59a650, R13=0x000000006edd0000, R14=0x000000001aaf2678, R15=0x00000000000003d8
RIP=0x000000006f23a760, EFLAGS=0x0000000000010203

Top of Stack: (sp=0x0000000018c3bda0)
0x0000000018c3bda0:   0000000023fedcd0 0000000023fedcd0
0x0000000018c3bdb0:   0000000000003b8f 0000000018c3bea0
0x0000000018c3bdc0:   00004a0a00000000 0000000000000001
0x0000000018c3bdd0:   000000001eff13e0 000000000000004b
0x0000000018c3bde0:   0000000020ff2690 0000000040000042
0x0000000018c3bdf0:   00000000240339b0 0000000018c3c190
0x0000000018c3be00:   000000001aaf22a0 0000000018c3c190
0x0000000018c3be10:   000000001aaf2290 000000006f206de1
0x0000000018c3be20:   0000000000000000 0000000018c3bf20
0x0000000018c3be30:   0000000000000000 0000000000000006
0x0000000018c3be40:   0000000000000006 000000001aaf2290
0x0000000018c3be50:   000000001e54fb60 000000001e557af0
0x0000000018c3be60:   000000001e557b48 00000000012706d0
0x0000000018c3be70:   0000000000000006 000000001aaf2e60
0x0000000018c3be80:   000000001aaf2e60 000000001aaf2e70
0x0000000018c3be90:   000000001aaf3248 00000000000003d8 

Instructions: (pc=0x000000006f23a760)
0x000000006f23a740:   c0 74 68 8b c0 48 8d 1c 80 48 c1 e3 05 48 03 5e
0x000000006f23a750:   10 85 ff 74 93 48 8b 43 08 48 8b cd 48 c1 e9 08
0x000000006f23a760:   4c 8b 0c c8 4d 3b cc 75 0d 8b d7 48 8b cb e8 ad
0x000000006f23a770:   4a 00 00 4c 8b c8 8b d7 8b cf 41 b8 01 00 00 00 


Register to memory mapping:

RAX=0xffffffffffffffff is an unknown value
RBX=0x00000000240c4410 is an unknown value
RCX=0x000000000000003b is an unknown value
RDX=0x0000000000000002 is an unknown value
RSP=0x0000000018c3bda0 is pointing into the stack for thread: 0x0000000018046000
RBP=0x0000000000003b8f is an unknown value
RSI=0x0000000018c3bea0 is pointing into the stack for thread: 0x0000000018046000
RDI=0x0000000000003b8f is an unknown value
R8 =0x0000000000000000 is an unknown value
R9 =0x0000000000004a05 is an unknown value
R10=0x000000006edd0000 is an unknown value
R11=0x0000000018c3bc90 is pointing into the stack for thread: 0x0000000018046000
R12=0x000000006f59a650 is an unknown value
R13=0x000000006edd0000 is an unknown value
R14=0x000000001aaf2678 is an unknown value
R15=0x00000000000003d8 is an unknown value


Stack: [0x0000000018b40000,0x0000000018c40000],  sp=0x0000000018c3bda0,  free space=1007k
Native frames: (J=compiled Java code, j=interpreted, Vv=VM code, C=native code)
V  [jvm.dll+0x46a760]
V  [jvm.dll+0x436de1]
V  [jvm.dll+0x44189b]
V  [jvm.dll+0x444198]
V  [jvm.dll+0x4272e2]
V  [jvm.dll+0x81fbf]
V  [jvm.dll+0x8291f]
V  [jvm.dll+0x21db3f]
V  [jvm.dll+0x26f53a]
C  [msvcr100.dll+0x21d9f]
C  [msvcr100.dll+0x21e3b]
C  [KERNEL32.DLL+0x17bd4]
C  [ntdll.dll+0x6ce51]


Current CompileTask:
C2:   7889 4114       4       com.sun.beans.TypeResolver::resolve (37 bytes)


---------------  P R O C E S S  ---------------

Java Threads: ( => current thread )
  0x000000001f993000 JavaThread "Cache worker for Build Output Cleanup Cache (C:\Users\rocio\Desktop\rocio\PROYECTO\FutFemApp\.gradle\buildOutputCleanup)" [_thread_blocked, id=14356, stack(0x00000000233b0000,0x00000000234b0000)]
  0x000000001f996000 JavaThread "pool-1-thread-1" [_thread_blocked, id=12876, stack(0x0000000022c40000,0x0000000022d40000)]
  0x000000001f990800 JavaThread "Build operations Thread 8" [_thread_blocked, id=11464, stack(0x0000000022b40000,0x0000000022c40000)]
  0x000000001f98e800 JavaThread "Build operations Thread 7" [_thread_blocked, id=14896, stack(0x0000000022a40000,0x0000000022b40000)]
  0x000000001f98d000 JavaThread "Build operations Thread 6" [_thread_blocked, id=15900, stack(0x0000000022940000,0x0000000022a40000)]
  0x000000001f992000 JavaThread "Build operations Thread 5" [_thread_blocked, id=13900, stack(0x0000000022840000,0x0000000022940000)]
  0x000000001f98d800 JavaThread "Build operations Thread 4" [_thread_blocked, id=9208, stack(0x0000000022740000,0x0000000022840000)]
  0x000000001f990000 JavaThread "Build operations Thread 3" [_thread_blocked, id=7788, stack(0x00000000223a0000,0x00000000224a0000)]
  0x000000001f98a800 JavaThread "Build operations Thread 2" [_thread_blocked, id=3436, stack(0x00000000222a0000,0x00000000223a0000)]
  0x000000001f98c000 JavaThread "Build operations" [_thread_blocked, id=12492, stack(0x00000000221a0000,0x00000000222a0000)]
  0x000000001f991800 JavaThread "Cache worker for execution history cache (C:\Users\rocio\.gradle\caches\5.6.4\executionHistory)" [_thread_blocked, id=14552, stack(0x0000000020aa0000,0x0000000020ba0000)]
  0x000000001906b800 JavaThread "Cache worker for cache directory md-rule (C:\Users\rocio\.gradle\caches\5.6.4\md-rule)" [_thread_blocked, id=14000, stack(0x00000000209a0000,0x0000000020aa0000)]
  0x000000001906a800 JavaThread "Cache worker for cache directory md-supplier (C:\Users\rocio\.gradle\caches\5.6.4\md-supplier)" [_thread_blocked, id=5528, stack(0x0000000020660000,0x0000000020760000)]
  0x000000001906d000 JavaThread "Cache worker for file hash cache (C:\Users\rocio\Desktop\rocio\PROYECTO\FutFemApp\.gradle\5.6.4\fileHashes)" [_thread_blocked, id=10164, stack(0x000000001f130000,0x000000001f230000)]
  0x000000001906a000 JavaThread "Cache worker for journal cache (C:\Users\rocio\.gradle\caches\journal-1)" [_thread_blocked, id=8280, stack(0x000000001cc90000,0x000000001cd90000)]
  0x0000000019068800 JavaThread "File lock request listener" [_thread_in_native, id=14540, stack(0x000000001cb90000,0x000000001cc90000)]
  0x00000000199cb000 JavaThread "Cache worker for file hash cache (C:\Users\rocio\.gradle\caches\5.6.4\fileHashes)" [_thread_blocked, id=13440, stack(0x000000001ca90000,0x000000001cb90000)]
  0x000000001aaeb000 JavaThread "Thread-9" [_thread_blocked, id=6032, stack(0x000000001c990000,0x000000001ca90000)]
  0x000000001aaec800 JavaThread "Stdin handler" [_thread_blocked, id=15044, stack(0x000000001c890000,0x000000001c990000)]
  0x000000001aaee800 JavaThread "Asynchronous log dispatcher for DefaultDaemonConnection: socket connection from /127.0.0.1:56759 to /127.0.0.1:56760" [_thread_blocked, id=11764, stack(0x000000001c690000,0x000000001c790000)]
  0x000000001ab15800 JavaThread "Daemon worker" [_thread_in_Java, id=9964, stack(0x000000001c590000,0x000000001c690000)]
  0x000000001aad2800 JavaThread "Cancel handler" [_thread_blocked, id=4192, stack(0x000000001c490000,0x000000001c590000)]
  0x000000001aaa7800 JavaThread "Handler for socket connection from /127.0.0.1:56759 to /127.0.0.1:56760" [_thread_in_native, id=15996, stack(0x000000001c190000,0x000000001c290000)]
  0x000000001aaa7000 JavaThread "Daemon" [_thread_blocked, id=11644, stack(0x000000001c090000,0x000000001c190000)]
  0x000000001aa8f000 JavaThread "Daemon periodic checks" [_thread_blocked, id=8892, stack(0x000000001bf90000,0x000000001c090000)]
  0x000000001aa08800 JavaThread "Incoming local TCP Connector on port 56759" [_thread_in_native, id=12220, stack(0x000000001bd20000,0x000000001be20000)]
  0x000000001a9a2800 JavaThread "Daemon health stats" [_thread_blocked, id=13512, stack(0x000000001b6e0000,0x000000001b7e0000)]
  0x0000000018071800 JavaThread "Service Thread" daemon [_thread_blocked, id=13308, stack(0x0000000018d40000,0x0000000018e40000)]
  0x000000001804b000 JavaThread "C1 CompilerThread3" daemon [_thread_blocked, id=272, stack(0x0000000018c40000,0x0000000018d40000)]
=>0x0000000018046000 JavaThread "C2 CompilerThread2" daemon [_thread_in_native, id=4064, stack(0x0000000018b40000,0x0000000018c40000)]
  0x0000000018042000 JavaThread "C2 CompilerThread1" daemon [_thread_in_native, id=9316, stack(0x0000000018a40000,0x0000000018b40000)]
  0x000000001803e800 JavaThread "C2 CompilerThread0" daemon [_thread_in_native, id=13432, stack(0x0000000018940000,0x0000000018a40000)]
  0x000000001803d000 JavaThread "Attach Listener" daemon [_thread_blocked, id=13932, stack(0x0000000018840000,0x0000000018940000)]
  0x000000001803c000 JavaThread "Signal Dispatcher" daemon [_thread_blocked, id=1948, stack(0x0000000018740000,0x0000000018840000)]
  0x000000000245e000 JavaThread "Finalizer" daemon [_thread_blocked, id=8732, stack(0x0000000018510000,0x0000000018610000)]
  0x0000000002455000 JavaThread "Reference Handler" daemon [_thread_blocked, id=2240, stack(0x0000000018410000,0x0000000018510000)]
  0x0000000002362800 JavaThread "main" [_thread_blocked, id=10444, stack(0x0000000002260000,0x0000000002360000)]

Other Threads:
  0x0000000016218000 VMThread [stack: 0x0000000017f10000,0x0000000018010000] [id=7604]
  0x0000000018072000 WatcherThread [stack: 0x0000000018e40000,0x0000000018f40000] [id=9048]

VM state:not at safepoint (normal execution)

VM Mutex/Monitor currently owned by a thread: None

heap address: 0x00000000a0000000, size: 1536 MB, Compressed Oops mode: 32-bit
Narrow klass base: 0x0000000000000000, Narrow klass shift: 3
Compressed class space size: 1073741824 Address: 0x0000000100000000

Heap:
 PSYoungGen      total 139776K, used 77709K [0x00000000e0000000, 0x00000000e9f80000, 0x0000000100000000)
  eden space 127488K, 51% used [0x00000000e0000000,0x00000000e3fe4c18,0x00000000e7c80000)
  from space 12288K, 99% used [0x00000000e9380000,0x00000000e9f7e838,0x00000000e9f80000)
  to   space 14336K, 0% used [0x00000000e8380000,0x00000000e8380000,0x00000000e9180000)
 ParOldGen       total 96256K, used 18580K [0x00000000a0000000, 0x00000000a5e00000, 0x00000000e0000000)
  object space 96256K, 19% used [0x00000000a0000000,0x00000000a12253c8,0x00000000a5e00000)
 Metaspace       used 51266K, capacity 52756K, committed 52992K, reserved 1095680K
  class space    used 7012K, capacity 7379K, committed 7424K, reserved 1048576K

Card table byte_map: [0x0000000011820000,0x0000000011b30000] byte_map_base: 0x0000000011320000

Marking Bits: (ParMarkBitMap*) 0x000000006f599f30
 Begin Bits: [0x0000000012530000, 0x0000000013d30000)
 End Bits:   [0x0000000013d30000, 0x0000000015530000)

Polling page: 0x00000000005d0000

CodeCache: size=245760Kb used=14568Kb max_used=14568Kb free=231191Kb
 bounds [0x0000000002460000, 0x00000000032b0000, 0x0000000011460000]
 total_blobs=5012 nmethods=4243 adapters=682
 compilation: enabled

Compilation events (10 events):
Event: 7.854 Thread 0x000000001804b000 4569       3       com.google.common.collect.RegularImmutableMap$EntrySet::<init> (26 bytes)
Event: 7.855 Thread 0x000000001804b000 nmethod 4569 0x000000000329e3d0 code [0x000000000329e540, 0x000000000329e850]
Event: 7.855 Thread 0x000000001804b000 4573       1       org.gradle.internal.reflect.annotations.impl.DefaultTypeAnnotationMetadataStore$PropertyAnnotationMetadataBuilder::getMethod (5 bytes)
Event: 7.855 Thread 0x000000001804b000 nmethod 4573 0x000000000329ea10 code [0x000000000329eb60, 0x000000000329ec70]
Event: 7.855 Thread 0x000000001804b000 4574       1       com.google.common.collect.Maps$KeySet::map (5 bytes)
Event: 7.855 Thread 0x000000001804b000 nmethod 4574 0x000000000329ecd0 code [0x000000000329ee20, 0x000000000329ef30]
Event: 7.856 Thread 0x000000001804b000 4575       3       com.google.common.collect.AbstractMapBasedMultimap$WrappedCollection$WrappedIterator::next (14 bytes)
Event: 7.856 Thread 0x000000001804b000 nmethod 4575 0x000000000329ef90 code [0x000000000329f120, 0x000000000329f568]
Event: 7.856 Thread 0x000000001804b000 4576       3       com.google.common.collect.ImmutableMap::containsKey (14 bytes)
Event: 7.856 Thread 0x000000001804b000 nmethod 4576 0x000000000329f790 code [0x000000000329f900, 0x000000000329fb68]

GC Heap History (10 events):
Event: 4.355 GC heap before
{Heap before GC invocations=8 (full 1):
 PSYoungGen      total 76800K, used 66048K [0x00000000e0000000, 0x00000000e5700000, 0x0000000100000000)
  eden space 66048K, 100% used [0x00000000e0000000,0x00000000e4080000,0x00000000e4080000)
  from space 10752K, 0% used [0x00000000e4b80000,0x00000000e4b80000,0x00000000e5600000)
  to   space 11264K, 0% used [0x00000000e4080000,0x00000000e4080000,0x00000000e4b80000)
 ParOldGen       total 60416K, used 9201K [0x00000000a0000000, 0x00000000a3b00000, 0x00000000e0000000)
  object space 60416K, 15% used [0x00000000a0000000,0x00000000a08fc468,0x00000000a3b00000)
 Metaspace       used 28592K, capacity 29050K, committed 29440K, reserved 1075200K
  class space    used 3845K, capacity 3980K, committed 4096K, reserved 1048576K
Event: 4.366 GC heap after
Heap after GC invocations=8 (full 1):
 PSYoungGen      total 77312K, used 7792K [0x00000000e0000000, 0x00000000e7c00000, 0x0000000100000000)
  eden space 66048K, 0% used [0x00000000e0000000,0x00000000e0000000,0x00000000e4080000)
  from space 11264K, 69% used [0x00000000e4080000,0x00000000e481c338,0x00000000e4b80000)
  to   space 11264K, 0% used [0x00000000e7100000,0x00000000e7100000,0x00000000e7c00000)
 ParOldGen       total 60416K, used 9209K [0x00000000a0000000, 0x00000000a3b00000, 0x00000000e0000000)
  object space 60416K, 15% used [0x00000000a0000000,0x00000000a08fe468,0x00000000a3b00000)
 Metaspace       used 28592K, capacity 29050K, committed 29440K, reserved 1075200K
  class space    used 3845K, capacity 3980K, committed 4096K, reserved 1048576K
}
Event: 4.929 GC heap before
{Heap before GC invocations=9 (full 1):
 PSYoungGen      total 77312K, used 73840K [0x00000000e0000000, 0x00000000e7c00000, 0x0000000100000000)
  eden space 66048K, 100% used [0x00000000e0000000,0x00000000e4080000,0x00000000e4080000)
  from space 11264K, 69% used [0x00000000e4080000,0x00000000e481c338,0x00000000e4b80000)
  to   space 11264K, 0% used [0x00000000e7100000,0x00000000e7100000,0x00000000e7c00000)
 ParOldGen       total 60416K, used 9217K [0x00000000a0000000, 0x00000000a3b00000, 0x00000000e0000000)
  object space 60416K, 15% used [0x00000000a0000000,0x00000000a0900430,0x00000000a3b00000)
 Metaspace       used 31782K, capacity 32274K, committed 32512K, reserved 1077248K
  class space    used 4358K, capacity 4500K, committed 4608K, reserved 1048576K
Event: 4.938 GC heap after
Heap after GC invocations=9 (full 1):
 PSYoungGen      total 114688K, used 8390K [0x00000000e0000000, 0x00000000e7b80000, 0x0000000100000000)
  eden space 103936K, 0% used [0x00000000e0000000,0x00000000e0000000,0x00000000e6580000)
  from space 10752K, 78% used [0x00000000e7100000,0x00000000e7931a38,0x00000000e7b80000)
  to   space 11264K, 0% used [0x00000000e6580000,0x00000000e6580000,0x00000000e7080000)
 ParOldGen       total 60416K, used 9225K [0x00000000a0000000, 0x00000000a3b00000, 0x00000000e0000000)
  object space 60416K, 15% used [0x00000000a0000000,0x00000000a0902430,0x00000000a3b00000)
 Metaspace       used 31782K, capacity 32274K, committed 32512K, reserved 1077248K
  class space    used 4358K, capacity 4500K, committed 4608K, reserved 1048576K
}
Event: 5.669 GC heap before
{Heap before GC invocations=10 (full 1):
 PSYoungGen      total 114688K, used 69172K [0x00000000e0000000, 0x00000000e7b80000, 0x0000000100000000)
  eden space 103936K, 58% used [0x00000000e0000000,0x00000000e3b5b780,0x00000000e6580000)
  from space 10752K, 78% used [0x00000000e7100000,0x00000000e7931a38,0x00000000e7b80000)
  to   space 11264K, 0% used [0x00000000e6580000,0x00000000e6580000,0x00000000e7080000)
 ParOldGen       total 60416K, used 9225K [0x00000000a0000000, 0x00000000a3b00000, 0x00000000e0000000)
  object space 60416K, 15% used [0x00000000a0000000,0x00000000a0902430,0x00000000a3b00000)
 Metaspace       used 34582K, capacity 35466K, committed 35496K, reserved 1079296K
  class space    used 4767K, capacity 4969K, committed 4992K, reserved 1048576K
Event: 5.679 GC heap after
Heap after GC invocations=10 (full 1):
 PSYoungGen      total 115200K, used 10763K [0x00000000e0000000, 0x00000000e9f80000, 0x0000000100000000)
  eden space 103936K, 0% used [0x00000000e0000000,0x00000000e0000000,0x00000000e6580000)
  from space 11264K, 95% used [0x00000000e6580000,0x00000000e7002ea0,0x00000000e7080000)
  to   space 12288K, 0% used [0x00000000e9380000,0x00000000e9380000,0x00000000e9f80000)
 ParOldGen       total 60416K, used 9233K [0x00000000a0000000, 0x00000000a3b00000, 0x00000000e0000000)
  object space 60416K, 15% used [0x00000000a0000000,0x00000000a0904430,0x00000000a3b00000)
 Metaspace       used 34582K, capacity 35466K, committed 35496K, reserved 1079296K
  class space    used 4767K, capacity 4969K, committed 4992K, reserved 1048576K
}
Event: 5.679 GC heap before
{Heap before GC invocations=11 (full 2):
 PSYoungGen      total 115200K, used 10763K [0x00000000e0000000, 0x00000000e9f80000, 0x0000000100000000)
  eden space 103936K, 0% used [0x00000000e0000000,0x00000000e0000000,0x00000000e6580000)
  from space 11264K, 95% used [0x00000000e6580000,0x00000000e7002ea0,0x00000000e7080000)
  to   space 12288K, 0% used [0x00000000e9380000,0x00000000e9380000,0x00000000e9f80000)
 ParOldGen       total 60416K, used 9233K [0x00000000a0000000, 0x00000000a3b00000, 0x00000000e0000000)
  object space 60416K, 15% used [0x00000000a0000000,0x00000000a0904430,0x00000000a3b00000)
 Metaspace       used 34582K, capacity 35466K, committed 35496K, reserved 1079296K
  class space    used 4767K, capacity 4969K, committed 4992K, reserved 1048576K
Event: 5.760 GC heap after
Heap after GC invocations=11 (full 2):
 PSYoungGen      total 115200K, used 0K [0x00000000e0000000, 0x00000000e9f80000, 0x0000000100000000)
  eden space 103936K, 0% used [0x00000000e0000000,0x00000000e0000000,0x00000000e6580000)
  from space 11264K, 0% used [0x00000000e6580000,0x00000000e6580000,0x00000000e7080000)
  to   space 12288K, 0% used [0x00000000e9380000,0x00000000e9380000,0x00000000e9f80000)
 ParOldGen       total 96256K, used 17513K [0x00000000a0000000, 0x00000000a5e00000, 0x00000000e0000000)
  object space 96256K, 18% used [0x00000000a0000000,0x00000000a111a738,0x00000000a5e00000)
 Metaspace       used 34555K, capacity 35376K, committed 35496K, reserved 1079296K
  class space    used 4759K, capacity 4954K, committed 4992K, reserved 1048576K
}
Event: 6.946 GC heap before
{Heap before GC invocations=12 (full 2):
 PSYoungGen      total 115200K, used 103936K [0x00000000e0000000, 0x00000000e9f80000, 0x0000000100000000)
  eden space 103936K, 100% used [0x00000000e0000000,0x00000000e6580000,0x00000000e6580000)
  from space 11264K, 0% used [0x00000000e6580000,0x00000000e6580000,0x00000000e7080000)
  to   space 12288K, 0% used [0x00000000e9380000,0x00000000e9380000,0x00000000e9f80000)
 ParOldGen       total 96256K, used 17513K [0x00000000a0000000, 0x00000000a5e00000, 0x00000000e0000000)
  object space 96256K, 18% used [0x00000000a0000000,0x00000000a111a738,0x00000000a5e00000)
 Metaspace       used 45078K, capacity 46126K, committed 46336K, reserved 1089536K
  class space    used 6055K, capacity 6361K, committed 6400K, reserved 1048576K
Event: 6.958 GC heap after
Heap after GC invocations=12 (full 2):
 PSYoungGen      total 139776K, used 12282K [0x00000000e0000000, 0x00000000e9f80000, 0x0000000100000000)
  eden space 127488K, 0% used [0x00000000e0000000,0x00000000e0000000,0x00000000e7c80000)
  from space 12288K, 99% used [0x00000000e9380000,0x00000000e9f7e838,0x00000000e9f80000)
  to   space 14336K, 0% used [0x00000000e8380000,0x00000000e8380000,0x00000000e9180000)
 ParOldGen       total 96256K, used 18580K [0x00000000a0000000, 0x00000000a5e00000, 0x00000000e0000000)
  object space 96256K, 19% used [0x00000000a0000000,0x00000000a12253c8,0x00000000a5e00000)
 Metaspace       used 45078K, capacity 46126K, committed 46336K, reserved 1089536K
  class space    used 6055K, capacity 6361K, committed 6400K, reserved 1048576K
}

Deoptimization events (10 events):
Event: 7.130 Thread 0x000000001ab15800 Uncommon trap: reason=speculate_class_check action=maybe_recompile pc=0x0000000002e806a8 method=com.google.common.collect.AbstractIndexedListIterator.next()Ljava/lang/Object; @ 27
Event: 7.130 Thread 0x000000001ab15800 Uncommon trap: reason=speculate_class_check action=maybe_recompile pc=0x0000000002e806a8 method=com.google.common.collect.AbstractIndexedListIterator.next()Ljava/lang/Object; @ 27
Event: 7.130 Thread 0x000000001ab15800 Uncommon trap: reason=speculate_class_check action=maybe_recompile pc=0x0000000002e806a8 method=com.google.common.collect.AbstractIndexedListIterator.next()Ljava/lang/Object; @ 27
Event: 7.130 Thread 0x000000001ab15800 Uncommon trap: reason=speculate_class_check action=maybe_recompile pc=0x0000000002e806a8 method=com.google.common.collect.AbstractIndexedListIterator.next()Ljava/lang/Object; @ 27
Event: 7.146 Thread 0x000000001ab15800 Uncommon trap: reason=unstable_if action=reinterpret pc=0x0000000002f9e170 method=org.gradle.internal.instantiation.AbstractClassGenerator$InjectionAnnotationValidator.validateMethod(Ljava/lang/reflect/Method;Lorg/gradle/internal/reflect/PropertyAccessorT
Event: 7.146 Thread 0x000000001ab15800 Uncommon trap: reason=unstable_if action=reinterpret pc=0x000000000306dc7c method=org.gradle.internal.instantiation.AbstractClassGenerator$InjectionAnnotationValidator.validateMethod(Ljava/lang/reflect/Method;Lorg/gradle/internal/reflect/PropertyAccessorT
Event: 7.273 Thread 0x000000001ab15800 Uncommon trap: reason=unstable_if action=reinterpret pc=0x00000000026a2c0c method=java.util.concurrent.ConcurrentHashMap.addCount(JI)V @ 110
Event: 7.274 Thread 0x000000001ab15800 Uncommon trap: reason=unstable_if action=reinterpret pc=0x000000000265c69c method=java.util.concurrent.ConcurrentHashMap.addCount(JI)V @ 110
Event: 7.782 Thread 0x000000001ab15800 Uncommon trap: reason=bimorphic action=maybe_recompile pc=0x0000000002c176e4 method=java.util.AbstractCollection.addAll(Ljava/util/Collection;)Z @ 29
Event: 7.799 Thread 0x000000001ab15800 Uncommon trap: reason=unstable_if action=reinterpret pc=0x0000000002e28c38 method=com.esotericsoftware.kryo.io.Input.require(I)I @ 65

Classes redefined (0 events):
No events

Internal exceptions (10 events):
Event: 7.408 Thread 0x000000001ab15800 Exception <a 'java/lang/ClassNotFoundException': org/gradle/api/plugins/BasePluginConventionBeanInfo> (0x00000000e21c8b48) thrown at [D:\src\AOSP-openjdk-cygwin\jdk8u\hotspot\src\share\vm\classfile\systemDictionary.cpp, line 210]
Event: 7.408 Thread 0x000000001ab15800 Exception <a 'java/lang/ClassNotFoundException': org/gradle/api/plugins/BasePluginConventionCustomizer> (0x00000000e21f38e8) thrown at [D:\src\AOSP-openjdk-cygwin\jdk8u\hotspot\src\share\vm\classfile\systemDictionary.cpp, line 210]
Event: 7.409 Thread 0x000000001ab15800 Exception <a 'java/lang/ClassNotFoundException': org/gradle/api/plugins/internal/DefaultBasePluginConventionCustomizer> (0x00000000e2238658) thrown at [D:\src\AOSP-openjdk-cygwin\jdk8u\hotspot\src\share\vm\classfile\systemDictionary.cpp, line 210]
Event: 7.420 Thread 0x000000001ab15800 Exception <a 'java/lang/NoSuchMethodError': java.lang.Object.lambda$comparingInt$7b0bb60$1(Ljava/util/function/ToIntFunction;Ljava/lang/Object;Ljava/lang/Object;)I> (0x00000000e22bf308) thrown at [D:\src\AOSP-openjdk-cygwin\jdk8u\hotspot\src\share\vm\inte
Event: 7.745 Thread 0x000000001ab15800 Exception <a 'java/lang/ClassNotFoundException': com/android/build/gradle/internal/api/ApkVariantOutputImpl_DecoratedBeanInfo> (0x00000000e33287f8) thrown at [D:\src\AOSP-openjdk-cygwin\jdk8u\hotspot\src\share\vm\classfile\systemDictionary.cpp, line 210]
Event: 7.745 Thread 0x000000001ab15800 Exception <a 'java/lang/ClassNotFoundException': com/android/build/gradle/internal/api/ApkVariantOutputImplBeanInfo> (0x00000000e3344668) thrown at [D:\src\AOSP-openjdk-cygwin\jdk8u\hotspot\src\share\vm\classfile\systemDictionary.cpp, line 210]
Event: 7.746 Thread 0x000000001ab15800 Exception <a 'java/lang/ClassNotFoundException': com/android/build/gradle/internal/api/BaseVariantOutputImplBeanInfo> (0x00000000e33617f0) thrown at [D:\src\AOSP-openjdk-cygwin\jdk8u\hotspot\src\share\vm\classfile\systemDictionary.cpp, line 210]
Event: 7.746 Thread 0x000000001ab15800 Exception <a 'java/lang/ClassNotFoundException': com/android/build/gradle/internal/api/BaseVariantOutputImplCustomizer> (0x00000000e337ee90) thrown at [D:\src\AOSP-openjdk-cygwin\jdk8u\hotspot\src\share\vm\classfile\systemDictionary.cpp, line 210]
Event: 7.747 Thread 0x000000001ab15800 Exception <a 'java/lang/ClassNotFoundException': com/android/build/gradle/internal/api/ApkVariantOutputImplCustomizer> (0x00000000e33b61c0) thrown at [D:\src\AOSP-openjdk-cygwin\jdk8u\hotspot\src\share\vm\classfile\systemDictionary.cpp, line 210]
Event: 7.749 Thread 0x000000001ab15800 Exception <a 'java/lang/ClassNotFoundException': com/android/build/gradle/internal/api/ApkVariantOutputImpl_DecoratedCustomizer> (0x00000000e33e88d0) thrown at [D:\src\AOSP-openjdk-cygwin\jdk8u\hotspot\src\share\vm\classfile\systemDictionary.cpp, line 210

Events (10 events):
Event: 7.857 loading class org/gradle/api/internal/tasks/properties/bean/AbstractNestedRuntimeBeanNode$1
Event: 7.857 loading class org/gradle/api/internal/tasks/properties/bean/AbstractNestedRuntimeBeanNode$1 done
Event: 7.857 loading class org/gradle/api/internal/tasks/properties/OutputFilePropertyType
Event: 7.857 loading class org/gradle/api/internal/tasks/properties/OutputFilePropertyType done
Event: 7.858 loading class org/gradle/internal/file/TreeType
Event: 7.858 loading class org/gradle/internal/file/TreeType done
Event: 7.858 loading class org/gradle/api/internal/project/taskfactory/DefaultTaskClassInfoStore$IncrementalTaskInputsTaskActionFactory
Event: 7.858 loading class org/gradle/api/internal/project/taskfactory/DefaultTaskClassInfoStore$IncrementalTaskInputsTaskActionFactory done
Event: 7.858 loading class org/gradle/api/internal/project/taskfactory/IncrementalTaskInputsTaskAction
Event: 7.858 loading class org/gradle/api/internal/project/taskfactory/IncrementalTaskInputsTaskAction done


Dynamic libraries:
0x00007ff66e520000 - 0x00007ff66e551000 	C:\Program Files\Android\Android Studio\jre\bin\java.exe
0x00007ffcd52a0000 - 0x00007ffcd5490000 	C:\WINDOWS\SYSTEM32\ntdll.dll
0x00007ffcd3350000 - 0x00007ffcd3402000 	C:\WINDOWS\System32\KERNEL32.DLL
0x00007ffcd2c80000 - 0x00007ffcd2f24000 	C:\WINDOWS\System32\KERNELBASE.dll
0x00007ffcd4430000 - 0x00007ffcd44d3000 	C:\WINDOWS\System32\ADVAPI32.dll
0x00007ffcd3410000 - 0x00007ffcd34ae000 	C:\WINDOWS\System32\msvcrt.dll
0x00007ffcd4100000 - 0x00007ffcd4197000 	C:\WINDOWS\System32\sechost.dll
0x00007ffcd42e0000 - 0x00007ffcd4400000 	C:\WINDOWS\System32\RPCRT4.dll
0x00007ffcd3f60000 - 0x00007ffcd40f4000 	C:\WINDOWS\System32\USER32.dll
0x00007ffcd3320000 - 0x00007ffcd3341000 	C:\WINDOWS\System32\win32u.dll
0x00007ffcd4400000 - 0x00007ffcd4426000 	C:\WINDOWS\System32\GDI32.dll
0x00007ffcd3100000 - 0x00007ffcd3294000 	C:\WINDOWS\System32\gdi32full.dll
0x00007ffcd2310000 - 0x00007ffcd23ae000 	C:\WINDOWS\System32\msvcp_win.dll
0x00007ffcd2fa0000 - 0x00007ffcd309a000 	C:\WINDOWS\System32\ucrtbase.dll
0x00007ffcd1900000 - 0x00007ffcd1b84000 	C:\WINDOWS\WinSxS\amd64_microsoft.windows.common-controls_6595b64144ccf1df_6.0.18362.836_none_e6c4b943130f18ed\COMCTL32.dll
0x00007ffcd37e0000 - 0x00007ffcd3b16000 	C:\WINDOWS\System32\combase.dll
0x00007ffcd32a0000 - 0x00007ffcd3320000 	C:\WINDOWS\System32\bcryptPrimitives.dll
0x00007ffcd37b0000 - 0x00007ffcd37de000 	C:\WINDOWS\System32\IMM32.DLL
0x000000006e9a0000 - 0x000000006ea72000 	C:\Program Files\Android\Android Studio\jre\jre\bin\msvcr100.dll
0x000000006edd0000 - 0x000000006f616000 	C:\Program Files\Android\Android Studio\jre\jre\bin\server\jvm.dll
0x00007ffcd3b20000 - 0x00007ffcd3b28000 	C:\WINDOWS\System32\PSAPI.DLL
0x00007ffcbd770000 - 0x00007ffcbd779000 	C:\WINDOWS\SYSTEM32\WSOCK32.dll
0x00007ffcceb60000 - 0x00007ffcceb84000 	C:\WINDOWS\SYSTEM32\WINMM.dll
0x00007ffcd02b0000 - 0x00007ffcd02ba000 	C:\WINDOWS\SYSTEM32\VERSION.dll
0x00007ffcd4250000 - 0x00007ffcd42bf000 	C:\WINDOWS\System32\WS2_32.dll
0x00007ffccdeb0000 - 0x00007ffccdedd000 	C:\WINDOWS\SYSTEM32\winmmbase.dll
0x00007ffcd2f50000 - 0x00007ffcd2f9a000 	C:\WINDOWS\System32\cfgmgr32.dll
0x00007ffcc5f50000 - 0x00007ffcc5f5f000 	C:\Program Files\Android\Android Studio\jre\jre\bin\verify.dll
0x00007ffcc2030000 - 0x00007ffcc2059000 	C:\Program Files\Android\Android Studio\jre\jre\bin\java.dll
0x00007ffcc5d10000 - 0x00007ffcc5d26000 	C:\Program Files\Android\Android Studio\jre\jre\bin\zip.dll
0x00007ffcd44e0000 - 0x00007ffcd4bc4000 	C:\WINDOWS\System32\SHELL32.dll
0x00007ffcd3ea0000 - 0x00007ffcd3f49000 	C:\WINDOWS\System32\shcore.dll
0x00007ffcd2500000 - 0x00007ffcd2c7e000 	C:\WINDOWS\System32\windows.storage.dll
0x00007ffcd2200000 - 0x00007ffcd2223000 	C:\WINDOWS\System32\profapi.dll
0x00007ffcd2190000 - 0x00007ffcd21da000 	C:\WINDOWS\System32\powrprof.dll
0x00007ffcd2160000 - 0x00007ffcd2170000 	C:\WINDOWS\System32\UMPDC.dll
0x00007ffcd3bb0000 - 0x00007ffcd3c02000 	C:\WINDOWS\System32\shlwapi.dll
0x00007ffcd2170000 - 0x00007ffcd2181000 	C:\WINDOWS\System32\kernel.appcore.dll
0x00007ffcd2f30000 - 0x00007ffcd2f47000 	C:\WINDOWS\System32\cryptsp.dll
0x00007ffcc5a50000 - 0x00007ffcc5a6a000 	C:\Program Files\Android\Android Studio\jre\jre\bin\net.dll
0x00007ffcbede0000 - 0x00007ffcbefb6000 	C:\WINDOWS\SYSTEM32\urlmon.dll
0x00007ffcbf0e0000 - 0x00007ffcbf386000 	C:\WINDOWS\SYSTEM32\iertutil.dll
0x00007ffcd1520000 - 0x00007ffcd152c000 	C:\WINDOWS\SYSTEM32\CRYPTBASE.DLL
0x00007ffcd1350000 - 0x00007ffcd13b7000 	C:\WINDOWS\system32\mswsock.dll
0x00007ffcc2010000 - 0x00007ffcc2023000 	C:\Program Files\Android\Android Studio\jre\jre\bin\nio.dll
0x00007ffcb8210000 - 0x00007ffcb8236000 	C:\Users\rocio\.gradle\native\30\windows-amd64\native-platform.dll
0x00007ffcc5f40000 - 0x00007ffcc5f4d000 	C:\Program Files\Android\Android Studio\jre\jre\bin\management.dll
0x00007ffcd0ec0000 - 0x00007ffcd0ef3000 	C:\WINDOWS\system32\rsaenh.dll
0x00007ffcd22e0000 - 0x00007ffcd2306000 	C:\WINDOWS\System32\bcrypt.dll
0x00007ffcd2080000 - 0x00007ffcd20a5000 	C:\WINDOWS\SYSTEM32\USERENV.dll
0x00007ffcd1060000 - 0x00007ffcd109a000 	C:\WINDOWS\SYSTEM32\IPHLPAPI.DLL
0x00007ffcd5250000 - 0x00007ffcd5258000 	C:\WINDOWS\System32\NSI.dll
0x00007ffcc6d90000 - 0x00007ffcc6da6000 	C:\WINDOWS\SYSTEM32\dhcpcsvc6.DLL
0x00007ffcc6e60000 - 0x00007ffcc6e7c000 	C:\WINDOWS\SYSTEM32\dhcpcsvc.DLL
0x00007ffcd10a0000 - 0x00007ffcd116b000 	C:\WINDOWS\SYSTEM32\DNSAPI.dll
0x00007ffcd1c80000 - 0x00007ffcd1e74000 	C:\WINDOWS\SYSTEM32\dbghelp.dll

VM Arguments:
jvm_args: -Xmx1536m -Dfile.encoding=windows-1252 -Duser.country=ES -Duser.language=es -Duser.variant 
java_command: org.gradle.launcher.daemon.bootstrap.GradleDaemon 5.6.4
java_class_path (initial): C:\Users\rocio\.gradle\wrapper\dists\gradle-5.6.4-all\ankdp27end7byghfw1q2sw75f\gradle-5.6.4\lib\gradle-launcher-5.6.4.jar
Launcher Type: SUN_STANDARD

Environment Variables:
JAVA_HOME=C:\Program Files\Java\jdk1.8.0_144
PATH=C:\Program Files (x86)\Intel\iCLS Client\;C:\oraclexe\app\oracle\product\11.2.0\server\bin;C:\ProgramData\Oracle\Java\javapath;C:\Program Files\Intel\iCLS Client\;C:\windows\system32;C:\windows;C:\windows\System32\Wbem;C:\windows\System32\WindowsPowerShell\v1.0\;C:\Program Files (x86)\NVIDIA Corporation\PhysX\Common;C:\WINDOWS\system32;C:\WINDOWS;C:\WINDOWS\System32\Wbem;C:\WINDOWS\System32\WindowsPowerShell\v1.0\;C:\Program Files (x86)\Intel\Intel(R) Management Engine Components\DAL;C:\Program Files\Intel\Intel(R) Management Engine Components\DAL;C:\Program Files (x86)\Intel\Intel(R) Management Engine Components\IPT;C:\Program Files\Intel\Intel(R) Management Engine Components\IPT;C:\WINDOWS\System32\OpenSSH\;C:\Program Files\Intel\WiFi\bin\;C:\Program Files\Common Files\Intel\WirelessCommon\;C:\Program Files\Java\jdk1.8.0_144\bin;C:\Program Files\Git\cmd;C:\Program Files\TortoiseSVN\bin;C:\Users\rocio\AppData\Local\Microsoft\WindowsApps;C:\Users\rocio\AppData\Local\GitHubDesktop\bin;%USERPROFILE%\AppData\Local\Microsoft\WindowsApps;
USERNAME=rocio
OS=Windows_NT
PROCESSOR_IDENTIFIER=Intel64 Family 6 Model 158 Stepping 9, GenuineIntel



---------------  S Y S T E M  ---------------

OS: Windows 10.0 , 64 bit Build 18362 (10.0.18362.778)

CPU:total 8 (initial active 8) (4 cores per cpu, 2 threads per core) family 6 model 158 stepping 9, cmov, cx8, fxsr, mmx, sse, sse2, sse3, ssse3, sse4.1, sse4.2, popcnt, avx, avx2, aes, clmul, erms, 3dnowpref, lzcnt, ht, tsc, tscinvbit, bmi1, bmi2, adx

Memory: 4k page, physical 8271076k(1335084k free), swap 12334300k(2797540k free)

vm_info: OpenJDK 64-Bit Server VM (25.212-b04) for windows-amd64 JRE (1.8.0_212-release-1586-b04), built by "builder" with MS VC++ 10.0 (VS2010)

time: Sat May 23 12:14:13 2020
timezone: Hora de verano romance
elapsed time: 7 seconds (0d 0h 0m 7s)

