#
# A fatal error has been detected by the Java Runtime Environment:
#
#  EXCEPTION_ACCESS_VIOLATION (0xc0000005) at pc=0x0000000075202c31, pid=9708, tid=0x0000000000003224
#
# JRE version: OpenJDK Runtime Environment (8.0_212-b04) (build 1.8.0_212-release-1586-b04)
# Java VM: OpenJDK 64-Bit Server VM (25.212-b04 mixed mode windows-amd64 compressed oops)
# Problematic frame:
# V  [jvm.dll+0x4e2c31]
#
# Failed to write core dump. Minidumps are not enabled by default on client versions of Windows
#
# If you would like to submit a bug report, please visit:
#   
#

---------------  T H R E A D  ---------------

Current thread (0x0000000018a8f800):  JavaThread "C2 CompilerThread1" daemon [_thread_in_native, id=12836, stack(0x0000000019480000,0x0000000019580000)]

siginfo: ExceptionCode=0xc0000005, reading address 0x0000000001000000

Registers:
RAX=0x0000000023667df0, RBX=0x0000000000000000, RCX=0x0000000020b963e0, RDX=0x0000000000000001
RSP=0x000000001957c3f0, RBP=0x000000001957c4f0, RSI=0x000000001957ee90, RDI=0x0000000023667da0
R8 =0x0000000000000900, R9 =0x000000001dc6fb30, R10=0x0000000000000004, R11=0x00000000000008c0
R12=0x0000000000000001, R13=0x0000000000000001, R14=0x000000001dc6fb00, R15=0x0000000001000000
RIP=0x0000000075202c31, EFLAGS=0x0000000000010297

Top of Stack: (sp=0x000000001957c3f0)
0x000000001957c3f0:   000000001de7f708 000000001957c7c0
0x000000001957c400:   0000000000000130 0000000000007fe8
0x000000001957c410:   0000000000000660 000000007518f17c
0x000000001957c420:   0000000000000000 0000000000054d90
0x000000001957c430:   000000001957ee90 0000000074f1746a
0x000000001957c440:   0000000000000d0a 000000001dc6fb30
0x000000001957c450:   000000001957ee90 00000000234e1540
0x000000001957c460:   000000001de80bd8 0000000000000128
0x000000001957c470:   00000ed900000000 000000001957c7c0
0x000000001957c480:   000000000000000f 000000001be2f7e0
0x000000001957c490:   0000000000000118 00000ed900000128
0x000000001957c4a0:   000000001957c7c0 000000000000000f
0x000000001957c4b0:   000000001be2bc70 0000000000000d8d
0x000000001957c4c0:   000000001de80a40 000000001a309c50
0x000000001957c4d0:   ffffffffe217fe80 00000000000003d8
0x000000001957c4e0:   000000001a30a028 000000001a309c40 

Instructions: (pc=0x0000000075202c31)
0x0000000075202c11:   48 8d 8e 98 01 00 00 41 8d 50 50 e8 8f 68 bc ff
0x0000000075202c21:   48 8b f8 eb 07 48 89 86 b0 01 00 00 48 89 77 10
0x0000000075202c31:   49 8b 07 49 8b cf ff 50 28 4c 8b 6c 24 58 49 8b
0x0000000075202c41:   cd 48 8b d8 e8 26 d8 f3 ff 48 8b cf 8b 50 18 48 


Register to memory mapping:

RAX=0x0000000023667df0 is an unknown value
RBX=0x0000000000000000 is an unknown value
RCX=0x0000000020b963e0 is an unknown value
RDX=0x0000000000000001 is an unknown value
RSP=0x000000001957c3f0 is pointing into the stack for thread: 0x0000000018a8f800
RBP=0x000000001957c4f0 is pointing into the stack for thread: 0x0000000018a8f800
RSI=0x000000001957ee90 is pointing into the stack for thread: 0x0000000018a8f800
RDI=0x0000000023667da0 is an unknown value
R8 =0x0000000000000900 is an unknown value
R9 =0x000000001dc6fb30 is an unknown value
R10=0x0000000000000004 is an unknown value
R11=0x00000000000008c0 is an unknown value
R12=0x0000000000000001 is an unknown value
R13=0x0000000000000001 is an unknown value
R14=0x000000001dc6fb00 is an unknown value
R15=0x0000000001000000 is an unknown value


Stack: [0x0000000019480000,0x0000000019580000],  sp=0x000000001957c3f0,  free space=1008k
Native frames: (J=compiled Java code, j=interpreted, Vv=VM code, C=native code)
V  [jvm.dll+0x4e2c31]
V  [jvm.dll+0x436b26]
V  [jvm.dll+0x44189b]
V  [jvm.dll+0x444198]
V  [jvm.dll+0x4272e2]
V  [jvm.dll+0x81fbf]
V  [jvm.dll+0x8291f]
V  [jvm.dll+0x21db3f]
V  [jvm.dll+0x26f53a]
C  [msvcr100.dll+0x21d9f]
C  [msvcr100.dll+0x21e3b]
C  [KERNEL32.DLL+0x17bd4]
C  [ntdll.dll+0x6ce51]


Current CompileTask:
C2:  24036 6233       4       java.net.URLClassLoader$1::run (5 bytes)


---------------  P R O C E S S  ---------------

Java Threads: ( => current thread )
  0x000000001b5fc000 JavaThread "Memory manager" [_thread_blocked, id=4196, stack(0x0000000024a20000,0x0000000024b20000)]
  0x000000001b5f9800 JavaThread "Cache worker for Build Output Cleanup Cache (C:\Users\rocio\Desktop\rocio\PROYECTO\FutFemApp\.gradle\buildOutputCleanup)" [_thread_blocked, id=7528, stack(0x0000000023fd0000,0x00000000240d0000)]
  0x000000001b5f1800 JavaThread "pool-1-thread-1" [_thread_blocked, id=12372, stack(0x0000000024720000,0x0000000024820000)]
  0x000000001b5f7800 JavaThread "Build operations Thread 8" [_thread_blocked, id=6544, stack(0x0000000022900000,0x0000000022a00000)]
  0x000000001b5f8000 JavaThread "Build operations Thread 7" [_thread_blocked, id=6556, stack(0x0000000022800000,0x0000000022900000)]
  0x000000001b5f0000 JavaThread "Build operations Thread 6" [_thread_blocked, id=13244, stack(0x0000000022700000,0x0000000022800000)]
  0x000000001b5f6800 JavaThread "Build operations Thread 5" [_thread_blocked, id=5312, stack(0x0000000022600000,0x0000000022700000)]
  0x000000001b5f0800 JavaThread "Build operations Thread 4" [_thread_blocked, id=3032, stack(0x0000000022500000,0x0000000022600000)]
  0x000000001b5ef000 JavaThread "Build operations Thread 3" [_thread_blocked, id=7412, stack(0x0000000022400000,0x0000000022500000)]
  0x000000001b5f6000 JavaThread "Build operations Thread 2" [_thread_blocked, id=5892, stack(0x0000000022300000,0x0000000022400000)]
  0x000000001b5ee800 JavaThread "Build operations" [_thread_blocked, id=8764, stack(0x00000000219c0000,0x0000000021ac0000)]
  0x000000001b5f4800 JavaThread "Cache worker for execution history cache (C:\Users\rocio\.gradle\caches\5.6.4\executionHistory)" [_thread_blocked, id=1388, stack(0x00000000216c0000,0x00000000217c0000)]
  0x000000001b5f3800 JavaThread "Cache worker for cache directory md-rule (C:\Users\rocio\.gradle\caches\5.6.4\md-rule)" [_thread_blocked, id=3324, stack(0x00000000215c0000,0x00000000216c0000)]
  0x000000001b5f2000 JavaThread "Cache worker for cache directory md-supplier (C:\Users\rocio\.gradle\caches\5.6.4\md-supplier)" [_thread_blocked, id=12972, stack(0x00000000214c0000,0x00000000215c0000)]
  0x000000001a056000 JavaThread "Cache worker for file hash cache (C:\Users\rocio\Desktop\rocio\PROYECTO\FutFemApp\.gradle\5.6.4\fileHashes)" [_thread_blocked, id=2228, stack(0x000000001fb70000,0x000000001fc70000)]
  0x000000001a057800 JavaThread "Cache worker for journal cache (C:\Users\rocio\.gradle\caches\journal-1)" [_thread_blocked, id=9196, stack(0x000000001d8d0000,0x000000001d9d0000)]
  0x000000001a055000 JavaThread "File lock request listener" [_thread_in_native, id=1420, stack(0x000000001d7d0000,0x000000001d8d0000)]
  0x000000001ae83800 JavaThread "Cache worker for file hash cache (C:\Users\rocio\.gradle\caches\5.6.4\fileHashes)" [_thread_blocked, id=2524, stack(0x000000001d4d0000,0x000000001d5d0000)]
  0x000000001b3f4000 JavaThread "Thread-9" [_thread_blocked, id=9752, stack(0x000000001d3d0000,0x000000001d4d0000)]
  0x000000001b42a000 JavaThread "Stdin handler" [_thread_blocked, id=10060, stack(0x000000001d2d0000,0x000000001d3d0000)]
  0x000000001b431000 JavaThread "Asynchronous log dispatcher for DefaultDaemonConnection: socket connection from /127.0.0.1:51166 to /127.0.0.1:51167" [_thread_blocked, id=1268, stack(0x000000001d0d0000,0x000000001d1d0000)]
  0x000000001b42b800 JavaThread "Daemon worker" [_thread_in_native, id=1304, stack(0x000000001cfd0000,0x000000001d0d0000)]
  0x000000001b3f7800 JavaThread "Cancel handler" [_thread_blocked, id=2972, stack(0x000000001ced0000,0x000000001cfd0000)]
  0x000000001b3b5000 JavaThread "Handler for socket connection from /127.0.0.1:51166 to /127.0.0.1:51167" [_thread_in_native, id=3036, stack(0x000000001cbd0000,0x000000001ccd0000)]
  0x000000001b3b6800 JavaThread "Daemon" [_thread_blocked, id=11836, stack(0x000000001cad0000,0x000000001cbd0000)]
  0x000000001b354000 JavaThread "Daemon periodic checks" [_thread_blocked, id=12996, stack(0x000000001c9d0000,0x000000001cad0000)]
  0x000000001b33f800 JavaThread "Incoming local TCP Connector on port 51166" [_thread_in_native, id=4156, stack(0x000000001c760000,0x000000001c860000)]
  0x000000001b307800 JavaThread "Daemon health stats" [_thread_blocked, id=9712, stack(0x000000001c120000,0x000000001c220000)]
  0x0000000018b27800 JavaThread "Service Thread" daemon [_thread_blocked, id=12384, stack(0x0000000019780000,0x0000000019880000)]
  0x0000000016c8e000 JavaThread "C1 CompilerThread3" daemon [_thread_blocked, id=10740, stack(0x0000000019680000,0x0000000019780000)]
  0x0000000018a94000 JavaThread "C2 CompilerThread2" daemon [_thread_in_native, id=1788, stack(0x0000000019580000,0x0000000019680000)]
=>0x0000000018a8f800 JavaThread "C2 CompilerThread1" daemon [_thread_in_native, id=12836, stack(0x0000000019480000,0x0000000019580000)]
  0x0000000018a8c000 JavaThread "C2 CompilerThread0" daemon [_thread_in_native, id=12828, stack(0x0000000019380000,0x0000000019480000)]
  0x0000000018a8a800 JavaThread "Attach Listener" daemon [_thread_blocked, id=1880, stack(0x0000000019280000,0x0000000019380000)]
  0x0000000018a96000 JavaThread "Signal Dispatcher" daemon [_thread_blocked, id=10560, stack(0x0000000019180000,0x0000000019280000)]
  0x0000000018a81000 JavaThread "Finalizer" daemon [_thread_blocked, id=12980, stack(0x0000000018f60000,0x0000000019060000)]
  0x0000000018a80800 JavaThread "Reference Handler" daemon [_thread_blocked, id=12652, stack(0x0000000018e60000,0x0000000018f60000)]
  0x000000000103e800 JavaThread "main" [_thread_blocked, id=11556, stack(0x0000000002cc0000,0x0000000002dc0000)]

Other Threads:
  0x0000000016c76000 VMThread [stack: 0x0000000018960000,0x0000000018a60000] [id=7784]
  0x0000000018b28000 WatcherThread [stack: 0x0000000019880000,0x0000000019980000] [id=7072]

VM state:not at safepoint (normal execution)

VM Mutex/Monitor currently owned by a thread: None

heap address: 0x00000000a0000000, size: 1536 MB, Compressed Oops mode: 32-bit
Narrow klass base: 0x0000000000000000, Narrow klass shift: 3
Compressed class space size: 1073741824 Address: 0x0000000100000000

Heap:
 PSYoungGen      total 171520K, used 90849K [0x00000000e0000000, 0x00000000ec000000, 0x0000000100000000)
  eden space 154624K, 58% used [0x00000000e0000000,0x00000000e58b8630,0x00000000e9700000)
  from space 16896K, 0% used [0x00000000eaa80000,0x00000000eaa80000,0x00000000ebb00000)
  to   space 19968K, 0% used [0x00000000e9700000,0x00000000e9700000,0x00000000eaa80000)
 ParOldGen       total 140288K, used 33436K [0x00000000a0000000, 0x00000000a8900000, 0x00000000e0000000)
  object space 140288K, 23% used [0x00000000a0000000,0x00000000a20a7200,0x00000000a8900000)
 Metaspace       used 60797K, capacity 62802K, committed 63104K, reserved 1103872K
  class space    used 8310K, capacity 8746K, committed 8832K, reserved 1048576K

Card table byte_map: [0x0000000012280000,0x0000000012590000] byte_map_base: 0x0000000011d80000

Marking Bits: (ParMarkBitMap*) 0x00000000754e9f30
 Begin Bits: [0x0000000012f90000, 0x0000000014790000)
 End Bits:   [0x0000000014790000, 0x0000000015f90000)

Polling page: 0x0000000001010000

CodeCache: size=245760Kb used=18967Kb max_used=19065Kb free=226792Kb
 bounds [0x0000000002ec0000, 0x00000000041a0000, 0x0000000011ec0000]
 total_blobs=6316 nmethods=5514 adapters=715
 compilation: enabled

Compilation events (10 events):
Event: 23.823 Thread 0x0000000016c8e000 6293       1       org.codehaus.groovy.runtime.callsite.AbstractCallSite::getName (5 bytes)
Event: 23.823 Thread 0x0000000016c8e000 nmethod 6293 0x000000000354b450 code [0x000000000354b5a0, 0x000000000354b6b0]
Event: 23.825 Thread 0x0000000016c8e000 6294       3       groovyjarjarasm.asm.Type::appendDescriptor (234 bytes)
Event: 23.827 Thread 0x0000000016c8e000 nmethod 6294 0x000000000338c410 code [0x000000000338c820, 0x000000000338efb8]
Event: 23.830 Thread 0x0000000016c8e000 6296   !   3       org.codehaus.groovy.reflection.CachedMethod::invoke (80 bytes)
Event: 23.831 Thread 0x0000000016c8e000 nmethod 6296 0x0000000003523290 code [0x00000000035234a0, 0x0000000003524088]
Event: 23.906 Thread 0x0000000016c8e000 6298       3       java.util.Stack::empty (13 bytes)
Event: 23.906 Thread 0x0000000016c8e000 nmethod 6298 0x000000000338be10 code [0x000000000338bf80, 0x000000000338c350]
Event: 23.907 Thread 0x0000000018a94000 nmethod 6281 0x0000000003c064d0 code [0x0000000003c06a60, 0x0000000003c0c388]
Event: 23.907 Thread 0x0000000018a94000 6297  s!   4       sun.misc.URLClassPath::getLoader (243 bytes)

GC Heap History (10 events):
Event: 8.678 GC heap before
{Heap before GC invocations=11 (full 2):
 PSYoungGen      total 112128K, used 7268K [0x00000000e0000000, 0x00000000e9580000, 0x0000000100000000)
  eden space 99328K, 0% used [0x00000000e0000000,0x00000000e0000000,0x00000000e6100000)
  from space 12800K, 56% used [0x00000000e6100000,0x00000000e68193b0,0x00000000e6d80000)
  to   space 11776K, 0% used [0x00000000e8a00000,0x00000000e8a00000,0x00000000e9580000)
 ParOldGen       total 61440K, used 9478K [0x00000000a0000000, 0x00000000a3c00000, 0x00000000e0000000)
  object space 61440K, 15% used [0x00000000a0000000,0x00000000a0941b90,0x00000000a3c00000)
 Metaspace       used 34640K, capacity 35402K, committed 35496K, reserved 1079296K
  class space    used 4571K, capacity 4783K, committed 4864K, reserved 1048576K
Event: 8.725 GC heap after
Heap after GC invocations=11 (full 2):
 PSYoungGen      total 112128K, used 0K [0x00000000e0000000, 0x00000000e9580000, 0x0000000100000000)
  eden space 99328K, 0% used [0x00000000e0000000,0x00000000e0000000,0x00000000e6100000)
  from space 12800K, 0% used [0x00000000e6100000,0x00000000e6100000,0x00000000e6d80000)
  to   space 11776K, 0% used [0x00000000e8a00000,0x00000000e8a00000,0x00000000e9580000)
 ParOldGen       total 90112K, used 14403K [0x00000000a0000000, 0x00000000a5800000, 0x00000000e0000000)
  object space 90112K, 15% used [0x00000000a0000000,0x00000000a0e10c30,0x00000000a5800000)
 Metaspace       used 34594K, capacity 35298K, committed 35496K, reserved 1079296K
  class space    used 4560K, capacity 4771K, committed 4864K, reserved 1048576K
}
Event: 13.017 GC heap before
{Heap before GC invocations=12 (full 2):
 PSYoungGen      total 112128K, used 99328K [0x00000000e0000000, 0x00000000e9580000, 0x0000000100000000)
  eden space 99328K, 100% used [0x00000000e0000000,0x00000000e6100000,0x00000000e6100000)
  from space 12800K, 0% used [0x00000000e6100000,0x00000000e6100000,0x00000000e6d80000)
  to   space 11776K, 0% used [0x00000000e8a00000,0x00000000e8a00000,0x00000000e9580000)
 ParOldGen       total 90112K, used 14403K [0x00000000a0000000, 0x00000000a5800000, 0x00000000e0000000)
  object space 90112K, 15% used [0x00000000a0000000,0x00000000a0e10c30,0x00000000a5800000)
 Metaspace       used 39219K, capacity 40360K, committed 40448K, reserved 1083392K
  class space    used 5287K, capacity 5565K, committed 5632K, reserved 1048576K
Event: 13.028 GC heap after
Heap after GC invocations=12 (full 2):
 PSYoungGen      total 136192K, used 8932K [0x00000000e0000000, 0x00000000e9380000, 0x0000000100000000)
  eden space 126464K, 0% used [0x00000000e0000000,0x00000000e0000000,0x00000000e7b80000)
  from space 9728K, 91% used [0x00000000e8a00000,0x00000000e92b92e0,0x00000000e9380000)
  to   space 12288K, 0% used [0x00000000e7b80000,0x00000000e7b80000,0x00000000e8780000)
 ParOldGen       total 90112K, used 14411K [0x00000000a0000000, 0x00000000a5800000, 0x00000000e0000000)
  object space 90112K, 15% used [0x00000000a0000000,0x00000000a0e12c30,0x00000000a5800000)
 Metaspace       used 39219K, capacity 40360K, committed 40448K, reserved 1083392K
  class space    used 5287K, capacity 5565K, committed 5632K, reserved 1048576K
}
Event: 19.284 GC heap before
{Heap before GC invocations=13 (full 2):
 PSYoungGen      total 136192K, used 135396K [0x00000000e0000000, 0x00000000e9380000, 0x0000000100000000)
  eden space 126464K, 100% used [0x00000000e0000000,0x00000000e7b80000,0x00000000e7b80000)
  from space 9728K, 91% used [0x00000000e8a00000,0x00000000e92b92e0,0x00000000e9380000)
  to   space 12288K, 0% used [0x00000000e7b80000,0x00000000e7b80000,0x00000000e8780000)
 ParOldGen       total 90112K, used 14411K [0x00000000a0000000, 0x00000000a5800000, 0x00000000e0000000)
  object space 90112K, 15% used [0x00000000a0000000,0x00000000a0e12c30,0x00000000a5800000)
 Metaspace       used 51906K, capacity 53396K, committed 53632K, reserved 1095680K
  class space    used 6847K, capacity 7238K, committed 7296K, reserved 1048576K
Event: 19.301 GC heap after
Heap after GC invocations=13 (full 2):
 PSYoungGen      total 138752K, used 12284K [0x00000000e0000000, 0x00000000ebb00000, 0x0000000100000000)
  eden space 126464K, 0% used [0x00000000e0000000,0x00000000e0000000,0x00000000e7b80000)
  from space 12288K, 99% used [0x00000000e7b80000,0x00000000e877f320,0x00000000e8780000)
  to   space 16896K, 0% used [0x00000000eaa80000,0x00000000eaa80000,0x00000000ebb00000)
 ParOldGen       total 90112K, used 23096K [0x00000000a0000000, 0x00000000a5800000, 0x00000000e0000000)
  object space 90112K, 25% used [0x00000000a0000000,0x00000000a168e018,0x00000000a5800000)
 Metaspace       used 51906K, capacity 53396K, committed 53632K, reserved 1095680K
  class space    used 6847K, capacity 7238K, committed 7296K, reserved 1048576K
}
Event: 22.060 GC heap before
{Heap before GC invocations=14 (full 2):
 PSYoungGen      total 138752K, used 85743K [0x00000000e0000000, 0x00000000ebb00000, 0x0000000100000000)
  eden space 126464K, 58% used [0x00000000e0000000,0x00000000e47bcc50,0x00000000e7b80000)
  from space 12288K, 99% used [0x00000000e7b80000,0x00000000e877f320,0x00000000e8780000)
  to   space 16896K, 0% used [0x00000000eaa80000,0x00000000eaa80000,0x00000000ebb00000)
 ParOldGen       total 90112K, used 23096K [0x00000000a0000000, 0x00000000a5800000, 0x00000000e0000000)
  object space 90112K, 25% used [0x00000000a0000000,0x00000000a168e018,0x00000000a5800000)
 Metaspace       used 57131K, capacity 59102K, committed 59136K, reserved 1099776K
  class space    used 7735K, capacity 8188K, committed 8192K, reserved 1048576K
Event: 22.076 GC heap after
Heap after GC invocations=14 (full 2):
 PSYoungGen      total 171520K, used 16878K [0x00000000e0000000, 0x00000000ec000000, 0x0000000100000000)
  eden space 154624K, 0% used [0x00000000e0000000,0x00000000e0000000,0x00000000e9700000)
  from space 16896K, 99% used [0x00000000eaa80000,0x00000000ebafbbc8,0x00000000ebb00000)
  to   space 19968K, 0% used [0x00000000e9700000,0x00000000e9700000,0x00000000eaa80000)
 ParOldGen       total 90112K, used 25896K [0x00000000a0000000, 0x00000000a5800000, 0x00000000e0000000)
  object space 90112K, 28% used [0x00000000a0000000,0x00000000a194a1a0,0x00000000a5800000)
 Metaspace       used 57131K, capacity 59102K, committed 59136K, reserved 1099776K
  class space    used 7735K, capacity 8188K, committed 8192K, reserved 1048576K
}
Event: 22.076 GC heap before
{Heap before GC invocations=15 (full 3):
 PSYoungGen      total 171520K, used 16878K [0x00000000e0000000, 0x00000000ec000000, 0x0000000100000000)
  eden space 154624K, 0% used [0x00000000e0000000,0x00000000e0000000,0x00000000e9700000)
  from space 16896K, 99% used [0x00000000eaa80000,0x00000000ebafbbc8,0x00000000ebb00000)
  to   space 19968K, 0% used [0x00000000e9700000,0x00000000e9700000,0x00000000eaa80000)
 ParOldGen       total 90112K, used 25896K [0x00000000a0000000, 0x00000000a5800000, 0x00000000e0000000)
  object space 90112K, 28% used [0x00000000a0000000,0x00000000a194a1a0,0x00000000a5800000)
 Metaspace       used 57131K, capacity 59102K, committed 59136K, reserved 1099776K
  class space    used 7735K, capacity 8188K, committed 8192K, reserved 1048576K
Event: 22.319 GC heap after
Heap after GC invocations=15 (full 3):
 PSYoungGen      total 171520K, used 0K [0x00000000e0000000, 0x00000000ec000000, 0x0000000100000000)
  eden space 154624K, 0% used [0x00000000e0000000,0x00000000e0000000,0x00000000e9700000)
  from space 16896K, 0% used [0x00000000eaa80000,0x00000000eaa80000,0x00000000ebb00000)
  to   space 19968K, 0% used [0x00000000e9700000,0x00000000e9700000,0x00000000eaa80000)
 ParOldGen       total 140288K, used 33436K [0x00000000a0000000, 0x00000000a8900000, 0x00000000e0000000)
  object space 140288K, 23% used [0x00000000a0000000,0x00000000a20a7200,0x00000000a8900000)
 Metaspace       used 57097K, capacity 58988K, committed 59136K, reserved 1099776K
  class space    used 7725K, capacity 8169K, committed 8192K, reserved 1048576K
}

Deoptimization events (10 events):
Event: 22.481 Thread 0x000000001b42b800 Uncommon trap: reason=array_check action=maybe_recompile pc=0x00000000040bc630 method=java.util.AbstractCollection.toArray([Ljava/lang/Object;)[Ljava/lang/Object; @ 119
Event: 22.482 Thread 0x000000001b42b800 Uncommon trap: reason=array_check action=maybe_recompile pc=0x00000000040bc630 method=java.util.AbstractCollection.toArray([Ljava/lang/Object;)[Ljava/lang/Object; @ 119
Event: 22.484 Thread 0x000000001b42b800 Uncommon trap: reason=array_check action=maybe_recompile pc=0x00000000040bc630 method=java.util.AbstractCollection.toArray([Ljava/lang/Object;)[Ljava/lang/Object; @ 119
Event: 22.485 Thread 0x000000001b42b800 Uncommon trap: reason=array_check action=maybe_recompile pc=0x00000000040bc630 method=java.util.AbstractCollection.toArray([Ljava/lang/Object;)[Ljava/lang/Object; @ 119
Event: 23.223 Thread 0x000000001b42b800 Uncommon trap: reason=unstable_if action=reinterpret pc=0x000000000414a544 method=org.objectweb.asm.Type.getType(Ljava/lang/Class;)Lorg/objectweb/asm/Type; @ 33
Event: 23.224 Thread 0x000000001b42b800 Uncommon trap: reason=unstable_if action=reinterpret pc=0x000000000413143c method=org.objectweb.asm.Type.getArgumentsAndReturnSizes(Ljava/lang/String;)I @ 109
Event: 23.224 Thread 0x000000001b42b800 Uncommon trap: reason=unstable_if action=reinterpret pc=0x000000000346d750 method=org.objectweb.asm.Type.getArgumentsAndReturnSizes(Ljava/lang/String;)I @ 109
Event: 23.224 Thread 0x000000001b42b800 Uncommon trap: reason=unstable_if action=reinterpret pc=0x000000000400f138 method=org.objectweb.asm.Type.getArgumentsAndReturnSizes(Ljava/lang/String;)I @ 19
Event: 23.808 Thread 0x000000001b42b800 Uncommon trap: reason=unloaded action=reinterpret pc=0x000000000416d674 method=sun.reflect.generics.factory.CoreReflectionFactory.makeNamedType(Ljava/lang/String;)Ljava/lang/reflect/Type; @ 11
Event: 23.808 Thread 0x000000001b42b800 Uncommon trap: reason=class_check action=maybe_recompile pc=0x0000000003bc3f80 method=java.lang.Throwable.<init>(Ljava/lang/String;Ljava/lang/Throwable;)V @ 24

Classes redefined (0 events):
No events

Internal exceptions (10 events):
Event: 23.815 Thread 0x000000001b42b800 Exception <a 'java/lang/ClassNotFoundException': org/gradle/plugins/ide/idea/model/IdeaModelCustomizer> (0x00000000e54f0088) thrown at [D:\src\AOSP-openjdk-cygwin\jdk8u\hotspot\src\share\vm\classfile\systemDictionary.cpp, line 210]
Event: 23.816 Thread 0x000000001b42b800 Exception <a 'java/lang/ClassNotFoundException': org/gradle/plugins/ide/idea/model/IdeaModel_DecoratedCustomizer> (0x00000000e55376e8) thrown at [D:\src\AOSP-openjdk-cygwin\jdk8u\hotspot\src\share\vm\classfile\systemDictionary.cpp, line 210]
Event: 23.821 Thread 0x000000001b42b800 Exception <a 'java/lang/ClassNotFoundException': java/util/LinkedHashSetBeanInfo> (0x00000000e5609780) thrown at [D:\src\AOSP-openjdk-cygwin\jdk8u\hotspot\src\share\vm\classfile\systemDictionary.cpp, line 210]
Event: 23.821 Thread 0x000000001b42b800 Exception <a 'java/lang/ClassNotFoundException': java/util/HashSetBeanInfo> (0x00000000e5611a98) thrown at [D:\src\AOSP-openjdk-cygwin\jdk8u\hotspot\src\share\vm\classfile\systemDictionary.cpp, line 210]
Event: 23.821 Thread 0x000000001b42b800 Exception <a 'java/lang/ClassNotFoundException': java/util/AbstractSetBeanInfo> (0x00000000e561a948) thrown at [D:\src\AOSP-openjdk-cygwin\jdk8u\hotspot\src\share\vm\classfile\systemDictionary.cpp, line 210]
Event: 23.821 Thread 0x000000001b42b800 Exception <a 'java/lang/ClassNotFoundException': java/util/AbstractSetCustomizer> (0x00000000e5623ab8) thrown at [D:\src\AOSP-openjdk-cygwin\jdk8u\hotspot\src\share\vm\classfile\systemDictionary.cpp, line 210]
Event: 23.822 Thread 0x000000001b42b800 Exception <a 'java/lang/ClassNotFoundException': java/util/HashSetCustomizer> (0x00000000e5631660) thrown at [D:\src\AOSP-openjdk-cygwin\jdk8u\hotspot\src\share\vm\classfile\systemDictionary.cpp, line 210]
Event: 23.822 Thread 0x000000001b42b800 Exception <a 'java/lang/ClassNotFoundException': java/util/LinkedHashSetCustomizer> (0x00000000e5644b60) thrown at [D:\src\AOSP-openjdk-cygwin\jdk8u\hotspot\src\share\vm\classfile\systemDictionary.cpp, line 210]
Event: 23.824 Thread 0x000000001b42b800 Exception <a 'java/lang/ClassNotFoundException': org/jetbrains/plugins/gradle/tooling/util/JavaPluginUtilBeanInfo> (0x00000000e5673aa0) thrown at [D:\src\AOSP-openjdk-cygwin\jdk8u\hotspot\src\share\vm\classfile\systemDictionary.cpp, line 210]
Event: 23.824 Thread 0x000000001b42b800 Exception <a 'java/lang/ClassNotFoundException': org/jetbrains/plugins/gradle/tooling/util/JavaPluginUtilCustomizer> (0x00000000e5686a80) thrown at [D:\src\AOSP-openjdk-cygwin\jdk8u\hotspot\src\share\vm\classfile\systemDictionary.cpp, line 210]

Events (10 events):
Event: 23.897 loading class org/apache/tools/ant/Location
Event: 23.897 loading class org/apache/tools/ant/Location done
Event: 23.897 loading class org/apache/tools/ant/types/FilterSet$OnMissing
Event: 23.897 loading class org/apache/tools/ant/types/FilterSet$OnMissing done
Event: 23.898 loading class org/apache/tools/ant/types/EnumeratedAttribute
Event: 23.898 loading class org/apache/tools/ant/types/EnumeratedAttribute done
Event: 23.905 loading class org/apache/tools/ant/types/FilterSetCollection
Event: 23.905 loading class org/apache/tools/ant/types/FilterSetCollection done
Event: 23.906 loading class org/apache/tools/ant/input/DefaultInputHandler
Event: 23.906 loading class org/apache/tools/ant/input/DefaultInputHandler done


Dynamic libraries:
0x00007ff68b4e0000 - 0x00007ff68b511000 	C:\Program Files\Android\Android Studio\jre\bin\java.exe
0x00007ff9fa9a0000 - 0x00007ff9fab90000 	C:\WINDOWS\SYSTEM32\ntdll.dll
0x00007ff9fa6d0000 - 0x00007ff9fa782000 	C:\WINDOWS\System32\KERNEL32.DLL
0x00007ff9f79b0000 - 0x00007ff9f7c54000 	C:\WINDOWS\System32\KERNELBASE.dll
0x00007ff9f8c30000 - 0x00007ff9f8cd3000 	C:\WINDOWS\System32\ADVAPI32.dll
0x00007ff9f9440000 - 0x00007ff9f94de000 	C:\WINDOWS\System32\msvcrt.dll
0x00007ff9fa550000 - 0x00007ff9fa5e7000 	C:\WINDOWS\System32\sechost.dll
0x00007ff9f8e50000 - 0x00007ff9f8f70000 	C:\WINDOWS\System32\RPCRT4.dll
0x00007ff9f94e0000 - 0x00007ff9f9674000 	C:\WINDOWS\System32\USER32.dll
0x00007ff9f87f0000 - 0x00007ff9f8811000 	C:\WINDOWS\System32\win32u.dll
0x00007ff9fa6a0000 - 0x00007ff9fa6c6000 	C:\WINDOWS\System32\GDI32.dll
0x00007ff9f7c60000 - 0x00007ff9f7df4000 	C:\WINDOWS\System32\gdi32full.dll
0x00007ff9f89b0000 - 0x00007ff9f8a4e000 	C:\WINDOWS\System32\msvcp_win.dll
0x00007ff9f7e20000 - 0x00007ff9f7f1a000 	C:\WINDOWS\System32\ucrtbase.dll
0x00007ff9f6ad0000 - 0x00007ff9f6d54000 	C:\WINDOWS\WinSxS\amd64_microsoft.windows.common-controls_6595b64144ccf1df_6.0.18362.836_none_e6c4b943130f18ed\COMCTL32.dll
0x00007ff9f9990000 - 0x00007ff9f9cc6000 	C:\WINDOWS\System32\combase.dll
0x00007ff9f7930000 - 0x00007ff9f79b0000 	C:\WINDOWS\System32\bcryptPrimitives.dll
0x00007ff9fa5f0000 - 0x00007ff9fa61e000 	C:\WINDOWS\System32\IMM32.DLL
0x0000000074980000 - 0x0000000074a52000 	C:\Program Files\Android\Android Studio\jre\jre\bin\msvcr100.dll
0x0000000074d20000 - 0x0000000075566000 	C:\Program Files\Android\Android Studio\jre\jre\bin\server\jvm.dll
0x00007ff9fa950000 - 0x00007ff9fa958000 	C:\WINDOWS\System32\PSAPI.DLL
0x00007ff9f3420000 - 0x00007ff9f3444000 	C:\WINDOWS\SYSTEM32\WINMM.dll
0x00007ff9e2870000 - 0x00007ff9e2879000 	C:\WINDOWS\SYSTEM32\WSOCK32.dll
0x00007ff9f0b00000 - 0x00007ff9f0b0a000 	C:\WINDOWS\SYSTEM32\VERSION.dll
0x00007ff9f97c0000 - 0x00007ff9f982f000 	C:\WINDOWS\System32\WS2_32.dll
0x00007ff9f2f60000 - 0x00007ff9f2f8d000 	C:\WINDOWS\SYSTEM32\WINMMBASE.dll
0x00007ff9f8960000 - 0x00007ff9f89aa000 	C:\WINDOWS\System32\cfgmgr32.dll
0x00007ff9f2c90000 - 0x00007ff9f2c9f000 	C:\Program Files\Android\Android Studio\jre\jre\bin\verify.dll
0x00007ff9df5c0000 - 0x00007ff9df5e9000 	C:\Program Files\Android\Android Studio\jre\jre\bin\java.dll
0x00007ff9f1c50000 - 0x00007ff9f1c66000 	C:\Program Files\Android\Android Studio\jre\jre\bin\zip.dll
0x00007ff9f9e60000 - 0x00007ff9fa544000 	C:\WINDOWS\System32\SHELL32.dll
0x00007ff9f9db0000 - 0x00007ff9f9e59000 	C:\WINDOWS\System32\shcore.dll
0x00007ff9f7f20000 - 0x00007ff9f869e000 	C:\WINDOWS\System32\windows.storage.dll
0x00007ff9f7900000 - 0x00007ff9f7923000 	C:\WINDOWS\System32\profapi.dll
0x00007ff9f7890000 - 0x00007ff9f78da000 	C:\WINDOWS\System32\powrprof.dll
0x00007ff9f7860000 - 0x00007ff9f7870000 	C:\WINDOWS\System32\UMPDC.dll
0x00007ff9f8bd0000 - 0x00007ff9f8c22000 	C:\WINDOWS\System32\shlwapi.dll
0x00007ff9f7870000 - 0x00007ff9f7881000 	C:\WINDOWS\System32\kernel.appcore.dll
0x00007ff9f7e00000 - 0x00007ff9f7e17000 	C:\WINDOWS\System32\cryptsp.dll
0x00007ff9ee800000 - 0x00007ff9ee81a000 	C:\Program Files\Android\Android Studio\jre\jre\bin\net.dll
0x00007ff9e29a0000 - 0x00007ff9e2b76000 	C:\WINDOWS\SYSTEM32\urlmon.dll
0x00007ff9e2eb0000 - 0x00007ff9e3156000 	C:\WINDOWS\SYSTEM32\iertutil.dll
0x00007ff9f6ed0000 - 0x00007ff9f6edc000 	C:\WINDOWS\SYSTEM32\CRYPTBASE.DLL
0x00007ff9f69f0000 - 0x00007ff9f6a57000 	C:\WINDOWS\system32\mswsock.dll
0x00007ff9df5a0000 - 0x00007ff9df5b3000 	C:\Program Files\Android\Android Studio\jre\jre\bin\nio.dll
0x00007ff9e42d0000 - 0x00007ff9e42f6000 	C:\Users\rocio\.gradle\native\30\windows-amd64\native-platform.dll
0x00007ff9f2c80000 - 0x00007ff9f2c8d000 	C:\Program Files\Android\Android Studio\jre\jre\bin\management.dll
0x00007ff9f6560000 - 0x00007ff9f6593000 	C:\WINDOWS\system32\rsaenh.dll
0x00007ff9f88d0000 - 0x00007ff9f88f6000 	C:\WINDOWS\System32\bcrypt.dll
0x00007ff9f7750000 - 0x00007ff9f7775000 	C:\WINDOWS\SYSTEM32\USERENV.dll
0x00007ff9f6700000 - 0x00007ff9f673a000 	C:\WINDOWS\SYSTEM32\IPHLPAPI.DLL
0x00007ff9fa790000 - 0x00007ff9fa798000 	C:\WINDOWS\System32\NSI.dll
0x00007ff9f0300000 - 0x00007ff9f0316000 	C:\WINDOWS\SYSTEM32\dhcpcsvc6.DLL
0x00007ff9f04c0000 - 0x00007ff9f04dc000 	C:\WINDOWS\SYSTEM32\dhcpcsvc.DLL
0x00007ff9f6740000 - 0x00007ff9f680b000 	C:\WINDOWS\SYSTEM32\DNSAPI.dll
0x00007ff9f7380000 - 0x00007ff9f7574000 	C:\WINDOWS\SYSTEM32\dbghelp.dll

VM Arguments:
jvm_args: -Xmx1536m -Dfile.encoding=windows-1252 -Duser.country=ES -Duser.language=es -Duser.variant 
java_command: org.gradle.launcher.daemon.bootstrap.GradleDaemon 5.6.4
java_class_path (initial): C:\Users\rocio\.gradle\wrapper\dists\gradle-5.6.4-all\ankdp27end7byghfw1q2sw75f\gradle-5.6.4\lib\gradle-launcher-5.6.4.jar
Launcher Type: SUN_STANDARD

Environment Variables:
JAVA_HOME=C:\Program Files\Java\jdk1.8.0_144
PATH=C:\Program Files (x86)\Intel\iCLS Client\;C:\oraclexe\app\oracle\product\11.2.0\server\bin;C:\ProgramData\Oracle\Java\javapath;C:\Program Files\Intel\iCLS Client\;C:\windows\system32;C:\windows;C:\windows\System32\Wbem;C:\windows\System32\WindowsPowerShell\v1.0\;C:\Program Files (x86)\NVIDIA Corporation\PhysX\Common;C:\WINDOWS\system32;C:\WINDOWS;C:\WINDOWS\System32\Wbem;C:\WINDOWS\System32\WindowsPowerShell\v1.0\;C:\Program Files (x86)\Intel\Intel(R) Management Engine Components\DAL;C:\Program Files\Intel\Intel(R) Management Engine Components\DAL;C:\Program Files (x86)\Intel\Intel(R) Management Engine Components\IPT;C:\Program Files\Intel\Intel(R) Management Engine Components\IPT;C:\WINDOWS\System32\OpenSSH\;C:\Program Files\Intel\WiFi\bin\;C:\Program Files\Common Files\Intel\WirelessCommon\;C:\Program Files\Java\jdk1.8.0_144\bin;C:\Program Files\Git\cmd;C:\Program Files\TortoiseSVN\bin;C:\Users\rocio\AppData\Local\Microsoft\WindowsApps;C:\Users\rocio\AppData\Local\GitHubDesktop\bin;%USERPROFILE%\AppData\Local\Microsoft\WindowsApps;
USERNAME=rocio
OS=Windows_NT
PROCESSOR_IDENTIFIER=Intel64 Family 6 Model 158 Stepping 9, GenuineIntel



---------------  S Y S T E M  ---------------

OS: Windows 10.0 , 64 bit Build 18362 (10.0.18362.778)

CPU:total 8 (initial active 8) (4 cores per cpu, 2 threads per core) family 6 model 158 stepping 9, cmov, cx8, fxsr, mmx, sse, sse2, sse3, ssse3, sse4.1, sse4.2, popcnt, avx, avx2, aes, clmul, erms, 3dnowpref, lzcnt, ht, tsc, tscinvbit, bmi1, bmi2, adx

Memory: 4k page, physical 8271076k(2984680k free), swap 10761444k(3589756k free)

vm_info: OpenJDK 64-Bit Server VM (25.212-b04) for windows-amd64 JRE (1.8.0_212-release-1586-b04), built by "builder" with MS VC++ 10.0 (VS2010)

time: Thu May 21 11:59:45 2020
timezone: Hora de verano romance
elapsed time: 24 seconds (0d 0h 0m 24s)

