#
# A fatal error has been detected by the Java Runtime Environment:
#
#  EXCEPTION_ACCESS_VIOLATION (0xc0000005) at pc=0x000000005aa5b4a0, pid=8464, tid=0x00000000000025a4
#
# JRE version: OpenJDK Runtime Environment (8.0_212-b04) (build 1.8.0_212-release-1586-b04)
# Java VM: OpenJDK 64-Bit Server VM (25.212-b04 mixed mode windows-amd64 compressed oops)
# Problematic frame:
# V  [jvm.dll+0x8b4a0]
#
# Failed to write core dump. Minidumps are not enabled by default on client versions of Windows
#
# If you would like to submit a bug report, please visit:
#   
#

---------------  T H R E A D  ---------------

Current thread (0x00000000029f4000):  GCTaskThread [stack: 0x00000000129a0000,0x0000000012aa0000] [id=9636]

siginfo: ExceptionCode=0xc0000005, reading address 0x0000000300011bd8

Registers:
RAX=0x0000000000000001, RBX=0x00000000e2eff738, RCX=0x00000000e2eff738, RDX=0x0000000300011bd0
RSP=0x0000000012a9f1f8, RBP=0x0000000011e91881, RSI=0x0000000016884b80, RDI=0x00000000a0306e58
R8 =0x0000000016884b80, R9 =0x00000001000001f8, R10=0x0000000000000008, R11=0x00000000ece8fff0
R12=0x0000000011e9182e, R13=0x0000000000000001, R14=0x0000000000000000, R15=0x00000000029de650
RIP=0x000000005aa5b4a0, EFLAGS=0x0000000000010202

Top of Stack: (sp=0x0000000012a9f1f8)
0x0000000012a9f1f8:   000000005ad9eb82 0000000000000009
0x0000000012a9f208:   0000000000000003 0000000016884b80
0x0000000012a9f218:   00000000efe9abd0 00000000ece88000
0x0000000012a9f228:   0000000000001000 00000000a50a6e70
0x0000000012a9f238:   0000000000000400 0000000000000000
0x0000000012a9f248:   0000000016884b00 0000000011e9182e
0x0000000012a9f258:   000000005ad9eef0 00000000ece8c104
0x0000000012a9f268:   0000000011e91881 0000000016884b80
0x0000000012a9f278:   00000000a0306e58 00000000ece8c104
0x0000000012a9f288:   000000005ad9fa95 00000000e31c7968
0x0000000012a9f298:   0000000011e91881 0000000016884b80
0x0000000012a9f2a8:   00000000e758664a 0000000016884b80
0x0000000012a9f2b8:   00007ffd70028b03 00000000a028bca4
0x0000000012a9f2c8:   000000005aabf8a7 0000000016884b80
0x0000000012a9f2d8:   000000005aabdf83 00000000a0306aed
0x0000000012a9f2e8:   00000000a0306aed 0000000016884b80 

Instructions: (pc=0x000000005aa5b4a0)
0x000000005aa5b480:   1c 60 1d 00 48 8b 9c 24 c0 00 00 00 48 81 c4 b0
0x000000005aa5b490:   00 00 00 5d c3 cc cc cc cc cc cc cc cc cc cc cc
0x000000005aa5b4a0:   44 8b 42 08 4c 8b ca 45 85 c0 7e 0e 41 f6 c0 01
0x000000005aa5b4b0:   75 57 41 c1 f8 03 41 8b c0 c3 79 4d 80 3d ae 49 


Register to memory mapping:

RAX=0x0000000000000001 is an unknown value
RBX=0x00000000e2eff738 is an oop

[error occurred during error reporting (printing register info), id 0xc0000005]

Stack: [0x00000000129a0000,0x0000000012aa0000],  sp=0x0000000012a9f1f8,  free space=1020k
Native frames: (J=compiled Java code, j=interpreted, Vv=VM code, C=native code)
V  [jvm.dll+0x8b4a0]


---------------  P R O C E S S  ---------------

Java Threads: ( => current thread )
  0x0000000020c35000 JavaThread "Cache worker for execution history cache (C:\Users\rocio\Desktop\rocio\PROYECTO\FutFemApp\.gradle\5.6.4\executionHistory)" [_thread_blocked, id=5772, stack(0x0000000029170000,0x0000000029270000)]
  0x0000000020c2e800 JavaThread "Cache worker for Build Output Cleanup Cache (C:\Users\rocio\Desktop\rocio\PROYECTO\FutFemApp\.gradle\buildOutputCleanup)" [_thread_blocked, id=11288, stack(0x0000000025f90000,0x0000000026090000)]
  0x0000000020c33000 JavaThread "pool-4-thread-1" [_thread_blocked, id=13264, stack(0x0000000025e90000,0x0000000025f90000)]
  0x0000000020c32000 JavaThread "Build operations Thread 8" [_thread_blocked, id=10936, stack(0x0000000025b90000,0x0000000025c90000)]
  0x00000000200c2000 JavaThread "Build operations Thread 7" [_thread_blocked, id=7960, stack(0x0000000024c60000,0x0000000024d60000)]
  0x00000000200c1000 JavaThread "Build operations Thread 6" [_thread_blocked, id=7456, stack(0x0000000023260000,0x0000000023360000)]
  0x00000000200b9800 JavaThread "Build operations Thread 5" [_thread_blocked, id=12524, stack(0x0000000023160000,0x0000000023260000)]
  0x00000000200c0800 JavaThread "Build operations Thread 4" [_thread_blocked, id=7544, stack(0x0000000023060000,0x0000000023160000)]
  0x00000000200bf800 JavaThread "Build operations Thread 3" [_thread_blocked, id=7040, stack(0x0000000022f60000,0x0000000023060000)]
  0x00000000200b8800 JavaThread "Build operations Thread 2" [_thread_blocked, id=10752, stack(0x0000000022e60000,0x0000000022f60000)]
  0x00000000200be000 JavaThread "Build operations" [_thread_blocked, id=10804, stack(0x0000000022d60000,0x0000000022e60000)]
  0x00000000200bd000 JavaThread "Cache worker for cache directory md-rule (C:\Users\rocio\.gradle\caches\5.6.4\md-rule)" [_thread_blocked, id=2816, stack(0x00000000227f0000,0x00000000228f0000)]
  0x00000000200bc800 JavaThread "Cache worker for cache directory md-supplier (C:\Users\rocio\.gradle\caches\5.6.4\md-supplier)" [_thread_blocked, id=2912, stack(0x00000000223f0000,0x00000000224f0000)]
  0x00000000200bb800 JavaThread "Cache worker for file hash cache (C:\Users\rocio\Desktop\rocio\PROYECTO\FutFemApp\.gradle\5.6.4\fileHashes)" [_thread_blocked, id=2012, stack(0x00000000210c0000,0x00000000211c0000)]
  0x00000000200b4000 JavaThread "Thread-54" [_thread_blocked, id=6336, stack(0x000000001f790000,0x000000001f890000)]
  0x00000000200b7000 JavaThread "Stdin handler" [_thread_blocked, id=10592, stack(0x000000001ccf0000,0x000000001cdf0000)]
  0x00000000200bb000 JavaThread "Asynchronous log dispatcher for DefaultDaemonConnection: socket connection from /127.0.0.1:57247 to /127.0.0.1:57308" [_thread_blocked, id=12604, stack(0x000000001cbf0000,0x000000001ccf0000)]
  0x00000000200b3800 JavaThread "Daemon worker Thread 2" [_thread_blocked, id=12492, stack(0x000000001c6f0000,0x000000001c7f0000)]
  0x00000000200b6800 JavaThread "Cancel handler" [_thread_blocked, id=9680, stack(0x0000000000db0000,0x0000000000eb0000)]
  0x00000000200b2800 JavaThread "Handler for socket connection from /127.0.0.1:57247 to /127.0.0.1:57308" [_thread_in_native, id=6364, stack(0x0000000000cb0000,0x0000000000db0000)]
  0x00000000200b5800 JavaThread "Daemon Thread 2" [_thread_blocked, id=7912, stack(0x0000000000bb0000,0x0000000000cb0000)]
  0x000000001d642000 JavaThread "Cache worker for Java compile cache (C:\Users\rocio\.gradle\caches\5.6.4\javaCompile)" [_thread_blocked, id=8992, stack(0x0000000026bd0000,0x0000000026cd0000)]
  0x0000000020c3d800 JavaThread "Cache worker for file content cache (C:\Users\rocio\.gradle\caches\5.6.4\fileContent)" [_thread_blocked, id=6800, stack(0x0000000025a90000,0x0000000025b90000)]
  0x0000000020c3c800 JavaThread "Memory manager" [_thread_blocked, id=9228, stack(0x0000000024950000,0x0000000024a50000)]
  0x00000000198ce800 JavaThread "Cache worker for execution history cache (C:\Users\rocio\.gradle\caches\5.6.4\executionHistory)" [_thread_blocked, id=2568, stack(0x00000000224f0000,0x00000000225f0000)]
  0x00000000198d1000 JavaThread "Cache worker for journal cache (C:\Users\rocio\.gradle\caches\journal-1)" [_thread_blocked, id=10692, stack(0x000000001d4f0000,0x000000001d5f0000)]
  0x00000000198d1800 JavaThread "File lock request listener" [_thread_in_native, id=2984, stack(0x000000001d3f0000,0x000000001d4f0000)]
  0x000000001a22e000 JavaThread "Cache worker for file hash cache (C:\Users\rocio\.gradle\caches\5.6.4\fileHashes)" [_thread_blocked, id=12036, stack(0x000000001d0f0000,0x000000001d1f0000)]
  0x000000001af4b800 JavaThread "Daemon periodic checks" [_thread_blocked, id=2804, stack(0x000000001c5f0000,0x000000001c6f0000)]
  0x000000001aefc000 JavaThread "Incoming local TCP Connector on port 57247" [_thread_in_native, id=3356, stack(0x000000001c380000,0x000000001c480000)]
  0x00000000195c2000 JavaThread "Daemon health stats" [_thread_blocked, id=9828, stack(0x000000001bd40000,0x000000001be40000)]
  0x000000001873a000 JavaThread "Service Thread" daemon [_thread_blocked, id=4904, stack(0x00000000193a0000,0x00000000194a0000)]
  0x00000000186bd000 JavaThread "C1 CompilerThread3" daemon [_thread_blocked, id=7836, stack(0x00000000192a0000,0x00000000193a0000)]
  0x00000000186b2800 JavaThread "C2 CompilerThread2" daemon [_thread_blocked, id=11108, stack(0x00000000191a0000,0x00000000192a0000)]
  0x00000000186ac000 JavaThread "C2 CompilerThread1" daemon [_thread_blocked, id=8816, stack(0x00000000190a0000,0x00000000191a0000)]
  0x00000000186aa000 JavaThread "C2 CompilerThread0" daemon [_thread_blocked, id=9248, stack(0x0000000018fa0000,0x00000000190a0000)]
  0x00000000186a9000 JavaThread "Attach Listener" daemon [_thread_blocked, id=11804, stack(0x0000000018ea0000,0x0000000018fa0000)]
  0x00000000186a8000 JavaThread "Signal Dispatcher" daemon [_thread_blocked, id=11752, stack(0x0000000018da0000,0x0000000018ea0000)]
  0x0000000002ac9800 JavaThread "Finalizer" daemon [_thread_blocked, id=5968, stack(0x0000000018b80000,0x0000000018c80000)]
  0x000000001688c000 JavaThread "Reference Handler" daemon [_thread_blocked, id=6112, stack(0x0000000018a80000,0x0000000018b80000)]
  0x00000000029ce800 JavaThread "main" [_thread_blocked, id=9160, stack(0x00000000027f0000,0x00000000028f0000)]

Other Threads:
  0x0000000002ac6800 VMThread [stack: 0x0000000018580000,0x0000000018680000] [id=12420]
  0x000000001873b000 WatcherThread [stack: 0x00000000194a0000,0x00000000195a0000] [id=7044]

=>0x00000000029f4000 (exited) GCTaskThread [stack: 0x00000000129a0000,0x0000000012aa0000] [id=9636]

VM state:at safepoint (normal execution)

VM Mutex/Monitor currently owned by a thread:  ([mutex/lock_event])
[0x00000000029ccae0] Threads_lock - owner thread: 0x0000000002ac6800
[0x00000000029ccbe0] Heap_lock - owner thread: 0x00000000200b3800

heap address: 0x00000000a0000000, size: 1536 MB, Compressed Oops mode: 32-bit
Narrow klass base: 0x0000000000000000, Narrow klass shift: 3
Compressed class space size: 1073741824 Address: 0x0000000100000000

Heap:
 PSYoungGen      total 238592K, used 238574K [0x00000000e0000000, 0x00000000f2a80000, 0x0000000100000000)
  eden space 210944K, 100% used [0x00000000e0000000,0x00000000ece00000,0x00000000ece00000)
  from space 27648K, 99% used [0x00000000ef600000,0x00000000f10fba58,0x00000000f1100000)
  to   space 40960K, 19% used [0x00000000ece00000,0x00000000ed5dc060,0x00000000ef600000)
 ParOldGen       total 139776K, used 105238K [0x00000000a0000000, 0x00000000a8880000, 0x00000000e0000000)
  object space 139776K, 75% used [0x00000000a0000000,0x00000000a66c59e0,0x00000000a8880000)
 Metaspace       used 86893K, capacity 91020K, committed 91096K, reserved 1128448K
  class space    used 11613K, capacity 12447K, committed 12504K, reserved 1048576K

Card table byte_map: [0x0000000011e90000,0x00000000121a0000] byte_map_base: 0x0000000011990000

Marking Bits: (ParMarkBitMap*) 0x000000005b199f30
 Begin Bits: [0x0000000012ba0000, 0x00000000143a0000)
 End Bits:   [0x00000000143a0000, 0x0000000015ba0000)

Polling page: 0x00000000009d0000

CodeCache: size=245760Kb used=37688Kb max_used=37688Kb free=208071Kb
 bounds [0x0000000002ad0000, 0x0000000004fd0000, 0x0000000011ad0000]
 total_blobs=12927 nmethods=12037 adapters=801
 compilation: enabled

Compilation events (10 events):
Event: 174.960 Thread 0x00000000186bd000 14416       3       java.io.ObjectOutputStream::writeNonProxyDesc (109 bytes)
Event: 174.962 Thread 0x00000000186bd000 nmethod 14416 0x0000000004fc5b50 code [0x0000000004fc5e80, 0x0000000004fc73f8]
Event: 174.962 Thread 0x00000000186bd000 14417       3       java.io.ObjectStreamClass::getSuperDesc (9 bytes)
Event: 174.963 Thread 0x00000000186bd000 nmethod 14417 0x0000000004fc2dd0 code [0x0000000004fc2f40, 0x0000000004fc3208]
Event: 174.964 Thread 0x00000000186bd000 14419       3       sun.reflect.ClassFileAssembler::decStack (11 bytes)
Event: 174.964 Thread 0x00000000186bd000 nmethod 14419 0x0000000002d78150 code [0x0000000002d782a0, 0x0000000002d783f0]
Event: 174.965 Thread 0x00000000186bd000 14420 % !   3       java.util.concurrent.ConcurrentHashMap::clear @ 10 (176 bytes)
Event: 174.966 Thread 0x00000000186bd000 nmethod 14420% 0x0000000004fc4490 code [0x0000000004fc46a0, 0x0000000004fc54d8]
Event: 174.968 Thread 0x00000000186bd000 14421       3       org.gradle.internal.concurrent.CompositeStoppable::add (34 bytes)
Event: 174.968 Thread 0x00000000186bd000 nmethod 14421 0x0000000002d77550 code [0x0000000002d77720, 0x0000000002d77e48]

GC Heap History (10 events):
Event: 6.784 GC heap after
Heap after GC invocations=15 (full 3):
 PSYoungGen      total 186880K, used 0K [0x00000000e0000000, 0x00000000ed280000, 0x0000000100000000)
  eden space 167936K, 0% used [0x00000000e0000000,0x00000000e0000000,0x00000000ea400000)
  from space 18944K, 0% used [0x00000000eb680000,0x00000000eb680000,0x00000000ec900000)
  to   space 18944K, 0% used [0x00000000ea400000,0x00000000ea400000,0x00000000eb680000)
 ParOldGen       total 139776K, used 31491K [0x00000000a0000000, 0x00000000a8880000, 0x00000000e0000000)
  object space 139776K, 22% used [0x00000000a0000000,0x00000000a1ec0ca8,0x00000000a8880000)
 Metaspace       used 56920K, capacity 58768K, committed 59096K, reserved 1099776K
  class space    used 7861K, capacity 8305K, committed 8408K, reserved 1048576K
}
Event: 9.627 GC heap before
{Heap before GC invocations=16 (full 3):
 PSYoungGen      total 186880K, used 167936K [0x00000000e0000000, 0x00000000ed280000, 0x0000000100000000)
  eden space 167936K, 100% used [0x00000000e0000000,0x00000000ea400000,0x00000000ea400000)
  from space 18944K, 0% used [0x00000000eb680000,0x00000000eb680000,0x00000000ec900000)
  to   space 18944K, 0% used [0x00000000ea400000,0x00000000ea400000,0x00000000eb680000)
 ParOldGen       total 139776K, used 31491K [0x00000000a0000000, 0x00000000a8880000, 0x00000000e0000000)
  object space 139776K, 22% used [0x00000000a0000000,0x00000000a1ec0ca8,0x00000000a8880000)
 Metaspace       used 61593K, capacity 64094K, committed 64472K, reserved 1103872K
  class space    used 8496K, capacity 9058K, committed 9176K, reserved 1048576K
Event: 9.639 GC heap after
Heap after GC invocations=16 (full 3):
 PSYoungGen      total 186880K, used 13044K [0x00000000e0000000, 0x00000000ee880000, 0x0000000100000000)
  eden space 167936K, 0% used [0x00000000e0000000,0x00000000e0000000,0x00000000ea400000)
  from space 18944K, 68% used [0x00000000ea400000,0x00000000eb0bd230,0x00000000eb680000)
  to   space 19456K, 0% used [0x00000000ed580000,0x00000000ed580000,0x00000000ee880000)
 ParOldGen       total 139776K, used 31499K [0x00000000a0000000, 0x00000000a8880000, 0x00000000e0000000)
  object space 139776K, 22% used [0x00000000a0000000,0x00000000a1ec2ca8,0x00000000a8880000)
 Metaspace       used 61593K, capacity 64094K, committed 64472K, reserved 1103872K
  class space    used 8496K, capacity 9058K, committed 9176K, reserved 1048576K
}
Event: 21.630 GC heap before
{Heap before GC invocations=17 (full 3):
 PSYoungGen      total 186880K, used 180980K [0x00000000e0000000, 0x00000000ee880000, 0x0000000100000000)
  eden space 167936K, 100% used [0x00000000e0000000,0x00000000ea400000,0x00000000ea400000)
  from space 18944K, 68% used [0x00000000ea400000,0x00000000eb0bd230,0x00000000eb680000)
  to   space 19456K, 0% used [0x00000000ed580000,0x00000000ed580000,0x00000000ee880000)
 ParOldGen       total 139776K, used 31531K [0x00000000a0000000, 0x00000000a8880000, 0x00000000e0000000)
  object space 139776K, 22% used [0x00000000a0000000,0x00000000a1ecacb8,0x00000000a8880000)
 Metaspace       used 70777K, capacity 73490K, committed 73688K, reserved 1112064K
  class space    used 9556K, capacity 10128K, committed 10200K, reserved 1048576K
Event: 21.659 GC heap after
Heap after GC invocations=17 (full 3):
 PSYoungGen      total 212480K, used 19424K [0x00000000e0000000, 0x00000000eef80000, 0x0000000100000000)
  eden space 193024K, 0% used [0x00000000e0000000,0x00000000e0000000,0x00000000ebc80000)
  from space 19456K, 99% used [0x00000000ed580000,0x00000000ee8783f8,0x00000000ee880000)
  to   space 25600K, 0% used [0x00000000ebc80000,0x00000000ebc80000,0x00000000ed580000)
 ParOldGen       total 139776K, used 41037K [0x00000000a0000000, 0x00000000a8880000, 0x00000000e0000000)
  object space 139776K, 29% used [0x00000000a0000000,0x00000000a28137a8,0x00000000a8880000)
 Metaspace       used 70777K, capacity 73490K, committed 73688K, reserved 1112064K
  class space    used 9556K, capacity 10128K, committed 10200K, reserved 1048576K
}
Event: 23.178 GC heap before
{Heap before GC invocations=18 (full 3):
 PSYoungGen      total 212480K, used 212448K [0x00000000e0000000, 0x00000000eef80000, 0x0000000100000000)
  eden space 193024K, 100% used [0x00000000e0000000,0x00000000ebc80000,0x00000000ebc80000)
  from space 19456K, 99% used [0x00000000ed580000,0x00000000ee8783f8,0x00000000ee880000)
  to   space 25600K, 0% used [0x00000000ebc80000,0x00000000ebc80000,0x00000000ed580000)
 ParOldGen       total 139776K, used 41040K [0x00000000a0000000, 0x00000000a8880000, 0x00000000e0000000)
  object space 139776K, 29% used [0x00000000a0000000,0x00000000a28141e8,0x00000000a8880000)
 Metaspace       used 77500K, capacity 80670K, committed 80984K, reserved 1118208K
  class space    used 10542K, capacity 11232K, committed 11352K, reserved 1048576K
Event: 23.203 GC heap after
Heap after GC invocations=18 (full 3):
 PSYoungGen      total 218624K, used 19892K [0x00000000e0000000, 0x00000000f1100000, 0x0000000100000000)
  eden space 193024K, 0% used [0x00000000e0000000,0x00000000e0000000,0x00000000ebc80000)
  from space 25600K, 77% used [0x00000000ebc80000,0x00000000ecfed398,0x00000000ed580000)
  to   space 27648K, 0% used [0x00000000ef600000,0x00000000ef600000,0x00000000f1100000)
 ParOldGen       total 139776K, used 57362K [0x00000000a0000000, 0x00000000a8880000, 0x00000000e0000000)
  object space 139776K, 41% used [0x00000000a0000000,0x00000000a3804bd0,0x00000000a8880000)
 Metaspace       used 77500K, capacity 80670K, committed 80984K, reserved 1118208K
  class space    used 10542K, capacity 11232K, committed 11352K, reserved 1048576K
}
Event: 26.779 GC heap before
{Heap before GC invocations=19 (full 3):
 PSYoungGen      total 218624K, used 212916K [0x00000000e0000000, 0x00000000f1100000, 0x0000000100000000)
  eden space 193024K, 100% used [0x00000000e0000000,0x00000000ebc80000,0x00000000ebc80000)
  from space 25600K, 77% used [0x00000000ebc80000,0x00000000ecfed398,0x00000000ed580000)
  to   space 27648K, 0% used [0x00000000ef600000,0x00000000ef600000,0x00000000f1100000)
 ParOldGen       total 139776K, used 57362K [0x00000000a0000000, 0x00000000a8880000, 0x00000000e0000000)
  object space 139776K, 41% used [0x00000000a0000000,0x00000000a3804bd0,0x00000000a8880000)
 Metaspace       used 80013K, capacity 83766K, committed 83928K, reserved 1122304K
  class space    used 10873K, capacity 11632K, committed 11736K, reserved 1048576K
Event: 26.824 GC heap after
Heap after GC invocations=19 (full 3):
 PSYoungGen      total 238592K, used 27630K [0x00000000e0000000, 0x00000000f2a80000, 0x0000000100000000)
  eden space 210944K, 0% used [0x00000000e0000000,0x00000000e0000000,0x00000000ece00000)
  from space 27648K, 99% used [0x00000000ef600000,0x00000000f10fba58,0x00000000f1100000)
  to   space 40960K, 0% used [0x00000000ece00000,0x00000000ece00000,0x00000000ef600000)
 ParOldGen       total 139776K, used 82563K [0x00000000a0000000, 0x00000000a8880000, 0x00000000e0000000)
  object space 139776K, 59% used [0x00000000a0000000,0x00000000a50a0e70,0x00000000a8880000)
 Metaspace       used 80013K, capacity 83766K, committed 83928K, reserved 1122304K
  class space    used 10873K, capacity 11632K, committed 11736K, reserved 1048576K
}
Event: 174.969 GC heap before
{Heap before GC invocations=20 (full 3):
 PSYoungGen      total 238592K, used 238574K [0x00000000e0000000, 0x00000000f2a80000, 0x0000000100000000)
  eden space 210944K, 100% used [0x00000000e0000000,0x00000000ece00000,0x00000000ece00000)
  from space 27648K, 99% used [0x00000000ef600000,0x00000000f10fba58,0x00000000f1100000)
  to   space 40960K, 0% used [0x00000000ece00000,0x00000000ece00000,0x00000000ef600000)
 ParOldGen       total 139776K, used 82563K [0x00000000a0000000, 0x00000000a8880000, 0x00000000e0000000)
  object space 139776K, 59% used [0x00000000a0000000,0x00000000a50a0e70,0x00000000a8880000)
 Metaspace       used 86893K, capacity 91020K, committed 91096K, reserved 1128448K
  class space    used 11613K, capacity 12447K, committed 12504K, reserved 1048576K

Deoptimization events (10 events):
Event: 173.927 Thread 0x00000000200b3800 Uncommon trap: reason=class_check action=maybe_recompile pc=0x00000000045c0b18 method=com.google.common.cache.LocalCache$LoadingValueReference.loadFuture(Ljava/lang/Object;Lcom/google/common/cache/CacheLoader;)Lcom/google/common/util/concurrent/Listenable
Event: 173.989 Thread 0x00000000200b3800 Uncommon trap: reason=bimorphic action=maybe_recompile pc=0x0000000003109f98 method=java.util.stream.ReferencePipeline.forEachWithCancel(Ljava/util/Spliterator;Ljava/util/stream/Sink;)V @ 1
Event: 174.055 Thread 0x00000000200b3800 Uncommon trap: reason=bimorphic action=maybe_recompile pc=0x0000000003109f98 method=java.util.stream.ReferencePipeline.forEachWithCancel(Ljava/util/Spliterator;Ljava/util/stream/Sink;)V @ 1
Event: 174.083 Thread 0x00000000200b3800 Uncommon trap: reason=class_check action=maybe_recompile pc=0x0000000004738bf4 method=java.util.concurrent.ConcurrentHashMap.computeIfAbsent(Ljava/lang/Object;Ljava/util/function/Function;)Ljava/lang/Object; @ 278
Event: 174.102 Thread 0x00000000200b3800 Uncommon trap: reason=class_check action=maybe_recompile pc=0x0000000004738bf4 method=java.util.concurrent.ConcurrentHashMap.computeIfAbsent(Ljava/lang/Object;Ljava/util/function/Function;)Ljava/lang/Object; @ 278
Event: 174.104 Thread 0x00000000200b3800 Uncommon trap: reason=class_check action=maybe_recompile pc=0x0000000004738bf4 method=java.util.concurrent.ConcurrentHashMap.computeIfAbsent(Ljava/lang/Object;Ljava/util/function/Function;)Ljava/lang/Object; @ 278
Event: 174.200 Thread 0x0000000020c3b000 Uncommon trap: reason=unstable_if action=reinterpret pc=0x0000000003d82774 method=java.util.concurrent.ConcurrentLinkedQueue.updateHead(Ljava/util/concurrent/ConcurrentLinkedQueue$Node;Ljava/util/concurrent/ConcurrentLinkedQueue$Node;)V @ 11
Event: 174.224 Thread 0x0000000020c36800 Uncommon trap: reason=unstable_if action=reinterpret pc=0x0000000003d0eaf4 method=java.util.concurrent.ConcurrentLinkedQueue.offer(Ljava/lang/Object;)Z @ 72
Event: 174.224 Thread 0x0000000020c36000 Uncommon trap: reason=unstable_if action=reinterpret pc=0x00000000036c2d18 method=java.util.concurrent.ConcurrentLinkedQueue.updateHead(Ljava/util/concurrent/ConcurrentLinkedQueue$Node;Ljava/util/concurrent/ConcurrentLinkedQueue$Node;)V @ 11
Event: 174.945 Thread 0x00000000200b3800 Uncommon trap: reason=bimorphic action=maybe_recompile pc=0x0000000003109f98 method=java.util.stream.ReferencePipeline.forEachWithCancel(Ljava/util/Spliterator;Ljava/util/stream/Sink;)V @ 1

Classes redefined (0 events):
No events

Internal exceptions (10 events):
Event: 28.921 Thread 0x000000001aeca800 Exception <a 'java/lang/NoSuchMethodError': <clinit>> (0x00000000e52a2180) thrown at [D:\src\AOSP-openjdk-cygwin\jdk8u\hotspot\src\share\vm\prims\jni.cpp, line 1614]
Event: 28.923 Thread 0x000000001aeca800 Exception <a 'java/lang/NoSuchMethodError': <clinit>> (0x00000000e52bc190) thrown at [D:\src\AOSP-openjdk-cygwin\jdk8u\hotspot\src\share\vm\prims\jni.cpp, line 1614]
Event: 28.924 Thread 0x000000001aeca800 Exception <a 'java/lang/NoSuchMethodError': <clinit>> (0x00000000e52ccdb0) thrown at [D:\src\AOSP-openjdk-cygwin\jdk8u\hotspot\src\share\vm\prims\jni.cpp, line 1614]
Event: 173.763 Thread 0x00000000200b3800 Implicit null exception at 0x000000000461062f to 0x0000000004614c4d
Event: 173.781 Thread 0x00000000200b3800 Implicit null exception at 0x0000000002ca2434 to 0x0000000002ca26c1
Event: 173.781 Thread 0x00000000200b3800 Implicit null exception at 0x0000000002e9a875 to 0x0000000002e9ae35
Event: 173.781 Thread 0x00000000200b3800 Implicit null exception at 0x0000000002ee6354 to 0x0000000002ee6549
Event: 173.781 Thread 0x00000000200b3800 Implicit null exception at 0x0000000002c762ef to 0x0000000002c76376
Event: 173.932 Thread 0x00000000200b3800 Exception <a 'sun/nio/fs/WindowsException'> (0x00000000e6f45e40) thrown at [D:\src\AOSP-openjdk-cygwin\jdk8u\hotspot\src\share\vm\prims\jni.cpp, line 710]
Event: 174.958 Thread 0x00000000200b3800 Exception <a 'sun/nio/fs/WindowsException'> (0x00000000ecdcbc40) thrown at [D:\src\AOSP-openjdk-cygwin\jdk8u\hotspot\src\share\vm\prims\jni.cpp, line 710]

Events (10 events):
Event: 174.959 Executing VM operation: RevokeBias done
Event: 174.959 Executing VM operation: RevokeBias
Event: 174.959 Executing VM operation: RevokeBias done
Event: 174.963 Thread 0x00000000186bd000 flushing nmethod 0x0000000002d77550
Event: 174.964 Thread 0x00000000186bd000 flushing nmethod 0x0000000002f297d0
Event: 174.967 Executing VM operation: RevokeBias
Event: 174.967 Executing VM operation: RevokeBias done
Event: 174.967 Thread 0x0000000020c2f000 Thread exited: 0x0000000020c2f000
Event: 174.967 Thread 0x00000000186bd000 flushing nmethod 0x000000000339c8d0
Event: 174.968 Executing VM operation: ParallelGCFailedAllocation


Dynamic libraries:
0x00007ff6570b0000 - 0x00007ff6570e1000 	C:\Program Files\Android\Android Studio\jre\bin\java.exe
0x00007ffd722a0000 - 0x00007ffd72490000 	C:\WINDOWS\SYSTEM32\ntdll.dll
0x00007ffd70350000 - 0x00007ffd70402000 	C:\WINDOWS\System32\KERNEL32.DLL
0x00007ffd6fff0000 - 0x00007ffd70294000 	C:\WINDOWS\System32\KERNELBASE.dll
0x00007ffd71160000 - 0x00007ffd71203000 	C:\WINDOWS\System32\ADVAPI32.dll
0x00007ffd706c0000 - 0x00007ffd7075e000 	C:\WINDOWS\System32\msvcrt.dll
0x00007ffd710b0000 - 0x00007ffd71147000 	C:\WINDOWS\System32\sechost.dll
0x00007ffd71210000 - 0x00007ffd71330000 	C:\WINDOWS\System32\RPCRT4.dll
0x00007ffd71f80000 - 0x00007ffd72114000 	C:\WINDOWS\System32\USER32.dll
0x00007ffd6ffc0000 - 0x00007ffd6ffe1000 	C:\WINDOWS\System32\win32u.dll
0x00007ffd72230000 - 0x00007ffd72256000 	C:\WINDOWS\System32\GDI32.dll
0x00007ffd6fb20000 - 0x00007ffd6fcb4000 	C:\WINDOWS\System32\gdi32full.dll
0x00007ffd6f9b0000 - 0x00007ffd6fa4e000 	C:\WINDOWS\System32\msvcp_win.dll
0x00007ffd6fec0000 - 0x00007ffd6ffba000 	C:\WINDOWS\System32\ucrtbase.dll
0x00007ffd6e900000 - 0x00007ffd6eb84000 	C:\WINDOWS\WinSxS\amd64_microsoft.windows.common-controls_6595b64144ccf1df_6.0.18362.836_none_e6c4b943130f18ed\COMCTL32.dll
0x00007ffd71a90000 - 0x00007ffd71dc6000 	C:\WINDOWS\System32\combase.dll
0x00007ffd6faa0000 - 0x00007ffd6fb20000 	C:\WINDOWS\System32\bcryptPrimitives.dll
0x00007ffd708c0000 - 0x00007ffd708ee000 	C:\WINDOWS\System32\IMM32.DLL
0x000000005ce50000 - 0x000000005cf22000 	C:\Program Files\Android\Android Studio\jre\jre\bin\msvcr100.dll
0x000000005a9d0000 - 0x000000005b216000 	C:\Program Files\Android\Android Studio\jre\jre\bin\server\jvm.dll
0x00007ffd70550000 - 0x00007ffd70558000 	C:\WINDOWS\System32\PSAPI.DLL
0x00007ffd6b210000 - 0x00007ffd6b234000 	C:\WINDOWS\SYSTEM32\WINMM.dll
0x00007ffd5b4b0000 - 0x00007ffd5b4b9000 	C:\WINDOWS\SYSTEM32\WSOCK32.dll
0x00007ffd6cf50000 - 0x00007ffd6cf5a000 	C:\WINDOWS\SYSTEM32\VERSION.dll
0x00007ffd71e40000 - 0x00007ffd71eaf000 	C:\WINDOWS\System32\WS2_32.dll
0x00007ffd6b1e0000 - 0x00007ffd6b20d000 	C:\WINDOWS\SYSTEM32\WINMMBASE.dll
0x00007ffd6fa50000 - 0x00007ffd6fa9a000 	C:\WINDOWS\System32\cfgmgr32.dll
0x00007ffd6d4b0000 - 0x00007ffd6d4bf000 	C:\Program Files\Android\Android Studio\jre\jre\bin\verify.dll
0x00007ffd56a20000 - 0x00007ffd56a49000 	C:\Program Files\Android\Android Studio\jre\jre\bin\java.dll
0x00007ffd69850000 - 0x00007ffd69866000 	C:\Program Files\Android\Android Studio\jre\jre\bin\zip.dll
0x00007ffd709c0000 - 0x00007ffd710a4000 	C:\WINDOWS\System32\SHELL32.dll
0x00007ffd705e0000 - 0x00007ffd70689000 	C:\WINDOWS\System32\shcore.dll
0x00007ffd6f230000 - 0x00007ffd6f9ae000 	C:\WINDOWS\System32\windows.storage.dll
0x00007ffd6f170000 - 0x00007ffd6f193000 	C:\WINDOWS\System32\profapi.dll
0x00007ffd6f1a0000 - 0x00007ffd6f1ea000 	C:\WINDOWS\System32\powrprof.dll
0x00007ffd6f160000 - 0x00007ffd6f170000 	C:\WINDOWS\System32\UMPDC.dll
0x00007ffd72120000 - 0x00007ffd72172000 	C:\WINDOWS\System32\shlwapi.dll
0x00007ffd6f1f0000 - 0x00007ffd6f201000 	C:\WINDOWS\System32\kernel.appcore.dll
0x00007ffd702a0000 - 0x00007ffd702b7000 	C:\WINDOWS\System32\cryptsp.dll
0x00007ffd68590000 - 0x00007ffd685aa000 	C:\Program Files\Android\Android Studio\jre\jre\bin\net.dll
0x00007ffd6a150000 - 0x00007ffd6a326000 	C:\WINDOWS\SYSTEM32\urlmon.dll
0x00007ffd5bed0000 - 0x00007ffd5c176000 	C:\WINDOWS\SYSTEM32\iertutil.dll
0x00007ffd6e520000 - 0x00007ffd6e52c000 	C:\WINDOWS\SYSTEM32\CRYPTBASE.DLL
0x00007ffd6e350000 - 0x00007ffd6e3b7000 	C:\WINDOWS\system32\mswsock.dll
0x00007ffd64400000 - 0x00007ffd64413000 	C:\Program Files\Android\Android Studio\jre\jre\bin\nio.dll
0x00007ffd45a70000 - 0x00007ffd45a96000 	C:\Users\rocio\.gradle\native\30\windows-amd64\native-platform.dll
0x00007ffd5a860000 - 0x00007ffd5a86d000 	C:\Program Files\Android\Android Studio\jre\jre\bin\management.dll
0x00007ffd6de60000 - 0x00007ffd6de93000 	C:\WINDOWS\system32\rsaenh.dll
0x00007ffd70320000 - 0x00007ffd70346000 	C:\WINDOWS\System32\bcrypt.dll
0x00007ffd6f080000 - 0x00007ffd6f0a5000 	C:\WINDOWS\SYSTEM32\USERENV.dll
0x00007ffd6e060000 - 0x00007ffd6e09a000 	C:\WINDOWS\SYSTEM32\IPHLPAPI.DLL
0x00007ffd70690000 - 0x00007ffd70698000 	C:\WINDOWS\System32\NSI.dll
0x00007ffd69e90000 - 0x00007ffd69ea6000 	C:\WINDOWS\SYSTEM32\dhcpcsvc6.DLL
0x00007ffd69fa0000 - 0x00007ffd69fbc000 	C:\WINDOWS\SYSTEM32\dhcpcsvc.DLL
0x00007ffd6e0a0000 - 0x00007ffd6e16b000 	C:\WINDOWS\SYSTEM32\DNSAPI.dll
0x00007ffd6ec80000 - 0x00007ffd6ee74000 	C:\WINDOWS\SYSTEM32\dbghelp.dll

VM Arguments:
jvm_args: -Xmx1536m -Dfile.encoding=windows-1252 -Duser.country=ES -Duser.language=es -Duser.variant 
java_command: org.gradle.launcher.daemon.bootstrap.GradleDaemon 5.6.4
java_class_path (initial): C:\Users\rocio\.gradle\wrapper\dists\gradle-5.6.4-all\ankdp27end7byghfw1q2sw75f\gradle-5.6.4\lib\gradle-launcher-5.6.4.jar
Launcher Type: SUN_STANDARD

Environment Variables:
JAVA_HOME=C:\Program Files\Java\jdk1.8.0_144
PATH=C:\Program Files (x86)\Intel\iCLS Client\;C:\oraclexe\app\oracle\product\11.2.0\server\bin;C:\ProgramData\Oracle\Java\javapath;C:\Program Files\Intel\iCLS Client\;C:\windows\system32;C:\windows;C:\windows\System32\Wbem;C:\windows\System32\WindowsPowerShell\v1.0\;C:\Program Files (x86)\NVIDIA Corporation\PhysX\Common;C:\WINDOWS\system32;C:\WINDOWS;C:\WINDOWS\System32\Wbem;C:\WINDOWS\System32\WindowsPowerShell\v1.0\;C:\Program Files (x86)\Intel\Intel(R) Management Engine Components\DAL;C:\Program Files\Intel\Intel(R) Management Engine Components\DAL;C:\Program Files (x86)\Intel\Intel(R) Management Engine Components\IPT;C:\Program Files\Intel\Intel(R) Management Engine Components\IPT;C:\WINDOWS\System32\OpenSSH\;C:\Program Files\Intel\WiFi\bin\;C:\Program Files\Common Files\Intel\WirelessCommon\;C:\Program Files\Java\jdk1.8.0_144\bin;C:\Program Files\Git\cmd;C:\Program Files\TortoiseSVN\bin;C:\Users\rocio\AppData\Local\Microsoft\WindowsApps;C:\Users\rocio\AppData\Local\GitHubDesktop\bin;%USERPROFILE%\AppData\Local\Microsoft\WindowsApps;
USERNAME=rocio
OS=Windows_NT
PROCESSOR_IDENTIFIER=Intel64 Family 6 Model 158 Stepping 9, GenuineIntel



---------------  S Y S T E M  ---------------

OS: Windows 10.0 , 64 bit Build 18362 (10.0.18362.778)

CPU:total 8 (initial active 8) (4 cores per cpu, 2 threads per core) family 6 model 158 stepping 9, cmov, cx8, fxsr, mmx, sse, sse2, sse3, ssse3, sse4.1, sse4.2, popcnt, avx, avx2, aes, clmul, erms, 3dnowpref, lzcnt, ht, tsc, tscinvbit, bmi1, bmi2, adx

Memory: 4k page, physical 8271076k(429196k free), swap 14562532k(3105648k free)

vm_info: OpenJDK 64-Bit Server VM (25.212-b04) for windows-amd64 JRE (1.8.0_212-release-1586-b04), built by "builder" with MS VC++ 10.0 (VS2010)

time: Tue Jun 02 15:38:47 2020
timezone: Hora de verano romance
elapsed time: 175 seconds (0d 0h 2m 55s)

